{"E:\\TFG\\TFGRead\\src\\components\\BottomTab.js": {"path":"E:\\TFG\\TFGRead\\src\\components\\BottomTab.js","statementMap":{"0":{"start":{"line":14,"column":12},"end":{"line":14,"column":38}}},"fnMap":{},"branchMap":{},"s":{"0":3},"f":{},"b":{},"_coverageSchema":"1a1c01bbd47fc00a2c39e90264f33305004495a9","hash":"af51ef4102b7b6b66ba3419971765fd35c172797"}
,"E:\\TFG\\TFGRead\\src\\config\\firebase.js": {"path":"E:\\TFG\\TFGRead\\src\\config\\firebase.js","statementMap":{"0":{"start":{"line":12,"column":23},"end":{"line":20,"column":1}},"1":{"start":{"line":24,"column":0},"end":{"line":36,"column":1}},"2":{"start":{"line":25,"column":2},"end":{"line":25,"column":38}},"3":{"start":{"line":26,"column":2},"end":{"line":28,"column":5}},"4":{"start":{"line":39,"column":16},"end":{"line":39,"column":31}}},"fnMap":{},"branchMap":{"0":{"loc":{"start":{"line":24,"column":0},"end":{"line":36,"column":1}},"type":"if","locations":[{"start":{"line":24,"column":0},"end":{"line":36,"column":1}},{"start":{"line":31,"column":5},"end":{"line":36,"column":1}}],"line":24}},"s":{"0":3,"1":3,"2":3,"3":3,"4":3},"f":{},"b":{"0":[3,0]},"_coverageSchema":"1a1c01bbd47fc00a2c39e90264f33305004495a9","hash":"11cf9b6fd94122ef787d10ae5406e30a1b173068"}
,"E:\\TFG\\TFGRead\\src\\navigation\\AuthStack.js": {"path":"E:\\TFG\\TFGRead\\src\\navigation\\AuthStack.js","statementMap":{"0":{"start":{"line":9,"column":14},"end":{"line":9,"column":42}},"1":{"start":{"line":12,"column":2},"end":{"line":19,"column":4}}},"fnMap":{"0":{"name":"AuthStack","decl":{"start":{"line":11,"column":24},"end":{"line":11,"column":33}},"loc":{"start":{"line":11,"column":36},"end":{"line":20,"column":1}},"line":11}},"branchMap":{},"s":{"0":3,"1":3},"f":{"0":3},"b":{},"_coverageSchema":"1a1c01bbd47fc00a2c39e90264f33305004495a9","hash":"55672ec6b277c383ba917bd757d08c561535c90c"}
,"E:\\TFG\\TFGRead\\src\\navigation\\AuthenticatedUserProvider.js": {"path":"E:\\TFG\\TFGRead\\src\\navigation\\AuthenticatedUserProvider.js","statementMap":{"0":{"start":{"line":3,"column":40},"end":{"line":3,"column":57}},"1":{"start":{"line":5,"column":41},"end":{"line":13,"column":1}},"2":{"start":{"line":7,"column":26},"end":{"line":7,"column":46}},"3":{"start":{"line":8,"column":2},"end":{"line":12,"column":4}}},"fnMap":{"0":{"name":"(anonymous_0)","decl":{"start":{"line":5,"column":41},"end":{"line":5,"column":42}},"loc":{"start":{"line":5,"column":59},"end":{"line":13,"column":1}},"line":5}},"branchMap":{},"s":{"0":2,"1":2,"2":1,"3":1},"f":{"0":1},"b":{},"_coverageSchema":"1a1c01bbd47fc00a2c39e90264f33305004495a9","hash":"bc4038ec95203b934f9e768b62e05de6f5684e2a"}
,"E:\\TFG\\TFGRead\\src\\navigation\\BibliotecaStack.js": {"path":"E:\\TFG\\TFGRead\\src\\navigation\\BibliotecaStack.js","statementMap":{"0":{"start":{"line":13,"column":14},"end":{"line":13,"column":42}},"1":{"start":{"line":16,"column":2},"end":{"line":29,"column":4}}},"fnMap":{"0":{"name":"BibliotecaStack","decl":{"start":{"line":15,"column":24},"end":{"line":15,"column":39}},"loc":{"start":{"line":15,"column":42},"end":{"line":30,"column":1}},"line":15}},"branchMap":{},"s":{"0":3,"1":1},"f":{"0":1},"b":{},"_coverageSchema":"1a1c01bbd47fc00a2c39e90264f33305004495a9","hash":"8a18d0363a3f77c2b7182e8683dbaad6e9bedd07"}
,"E:\\TFG\\TFGRead\\src\\navigation\\BookWriteNavigator.js": {"path":"E:\\TFG\\TFGRead\\src\\navigation\\BookWriteNavigator.js","statementMap":{"0":{"start":{"line":10,"column":14},"end":{"line":10,"column":42}},"1":{"start":{"line":13,"column":4},"end":{"line":23,"column":6}}},"fnMap":{"0":{"name":"BookWriteNavigator","decl":{"start":{"line":11,"column":9},"end":{"line":11,"column":27}},"loc":{"start":{"line":11,"column":30},"end":{"line":24,"column":1}},"line":11}},"branchMap":{},"s":{"0":3,"1":1},"f":{"0":1},"b":{},"_coverageSchema":"1a1c01bbd47fc00a2c39e90264f33305004495a9","hash":"1e785b767ac2be43c06d453f60b7baa659393b64"}
,"E:\\TFG\\TFGRead\\src\\navigation\\ChatStack.js": {"path":"E:\\TFG\\TFGRead\\src\\navigation\\ChatStack.js","statementMap":{"0":{"start":{"line":8,"column":14},"end":{"line":8,"column":42}},"1":{"start":{"line":11,"column":2},"end":{"line":18,"column":4}}},"fnMap":{"0":{"name":"ChatStack","decl":{"start":{"line":10,"column":24},"end":{"line":10,"column":33}},"loc":{"start":{"line":10,"column":36},"end":{"line":19,"column":1}},"line":10}},"branchMap":{},"s":{"0":3,"1":1},"f":{"0":1},"b":{},"_coverageSchema":"1a1c01bbd47fc00a2c39e90264f33305004495a9","hash":"5617ba3a8a4da3c36dbb1a43555e86e681c4070e"}
,"E:\\TFG\\TFGRead\\src\\navigation\\ExploreStack.js": {"path":"E:\\TFG\\TFGRead\\src\\navigation\\ExploreStack.js","statementMap":{"0":{"start":{"line":12,"column":14},"end":{"line":12,"column":42}},"1":{"start":{"line":15,"column":2},"end":{"line":26,"column":4}}},"fnMap":{"0":{"name":"ExploreStack","decl":{"start":{"line":14,"column":24},"end":{"line":14,"column":36}},"loc":{"start":{"line":14,"column":39},"end":{"line":27,"column":1}},"line":14}},"branchMap":{},"s":{"0":3,"1":1},"f":{"0":1},"b":{},"_coverageSchema":"1a1c01bbd47fc00a2c39e90264f33305004495a9","hash":"a0c7c72210aff0922e5d5688af3ec271c81ffd8e"}
,"E:\\TFG\\TFGRead\\src\\navigation\\HomeStack.js": {"path":"E:\\TFG\\TFGRead\\src\\navigation\\HomeStack.js","statementMap":{"0":{"start":{"line":14,"column":14},"end":{"line":14,"column":42}},"1":{"start":{"line":17,"column":2},"end":{"line":32,"column":4}}},"fnMap":{"0":{"name":"HomeStack","decl":{"start":{"line":16,"column":24},"end":{"line":16,"column":33}},"loc":{"start":{"line":16,"column":36},"end":{"line":33,"column":1}},"line":16}},"branchMap":{},"s":{"0":3,"1":1},"f":{"0":1},"b":{},"_coverageSchema":"1a1c01bbd47fc00a2c39e90264f33305004495a9","hash":"467335602dbe35ff636c2c2ee99e738761830fc4"}
,"E:\\TFG\\TFGRead\\src\\navigation\\RootNavigator.js": {"path":"E:\\TFG\\TFGRead\\src\\navigation\\RootNavigator.js","statementMap":{"0":{"start":{"line":11,"column":26},"end":{"line":11,"column":40}},"1":{"start":{"line":14,"column":2},"end":{"line":25,"column":9}},"2":{"start":{"line":24,"column":4},"end":{"line":24,"column":27}},"3":{"start":{"line":28,"column":2},"end":{"line":32,"column":4}}},"fnMap":{"0":{"name":"RootNavigator","decl":{"start":{"line":10,"column":24},"end":{"line":10,"column":37}},"loc":{"start":{"line":10,"column":40},"end":{"line":33,"column":1}},"line":10},"1":{"name":"(anonymous_1)","decl":{"start":{"line":14,"column":12},"end":{"line":14,"column":13}},"loc":{"start":{"line":14,"column":18},"end":{"line":25,"column":3}},"line":14}},"branchMap":{"0":{"loc":{"start":{"line":30,"column":7},"end":{"line":30,"column":43}},"type":"cond-expr","locations":[{"start":{"line":30,"column":14},"end":{"line":30,"column":27}},{"start":{"line":30,"column":30},"end":{"line":30,"column":43}}],"line":30}},"s":{"0":3,"1":2,"2":2,"3":2},"f":{"0":3,"1":2},"b":{"0":[0,2]},"_coverageSchema":"1a1c01bbd47fc00a2c39e90264f33305004495a9","hash":"9bfc22210f7ecefc6285336131ff3f13e84391e6"}
,"E:\\TFG\\TFGRead\\src\\navigation\\Routes.js": {"path":"E:\\TFG\\TFGRead\\src\\navigation\\Routes.js","statementMap":{},"fnMap":{},"branchMap":{},"s":{},"f":{},"b":{},"_coverageSchema":"1a1c01bbd47fc00a2c39e90264f33305004495a9","hash":"6c337143626cc44197cb083b2ab0ab1931e8d607"}
,"E:\\TFG\\TFGRead\\src\\screens\\BibliotecaScreen.js": {"path":"E:\\TFG\\TFGRead\\src\\screens\\BibliotecaScreen.js","statementMap":{"0":{"start":{"line":21,"column":23},"end":{"line":21,"column":38}},"1":{"start":{"line":22,"column":38},"end":{"line":22,"column":50}},"2":{"start":{"line":23,"column":34},"end":{"line":23,"column":46}},"3":{"start":{"line":24,"column":40},"end":{"line":24,"column":52}},"4":{"start":{"line":25,"column":46},"end":{"line":25,"column":58}},"5":{"start":{"line":26,"column":30},"end":{"line":26,"column":42}},"6":{"start":{"line":27,"column":46},"end":{"line":27,"column":61}},"7":{"start":{"line":28,"column":72},"end":{"line":28,"column":87}},"8":{"start":{"line":29,"column":23},"end":{"line":29,"column":47}},"9":{"start":{"line":32,"column":8},"end":{"line":32,"column":19}},"10":{"start":{"line":34,"column":4},"end":{"line":39,"column":16}},"11":{"start":{"line":35,"column":28},"end":{"line":37,"column":10}},"12":{"start":{"line":36,"column":12},"end":{"line":36,"column":25}},"13":{"start":{"line":38,"column":8},"end":{"line":38,"column":27}},"14":{"start":{"line":41,"column":4},"end":{"line":46,"column":11}},"15":{"start":{"line":42,"column":8},"end":{"line":44,"column":11}},"16":{"start":{"line":48,"column":26},"end":{"line":52,"column":5}},"17":{"start":{"line":49,"column":8},"end":{"line":51,"column":11}},"18":{"start":{"line":54,"column":29},"end":{"line":66,"column":5}},"19":{"start":{"line":55,"column":8},"end":{"line":55,"column":45}},"20":{"start":{"line":56,"column":8},"end":{"line":65,"column":9}},"21":{"start":{"line":57,"column":12},"end":{"line":57,"column":30}},"22":{"start":{"line":58,"column":12},"end":{"line":58,"column":27}},"23":{"start":{"line":59,"column":12},"end":{"line":59,"column":32}},"24":{"start":{"line":62,"column":12},"end":{"line":62,"column":35}},"25":{"start":{"line":63,"column":12},"end":{"line":63,"column":29}},"26":{"start":{"line":64,"column":12},"end":{"line":64,"column":32}},"27":{"start":{"line":68,"column":28},"end":{"line":78,"column":5}},"28":{"start":{"line":69,"column":16},"end":{"line":69,"column":35}},"29":{"start":{"line":70,"column":8},"end":{"line":70,"column":30}},"30":{"start":{"line":71,"column":31},"end":{"line":71,"column":62}},"31":{"start":{"line":73,"column":8},"end":{"line":73,"column":59}},"32":{"start":{"line":75,"column":8},"end":{"line":75,"column":31}},"33":{"start":{"line":80,"column":33},"end":{"line":85,"column":5}},"34":{"start":{"line":81,"column":8},"end":{"line":81,"column":30}},"35":{"start":{"line":82,"column":22},"end":{"line":82,"column":56}},"36":{"start":{"line":83,"column":8},"end":{"line":83,"column":28}},"37":{"start":{"line":84,"column":8},"end":{"line":84,"column":31}},"38":{"start":{"line":87,"column":24},"end":{"line":111,"column":5}},"39":{"start":{"line":88,"column":8},"end":{"line":109,"column":9}},"40":{"start":{"line":89,"column":12},"end":{"line":104,"column":13}},"41":{"start":{"line":91,"column":38},"end":{"line":94,"column":18}},"42":{"start":{"line":93,"column":20},"end":{"line":93,"column":89}},"43":{"start":{"line":95,"column":16},"end":{"line":95,"column":45}},"44":{"start":{"line":99,"column":36},"end":{"line":102,"column":18}},"45":{"start":{"line":101,"column":20},"end":{"line":101,"column":89}},"46":{"start":{"line":103,"column":16},"end":{"line":103,"column":42}},"47":{"start":{"line":107,"column":12},"end":{"line":107,"column":63}},"48":{"start":{"line":113,"column":36},"end":{"line":132,"column":5}},"49":{"start":{"line":114,"column":8},"end":{"line":131,"column":9}},"50":{"start":{"line":116,"column":30},"end":{"line":116,"column":49}},"51":{"start":{"line":118,"column":12},"end":{"line":120,"column":13}},"52":{"start":{"line":119,"column":16},"end":{"line":119,"column":32}},"53":{"start":{"line":122,"column":12},"end":{"line":122,"column":72}},"54":{"start":{"line":124,"column":12},"end":{"line":128,"column":15}},"55":{"start":{"line":130,"column":12},"end":{"line":130,"column":47}},"56":{"start":{"line":134,"column":23},"end":{"line":142,"column":5}},"57":{"start":{"line":136,"column":16},"end":{"line":136,"column":35}},"58":{"start":{"line":137,"column":8},"end":{"line":137,"column":20}},"59":{"start":{"line":138,"column":8},"end":{"line":138,"column":46}},"60":{"start":{"line":139,"column":8},"end":{"line":139,"column":28}},"61":{"start":{"line":140,"column":8},"end":{"line":140,"column":28}},"62":{"start":{"line":144,"column":27},"end":{"line":149,"column":5}},"63":{"start":{"line":145,"column":8},"end":{"line":148,"column":11}},"64":{"start":{"line":150,"column":29},"end":{"line":185,"column":5}},"65":{"start":{"line":151,"column":8},"end":{"line":184,"column":10}},"66":{"start":{"line":154,"column":20},"end":{"line":181,"column":39}},"67":{"start":{"line":158,"column":39},"end":{"line":158,"column":62}},"68":{"start":{"line":187,"column":24},"end":{"line":209,"column":5}},"69":{"start":{"line":188,"column":8},"end":{"line":208,"column":10}},"70":{"start":{"line":190,"column":76},"end":{"line":190,"column":104}},"71":{"start":{"line":211,"column":26},"end":{"line":283,"column":5}},"72":{"start":{"line":213,"column":8},"end":{"line":282,"column":10}},"73":{"start":{"line":219,"column":31},"end":{"line":219,"column":61}},"74":{"start":{"line":286,"column":4},"end":{"line":472,"column":5}},"75":{"start":{"line":338,"column":39},"end":{"line":338,"column":97}},"76":{"start":{"line":390,"column":80},"end":{"line":390,"column":95}},"77":{"start":{"line":404,"column":48},"end":{"line":404,"column":70}},"78":{"start":{"line":409,"column":101},"end":{"line":409,"column":114}},"79":{"start":{"line":424,"column":57},"end":{"line":424,"column":62}},"80":{"start":{"line":427,"column":28},"end":{"line":427,"column":70}},"81":{"start":{"line":452,"column":63},"end":{"line":452,"column":68}},"82":{"start":{"line":455,"column":36},"end":{"line":455,"column":76}},"83":{"start":{"line":474,"column":15},"end":{"line":581,"column":2}}},"fnMap":{"0":{"name":"BibliotecaScreen","decl":{"start":{"line":20,"column":9},"end":{"line":20,"column":25}},"loc":{"start":{"line":20,"column":28},"end":{"line":473,"column":1}},"line":20},"1":{"name":"(anonymous_1)","decl":{"start":{"line":34,"column":14},"end":{"line":34,"column":15}},"loc":{"start":{"line":34,"column":20},"end":{"line":39,"column":5}},"line":34},"2":{"name":"(anonymous_2)","decl":{"start":{"line":35,"column":60},"end":{"line":35,"column":61}},"loc":{"start":{"line":35,"column":66},"end":{"line":37,"column":9}},"line":35},"3":{"name":"(anonymous_3)","decl":{"start":{"line":41,"column":20},"end":{"line":41,"column":21}},"loc":{"start":{"line":41,"column":26},"end":{"line":46,"column":5}},"line":41},"4":{"name":"(anonymous_4)","decl":{"start":{"line":48,"column":26},"end":{"line":48,"column":27}},"loc":{"start":{"line":48,"column":32},"end":{"line":52,"column":5}},"line":48},"5":{"name":"(anonymous_5)","decl":{"start":{"line":54,"column":29},"end":{"line":54,"column":30}},"loc":{"start":{"line":54,"column":46},"end":{"line":66,"column":5}},"line":54},"6":{"name":"(anonymous_6)","decl":{"start":{"line":68,"column":28},"end":{"line":68,"column":29}},"loc":{"start":{"line":68,"column":40},"end":{"line":78,"column":5}},"line":68},"7":{"name":"(anonymous_7)","decl":{"start":{"line":80,"column":33},"end":{"line":80,"column":34}},"loc":{"start":{"line":80,"column":45},"end":{"line":85,"column":5}},"line":80},"8":{"name":"(anonymous_8)","decl":{"start":{"line":87,"column":24},"end":{"line":87,"column":25}},"loc":{"start":{"line":87,"column":36},"end":{"line":111,"column":5}},"line":87},"9":{"name":"(anonymous_9)","decl":{"start":{"line":91,"column":55},"end":{"line":91,"column":56}},"loc":{"start":{"line":91,"column":62},"end":{"line":94,"column":17}},"line":91},"10":{"name":"(anonymous_10)","decl":{"start":{"line":99,"column":51},"end":{"line":99,"column":52}},"loc":{"start":{"line":99,"column":58},"end":{"line":102,"column":17}},"line":99},"11":{"name":"(anonymous_11)","decl":{"start":{"line":113,"column":36},"end":{"line":113,"column":37}},"loc":{"start":{"line":113,"column":52},"end":{"line":132,"column":5}},"line":113},"12":{"name":"(anonymous_12)","decl":{"start":{"line":134,"column":23},"end":{"line":134,"column":24}},"loc":{"start":{"line":134,"column":35},"end":{"line":142,"column":5}},"line":134},"13":{"name":"(anonymous_13)","decl":{"start":{"line":144,"column":27},"end":{"line":144,"column":28}},"loc":{"start":{"line":144,"column":45},"end":{"line":149,"column":5}},"line":144},"14":{"name":"(anonymous_14)","decl":{"start":{"line":150,"column":29},"end":{"line":150,"column":30}},"loc":{"start":{"line":150,"column":39},"end":{"line":185,"column":5}},"line":150},"15":{"name":"(anonymous_15)","decl":{"start":{"line":153,"column":32},"end":{"line":153,"column":33}},"loc":{"start":{"line":154,"column":20},"end":{"line":181,"column":39}},"line":154},"16":{"name":"(anonymous_16)","decl":{"start":{"line":158,"column":33},"end":{"line":158,"column":34}},"loc":{"start":{"line":158,"column":39},"end":{"line":158,"column":62}},"line":158},"17":{"name":"(anonymous_17)","decl":{"start":{"line":187,"column":24},"end":{"line":187,"column":25}},"loc":{"start":{"line":187,"column":39},"end":{"line":209,"column":5}},"line":187},"18":{"name":"(anonymous_18)","decl":{"start":{"line":190,"column":70},"end":{"line":190,"column":71}},"loc":{"start":{"line":190,"column":76},"end":{"line":190,"column":104}},"line":190},"19":{"name":"(anonymous_19)","decl":{"start":{"line":211,"column":26},"end":{"line":211,"column":27}},"loc":{"start":{"line":211,"column":41},"end":{"line":283,"column":5}},"line":211},"20":{"name":"(anonymous_20)","decl":{"start":{"line":219,"column":25},"end":{"line":219,"column":26}},"loc":{"start":{"line":219,"column":31},"end":{"line":219,"column":61}},"line":219},"21":{"name":"(anonymous_21)","decl":{"start":{"line":338,"column":33},"end":{"line":338,"column":34}},"loc":{"start":{"line":338,"column":39},"end":{"line":338,"column":97}},"line":338},"22":{"name":"(anonymous_22)","decl":{"start":{"line":390,"column":72},"end":{"line":390,"column":73}},"loc":{"start":{"line":390,"column":78},"end":{"line":390,"column":97}},"line":390},"23":{"name":"(anonymous_23)","decl":{"start":{"line":404,"column":38},"end":{"line":404,"column":39}},"loc":{"start":{"line":404,"column":48},"end":{"line":404,"column":70}},"line":404},"24":{"name":"(anonymous_24)","decl":{"start":{"line":409,"column":95},"end":{"line":409,"column":96}},"loc":{"start":{"line":409,"column":101},"end":{"line":409,"column":114}},"line":409},"25":{"name":"(anonymous_25)","decl":{"start":{"line":424,"column":40},"end":{"line":424,"column":41}},"loc":{"start":{"line":424,"column":57},"end":{"line":424,"column":62}},"line":424},"26":{"name":"(anonymous_26)","decl":{"start":{"line":426,"column":38},"end":{"line":426,"column":39}},"loc":{"start":{"line":427,"column":28},"end":{"line":427,"column":70}},"line":427},"27":{"name":"(anonymous_27)","decl":{"start":{"line":452,"column":46},"end":{"line":452,"column":47}},"loc":{"start":{"line":452,"column":63},"end":{"line":452,"column":68}},"line":452},"28":{"name":"(anonymous_28)","decl":{"start":{"line":454,"column":44},"end":{"line":454,"column":45}},"loc":{"start":{"line":455,"column":36},"end":{"line":455,"column":76}},"line":455}},"branchMap":{"0":{"loc":{"start":{"line":56,"column":8},"end":{"line":65,"column":9}},"type":"if","locations":[{"start":{"line":56,"column":8},"end":{"line":65,"column":9}},{"start":{"line":61,"column":13},"end":{"line":65,"column":9}}],"line":56},"1":{"loc":{"start":{"line":88,"column":8},"end":{"line":109,"column":9}},"type":"if","locations":[{"start":{"line":88,"column":8},"end":{"line":109,"column":9}},{"start":{"line":106,"column":13},"end":{"line":109,"column":9}}],"line":88},"2":{"loc":{"start":{"line":88,"column":12},"end":{"line":88,"column":73}},"type":"binary-expr","locations":[{"start":{"line":88,"column":12},"end":{"line":88,"column":37}},{"start":{"line":88,"column":41},"end":{"line":88,"column":73}}],"line":88},"3":{"loc":{"start":{"line":89,"column":12},"end":{"line":104,"column":13}},"type":"if","locations":[{"start":{"line":89,"column":12},"end":{"line":104,"column":13}},{"start":{"line":98,"column":17},"end":{"line":104,"column":13}}],"line":89},"4":{"loc":{"start":{"line":114,"column":8},"end":{"line":131,"column":9}},"type":"if","locations":[{"start":{"line":114,"column":8},"end":{"line":131,"column":9}},{"start":{"line":129,"column":15},"end":{"line":131,"column":9}}],"line":114},"5":{"loc":{"start":{"line":118,"column":12},"end":{"line":120,"column":13}},"type":"if","locations":[{"start":{"line":118,"column":12},"end":{"line":120,"column":13}},{"start":{},"end":{}}],"line":118},"6":{"loc":{"start":{"line":165,"column":40},"end":{"line":165,"column":96}},"type":"cond-expr","locations":[{"start":{"line":165,"column":78},"end":{"line":165,"column":84}},{"start":{"line":165,"column":87},"end":{"line":165,"column":96}}],"line":165},"7":{"loc":{"start":{"line":170,"column":29},"end":{"line":179,"column":29}},"type":"binary-expr","locations":[{"start":{"line":170,"column":29},"end":{"line":170,"column":64}},{"start":{"line":171,"column":32},"end":{"line":178,"column":40}}],"line":170},"8":{"loc":{"start":{"line":199,"column":35},"end":{"line":199,"column":187}},"type":"cond-expr","locations":[{"start":{"line":199,"column":54},"end":{"line":199,"column":64}},{"start":{"line":199,"column":67},"end":{"line":199,"column":187}}],"line":199},"9":{"loc":{"start":{"line":257,"column":29},"end":{"line":257,"column":120}},"type":"cond-expr","locations":[{"start":{"line":257,"column":55},"end":{"line":257,"column":116}},{"start":{"line":257,"column":119},"end":{"line":257,"column":120}}],"line":257},"10":{"loc":{"start":{"line":272,"column":43},"end":{"line":272,"column":122}},"type":"cond-expr","locations":[{"start":{"line":272,"column":69},"end":{"line":272,"column":118}},{"start":{"line":272,"column":121},"end":{"line":272,"column":122}}],"line":272},"11":{"loc":{"start":{"line":327,"column":45},"end":{"line":327,"column":83}},"type":"cond-expr","locations":[{"start":{"line":327,"column":62},"end":{"line":327,"column":71}},{"start":{"line":327,"column":74},"end":{"line":327,"column":83}}],"line":327},"12":{"loc":{"start":{"line":392,"column":39},"end":{"line":392,"column":191}},"type":"cond-expr","locations":[{"start":{"line":392,"column":58},"end":{"line":392,"column":68}},{"start":{"line":392,"column":71},"end":{"line":392,"column":191}}],"line":392},"13":{"loc":{"start":{"line":416,"column":13},"end":{"line":469,"column":23}},"type":"cond-expr","locations":[{"start":{"line":417,"column":16},"end":{"line":444,"column":23}},{"start":{"line":446,"column":16},"end":{"line":469,"column":23}}],"line":416},"14":{"loc":{"start":{"line":419,"column":24},"end":{"line":441,"column":35}},"type":"cond-expr","locations":[{"start":{"line":420,"column":24},"end":{"line":431,"column":33}},{"start":{"line":434,"column":28},"end":{"line":441,"column":35}}],"line":419},"15":{"loc":{"start":{"line":448,"column":24},"end":{"line":467,"column":35}},"type":"cond-expr","locations":[{"start":{"line":449,"column":28},"end":{"line":458,"column":30}},{"start":{"line":460,"column":28},"end":{"line":467,"column":35}}],"line":448}},"s":{"0":67,"1":67,"2":66,"3":66,"4":66,"5":66,"6":66,"7":66,"8":66,"9":66,"10":66,"11":7,"12":7,"13":7,"14":66,"15":7,"16":66,"17":1,"18":66,"19":9,"20":9,"21":8,"22":8,"23":8,"24":1,"25":1,"26":1,"27":66,"28":8,"29":8,"30":8,"31":8,"32":8,"33":66,"34":1,"35":1,"36":1,"37":1,"38":66,"39":3,"40":1,"41":1,"42":0,"43":1,"44":0,"45":0,"46":0,"47":2,"48":66,"49":0,"50":0,"51":0,"52":0,"53":0,"54":0,"55":0,"56":66,"57":7,"58":6,"59":6,"60":6,"61":6,"62":66,"63":0,"64":66,"65":49,"66":98,"67":1,"68":66,"69":6,"70":0,"71":66,"72":28,"73":0,"74":66,"75":0,"76":1,"77":3,"78":3,"79":28,"80":28,"81":6,"82":6,"83":4},"f":{"0":67,"1":7,"2":7,"3":7,"4":1,"5":9,"6":8,"7":1,"8":3,"9":0,"10":0,"11":0,"12":7,"13":0,"14":49,"15":98,"16":1,"17":6,"18":0,"19":28,"20":0,"21":0,"22":1,"23":3,"24":3,"25":28,"26":28,"27":6,"28":6},"b":{"0":[8,1],"1":[1,2],"2":[3,2],"3":[1,0],"4":[0,0],"5":[0,0],"6":[49,49],"7":[98,49],"8":[3,3],"9":[28,0],"10":[28,0],"11":[23,43],"12":[45,21],"13":[61,5],"14":[16,45],"15":[3,2]},"_coverageSchema":"1a1c01bbd47fc00a2c39e90264f33305004495a9","hash":"d27cc10968ee61e8683c4613581913169e12c3e4"}
,"E:\\TFG\\TFGRead\\src\\screens\\HomeScreen.js": {"path":"E:\\TFG\\TFGRead\\src\\screens\\HomeScreen.js","statementMap":{"0":{"start":{"line":25,"column":38},"end":{"line":25,"column":56}},"1":{"start":{"line":26,"column":34},"end":{"line":26,"column":52}},"2":{"start":{"line":29,"column":46},"end":{"line":29,"column":63}},"3":{"start":{"line":30,"column":50},"end":{"line":30,"column":68}},"4":{"start":{"line":31,"column":40},"end":{"line":31,"column":58}},"5":{"start":{"line":34,"column":28},"end":{"line":34,"column":44}},"6":{"start":{"line":35,"column":56},"end":{"line":35,"column":73}},"7":{"start":{"line":36,"column":34},"end":{"line":36,"column":52}},"8":{"start":{"line":38,"column":44},"end":{"line":38,"column":59}},"9":{"start":{"line":39,"column":21},"end":{"line":39,"column":36}},"10":{"start":{"line":40,"column":28},"end":{"line":40,"column":45}},"11":{"start":{"line":42,"column":20},"end":{"line":42,"column":34}},"12":{"start":{"line":43,"column":21},"end":{"line":43,"column":39}},"13":{"start":{"line":44,"column":2},"end":{"line":47,"column":18}},"14":{"start":{"line":45,"column":4},"end":{"line":45,"column":30}},"15":{"start":{"line":46,"column":4},"end":{"line":46,"column":66}},"16":{"start":{"line":49,"column":2},"end":{"line":53,"column":6}},"17":{"start":{"line":50,"column":4},"end":{"line":52,"column":7}},"18":{"start":{"line":56,"column":24},"end":{"line":60,"column":3}},"19":{"start":{"line":57,"column":4},"end":{"line":59,"column":7}},"20":{"start":{"line":62,"column":29},"end":{"line":66,"column":3}},"21":{"start":{"line":63,"column":4},"end":{"line":65,"column":7}},"22":{"start":{"line":68,"column":21},"end":{"line":72,"column":3}},"23":{"start":{"line":69,"column":4},"end":{"line":71,"column":7}},"24":{"start":{"line":75,"column":21},"end":{"line":104,"column":3}},"25":{"start":{"line":77,"column":4},"end":{"line":77,"column":25}},"26":{"start":{"line":79,"column":12},"end":{"line":79,"column":31}},"27":{"start":{"line":80,"column":4},"end":{"line":80,"column":16}},"28":{"start":{"line":83,"column":17},"end":{"line":83,"column":43}},"29":{"start":{"line":84,"column":4},"end":{"line":84,"column":27}},"30":{"start":{"line":86,"column":4},"end":{"line":90,"column":5}},"31":{"start":{"line":87,"column":6},"end":{"line":87,"column":51}},"32":{"start":{"line":88,"column":6},"end":{"line":88,"column":44}},"33":{"start":{"line":92,"column":4},"end":{"line":92,"column":42}},"34":{"start":{"line":95,"column":4},"end":{"line":95,"column":40}},"35":{"start":{"line":97,"column":4},"end":{"line":97,"column":39}},"36":{"start":{"line":99,"column":4},"end":{"line":99,"column":56}},"37":{"start":{"line":101,"column":4},"end":{"line":101,"column":26}},"38":{"start":{"line":108,"column":26},"end":{"line":126,"column":3}},"39":{"start":{"line":111,"column":4},"end":{"line":116,"column":5}},"40":{"start":{"line":112,"column":6},"end":{"line":112,"column":37}},"41":{"start":{"line":115,"column":6},"end":{"line":115,"column":41}},"42":{"start":{"line":118,"column":4},"end":{"line":118,"column":68}},"43":{"start":{"line":120,"column":4},"end":{"line":124,"column":7}},"44":{"start":{"line":128,"column":4},"end":{"line":178,"column":26}},"45":{"start":{"line":129,"column":70},"end":{"line":129,"column":86}},"46":{"start":{"line":182,"column":4},"end":{"line":233,"column":6}},"47":{"start":{"line":207,"column":25},"end":{"line":207,"column":41}},"48":{"start":{"line":237,"column":4},"end":{"line":303,"column":6}},"49":{"start":{"line":243,"column":23},"end":{"line":243,"column":39}},"50":{"start":{"line":306,"column":21},"end":{"line":332,"column":3}},"51":{"start":{"line":307,"column":4},"end":{"line":331,"column":6}},"52":{"start":{"line":326,"column":45},"end":{"line":326,"column":72}},"53":{"start":{"line":333,"column":26},"end":{"line":406,"column":3}},"54":{"start":{"line":334,"column":4},"end":{"line":405,"column":6}},"55":{"start":{"line":391,"column":22},"end":{"line":391,"column":40}},"56":{"start":{"line":408,"column":2},"end":{"line":523,"column":3}},"57":{"start":{"line":444,"column":66},"end":{"line":444,"column":81}},"58":{"start":{"line":452,"column":69},"end":{"line":452,"column":89}},"59":{"start":{"line":492,"column":47},"end":{"line":492,"column":73}},"60":{"start":{"line":493,"column":39},"end":{"line":493,"column":54}},"61":{"start":{"line":515,"column":49},"end":{"line":515,"column":80}},"62":{"start":{"line":525,"column":15},"end":{"line":655,"column":2}}},"fnMap":{"0":{"name":"HomeScreen","decl":{"start":{"line":24,"column":9},"end":{"line":24,"column":19}},"loc":{"start":{"line":24,"column":22},"end":{"line":524,"column":1}},"line":24},"1":{"name":"(anonymous_1)","decl":{"start":{"line":44,"column":12},"end":{"line":44,"column":13}},"loc":{"start":{"line":44,"column":18},"end":{"line":47,"column":3}},"line":44},"2":{"name":"(anonymous_2)","decl":{"start":{"line":49,"column":18},"end":{"line":49,"column":19}},"loc":{"start":{"line":49,"column":24},"end":{"line":53,"column":3}},"line":49},"3":{"name":"(anonymous_3)","decl":{"start":{"line":56,"column":24},"end":{"line":56,"column":25}},"loc":{"start":{"line":56,"column":30},"end":{"line":60,"column":3}},"line":56},"4":{"name":"(anonymous_4)","decl":{"start":{"line":62,"column":29},"end":{"line":62,"column":30}},"loc":{"start":{"line":62,"column":35},"end":{"line":66,"column":3}},"line":62},"5":{"name":"(anonymous_5)","decl":{"start":{"line":68,"column":21},"end":{"line":68,"column":22}},"loc":{"start":{"line":68,"column":31},"end":{"line":72,"column":3}},"line":68},"6":{"name":"(anonymous_6)","decl":{"start":{"line":75,"column":21},"end":{"line":75,"column":22}},"loc":{"start":{"line":75,"column":33},"end":{"line":104,"column":3}},"line":75},"7":{"name":"(anonymous_7)","decl":{"start":{"line":108,"column":26},"end":{"line":108,"column":27}},"loc":{"start":{"line":108,"column":38},"end":{"line":126,"column":3}},"line":108},"8":{"name":"renderRecomendados","decl":{"start":{"line":127,"column":11},"end":{"line":127,"column":29}},"loc":{"start":{"line":127,"column":43},"end":{"line":179,"column":3}},"line":127},"9":{"name":"(anonymous_9)","decl":{"start":{"line":129,"column":64},"end":{"line":129,"column":65}},"loc":{"start":{"line":129,"column":70},"end":{"line":129,"column":86}},"line":129},"10":{"name":"renderNewBooks","decl":{"start":{"line":181,"column":11},"end":{"line":181,"column":25}},"loc":{"start":{"line":181,"column":39},"end":{"line":234,"column":3}},"line":181},"11":{"name":"(anonymous_11)","decl":{"start":{"line":207,"column":19},"end":{"line":207,"column":20}},"loc":{"start":{"line":207,"column":25},"end":{"line":207,"column":41}},"line":207},"12":{"name":"renderHotBook","decl":{"start":{"line":236,"column":11},"end":{"line":236,"column":24}},"loc":{"start":{"line":236,"column":38},"end":{"line":304,"column":3}},"line":236},"13":{"name":"(anonymous_13)","decl":{"start":{"line":243,"column":17},"end":{"line":243,"column":18}},"loc":{"start":{"line":243,"column":23},"end":{"line":243,"column":39}},"line":243},"14":{"name":"(anonymous_14)","decl":{"start":{"line":306,"column":21},"end":{"line":306,"column":22}},"loc":{"start":{"line":306,"column":27},"end":{"line":332,"column":3}},"line":306},"15":{"name":"(anonymous_15)","decl":{"start":{"line":326,"column":24},"end":{"line":326,"column":25}},"loc":{"start":{"line":326,"column":45},"end":{"line":326,"column":72}},"line":326},"16":{"name":"(anonymous_16)","decl":{"start":{"line":333,"column":26},"end":{"line":333,"column":27}},"loc":{"start":{"line":333,"column":32},"end":{"line":406,"column":3}},"line":333},"17":{"name":"(anonymous_17)","decl":{"start":{"line":390,"column":29},"end":{"line":390,"column":30}},"loc":{"start":{"line":390,"column":35},"end":{"line":392,"column":21}},"line":390},"18":{"name":"(anonymous_18)","decl":{"start":{"line":444,"column":60},"end":{"line":444,"column":61}},"loc":{"start":{"line":444,"column":66},"end":{"line":444,"column":81}},"line":444},"19":{"name":"(anonymous_19)","decl":{"start":{"line":452,"column":63},"end":{"line":452,"column":64}},"loc":{"start":{"line":452,"column":69},"end":{"line":452,"column":89}},"line":452},"20":{"name":"(anonymous_20)","decl":{"start":{"line":492,"column":26},"end":{"line":492,"column":27}},"loc":{"start":{"line":492,"column":47},"end":{"line":492,"column":73}},"line":492},"21":{"name":"(anonymous_21)","decl":{"start":{"line":493,"column":28},"end":{"line":493,"column":29}},"loc":{"start":{"line":493,"column":39},"end":{"line":493,"column":54}},"line":493},"22":{"name":"(anonymous_22)","decl":{"start":{"line":515,"column":28},"end":{"line":515,"column":29}},"loc":{"start":{"line":515,"column":49},"end":{"line":515,"column":80}},"line":515}},"branchMap":{"0":{"loc":{"start":{"line":45,"column":4},"end":{"line":45,"column":29}},"type":"binary-expr","locations":[{"start":{"line":45,"column":4},"end":{"line":45,"column":13}},{"start":{"line":45,"column":17},"end":{"line":45,"column":29}}],"line":45},"1":{"loc":{"start":{"line":86,"column":4},"end":{"line":90,"column":5}},"type":"if","locations":[{"start":{"line":86,"column":4},"end":{"line":90,"column":5}},{"start":{},"end":{}}],"line":86},"2":{"loc":{"start":{"line":111,"column":4},"end":{"line":116,"column":5}},"type":"if","locations":[{"start":{"line":111,"column":4},"end":{"line":116,"column":5}},{"start":{"line":114,"column":9},"end":{"line":116,"column":5}}],"line":111},"3":{"loc":{"start":{"line":446,"column":27},"end":{"line":446,"column":179}},"type":"cond-expr","locations":[{"start":{"line":446,"column":46},"end":{"line":446,"column":56}},{"start":{"line":446,"column":59},"end":{"line":446,"column":179}}],"line":446},"4":{"loc":{"start":{"line":459,"column":9},"end":{"line":460,"column":30}},"type":"binary-expr","locations":[{"start":{"line":459,"column":9},"end":{"line":459,"column":26}},{"start":{"line":460,"column":10},"end":{"line":460,"column":30}}],"line":459},"5":{"loc":{"start":{"line":497,"column":11},"end":{"line":517,"column":30}},"type":"cond-expr","locations":[{"start":{"line":498,"column":12},"end":{"line":517,"column":19}},{"start":{"line":517,"column":22},"end":{"line":517,"column":30}}],"line":497}},"s":{"0":21,"1":20,"2":20,"3":20,"4":20,"5":20,"6":20,"7":20,"8":20,"9":20,"10":20,"11":20,"12":20,"13":20,"14":6,"15":6,"16":20,"17":18,"18":20,"19":1,"20":20,"21":1,"22":20,"23":1,"24":20,"25":6,"26":6,"27":5,"28":2,"29":2,"30":2,"31":2,"32":2,"33":2,"34":0,"35":0,"36":0,"37":0,"38":20,"39":1,"40":1,"41":0,"42":1,"43":1,"44":2,"45":0,"46":2,"47":1,"48":2,"49":0,"50":20,"51":18,"52":2,"53":20,"54":18,"55":1,"56":20,"57":1,"58":1,"59":2,"60":0,"61":2,"62":4},"f":{"0":21,"1":6,"2":18,"3":1,"4":1,"5":1,"6":6,"7":1,"8":2,"9":0,"10":2,"11":1,"12":2,"13":0,"14":18,"15":2,"16":18,"17":1,"18":1,"19":1,"20":2,"21":0,"22":2},"b":{"0":[6,6],"1":[2,0],"2":[1,0],"3":[6,14],"4":[20,20],"5":[6,14]},"_coverageSchema":"1a1c01bbd47fc00a2c39e90264f33305004495a9","hash":"4ce3fa53650e65b7c07c70889261b4280780767d"}
,"E:\\TFG\\TFGRead\\src\\screens\\NotificacionesScreen.js": {"path":"E:\\TFG\\TFGRead\\src\\screens\\NotificacionesScreen.js","statementMap":{"0":{"start":{"line":12,"column":30},"end":{"line":12,"column":42}},"1":{"start":{"line":13,"column":23},"end":{"line":13,"column":38}},"2":{"start":{"line":14,"column":23},"end":{"line":14,"column":35}},"3":{"start":{"line":15,"column":50},"end":{"line":15,"column":62}},"4":{"start":{"line":16,"column":60},"end":{"line":16,"column":72}},"5":{"start":{"line":18,"column":64},"end":{"line":18,"column":76}},"6":{"start":{"line":19,"column":56},"end":{"line":19,"column":68}},"7":{"start":{"line":21,"column":23},"end":{"line":21,"column":69}},"8":{"start":{"line":23,"column":46},"end":{"line":23,"column":61}},"9":{"start":{"line":27,"column":7},"end":{"line":27,"column":24}},"10":{"start":{"line":29,"column":4},"end":{"line":35,"column":15}},"11":{"start":{"line":30,"column":8},"end":{"line":30,"column":66}},"12":{"start":{"line":31,"column":8},"end":{"line":31,"column":21}},"13":{"start":{"line":33,"column":8},"end":{"line":34,"column":73}},"14":{"start":{"line":34,"column":12},"end":{"line":34,"column":72}},"15":{"start":{"line":37,"column":4},"end":{"line":42,"column":7}},"16":{"start":{"line":38,"column":8},"end":{"line":40,"column":11}},"17":{"start":{"line":44,"column":19},"end":{"line":46,"column":5}},"18":{"start":{"line":45,"column":8},"end":{"line":45,"column":35}},"19":{"start":{"line":61,"column":29},"end":{"line":85,"column":5}},"20":{"start":{"line":62,"column":8},"end":{"line":62,"column":30}},"21":{"start":{"line":64,"column":8},"end":{"line":64,"column":45}},"22":{"start":{"line":65,"column":8},"end":{"line":70,"column":9}},"23":{"start":{"line":66,"column":20},"end":{"line":66,"column":53}},"24":{"start":{"line":67,"column":12},"end":{"line":67,"column":34}},"25":{"start":{"line":68,"column":12},"end":{"line":68,"column":40}},"26":{"start":{"line":69,"column":12},"end":{"line":69,"column":42}},"27":{"start":{"line":71,"column":8},"end":{"line":76,"column":9}},"28":{"start":{"line":72,"column":20},"end":{"line":72,"column":58}},"29":{"start":{"line":73,"column":12},"end":{"line":73,"column":39}},"30":{"start":{"line":74,"column":12},"end":{"line":74,"column":35}},"31":{"start":{"line":75,"column":12},"end":{"line":75,"column":42}},"32":{"start":{"line":77,"column":8},"end":{"line":83,"column":9}},"33":{"start":{"line":79,"column":20},"end":{"line":79,"column":47}},"34":{"start":{"line":80,"column":12},"end":{"line":80,"column":41}},"35":{"start":{"line":81,"column":12},"end":{"line":81,"column":35}},"36":{"start":{"line":82,"column":12},"end":{"line":82,"column":40}},"37":{"start":{"line":84,"column":8},"end":{"line":84,"column":31}},"38":{"start":{"line":114,"column":23},"end":{"line":120,"column":5}},"39":{"start":{"line":116,"column":16},"end":{"line":116,"column":35}},"40":{"start":{"line":117,"column":8},"end":{"line":117,"column":20}},"41":{"start":{"line":118,"column":8},"end":{"line":118,"column":28}},"42":{"start":{"line":122,"column":29},"end":{"line":158,"column":5}},"43":{"start":{"line":123,"column":8},"end":{"line":157,"column":10}},"44":{"start":{"line":126,"column":20},"end":{"line":154,"column":39}},"45":{"start":{"line":130,"column":39},"end":{"line":130,"column":62}},"46":{"start":{"line":161,"column":24},"end":{"line":200,"column":5}},"47":{"start":{"line":162,"column":8},"end":{"line":199,"column":10}},"48":{"start":{"line":185,"column":87},"end":{"line":185,"column":132}},"49":{"start":{"line":191,"column":42},"end":{"line":191,"column":71}},"50":{"start":{"line":202,"column":29},"end":{"line":231,"column":5}},"51":{"start":{"line":203,"column":8},"end":{"line":230,"column":10}},"52":{"start":{"line":219,"column":85},"end":{"line":219,"column":133}},"53":{"start":{"line":234,"column":27},"end":{"line":271,"column":5}},"54":{"start":{"line":235,"column":8},"end":{"line":270,"column":10}},"55":{"start":{"line":254,"column":57},"end":{"line":254,"column":134}},"56":{"start":{"line":260,"column":57},"end":{"line":260,"column":114}},"57":{"start":{"line":274,"column":4},"end":{"line":414,"column":5}},"58":{"start":{"line":321,"column":71},"end":{"line":321,"column":79}},"59":{"start":{"line":340,"column":40},"end":{"line":340,"column":64}},"60":{"start":{"line":342,"column":69},"end":{"line":342,"column":112}},"61":{"start":{"line":363,"column":82},"end":{"line":363,"column":130}},"62":{"start":{"line":390,"column":40},"end":{"line":390,"column":64}},"63":{"start":{"line":392,"column":69},"end":{"line":392,"column":119}},"64":{"start":{"line":416,"column":15},"end":{"line":482,"column":2}}},"fnMap":{"0":{"name":"NotificacionesScreen","decl":{"start":{"line":11,"column":9},"end":{"line":11,"column":29}},"loc":{"start":{"line":11,"column":41},"end":{"line":415,"column":1}},"line":11},"1":{"name":"(anonymous_1)","decl":{"start":{"line":29,"column":14},"end":{"line":29,"column":15}},"loc":{"start":{"line":29,"column":20},"end":{"line":35,"column":5}},"line":29},"2":{"name":"(anonymous_2)","decl":{"start":{"line":33,"column":15},"end":{"line":33,"column":16}},"loc":{"start":{"line":34,"column":12},"end":{"line":34,"column":72}},"line":34},"3":{"name":"(anonymous_3)","decl":{"start":{"line":37,"column":20},"end":{"line":37,"column":21}},"loc":{"start":{"line":37,"column":26},"end":{"line":42,"column":5}},"line":37},"4":{"name":"(anonymous_4)","decl":{"start":{"line":44,"column":19},"end":{"line":44,"column":20}},"loc":{"start":{"line":44,"column":25},"end":{"line":46,"column":5}},"line":44},"5":{"name":"(anonymous_5)","decl":{"start":{"line":61,"column":29},"end":{"line":61,"column":30}},"loc":{"start":{"line":61,"column":46},"end":{"line":85,"column":5}},"line":61},"6":{"name":"(anonymous_6)","decl":{"start":{"line":114,"column":23},"end":{"line":114,"column":24}},"loc":{"start":{"line":114,"column":35},"end":{"line":120,"column":5}},"line":114},"7":{"name":"(anonymous_7)","decl":{"start":{"line":122,"column":29},"end":{"line":122,"column":30}},"loc":{"start":{"line":122,"column":35},"end":{"line":158,"column":5}},"line":122},"8":{"name":"(anonymous_8)","decl":{"start":{"line":125,"column":32},"end":{"line":125,"column":33}},"loc":{"start":{"line":126,"column":20},"end":{"line":154,"column":39}},"line":126},"9":{"name":"(anonymous_9)","decl":{"start":{"line":130,"column":33},"end":{"line":130,"column":34}},"loc":{"start":{"line":130,"column":39},"end":{"line":130,"column":62}},"line":130},"10":{"name":"(anonymous_10)","decl":{"start":{"line":161,"column":24},"end":{"line":161,"column":25}},"loc":{"start":{"line":161,"column":42},"end":{"line":200,"column":5}},"line":161},"11":{"name":"(anonymous_11)","decl":{"start":{"line":185,"column":81},"end":{"line":185,"column":82}},"loc":{"start":{"line":185,"column":87},"end":{"line":185,"column":132}},"line":185},"12":{"name":"(anonymous_12)","decl":{"start":{"line":191,"column":36},"end":{"line":191,"column":37}},"loc":{"start":{"line":191,"column":42},"end":{"line":191,"column":71}},"line":191},"13":{"name":"(anonymous_13)","decl":{"start":{"line":202,"column":29},"end":{"line":202,"column":30}},"loc":{"start":{"line":202,"column":47},"end":{"line":231,"column":5}},"line":202},"14":{"name":"(anonymous_14)","decl":{"start":{"line":219,"column":79},"end":{"line":219,"column":80}},"loc":{"start":{"line":219,"column":85},"end":{"line":219,"column":133}},"line":219},"15":{"name":"(anonymous_15)","decl":{"start":{"line":234,"column":27},"end":{"line":234,"column":28}},"loc":{"start":{"line":234,"column":49},"end":{"line":271,"column":5}},"line":234},"16":{"name":"(anonymous_16)","decl":{"start":{"line":254,"column":51},"end":{"line":254,"column":52}},"loc":{"start":{"line":254,"column":57},"end":{"line":254,"column":134}},"line":254},"17":{"name":"(anonymous_17)","decl":{"start":{"line":260,"column":51},"end":{"line":260,"column":52}},"loc":{"start":{"line":260,"column":57},"end":{"line":260,"column":114}},"line":260},"18":{"name":"(anonymous_18)","decl":{"start":{"line":321,"column":65},"end":{"line":321,"column":66}},"loc":{"start":{"line":321,"column":71},"end":{"line":321,"column":79}},"line":321},"19":{"name":"(anonymous_19)","decl":{"start":{"line":339,"column":50},"end":{"line":339,"column":51}},"loc":{"start":{"line":339,"column":67},"end":{"line":341,"column":37}},"line":339},"20":{"name":"(anonymous_20)","decl":{"start":{"line":342,"column":48},"end":{"line":342,"column":49}},"loc":{"start":{"line":342,"column":69},"end":{"line":342,"column":112}},"line":342},"21":{"name":"(anonymous_21)","decl":{"start":{"line":363,"column":65},"end":{"line":363,"column":66}},"loc":{"start":{"line":363,"column":82},"end":{"line":363,"column":130}},"line":363},"22":{"name":"(anonymous_22)","decl":{"start":{"line":389,"column":50},"end":{"line":389,"column":51}},"loc":{"start":{"line":389,"column":67},"end":{"line":391,"column":37}},"line":389},"23":{"name":"(anonymous_23)","decl":{"start":{"line":392,"column":48},"end":{"line":392,"column":49}},"loc":{"start":{"line":392,"column":69},"end":{"line":392,"column":119}},"line":392}},"branchMap":{"0":{"loc":{"start":{"line":65,"column":8},"end":{"line":70,"column":9}},"type":"if","locations":[{"start":{"line":65,"column":8},"end":{"line":70,"column":9}},{"start":{},"end":{}}],"line":65},"1":{"loc":{"start":{"line":71,"column":8},"end":{"line":76,"column":9}},"type":"if","locations":[{"start":{"line":71,"column":8},"end":{"line":76,"column":9}},{"start":{},"end":{}}],"line":71},"2":{"loc":{"start":{"line":77,"column":8},"end":{"line":83,"column":9}},"type":"if","locations":[{"start":{"line":77,"column":8},"end":{"line":83,"column":9}},{"start":{},"end":{}}],"line":77},"3":{"loc":{"start":{"line":137,"column":43},"end":{"line":137,"column":99}},"type":"cond-expr","locations":[{"start":{"line":137,"column":81},"end":{"line":137,"column":87}},{"start":{"line":137,"column":90},"end":{"line":137,"column":99}}],"line":137},"4":{"loc":{"start":{"line":142,"column":29},"end":{"line":151,"column":29}},"type":"binary-expr","locations":[{"start":{"line":142,"column":29},"end":{"line":142,"column":64}},{"start":{"line":143,"column":32},"end":{"line":150,"column":40}}],"line":142},"5":{"loc":{"start":{"line":169,"column":33},"end":{"line":169,"column":69}},"type":"cond-expr","locations":[{"start":{"line":169,"column":50},"end":{"line":169,"column":59}},{"start":{"line":169,"column":62},"end":{"line":169,"column":69}}],"line":169},"6":{"loc":{"start":{"line":209,"column":33},"end":{"line":209,"column":69}},"type":"cond-expr","locations":[{"start":{"line":209,"column":50},"end":{"line":209,"column":59}},{"start":{"line":209,"column":62},"end":{"line":209,"column":69}}],"line":209},"7":{"loc":{"start":{"line":241,"column":33},"end":{"line":241,"column":69}},"type":"cond-expr","locations":[{"start":{"line":241,"column":50},"end":{"line":241,"column":59}},{"start":{"line":241,"column":62},"end":{"line":241,"column":69}}],"line":241},"8":{"loc":{"start":{"line":277,"column":29},"end":{"line":277,"column":65}},"type":"cond-expr","locations":[{"start":{"line":277,"column":46},"end":{"line":277,"column":55}},{"start":{"line":277,"column":58},"end":{"line":277,"column":65}}],"line":277},"9":{"loc":{"start":{"line":330,"column":17},"end":{"line":355,"column":27}},"type":"binary-expr","locations":[{"start":{"line":330,"column":17},"end":{"line":330,"column":48}},{"start":{"line":331,"column":20},"end":{"line":355,"column":27}}],"line":330},"10":{"loc":{"start":{"line":333,"column":28},"end":{"line":353,"column":39}},"type":"cond-expr","locations":[{"start":{"line":334,"column":32},"end":{"line":343,"column":44}},{"start":{"line":346,"column":32},"end":{"line":353,"column":39}}],"line":333},"11":{"loc":{"start":{"line":357,"column":17},"end":{"line":377,"column":27}},"type":"binary-expr","locations":[{"start":{"line":357,"column":17},"end":{"line":357,"column":48}},{"start":{"line":358,"column":20},"end":{"line":377,"column":27}}],"line":357},"12":{"loc":{"start":{"line":360,"column":28},"end":{"line":375,"column":39}},"type":"cond-expr","locations":[{"start":{"line":361,"column":32},"end":{"line":366,"column":45}},{"start":{"line":368,"column":32},"end":{"line":375,"column":39}}],"line":360},"13":{"loc":{"start":{"line":380,"column":17},"end":{"line":406,"column":27}},"type":"binary-expr","locations":[{"start":{"line":380,"column":17},"end":{"line":380,"column":48}},{"start":{"line":381,"column":20},"end":{"line":406,"column":27}}],"line":380},"14":{"loc":{"start":{"line":383,"column":28},"end":{"line":404,"column":39}},"type":"cond-expr","locations":[{"start":{"line":384,"column":32},"end":{"line":393,"column":44}},{"start":{"line":397,"column":32},"end":{"line":404,"column":39}}],"line":383}},"s":{"0":33,"1":33,"2":33,"3":33,"4":33,"5":33,"6":33,"7":33,"8":33,"9":33,"10":33,"11":4,"12":4,"13":4,"14":4,"15":33,"16":28,"17":33,"18":1,"19":33,"20":6,"21":6,"22":5,"23":3,"24":3,"25":3,"26":3,"27":5,"28":1,"29":1,"30":1,"31":1,"32":5,"33":1,"34":1,"35":1,"36":1,"37":5,"38":33,"39":4,"40":4,"41":4,"42":33,"43":28,"44":84,"45":2,"46":33,"47":11,"48":0,"49":0,"50":33,"51":0,"52":0,"53":33,"54":0,"55":0,"56":0,"57":33,"58":1,"59":11,"60":11,"61":0,"62":0,"63":0,"64":4},"f":{"0":33,"1":4,"2":4,"3":28,"4":1,"5":6,"6":4,"7":28,"8":84,"9":2,"10":11,"11":0,"12":0,"13":0,"14":0,"15":0,"16":0,"17":0,"18":1,"19":11,"20":11,"21":0,"22":0,"23":0},"b":{"0":[3,2],"1":[1,4],"2":[1,4],"3":[28,56],"4":[84,28],"5":[6,5],"6":[0,0],"7":[0,0],"8":[18,15],"9":[33,28],"10":[12,16],"11":[33,1],"12":[0,1],"13":[33,4],"14":[0,4]},"_coverageSchema":"1a1c01bbd47fc00a2c39e90264f33305004495a9","hash":"477c5d53321dd878a0271be51ba201f16f94dea3"}
,"E:\\TFG\\TFGRead\\src\\screens\\ProfileScreen.js": {"path":"E:\\TFG\\TFGRead\\src\\screens\\ProfileScreen.js","statementMap":{"0":{"start":{"line":14,"column":29},"end":{"line":14,"column":41}},"1":{"start":{"line":15,"column":40},"end":{"line":15,"column":52}},"2":{"start":{"line":17,"column":29},"end":{"line":17,"column":41}},"3":{"start":{"line":19,"column":23},"end":{"line":19,"column":38}},"4":{"start":{"line":21,"column":46},"end":{"line":21,"column":61}},"5":{"start":{"line":23,"column":23},"end":{"line":23,"column":35}},"6":{"start":{"line":25,"column":4},"end":{"line":30,"column":27}},"7":{"start":{"line":26,"column":8},"end":{"line":26,"column":66}},"8":{"start":{"line":27,"column":8},"end":{"line":27,"column":21}},"9":{"start":{"line":28,"column":8},"end":{"line":29,"column":69}},"10":{"start":{"line":29,"column":8},"end":{"line":29,"column":68}},"11":{"start":{"line":32,"column":4},"end":{"line":37,"column":7}},"12":{"start":{"line":33,"column":8},"end":{"line":35,"column":11}},"13":{"start":{"line":39,"column":19},"end":{"line":41,"column":5}},"14":{"start":{"line":40,"column":8},"end":{"line":40,"column":35}},"15":{"start":{"line":43,"column":34},"end":{"line":47,"column":5}},"16":{"start":{"line":44,"column":8},"end":{"line":44,"column":29}},"17":{"start":{"line":45,"column":8},"end":{"line":45,"column":46}},"18":{"start":{"line":46,"column":8},"end":{"line":46,"column":30}},"19":{"start":{"line":49,"column":23},"end":{"line":59,"column":5}},"20":{"start":{"line":51,"column":8},"end":{"line":51,"column":29}},"21":{"start":{"line":52,"column":16},"end":{"line":52,"column":35}},"22":{"start":{"line":53,"column":8},"end":{"line":53,"column":20}},"23":{"start":{"line":54,"column":17},"end":{"line":54,"column":39}},"24":{"start":{"line":55,"column":8},"end":{"line":55,"column":28}},"25":{"start":{"line":56,"column":8},"end":{"line":56,"column":49}},"26":{"start":{"line":57,"column":8},"end":{"line":57,"column":30}},"27":{"start":{"line":60,"column":30},"end":{"line":70,"column":5}},"28":{"start":{"line":61,"column":20},"end":{"line":61,"column":37}},"29":{"start":{"line":62,"column":8},"end":{"line":68,"column":9}},"30":{"start":{"line":63,"column":12},"end":{"line":63,"column":33}},"31":{"start":{"line":64,"column":27},"end":{"line":64,"column":69}},"32":{"start":{"line":65,"column":12},"end":{"line":65,"column":36}},"33":{"start":{"line":66,"column":12},"end":{"line":66,"column":60}},"34":{"start":{"line":67,"column":12},"end":{"line":67,"column":34}},"35":{"start":{"line":72,"column":27},"end":{"line":75,"column":7}},"36":{"start":{"line":73,"column":21},"end":{"line":73,"column":30}},"37":{"start":{"line":74,"column":8},"end":{"line":74,"column":21}},"38":{"start":{"line":76,"column":4},"end":{"line":244,"column":5}},"39":{"start":{"line":123,"column":71},"end":{"line":123,"column":79}},"40":{"start":{"line":128,"column":71},"end":{"line":128,"column":86}},"41":{"start":{"line":150,"column":75},"end":{"line":150,"column":94}},"42":{"start":{"line":166,"column":48},"end":{"line":166,"column":62}},"43":{"start":{"line":200,"column":38},"end":{"line":200,"column":61}},"44":{"start":{"line":246,"column":15},"end":{"line":284,"column":2}}},"fnMap":{"0":{"name":"ProfileScreen","decl":{"start":{"line":12,"column":9},"end":{"line":12,"column":22}},"loc":{"start":{"line":12,"column":34},"end":{"line":245,"column":1}},"line":12},"1":{"name":"(anonymous_1)","decl":{"start":{"line":25,"column":14},"end":{"line":25,"column":15}},"loc":{"start":{"line":25,"column":20},"end":{"line":30,"column":5}},"line":25},"2":{"name":"(anonymous_2)","decl":{"start":{"line":28,"column":15},"end":{"line":28,"column":16}},"loc":{"start":{"line":29,"column":8},"end":{"line":29,"column":68}},"line":29},"3":{"name":"(anonymous_3)","decl":{"start":{"line":32,"column":20},"end":{"line":32,"column":21}},"loc":{"start":{"line":32,"column":26},"end":{"line":37,"column":5}},"line":32},"4":{"name":"(anonymous_4)","decl":{"start":{"line":39,"column":19},"end":{"line":39,"column":20}},"loc":{"start":{"line":39,"column":25},"end":{"line":41,"column":5}},"line":39},"5":{"name":"(anonymous_5)","decl":{"start":{"line":43,"column":34},"end":{"line":43,"column":35}},"loc":{"start":{"line":43,"column":46},"end":{"line":47,"column":5}},"line":43},"6":{"name":"(anonymous_6)","decl":{"start":{"line":49,"column":23},"end":{"line":49,"column":24}},"loc":{"start":{"line":49,"column":35},"end":{"line":59,"column":5}},"line":49},"7":{"name":"(anonymous_7)","decl":{"start":{"line":60,"column":30},"end":{"line":60,"column":31}},"loc":{"start":{"line":60,"column":42},"end":{"line":70,"column":5}},"line":60},"8":{"name":"(anonymous_8)","decl":{"start":{"line":72,"column":27},"end":{"line":72,"column":28}},"loc":{"start":{"line":72,"column":39},"end":{"line":75,"column":7}},"line":72},"9":{"name":"(anonymous_9)","decl":{"start":{"line":123,"column":65},"end":{"line":123,"column":66}},"loc":{"start":{"line":123,"column":71},"end":{"line":123,"column":79}},"line":123},"10":{"name":"(anonymous_10)","decl":{"start":{"line":128,"column":64},"end":{"line":128,"column":65}},"loc":{"start":{"line":128,"column":71},"end":{"line":128,"column":86}},"line":128},"11":{"name":"(anonymous_11)","decl":{"start":{"line":150,"column":69},"end":{"line":150,"column":70}},"loc":{"start":{"line":150,"column":75},"end":{"line":150,"column":94}},"line":150},"12":{"name":"(anonymous_12)","decl":{"start":{"line":166,"column":38},"end":{"line":166,"column":39}},"loc":{"start":{"line":166,"column":48},"end":{"line":166,"column":62}},"line":166},"13":{"name":"(anonymous_13)","decl":{"start":{"line":200,"column":33},"end":{"line":200,"column":34}},"loc":{"start":{"line":200,"column":38},"end":{"line":200,"column":61}},"line":200}},"branchMap":{"0":{"loc":{"start":{"line":62,"column":8},"end":{"line":68,"column":9}},"type":"if","locations":[{"start":{"line":62,"column":8},"end":{"line":68,"column":9}},{"start":{},"end":{}}],"line":62},"1":{"loc":{"start":{"line":79,"column":29},"end":{"line":79,"column":65}},"type":"cond-expr","locations":[{"start":{"line":79,"column":46},"end":{"line":79,"column":55}},{"start":{"line":79,"column":58},"end":{"line":79,"column":65}}],"line":79},"2":{"loc":{"start":{"line":145,"column":33},"end":{"line":145,"column":69}},"type":"cond-expr","locations":[{"start":{"line":145,"column":50},"end":{"line":145,"column":59}},{"start":{"line":145,"column":62},"end":{"line":145,"column":69}}],"line":145},"3":{"loc":{"start":{"line":152,"column":39},"end":{"line":152,"column":191}},"type":"cond-expr","locations":[{"start":{"line":152,"column":58},"end":{"line":152,"column":68}},{"start":{"line":152,"column":71},"end":{"line":152,"column":191}}],"line":152},"4":{"loc":{"start":{"line":172,"column":61},"end":{"line":172,"column":99}},"type":"cond-expr","locations":[{"start":{"line":172,"column":78},"end":{"line":172,"column":87}},{"start":{"line":172,"column":90},"end":{"line":172,"column":99}}],"line":172},"5":{"loc":{"start":{"line":182,"column":45},"end":{"line":182,"column":83}},"type":"cond-expr","locations":[{"start":{"line":182,"column":62},"end":{"line":182,"column":71}},{"start":{"line":182,"column":74},"end":{"line":182,"column":83}}],"line":182}},"s":{"0":38,"1":38,"2":38,"3":38,"4":38,"5":38,"6":38,"7":10,"8":10,"9":10,"10":10,"11":38,"12":27,"13":38,"14":1,"15":38,"16":1,"17":1,"18":1,"19":38,"20":10,"21":10,"22":10,"23":10,"24":10,"25":10,"26":10,"27":38,"28":1,"29":1,"30":1,"31":1,"32":1,"33":1,"34":1,"35":38,"36":1,"37":1,"38":38,"39":1,"40":1,"41":1,"42":1,"43":1,"44":4},"f":{"0":38,"1":10,"2":10,"3":27,"4":1,"5":1,"6":10,"7":1,"8":1,"9":1,"10":1,"11":1,"12":1,"13":1},"b":{"0":[1,0],"1":[21,17],"2":[21,17],"3":[21,17],"4":[21,17],"5":[21,17]},"_coverageSchema":"1a1c01bbd47fc00a2c39e90264f33305004495a9","hash":"662f83285b8ae3eafcbd485327b742a53d7af97f"}
,"E:\\TFG\\TFGRead\\src\\screens\\Auth\\LoginScreen.js": {"path":"E:\\TFG\\TFGRead\\src\\screens\\Auth\\LoginScreen.js","statementMap":{"0":{"start":{"line":17,"column":20},"end":{"line":134,"column":1}},"1":{"start":{"line":18,"column":28},"end":{"line":18,"column":40}},"2":{"start":{"line":19,"column":34},"end":{"line":19,"column":46}},"3":{"start":{"line":20,"column":21},"end":{"line":20,"column":36}},"4":{"start":{"line":22,"column":29},"end":{"line":24,"column":3}},"5":{"start":{"line":23,"column":4},"end":{"line":23,"column":37}},"6":{"start":{"line":25,"column":25},"end":{"line":27,"column":3}},"7":{"start":{"line":26,"column":4},"end":{"line":26,"column":35}},"8":{"start":{"line":29,"column":2},"end":{"line":33,"column":9}},"9":{"start":{"line":30,"column":4},"end":{"line":32,"column":7}},"10":{"start":{"line":34,"column":2},"end":{"line":133,"column":4}},"11":{"start":{"line":64,"column":38},"end":{"line":64,"column":52}},"12":{"start":{"line":85,"column":38},"end":{"line":85,"column":55}},"13":{"start":{"line":91,"column":98},"end":{"line":91,"column":118}},"14":{"start":{"line":115,"column":25},"end":{"line":115,"column":59}},"15":{"start":{"line":122,"column":68},"end":{"line":122,"column":84}},"16":{"start":{"line":135,"column":15},"end":{"line":233,"column":2}}},"fnMap":{"0":{"name":"(anonymous_0)","decl":{"start":{"line":17,"column":20},"end":{"line":17,"column":21}},"loc":{"start":{"line":17,"column":26},"end":{"line":134,"column":1}},"line":17},"1":{"name":"(anonymous_1)","decl":{"start":{"line":22,"column":29},"end":{"line":22,"column":30}},"loc":{"start":{"line":22,"column":35},"end":{"line":24,"column":3}},"line":22},"2":{"name":"(anonymous_2)","decl":{"start":{"line":25,"column":25},"end":{"line":25,"column":26}},"loc":{"start":{"line":25,"column":31},"end":{"line":27,"column":3}},"line":25},"3":{"name":"(anonymous_3)","decl":{"start":{"line":29,"column":18},"end":{"line":29,"column":19}},"loc":{"start":{"line":29,"column":24},"end":{"line":33,"column":3}},"line":29},"4":{"name":"(anonymous_4)","decl":{"start":{"line":64,"column":28},"end":{"line":64,"column":29}},"loc":{"start":{"line":64,"column":38},"end":{"line":64,"column":52}},"line":64},"5":{"name":"(anonymous_5)","decl":{"start":{"line":85,"column":28},"end":{"line":85,"column":29}},"loc":{"start":{"line":85,"column":38},"end":{"line":85,"column":55}},"line":85},"6":{"name":"(anonymous_6)","decl":{"start":{"line":91,"column":92},"end":{"line":91,"column":93}},"loc":{"start":{"line":91,"column":98},"end":{"line":91,"column":118}},"line":91},"7":{"name":"(anonymous_7)","decl":{"start":{"line":115,"column":19},"end":{"line":115,"column":20}},"loc":{"start":{"line":115,"column":25},"end":{"line":115,"column":59}},"line":115},"8":{"name":"(anonymous_8)","decl":{"start":{"line":122,"column":62},"end":{"line":122,"column":63}},"loc":{"start":{"line":122,"column":68},"end":{"line":122,"column":84}},"line":122}},"branchMap":{},"s":{"0":4,"1":8,"2":8,"3":8,"4":8,"5":1,"6":8,"7":1,"8":8,"9":6,"10":8,"11":1,"12":1,"13":1,"14":1,"15":1,"16":4},"f":{"0":8,"1":1,"2":1,"3":6,"4":1,"5":1,"6":1,"7":1,"8":1},"b":{},"_coverageSchema":"1a1c01bbd47fc00a2c39e90264f33305004495a9","hash":"df6eb2ddbbba4d32e349c91cb6df5f44666fbb4a"}
,"E:\\TFG\\TFGRead\\src\\screens\\Auth\\PrimeraScreen.js": {"path":"E:\\TFG\\TFGRead\\src\\screens\\Auth\\PrimeraScreen.js","statementMap":{"0":{"start":{"line":13,"column":22},"end":{"line":120,"column":1}},"1":{"start":{"line":14,"column":21},"end":{"line":14,"column":36}},"2":{"start":{"line":15,"column":2},"end":{"line":19,"column":9}},"3":{"start":{"line":16,"column":4},"end":{"line":18,"column":7}},"4":{"start":{"line":21,"column":28},"end":{"line":23,"column":3}},"5":{"start":{"line":22,"column":4},"end":{"line":22,"column":31}},"6":{"start":{"line":24,"column":25},"end":{"line":26,"column":3}},"7":{"start":{"line":25,"column":4},"end":{"line":25,"column":35}},"8":{"start":{"line":27,"column":2},"end":{"line":119,"column":4}},"9":{"start":{"line":74,"column":92},"end":{"line":74,"column":111}},"10":{"start":{"line":81,"column":65},"end":{"line":81,"column":81}},"11":{"start":{"line":121,"column":15},"end":{"line":193,"column":2}}},"fnMap":{"0":{"name":"(anonymous_0)","decl":{"start":{"line":13,"column":22},"end":{"line":13,"column":23}},"loc":{"start":{"line":13,"column":28},"end":{"line":120,"column":1}},"line":13},"1":{"name":"(anonymous_1)","decl":{"start":{"line":15,"column":18},"end":{"line":15,"column":19}},"loc":{"start":{"line":15,"column":24},"end":{"line":19,"column":3}},"line":15},"2":{"name":"(anonymous_2)","decl":{"start":{"line":21,"column":28},"end":{"line":21,"column":29}},"loc":{"start":{"line":21,"column":34},"end":{"line":23,"column":3}},"line":21},"3":{"name":"(anonymous_3)","decl":{"start":{"line":24,"column":25},"end":{"line":24,"column":26}},"loc":{"start":{"line":24,"column":31},"end":{"line":26,"column":3}},"line":24},"4":{"name":"(anonymous_4)","decl":{"start":{"line":74,"column":86},"end":{"line":74,"column":87}},"loc":{"start":{"line":74,"column":92},"end":{"line":74,"column":111}},"line":74},"5":{"name":"(anonymous_5)","decl":{"start":{"line":81,"column":59},"end":{"line":81,"column":60}},"loc":{"start":{"line":81,"column":65},"end":{"line":81,"column":81}},"line":81}},"branchMap":{},"s":{"0":4,"1":6,"2":6,"3":6,"4":6,"5":1,"6":6,"7":1,"8":6,"9":1,"10":1,"11":4},"f":{"0":6,"1":6,"2":1,"3":1,"4":1,"5":1},"b":{},"_coverageSchema":"1a1c01bbd47fc00a2c39e90264f33305004495a9","hash":"8bd515a3c84b732d9a02143cea4fd4b09bd98db7"}
,"E:\\TFG\\TFGRead\\src\\screens\\Auth\\PsswForgotScreen.js": {"path":"E:\\TFG\\TFGRead\\src\\screens\\Auth\\PsswForgotScreen.js","statementMap":{"0":{"start":{"line":17,"column":25},"end":{"line":95,"column":1}},"1":{"start":{"line":18,"column":28},"end":{"line":18,"column":40}},"2":{"start":{"line":19,"column":21},"end":{"line":19,"column":36}},"3":{"start":{"line":21,"column":23},"end":{"line":23,"column":3}},"4":{"start":{"line":22,"column":3},"end":{"line":22,"column":32}},"5":{"start":{"line":24,"column":2},"end":{"line":30,"column":7}},"6":{"start":{"line":25,"column":4},"end":{"line":25,"column":68}},"7":{"start":{"line":27,"column":4},"end":{"line":28,"column":75}},"8":{"start":{"line":28,"column":8},"end":{"line":28,"column":74}},"9":{"start":{"line":31,"column":2},"end":{"line":36,"column":9}},"10":{"start":{"line":33,"column":4},"end":{"line":35,"column":7}},"11":{"start":{"line":40,"column":2},"end":{"line":94,"column":4}},"12":{"start":{"line":44,"column":81},"end":{"line":44,"column":95}},"13":{"start":{"line":72,"column":38},"end":{"line":72,"column":52}},"14":{"start":{"line":87,"column":96},"end":{"line":87,"column":114}},"15":{"start":{"line":96,"column":15},"end":{"line":164,"column":2}}},"fnMap":{"0":{"name":"(anonymous_0)","decl":{"start":{"line":17,"column":25},"end":{"line":17,"column":26}},"loc":{"start":{"line":17,"column":31},"end":{"line":95,"column":1}},"line":17},"1":{"name":"(anonymous_1)","decl":{"start":{"line":21,"column":23},"end":{"line":21,"column":24}},"loc":{"start":{"line":21,"column":29},"end":{"line":23,"column":3}},"line":21},"2":{"name":"(anonymous_2)","decl":{"start":{"line":24,"column":12},"end":{"line":24,"column":13}},"loc":{"start":{"line":24,"column":18},"end":{"line":30,"column":1}},"line":24},"3":{"name":"(anonymous_3)","decl":{"start":{"line":27,"column":11},"end":{"line":27,"column":12}},"loc":{"start":{"line":28,"column":8},"end":{"line":28,"column":74}},"line":28},"4":{"name":"(anonymous_4)","decl":{"start":{"line":31,"column":18},"end":{"line":31,"column":19}},"loc":{"start":{"line":31,"column":24},"end":{"line":36,"column":3}},"line":31},"5":{"name":"(anonymous_5)","decl":{"start":{"line":44,"column":77},"end":{"line":44,"column":78}},"loc":{"start":{"line":44,"column":81},"end":{"line":44,"column":95}},"line":44},"6":{"name":"(anonymous_6)","decl":{"start":{"line":72,"column":28},"end":{"line":72,"column":29}},"loc":{"start":{"line":72,"column":38},"end":{"line":72,"column":52}},"line":72},"7":{"name":"(anonymous_7)","decl":{"start":{"line":87,"column":93},"end":{"line":87,"column":94}},"loc":{"start":{"line":87,"column":96},"end":{"line":87,"column":114}},"line":87}},"branchMap":{},"s":{"0":4,"1":5,"2":5,"3":5,"4":1,"5":5,"6":4,"7":4,"8":4,"9":5,"10":4,"11":5,"12":1,"13":1,"14":1,"15":4},"f":{"0":5,"1":1,"2":4,"3":4,"4":4,"5":1,"6":1,"7":1},"b":{},"_coverageSchema":"1a1c01bbd47fc00a2c39e90264f33305004495a9","hash":"6da1d72d6365d2bfcf40722fa86948dba5cffc14"}
,"E:\\TFG\\TFGRead\\src\\screens\\Auth\\RegisterScreen.js": {"path":"E:\\TFG\\TFGRead\\src\\screens\\Auth\\RegisterScreen.js","statementMap":{"0":{"start":{"line":18,"column":23},"end":{"line":158,"column":1}},"1":{"start":{"line":19,"column":28},"end":{"line":19,"column":40}},"2":{"start":{"line":20,"column":34},"end":{"line":20,"column":46}},"3":{"start":{"line":21,"column":36},"end":{"line":21,"column":48}},"4":{"start":{"line":24,"column":21},"end":{"line":24,"column":36}},"5":{"start":{"line":27,"column":2},"end":{"line":35,"column":9}},"6":{"start":{"line":30,"column":4},"end":{"line":30,"column":73}},"7":{"start":{"line":32,"column":4},"end":{"line":33,"column":78}},"8":{"start":{"line":33,"column":6},"end":{"line":33,"column":77}},"9":{"start":{"line":37,"column":28},"end":{"line":39,"column":3}},"10":{"start":{"line":38,"column":4},"end":{"line":38,"column":32}},"11":{"start":{"line":42,"column":2},"end":{"line":46,"column":9}},"12":{"start":{"line":43,"column":4},"end":{"line":45,"column":7}},"13":{"start":{"line":48,"column":29},"end":{"line":51,"column":3}},"14":{"start":{"line":49,"column":4},"end":{"line":49,"column":53}},"15":{"start":{"line":50,"column":4},"end":{"line":50,"column":128}},"16":{"start":{"line":53,"column":2},"end":{"line":157,"column":4}},"17":{"start":{"line":79,"column":38},"end":{"line":79,"column":52}},"18":{"start":{"line":100,"column":38},"end":{"line":100,"column":55}},"19":{"start":{"line":122,"column":38},"end":{"line":122,"column":56}},"20":{"start":{"line":140,"column":24},"end":{"line":140,"column":44}},"21":{"start":{"line":147,"column":66},"end":{"line":147,"column":85}},"22":{"start":{"line":159,"column":15},"end":{"line":242,"column":2}}},"fnMap":{"0":{"name":"(anonymous_0)","decl":{"start":{"line":18,"column":23},"end":{"line":18,"column":24}},"loc":{"start":{"line":18,"column":29},"end":{"line":158,"column":1}},"line":18},"1":{"name":"(anonymous_1)","decl":{"start":{"line":27,"column":12},"end":{"line":27,"column":13}},"loc":{"start":{"line":27,"column":18},"end":{"line":35,"column":3}},"line":27},"2":{"name":"(anonymous_2)","decl":{"start":{"line":32,"column":11},"end":{"line":32,"column":12}},"loc":{"start":{"line":33,"column":6},"end":{"line":33,"column":77}},"line":33},"3":{"name":"(anonymous_3)","decl":{"start":{"line":37,"column":28},"end":{"line":37,"column":29}},"loc":{"start":{"line":37,"column":34},"end":{"line":39,"column":3}},"line":37},"4":{"name":"(anonymous_4)","decl":{"start":{"line":42,"column":18},"end":{"line":42,"column":19}},"loc":{"start":{"line":42,"column":24},"end":{"line":46,"column":3}},"line":42},"5":{"name":"(anonymous_5)","decl":{"start":{"line":48,"column":29},"end":{"line":48,"column":30}},"loc":{"start":{"line":48,"column":41},"end":{"line":51,"column":3}},"line":48},"6":{"name":"(anonymous_6)","decl":{"start":{"line":79,"column":28},"end":{"line":79,"column":29}},"loc":{"start":{"line":79,"column":38},"end":{"line":79,"column":52}},"line":79},"7":{"name":"(anonymous_7)","decl":{"start":{"line":100,"column":28},"end":{"line":100,"column":29}},"loc":{"start":{"line":100,"column":38},"end":{"line":100,"column":55}},"line":100},"8":{"name":"(anonymous_8)","decl":{"start":{"line":122,"column":28},"end":{"line":122,"column":29}},"loc":{"start":{"line":122,"column":38},"end":{"line":122,"column":56}},"line":122},"9":{"name":"(anonymous_9)","decl":{"start":{"line":140,"column":19},"end":{"line":140,"column":20}},"loc":{"start":{"line":140,"column":24},"end":{"line":140,"column":44}},"line":140},"10":{"name":"(anonymous_10)","decl":{"start":{"line":147,"column":62},"end":{"line":147,"column":63}},"loc":{"start":{"line":147,"column":66},"end":{"line":147,"column":85}},"line":147}},"branchMap":{},"s":{"0":4,"1":12,"2":12,"3":12,"4":12,"5":12,"6":6,"7":6,"8":6,"9":12,"10":1,"11":12,"12":6,"13":12,"14":1,"15":1,"16":12,"17":2,"18":2,"19":2,"20":1,"21":1,"22":4},"f":{"0":12,"1":6,"2":6,"3":1,"4":6,"5":1,"6":2,"7":2,"8":2,"9":1,"10":1},"b":{},"_coverageSchema":"1a1c01bbd47fc00a2c39e90264f33305004495a9","hash":"d6a3225b77cd9d47173bab62d565b595bfb0117e"}
,"E:\\TFG\\TFGRead\\src\\screens\\AutoresScreen\\AutoresScreen.js": {"path":"E:\\TFG\\TFGRead\\src\\screens\\AutoresScreen\\AutoresScreen.js","statementMap":{"0":{"start":{"line":19,"column":30},"end":{"line":19,"column":42}},"1":{"start":{"line":20,"column":40},"end":{"line":20,"column":52}},"2":{"start":{"line":21,"column":23},"end":{"line":21,"column":38}},"3":{"start":{"line":22,"column":46},"end":{"line":22,"column":61}},"4":{"start":{"line":23,"column":72},"end":{"line":23,"column":87}},"5":{"start":{"line":24,"column":42},"end":{"line":24,"column":54}},"6":{"start":{"line":25,"column":46},"end":{"line":25,"column":58}},"7":{"start":{"line":26,"column":40},"end":{"line":26,"column":51}},"8":{"start":{"line":27,"column":32},"end":{"line":27,"column":43}},"9":{"start":{"line":28,"column":36},"end":{"line":28,"column":47}},"10":{"start":{"line":29,"column":42},"end":{"line":29,"column":62}},"11":{"start":{"line":30,"column":38},"end":{"line":30,"column":53}},"12":{"start":{"line":31,"column":37},"end":{"line":31,"column":49}},"13":{"start":{"line":33,"column":42},"end":{"line":33,"column":54}},"14":{"start":{"line":34,"column":36},"end":{"line":34,"column":51}},"15":{"start":{"line":36,"column":4},"end":{"line":42,"column":27}},"16":{"start":{"line":37,"column":8},"end":{"line":37,"column":66}},"17":{"start":{"line":38,"column":8},"end":{"line":38,"column":21}},"18":{"start":{"line":40,"column":8},"end":{"line":41,"column":73}},"19":{"start":{"line":41,"column":12},"end":{"line":41,"column":72}},"20":{"start":{"line":44,"column":4},"end":{"line":49,"column":7}},"21":{"start":{"line":45,"column":8},"end":{"line":47,"column":11}},"22":{"start":{"line":51,"column":19},"end":{"line":54,"column":5}},"23":{"start":{"line":53,"column":8},"end":{"line":53,"column":36}},"24":{"start":{"line":56,"column":23},"end":{"line":76,"column":5}},"25":{"start":{"line":58,"column":8},"end":{"line":58,"column":29}},"26":{"start":{"line":59,"column":16},"end":{"line":59,"column":35}},"27":{"start":{"line":60,"column":8},"end":{"line":60,"column":20}},"28":{"start":{"line":61,"column":8},"end":{"line":61,"column":62}},"29":{"start":{"line":62,"column":8},"end":{"line":62,"column":62}},"30":{"start":{"line":63,"column":8},"end":{"line":63,"column":57}},"31":{"start":{"line":64,"column":8},"end":{"line":64,"column":66}},"32":{"start":{"line":65,"column":8},"end":{"line":65,"column":69}},"33":{"start":{"line":66,"column":8},"end":{"line":66,"column":62}},"34":{"start":{"line":67,"column":24},"end":{"line":67,"column":65}},"35":{"start":{"line":68,"column":8},"end":{"line":68,"column":31}},"36":{"start":{"line":69,"column":8},"end":{"line":69,"column":60}},"37":{"start":{"line":70,"column":8},"end":{"line":70,"column":31}},"38":{"start":{"line":71,"column":16},"end":{"line":71,"column":58}},"39":{"start":{"line":72,"column":8},"end":{"line":72,"column":28}},"40":{"start":{"line":77,"column":23},"end":{"line":81,"column":5}},"41":{"start":{"line":78,"column":8},"end":{"line":80,"column":11}},"42":{"start":{"line":84,"column":21},"end":{"line":89,"column":5}},"43":{"start":{"line":85,"column":8},"end":{"line":85,"column":26}},"44":{"start":{"line":86,"column":8},"end":{"line":86,"column":43}},"45":{"start":{"line":87,"column":8},"end":{"line":87,"column":55}},"46":{"start":{"line":88,"column":8},"end":{"line":88,"column":44}},"47":{"start":{"line":91,"column":19},"end":{"line":96,"column":5}},"48":{"start":{"line":92,"column":8},"end":{"line":92,"column":29}},"49":{"start":{"line":93,"column":8},"end":{"line":93,"column":47}},"50":{"start":{"line":94,"column":8},"end":{"line":94,"column":60}},"51":{"start":{"line":97,"column":26},"end":{"line":103,"column":5}},"52":{"start":{"line":98,"column":8},"end":{"line":98,"column":27}},"53":{"start":{"line":99,"column":8},"end":{"line":101,"column":11}},"54":{"start":{"line":104,"column":24},"end":{"line":109,"column":5}},"55":{"start":{"line":105,"column":8},"end":{"line":105,"column":30}},"56":{"start":{"line":106,"column":8},"end":{"line":106,"column":52}},"57":{"start":{"line":107,"column":8},"end":{"line":107,"column":60}},"58":{"start":{"line":112,"column":26},"end":{"line":154,"column":5}},"59":{"start":{"line":113,"column":8},"end":{"line":113,"column":26}},"60":{"start":{"line":115,"column":21},"end":{"line":115,"column":58}},"61":{"start":{"line":118,"column":8},"end":{"line":152,"column":9}},"62":{"start":{"line":120,"column":12},"end":{"line":142,"column":13}},"63":{"start":{"line":121,"column":16},"end":{"line":121,"column":57}},"64":{"start":{"line":122,"column":16},"end":{"line":122,"column":64}},"65":{"start":{"line":123,"column":16},"end":{"line":127,"column":19}},"66":{"start":{"line":131,"column":16},"end":{"line":131,"column":58}},"67":{"start":{"line":134,"column":16},"end":{"line":134,"column":74}},"68":{"start":{"line":135,"column":16},"end":{"line":135,"column":64}},"69":{"start":{"line":137,"column":16},"end":{"line":141,"column":19}},"70":{"start":{"line":146,"column":12},"end":{"line":146,"column":60}},"71":{"start":{"line":147,"column":12},"end":{"line":151,"column":15}},"72":{"start":{"line":156,"column":8},"end":{"line":208,"column":10}},"73":{"start":{"line":182,"column":35},"end":{"line":182,"column":51}},"74":{"start":{"line":210,"column":4},"end":{"line":454,"column":5}},"75":{"start":{"line":246,"column":73},"end":{"line":246,"column":81}},"76":{"start":{"line":269,"column":49},"end":{"line":269,"column":67}},"77":{"start":{"line":270,"column":52},"end":{"line":270,"column":69}},"78":{"start":{"line":287,"column":113},"end":{"line":287,"column":123}},"79":{"start":{"line":289,"column":114},"end":{"line":289,"column":129}},"80":{"start":{"line":292,"column":71},"end":{"line":292,"column":86}},"81":{"start":{"line":332,"column":47},"end":{"line":332,"column":55}},"82":{"start":{"line":360,"column":47},"end":{"line":360,"column":60}},"83":{"start":{"line":438,"column":61},"end":{"line":438,"column":88}},"84":{"start":{"line":456,"column":15},"end":{"line":548,"column":2}}},"fnMap":{"0":{"name":"AutoresScreen","decl":{"start":{"line":17,"column":9},"end":{"line":17,"column":22}},"loc":{"start":{"line":17,"column":34},"end":{"line":455,"column":1}},"line":17},"1":{"name":"(anonymous_1)","decl":{"start":{"line":36,"column":14},"end":{"line":36,"column":15}},"loc":{"start":{"line":36,"column":20},"end":{"line":42,"column":5}},"line":36},"2":{"name":"(anonymous_2)","decl":{"start":{"line":40,"column":15},"end":{"line":40,"column":16}},"loc":{"start":{"line":41,"column":12},"end":{"line":41,"column":72}},"line":41},"3":{"name":"(anonymous_3)","decl":{"start":{"line":44,"column":20},"end":{"line":44,"column":21}},"loc":{"start":{"line":44,"column":26},"end":{"line":49,"column":5}},"line":44},"4":{"name":"(anonymous_4)","decl":{"start":{"line":51,"column":19},"end":{"line":51,"column":20}},"loc":{"start":{"line":51,"column":25},"end":{"line":54,"column":5}},"line":51},"5":{"name":"(anonymous_5)","decl":{"start":{"line":56,"column":23},"end":{"line":56,"column":24}},"loc":{"start":{"line":56,"column":35},"end":{"line":76,"column":5}},"line":56},"6":{"name":"(anonymous_6)","decl":{"start":{"line":77,"column":23},"end":{"line":77,"column":24}},"loc":{"start":{"line":77,"column":33},"end":{"line":81,"column":5}},"line":77},"7":{"name":"(anonymous_7)","decl":{"start":{"line":84,"column":21},"end":{"line":84,"column":22}},"loc":{"start":{"line":84,"column":33},"end":{"line":89,"column":5}},"line":84},"8":{"name":"(anonymous_8)","decl":{"start":{"line":91,"column":19},"end":{"line":91,"column":20}},"loc":{"start":{"line":91,"column":31},"end":{"line":96,"column":5}},"line":91},"9":{"name":"(anonymous_9)","decl":{"start":{"line":97,"column":26},"end":{"line":97,"column":27}},"loc":{"start":{"line":97,"column":38},"end":{"line":103,"column":5}},"line":97},"10":{"name":"(anonymous_10)","decl":{"start":{"line":104,"column":24},"end":{"line":104,"column":25}},"loc":{"start":{"line":104,"column":36},"end":{"line":109,"column":5}},"line":104},"11":{"name":"(anonymous_11)","decl":{"start":{"line":112,"column":26},"end":{"line":112,"column":27}},"loc":{"start":{"line":112,"column":38},"end":{"line":154,"column":5}},"line":112},"12":{"name":"renderNewBooks","decl":{"start":{"line":155,"column":13},"end":{"line":155,"column":27}},"loc":{"start":{"line":155,"column":41},"end":{"line":209,"column":5}},"line":155},"13":{"name":"(anonymous_13)","decl":{"start":{"line":182,"column":29},"end":{"line":182,"column":30}},"loc":{"start":{"line":182,"column":35},"end":{"line":182,"column":51}},"line":182},"14":{"name":"(anonymous_14)","decl":{"start":{"line":246,"column":65},"end":{"line":246,"column":66}},"loc":{"start":{"line":246,"column":71},"end":{"line":246,"column":83}},"line":246},"15":{"name":"(anonymous_15)","decl":{"start":{"line":269,"column":43},"end":{"line":269,"column":44}},"loc":{"start":{"line":269,"column":49},"end":{"line":269,"column":67}},"line":269},"16":{"name":"(anonymous_16)","decl":{"start":{"line":270,"column":46},"end":{"line":270,"column":47}},"loc":{"start":{"line":270,"column":52},"end":{"line":270,"column":69}},"line":270},"17":{"name":"(anonymous_17)","decl":{"start":{"line":287,"column":107},"end":{"line":287,"column":108}},"loc":{"start":{"line":287,"column":113},"end":{"line":287,"column":123}},"line":287},"18":{"name":"(anonymous_18)","decl":{"start":{"line":289,"column":108},"end":{"line":289,"column":109}},"loc":{"start":{"line":289,"column":114},"end":{"line":289,"column":129}},"line":289},"19":{"name":"(anonymous_19)","decl":{"start":{"line":292,"column":65},"end":{"line":292,"column":66}},"loc":{"start":{"line":292,"column":71},"end":{"line":292,"column":86}},"line":292},"20":{"name":"(anonymous_20)","decl":{"start":{"line":332,"column":41},"end":{"line":332,"column":42}},"loc":{"start":{"line":332,"column":47},"end":{"line":332,"column":55}},"line":332},"21":{"name":"(anonymous_21)","decl":{"start":{"line":360,"column":41},"end":{"line":360,"column":42}},"loc":{"start":{"line":360,"column":47},"end":{"line":360,"column":60}},"line":360},"22":{"name":"(anonymous_22)","decl":{"start":{"line":438,"column":40},"end":{"line":438,"column":41}},"loc":{"start":{"line":438,"column":61},"end":{"line":438,"column":88}},"line":438}},"branchMap":{"0":{"loc":{"start":{"line":118,"column":8},"end":{"line":152,"column":9}},"type":"if","locations":[{"start":{"line":118,"column":8},"end":{"line":152,"column":9}},{"start":{"line":145,"column":13},"end":{"line":152,"column":9}}],"line":118},"1":{"loc":{"start":{"line":120,"column":12},"end":{"line":142,"column":13}},"type":"if","locations":[{"start":{"line":120,"column":12},"end":{"line":142,"column":13}},{"start":{"line":129,"column":17},"end":{"line":142,"column":13}}],"line":120},"2":{"loc":{"start":{"line":213,"column":29},"end":{"line":213,"column":65}},"type":"cond-expr","locations":[{"start":{"line":213,"column":46},"end":{"line":213,"column":55}},{"start":{"line":213,"column":58},"end":{"line":213,"column":65}}],"line":213},"3":{"loc":{"start":{"line":263,"column":33},"end":{"line":263,"column":69}},"type":"cond-expr","locations":[{"start":{"line":263,"column":50},"end":{"line":263,"column":59}},{"start":{"line":263,"column":62},"e
[...]
:{"line":580,"column":33}},"loc":{"start":{"line":580,"column":49},"end":{"line":582,"column":19}},"line":580},"27":{"name":"(anonymous_27)","decl":{"start":{"line":583,"column":30},"end":{"line":583,"column":31}},"loc":{"start":{"line":583,"column":51},"end":{"line":583,"column":79}},"line":583},"28":{"name":"(anonymous_28)","decl":{"start":{"line":591,"column":30},"end":{"line":591,"column":31}},"loc":{"start":{"line":591,"column":40},"end":{"line":591,"column":72}},"line":591},"29":{"name":"(anonymous_29)","decl":{"start":{"line":621,"column":25},"end":{"line":621,"column":26}},"loc":{"start":{"line":621,"column":31},"end":{"line":621,"column":61}},"line":621},"30":{"name":"(anonymous_30)","decl":{"start":{"line":650,"column":23},"end":{"line":650,"column":24}},"loc":{"start":{"line":650,"column":28},"end":{"line":650,"column":40}},"line":650}},"branchMap":{"0":{"loc":{"start":{"line":59,"column":4},"end":{"line":64,"column":5}},"type":"if","locations":[{"start":{"line":59,"column":4},"end":{"line":64,"column":5}},{"start":{"line":62,"column":9},"end":{"line":64,"column":5}}],"line":59},"1":{"loc":{"start":{"line":68,"column":4},"end":{"line":70,"column":5}},"type":"if","locations":[{"start":{"line":68,"column":4},"end":{"line":70,"column":5}},{"start":{},"end":{}}],"line":68},"2":{"loc":{"start":{"line":74,"column":4},"end":{"line":76,"column":5}},"type":"if","locations":[{"start":{"line":74,"column":4},"end":{"line":76,"column":5}},{"start":{},"end":{}}],"line":74},"3":{"loc":{"start":{"line":80,"column":4},"end":{"line":86,"column":5}},"type":"if","locations":[{"start":{"line":80,"column":4},"end":{"line":86,"column":5}},{"start":{},"end":{}}],"line":80},"4":{"loc":{"start":{"line":80,"column":8},"end":{"line":80,"column":53}},"type":"binary-expr","locations":[{"start":{"line":80,"column":8},"end":{"line":80,"column":25}},{"start":{"line":80,"column":29},"end":{"line":80,"column":53}}],"line":80},"5":{"loc":{"start":{"line":93,"column":6},"end":{"line":95,"column":7}},"type":"if","locations":[{"start":{"line":93,"column":6},"end":{"line":95,"column":7}},{"start":{},"end":{}}],"line":93},"6":{"loc":{"start":{"line":101,"column":4},"end":{"line":104,"column":5}},"type":"if","locations":[{"start":{"line":101,"column":4},"end":{"line":104,"column":5}},{"start":{},"end":{}}],"line":101},"7":{"loc":{"start":{"line":101,"column":8},"end":{"line":101,"column":65}},"type":"binary-expr","locations":[{"start":{"line":101,"column":8},"end":{"line":101,"column":31}},{"start":{"line":101,"column":35},"end":{"line":101,"column":65}}],"line":101},"8":{"loc":{"start":{"line":108,"column":4},"end":{"line":113,"column":5}},"type":"if","locations":[{"start":{"line":108,"column":4},"end":{"line":113,"column":5}},{"start":{"line":111,"column":11},"end":{"line":113,"column":5}}],"line":108},"9":{"loc":{"start":{"line":108,"column":8},"end":{"line":108,"column":75}},"type":"binary-expr","locations":[{"start":{"line":108,"column":8},"end":{"line":108,"column":36}},{"start":{"line":108,"column":40},"end":{"line":108,"column":75}}],"line":108},"10":{"loc":{"start":{"line":119,"column":4},"end":{"line":124,"column":5}},"type":"if","locations":[{"start":{"line":119,"column":4},"end":{"line":124,"column":5}},{"start":{"line":122,"column":11},"end":{"line":124,"column":5}}],"line":119},"11":{"loc":{"start":{"line":133,"column":8},"end":{"line":138,"column":9}},"type":"if","locations":[{"start":{"line":133,"column":8},"end":{"line":138,"column":9}},{"start":{},"end":{}}],"line":133},"12":{"loc":{"start":{"line":148,"column":4},"end":{"line":158,"column":5}},"type":"if","locations":[{"start":{"line":148,"column":4},"end":{"line":158,"column":5}},{"start":{},"end":{}}],"line":148},"13":{"loc":{"start":{"line":148,"column":8},"end":{"line":148,"column":99}},"type":"binary-expr","locations":[{"start":{"line":148,"column":8},"end":{"line":148,"column":33}},{"start":{"line":148,"column":37},"end":{"line":148,"column":67}},{"start":{"line":148,"column":71},"end":{"line":148,"column":99}}],"line":148},"14":{"loc":{"start":{"line":190,"column":27},"end":{"line":190,"column":143}},"type":"cond-expr","locations":[{"start":{"line":190,"column":124},"end":{"line":190,"column":133}},{"start":{"line":190,"column":136},"end":{"line":190,"column":143}}],"line":190},"15":{"loc":{"start":{"line":190,"column":27},"end":{"line":190,"column":121}},"type":"binary-expr","locations":[{"start":{"line":190,"column":27},"end":{"line":190,"column":41}},{"start":{"line":190,"column":45},"end":{"line":190,"column":70}},{"start":{"line":190,"column":74},"end":{"line":190,"column":94}},{"start":{"line":190,"column":98},"end":{"line":190,"column":121}}],"line":190},"16":{"loc":{"start":{"line":220,"column":23},"end":{"line":220,"column":139}},"type":"cond-expr","locations":[{"start":{"line":220,"column":120},"end":{"line":220,"column":129}},{"start":{"line":220,"column":132},"end":{"line":220,"column":139}}],"line":220},"17":{"loc":{"start":{"line":220,"column":23},"end":{"line":220,"column":117}},"type":"binary-expr","locations":[{"start":{"line":220,"column":23},"end":{"line":220,"column":37}},{"start":{"line":220,"column":41},"end":{"line":220,"column":66}},{"start":{"line":220,"column":70},"end":{"line":220,"column":90}},{"start":{"line":220,"column":94},"end":{"line":220,"column":117}}],"line":220},"18":{"loc":{"start":{"line":234,"column":7},"end":{"line":275,"column":16}},"type":"binary-expr","locations":[{"start":{"line":234,"column":7},"end":{"line":234,"column":27}},{"start":{"line":236,"column":8},"end":{"line":275,"column":16}}],"line":234},"19":{"loc":{"start":{"line":256,"column":33},"end":{"line":256,"column":71}},"type":"cond-expr","locations":[{"start":{"line":256,"column":50},"end":{"line":256,"column":59}},{"start":{"line":256,"column":62},"end":{"line":256,"column":71}}],"line":256},"20":{"loc":{"start":{"line":300,"column":31},"end":{"line":300,"column":69}},"type":"cond-expr","locations":[{"start":{"line":300,"column":48},"end":{"line":300,"column":57}},{"start":{"line":300,"column":60},"end":{"line":300,"column":69}}],"line":300},"21":{"loc":{"start":{"line":320,"column":7},"end":{"line":364,"column":16}},"type":"binary-expr","locations":[{"start":{"line":320,"column":7},"end":{"line":320,"column":27}},{"start":{"line":322,"column":8},"end":{"line":364,"column":16}}],"line":320},"22":{"loc":{"start":{"line":345,"column":33},"end":{"line":345,"column":71}},"type":"cond-expr","locations":[{"start":{"line":345,"column":50},"end":{"line":345,"column":59}},{"start":{"line":345,"column":62},"end":{"line":345,"column":71}}],"line":345},"23":{"loc":{"start":{"line":388,"column":31},"end":{"line":388,"column":69}},"type":"cond-expr","locations":[{"start":{"line":388,"column":48},"end":{"line":388,"column":57}},{"start":{"line":388,"column":60},"end":{"line":388,"column":69}}],"line":388},"24":{"loc":{"start":{"line":503,"column":51},"end":{"line":503,"column":169}},"type":"cond-expr","locations":[{"start":{"line":503,"column":148},"end":{"line":503,"column":157}},{"start":{"line":503,"column":160},"end":{"line":503,"column":169}}],"line":503},"25":{"loc":{"start":{"line":503,"column":51},"end":{"line":503,"column":145}},"type":"binary-expr","locations":[{"start":{"line":503,"column":51},"end":{"line":503,"column":65}},{"start":{"line":503,"column":69},"end":{"line":503,"column":94}},{"start":{"line":503,"column":98},"end":{"line":503,"column":118}},{"start":{"line":503,"column":122},"end":{"line":503,"column":145}}],"line":503},"26":{"loc":{"start":{"line":523,"column":51},"end":{"line":523,"column":169}},"type":"cond-expr","locations":[{"start":{"line":523,"column":148},"end":{"line":523,"column":157}},{"start":{"line":523,"column":160},"end":{"line":523,"column":169}}],"line":523},"27":{"loc":{"start":{"line":523,"column":51},"end":{"line":523,"column":145}},"type":"binary-expr","locations":[{"start":{"line":523,"column":51},"end":{"line":523,"column":65}},{"start":{"line":523,"column":69},"end":{"line":523,"column":94}},{"start":{"line":523,"column":98},"end":{"line":523,"column":118}},{"start":{"line":523,"column":122},"end":{"line":523,"column":145}}],"line":523},"28":{"loc":{"start":{"line":545,"column":48},"end":{"line":545,"column":166}},"type":"cond-expr","locations":[{"start":{"line":545,"column":145},"end":{"line":545,"column":154}},{"start":{"line":545,"column":157},"end":{"line":545,"column":166}}],"line":545},"29":{"loc":{"start":{"line":545,"column":48},"end":{"line":545,"column":142}},"type":"binary-expr","locations":[{"start":{"line":545,"column":48},"end":{"line":545,"column":62}},{"start":{"line":545,"column":66},"end":{"line":545,"column":91}},{"start":{"line":545,"column":95},"end":{"line":545,"column":115}},{"start":{"line":545,"column":119},"end":{"line":545,"column":142}}],"line":545},"30":{"loc":{"start":{"line":598,"column":53},"end":{"line":598,"column":171}},"type":"cond-expr","locations":[{"start":{"line":598,"column":150},"end":{"line":598,"column":159}},{"start":{"line":598,"column":162},"end":{"line":598,"column":171}}],"line":598},"31":{"loc":{"start":{"line":598,"column":53},"end":{"line":598,"column":147}},"type":"binary-expr","locations":[{"start":{"line":598,"column":53},"end":{"line":598,"column":67}},{"start":{"line":598,"column":71},"end":{"line":598,"column":96}},{"start":{"line":598,"column":100},"end":{"line":598,"column":120}},{"start":{"line":598,"column":124},"end":{"line":598,"column":147}}],"line":598},"32":{"loc":{"start":{"line":611,"column":35},"end":{"line":611,"column":154}},"type":"cond-expr","locations":[{"start":{"line":611,"column":133},"end":{"line":611,"column":142}},{"start":{"line":611,"column":145},"end":{"line":611,"column":154}}],"line":611},"33":{"loc":{"start":{"line":611,"column":35},"end":{"line":611,"column":129}},"type":"binary-expr","locations":[{"start":{"line":611,"column":35},"end":{"line":611,"column":49}},{"start":{"line":611,"column":53},"end":{"line":611,"column":78}},{"start":{"line":611,"column":82},"end":{"line":611,"column":102}},{"start":{"line":611,"column":106},"end":{"line":611,"column":129}}],"line":611},"34":{"loc":{"start":{"line":639,"column":33},"end":{"line":639,"column":152}},"type":"cond-expr","locations":[{"start":{"line":639,"column":131},"end":{"line":639,"column":140}},{"start":{"line":639,"column":143},"end":{"line":639,"column":152}}],"line":639},"35":{"loc":{"start":{"line":639,"column":33},"end":{"line":639,"column":127}},"type":"binary-expr","locations":[{"start":{"line":639,"column":33},"end":{"line":639,"column":47}},{"start":{"line":639,"column":51},"end":{"line":639,"column":76}},{"start":{"line":639,"column":80},"end":{"line":639,"column":100}},{"start":{"line":639,"column":104},"end":{"line":639,"column":127}}],"line":639}},"s":{"0":68,"1":67,"2":67,"3":67,"4":67,"5":67,"6":67,"7":67,"8":67,"9":67,"10":67,"11":67,"12":67,"13":67,"14":67,"15":67,"16":26,"17":26,"18":26,"19":26,"20":26,"21":26,"22":67,"23":1,"24":67,"25":2,"26":2,"27":1,"28":1,"29":67,"30":3,"31":3,"32":67,"33":2,"34":2,"35":67,"36":2,"37":1,"38":1,"39":1,"40":1,"41":67,"42":1,"43":1,"44":1,"45":1,"46":1,"47":1,"48":67,"49":6,"50":2,"51":2,"52":4,"53":67,"54":4,"55":1,"56":1,"57":3,"58":67,"59":3,"60":1,"61":1,"62":2,"63":67,"64":2,"65":2,"66":3,"67":5,"68":0,"69":2,"70":67,"71":6,"72":6,"73":2,"74":2,"75":2,"76":2,"77":2,"78":6,"79":67,"80":26,"81":26,"82":67,"83":13,"84":35,"85":1,"86":67,"87":0,"88":0,"89":0,"90":0,"91":1,"92":2,"93":5,"94":3,"95":35,"96":35,"97":2,"98":2,"99":6,"100":4},"f":{"0":68,"1":26,"2":26,"3":1,"4":2,"5":3,"6":2,"7":2,"8":1,"9":6,"10":4,"11":3,"12":2,"13":6,"14":26,"15":13,"16":35,"17":1,"18":0,"19":0,"20":0,"21":0,"22":1,"23":2,"24":5,"25":3,"26":35,"27":35,"28":2,"29":2,"30":6},"b":{"0":[1,1],"1":[3,0],"2":[2,0],"3":[1,1],"4":[2,2],"5":[1,0],"6":[2,4],"7":[6,5],"8":[1,3],"9":[4,1],"10":[1,2],"11":[0,5],"12":[2,4],"13":[6,4,3],"14":[12,23],"15":[35,29,27,23],"16":[16,51],"17":[67,63,60,54],"18":[67,6],"19":[0,6],"20":[4,63],"21":[67,0],"22":[0,0],"23":[4,63],"24":[16,51],"25":[67,63,60,54],"26":[16,51],"27":[67,63,60,54],"28":[16,51],"29":[67,63,60,54],"30":[16,51],"31":[67,63,60,54],"32":[16,51],"33":[67,63,60,54],"34":[16,51],"35":[67,63,60,54]},"_coverageSchema":"1a1c01bbd47fc00a2c39e90264f33305004495a9","hash":"11d8600617f002cc8ea507ff5442a32f875f6198"}
,"E:\\TFG\\TFGRead\\src\\screens\\WriteNewBook\\WriteScreen.js": {"path":"E:\\TFG\\TFGRead\\src\\screens\\WriteNewBook\\WriteScreen.js","statementMap":{"0":{"start":{"line":21,"column":21},"end":{"line":21,"column":36}},"1":{"start":{"line":23,"column":28},"end":{"line":23,"column":46}},"2":{"start":{"line":24,"column":38},"end":{"line":24,"column":50}},"3":{"start":{"line":25,"column":28},"end":{"line":25,"column":40}},"4":{"start":{"line":26,"column":44},"end":{"line":26,"column":59}},"5":{"start":{"line":27,"column":38},"end":{"line":27,"column":50}},"6":{"start":{"line":30,"column":2},"end":{"line":33,"column":15}},"7":{"start":{"line":31,"column":3},"end":{"line":31,"column":16}},"8":{"start":{"line":35,"column":2},"end":{"line":40,"column":9}},"9":{"start":{"line":36,"column":4},"end":{"line":38,"column":7}},"10":{"start":{"line":42,"column":24},"end":{"line":46,"column":3}},"11":{"start":{"line":43,"column":4},"end":{"line":45,"column":7}},"12":{"start":{"line":48,"column":21},"end":{"line":64,"column":3}},"13":{"start":{"line":49,"column":4},"end":{"line":49,"column":21}},"14":{"start":{"line":50,"column":4},"end":{"line":50,"column":25}},"15":{"start":{"line":51,"column":12},"end":{"line":51,"column":31}},"16":{"start":{"line":52,"column":4},"end":{"line":52,"column":16}},"17":{"start":{"line":54,"column":4},"end":{"line":54,"column":42}},"18":{"start":{"line":55,"column":17},"end":{"line":55,"column":54}},"19":{"start":{"line":56,"column":4},"end":{"line":61,"column":5}},"20":{"start":{"line":57,"column":6},"end":{"line":57,"column":50}},"21":{"start":{"line":58,"column":6},"end":{"line":58,"column":22}},"22":{"start":{"line":60,"column":6},"end":{"line":60,"column":23}},"23":{"start":{"line":63,"column":4},"end":{"line":63,"column":26}},"24":{"start":{"line":66,"column":20},"end":{"line":79,"column":3}},"25":{"start":{"line":67,"column":4},"end":{"line":67,"column":25}},"26":{"start":{"line":69,"column":17},"end":{"line":69,"column":58}},"27":{"start":{"line":71,"column":4},"end":{"line":76,"column":5}},"28":{"start":{"line":72,"column":6},"end":{"line":72,"column":38}},"29":{"start":{"line":73,"column":6},"end":{"line":73,"column":50}},"30":{"start":{"line":75,"column":6},"end":{"line":75,"column":48}},"31":{"start":{"line":77,"column":4},"end":{"line":77,"column":26}},"32":{"start":{"line":82,"column":29},"end":{"line":84,"column":3}},"33":{"start":{"line":83,"column":4},"end":{"line":83,"column":39}},"34":{"start":{"line":86,"column":25},"end":{"line":90,"column":3}},"35":{"start":{"line":87,"column":4},"end":{"line":89,"column":7}},"36":{"start":{"line":94,"column":15},"end":{"line":154,"column":3}},"37":{"start":{"line":95,"column":4},"end":{"line":153,"column":6}},"38":{"start":{"line":145,"column":14},"end":{"line":145,"column":39}},"39":{"start":{"line":156,"column":2},"end":{"line":268,"column":3}},"40":{"start":{"line":199,"column":64},"end":{"line":199,"column":79}},"41":{"start":{"line":207,"column":107},"end":{"line":207,"column":127}},"42":{"start":{"line":247,"column":47},"end":{"line":247,"column":52}},"43":{"start":{"line":250,"column":18},"end":{"line":250,"column":51}},"44":{"start":{"line":252,"column":36},"end":{"line":252,"column":47}},"45":{"start":{"line":270,"column":15},"end":{"line":358,"column":2}}},"fnMap":{"0":{"name":"WriteScreen","decl":{"start":{"line":20,"column":9},"end":{"line":20,"column":20}},"loc":{"start":{"line":20,"column":23},"end":{"line":269,"column":1}},"line":20},"1":{"name":"(anonymous_1)","decl":{"start":{"line":30,"column":12},"end":{"line":30,"column":13}},"loc":{"start":{"line":30,"column":18},"end":{"line":33,"column":3}},"line":30},"2":{"name":"(anonymous_2)","decl":{"start":{"line":35,"column":18},"end":{"line":35,"column":19}},"loc":{"start":{"line":35,"column":24},"end":{"line":40,"column":3}},"line":35},"3":{"name":"(anonymous_3)","decl":{"start":{"line":42,"column":24},"end":{"line":42,"column":25}},"loc":{"start":{"line":42,"column":30},"end":{"line":46,"column":3}},"line":42},"4":{"name":"(anonymous_4)","decl":{"start":{"line":48,"column":21},"end":{"line":48,"column":22}},"loc":{"start":{"line":48,"column":33},"end":{"line":64,"column":3}},"line":48},"5":{"name":"(anonymous_5)","decl":{"start":{"line":66,"column":20},"end":{"line":66,"column":21}},"loc":{"start":{"line":66,"column":32},"end":{"line":79,"column":3}},"line":66},"6":{"name":"(anonymous_6)","decl":{"start":{"line":82,"column":29},"end":{"line":82,"column":30}},"loc":{"start":{"line":82,"column":35},"end":{"line":84,"column":3}},"line":82},"7":{"name":"(anonymous_7)","decl":{"start":{"line":86,"column":25},"end":{"line":86,"column":26}},"loc":{"start":{"line":86,"column":37},"end":{"line":90,"column":3}},"line":86},"8":{"name":"(anonymous_8)","decl":{"start":{"line":94,"column":15},"end":{"line":94,"column":16}},"loc":{"start":{"line":94,"column":30},"end":{"line":154,"column":3}},"line":94},"9":{"name":"(anonymous_9)","decl":{"start":{"line":144,"column":21},"end":{"line":144,"column":22}},"loc":{"start":{"line":144,"column":27},"end":{"line":146,"column":13}},"line":144},"10":{"name":"(anonymous_10)","decl":{"start":{"line":199,"column":58},"end":{"line":199,"column":59}},"loc":{"start":{"line":199,"column":64},"end":{"line":199,"column":79}},"line":199},"11":{"name":"(anonymous_11)","decl":{"start":{"line":207,"column":101},"end":{"line":207,"column":102}},"loc":{"start":{"line":207,"column":107},"end":{"line":207,"column":127}},"line":207},"12":{"name":"(anonymous_12)","decl":{"start":{"line":247,"column":30},"end":{"line":247,"column":31}},"loc":{"start":{"line":247,"column":47},"end":{"line":247,"column":52}},"line":247},"13":{"name":"(anonymous_13)","decl":{"start":{"line":249,"column":28},"end":{"line":249,"column":29}},"loc":{"start":{"line":250,"column":18},"end":{"line":250,"column":51}},"line":250},"14":{"name":"(anonymous_14)","decl":{"start":{"line":252,"column":30},"end":{"line":252,"column":31}},"loc":{"start":{"line":252,"column":36},"end":{"line":252,"column":47}},"line":252}},"branchMap":{"0":{"loc":{"start":{"line":56,"column":4},"end":{"line":61,"column":5}},"type":"if","locations":[{"start":{"line":56,"column":4},"end":{"line":61,"column":5}},{"start":{"line":59,"column":11},"end":{"line":61,"column":5}}],"line":56},"1":{"loc":{"start":{"line":71,"column":4},"end":{"line":76,"column":5}},"type":"if","locations":[{"start":{"line":71,"column":4},"end":{"line":76,"column":5}},{"start":{"line":74,"column":11},"end":{"line":76,"column":5}}],"line":71},"2":{"loc":{"start":{"line":201,"column":27},"end":{"line":201,"column":179}},"type":"cond-expr","locations":[{"start":{"line":201,"column":46},"end":{"line":201,"column":56}},{"start":{"line":201,"column":59},"end":{"line":201,"column":179}}],"line":201},"3":{"loc":{"start":{"line":242,"column":10},"end":{"line":263,"column":21}},"type":"cond-expr","locations":[{"start":{"line":244,"column":14},"end":{"line":254,"column":16}},{"start":{"line":256,"column":16},"end":{"line":263,"column":21}}],"line":242}},"s":{"0":40,"1":40,"2":39,"3":39,"4":39,"5":39,"6":39,"7":11,"8":39,"9":6,"10":39,"11":1,"12":39,"13":11,"14":11,"15":11,"16":10,"17":10,"18":10,"19":10,"20":6,"21":6,"22":4,"23":4,"24":39,"25":2,"26":2,"27":2,"28":1,"29":0,"30":1,"31":1,"32":39,"33":1,"34":39,"35":1,"36":39,"37":20,"38":1,"39":39,"40":1,"41":1,"42":20,"43":20,"44":2,"45":4},"f":{"0":40,"1":11,"2":6,"3":1,"4":11,"5":2,"6":1,"7":1,"8":20,"9":1,"10":1,"11":1,"12":20,"13":20,"14":2},"b":{"0":[6,4],"1":[1,1],"2":[18,21],"3":[30,9]},"_coverageSchema":"1a1c01bbd47fc00a2c39e90264f33305004495a9","hash":"dda58e14ce2a1f9c8ed50c9033e880b798870407"}
}
