{"E:\\TFG\\TFGRead\\App.js": {"path":"E:\\TFG\\TFGRead\\App.js","statementMap":{"0":{"start":{"line":5,"column":2},"end":{"line":9,"column":4}}},"fnMap":{"0":{"name":"App","decl":{"start":{"line":3,"column":24},"end":{"line":3,"column":27}},"loc":{"start":{"line":3,"column":30},"end":{"line":10,"column":1}},"line":3}},"branchMap":{},"s":{"0":1},"f":{"0":1},"b":{},"_coverageSchema":"1a1c01bbd47fc00a2c39e90264f33305004495a9","hash":"a67af9f33698ba320c6fcde1871674b534455cbd"}
,"E:\\TFG\\TFGRead\\app.config.js": {"path":"E:\\TFG\\TFGRead\\app.config.js","statementMap":{},"fnMap":{},"branchMap":{},"s":{},"f":{},"b":{}}
,"E:\\TFG\\TFGRead\\index.js": {"path":"E:\\TFG\\TFGRead\\index.js","statementMap":{},"fnMap":{},"branchMap":{},"s":{},"f":{},"b":{}}
,"E:\\TFG\\TFGRead\\metro.config.js": {"path":"E:\\TFG\\TFGRead\\metro.config.js","statementMap":{},"fnMap":{},"branchMap":{},"s":{},"f":{},"b":{}}
,"E:\\TFG\\TFGRead\\scr\\components\\BottomTab.js": {"path":"E:\\TFG\\TFGRead\\scr\\components\\BottomTab.js","statementMap":{"0":{"start":{"line":14,"column":12},"end":{"line":14,"column":38}}},"fnMap":{},"branchMap":{},"s":{"0":2},"f":{},"b":{},"_coverageSchema":"1a1c01bbd47fc00a2c39e90264f33305004495a9","hash":"1131ebcb669ce178d576f9d71a113b80b7c5dc4f"}
,"E:\\TFG\\TFGRead\\scr\\config\\firebase.js": {"path":"E:\\TFG\\TFGRead\\scr\\config\\firebase.js","statementMap":{"0":{"start":{"line":12,"column":23},"end":{"line":20,"column":1}},"1":{"start":{"line":23,"column":0},"end":{"line":31,"column":1}},"2":{"start":{"line":24,"column":2},"end":{"line":24,"column":38}},"3":{"start":{"line":25,"column":2},"end":{"line":27,"column":5}},"4":{"start":{"line":29,"column":2},"end":{"line":29,"column":17}},"5":{"start":{"line":30,"column":2},"end":{"line":30,"column":19}},"6":{"start":{"line":34,"column":16},"end":{"line":34,"column":31}}},"fnMap":{},"branchMap":{"0":{"loc":{"start":{"line":23,"column":0},"end":{"line":31,"column":1}},"type":"if","locations":[{"start":{"line":23,"column":0},"end":{"line":31,"column":1}},{"start":{"line":28,"column":7},"end":{"line":31,"column":1}}],"line":23}},"s":{"0":3,"1":3,"2":3,"3":3,"4":0,"5":0,"6":3},"f":{},"b":{"0":[3,0]},"_coverageSchema":"1a1c01bbd47fc00a2c39e90264f33305004495a9","hash":"e94e115896b6e125f8b4e972eae90203cfb95168"}
,"E:\\TFG\\TFGRead\\scr\\hooks\\CategoriasFirebase.js": {"path":"E:\\TFG\\TFGRead\\scr\\hooks\\CategoriasFirebase.js","statementMap":{"0":{"start":{"line":5,"column":29},"end":{"line":16,"column":1}},"1":{"start":{"line":6,"column":15},"end":{"line":6,"column":29}},"2":{"start":{"line":7,"column":21},"end":{"line":7,"column":23}},"3":{"start":{"line":8,"column":17},"end":{"line":8,"column":60}},"4":{"start":{"line":9,"column":4},"end":{"line":13,"column":8}},"5":{"start":{"line":9,"column":78},"end":{"line":13,"column":5}},"6":{"start":{"line":15,"column":4},"end":{"line":15,"column":22}}},"fnMap":{"0":{"name":"(anonymous_0)","decl":{"start":{"line":5,"column":29},"end":{"line":5,"column":30}},"loc":{"start":{"line":5,"column":41},"end":{"line":16,"column":1}},"line":5},"1":{"name":"(anonymous_1)","decl":{"start":{"line":9,"column":49},"end":{"line":9,"column":50}},"loc":{"start":{"line":9,"column":78},"end":{"line":13,"column":5}},"line":9}},"branchMap":{},"s":{"0":3,"1":1,"2":1,"3":1,"4":0,"5":0,"6":0},"f":{"0":1,"1":0},"b":{},"_coverageSchema":"1a1c01bbd47fc00a2c39e90264f33305004495a9","hash":"9dd03f222e11c3ff24de5c39968e30b224e2aefb"}
,"E:\\TFG\\TFGRead\\scr\\hooks\\ChatFirebase.js": {"path":"E:\\TFG\\TFGRead\\scr\\hooks\\ChatFirebase.js","statementMap":{"0":{"start":{"line":6,"column":23},"end":{"line":19,"column":1}},"1":{"start":{"line":7,"column":15},"end":{"line":7,"column":29}},"2":{"start":{"line":8,"column":29},"end":{"line":8,"column":72}},"3":{"start":{"line":9,"column":27},"end":{"line":16,"column":5}},"4":{"start":{"line":17,"column":4},"end":{"line":17,"column":44}},"5":{"start":{"line":21,"column":26},"end":{"line":39,"column":1}},"6":{"start":{"line":22,"column":15},"end":{"line":22,"column":29}},"7":{"start":{"line":23,"column":17},"end":{"line":23,"column":22}},"8":{"start":{"line":26,"column":17},"end":{"line":26,"column":74}},"9":{"start":{"line":27,"column":4},"end":{"line":29,"column":5}},"10":{"start":{"line":28,"column":8},"end":{"line":28,"column":22}},"11":{"start":{"line":31,"column":18},"end":{"line":31,"column":75}},"12":{"start":{"line":33,"column":4},"end":{"line":35,"column":5}},"13":{"start":{"line":34,"column":8},"end":{"line":34,"column":22}},"14":{"start":{"line":38,"column":4},"end":{"line":38,"column":18}},"15":{"start":{"line":41,"column":32},"end":{"line":48,"column":1}},"16":{"start":{"line":42,"column":15},"end":{"line":42,"column":29}},"17":{"start":{"line":43,"column":24},"end":{"line":43,"column":49}},"18":{"start":{"line":44,"column":22},"end":{"line":44,"column":37}},"19":{"start":{"line":45,"column":4},"end":{"line":45,"column":37}},"20":{"start":{"line":50,"column":32},"end":{"line":64,"column":1}},"21":{"start":{"line":52,"column":15},"end":{"line":52,"column":29}},"22":{"start":{"line":53,"column":16},"end":{"line":53,"column":18}},"23":{"start":{"line":54,"column":17},"end":{"line":54,"column":88}},"24":{"start":{"line":55,"column":4},"end":{"line":62,"column":6}},"25":{"start":{"line":56,"column":8},"end":{"line":61,"column":9}},"26":{"start":{"line":57,"column":12},"end":{"line":60,"column":15}},"27":{"start":{"line":63,"column":4},"end":{"line":63,"column":17}},"28":{"start":{"line":67,"column":43},"end":{"line":86,"column":1}},"29":{"start":{"line":69,"column":18},"end":{"line":69,"column":20}},"30":{"start":{"line":71,"column":4},"end":{"line":83,"column":5}},"31":{"start":{"line":71,"column":17},"end":{"line":71,"column":18}},"32":{"start":{"line":71,"column":26},"end":{"line":71,"column":38}},"33":{"start":{"line":73,"column":8},"end":{"line":82,"column":9}},"34":{"start":{"line":74,"column":23},"end":{"line":74,"column":61}},"35":{"start":{"line":75,"column":12},"end":{"line":75,"column":60}},"36":{"start":{"line":78,"column":13},"end":{"line":82,"column":9}},"37":{"start":{"line":79,"column":23},"end":{"line":79,"column":61}},"38":{"start":{"line":81,"column":12},"end":{"line":81,"column":60}},"39":{"start":{"line":85,"column":4},"end":{"line":85,"column":19}},"40":{"start":{"line":87,"column":32},"end":{"line":106,"column":1}},"41":{"start":{"line":89,"column":15},"end":{"line":89,"column":29}},"42":{"start":{"line":90,"column":18},"end":{"line":90,"column":20}},"43":{"start":{"line":93,"column":4},"end":{"line":103,"column":5}},"44":{"start":{"line":94,"column":8},"end":{"line":94,"column":33}},"45":{"start":{"line":95,"column":21},"end":{"line":95,"column":132}},"46":{"start":{"line":96,"column":8},"end":{"line":102,"column":9}},"47":{"start":{"line":97,"column":12},"end":{"line":97,"column":61}},"48":{"start":{"line":99,"column":12},"end":{"line":101,"column":14}},"49":{"start":{"line":100,"column":16},"end":{"line":100,"column":92}},"50":{"start":{"line":104,"column":4},"end":{"line":104,"column":19}},"51":{"start":{"line":109,"column":25},"end":{"line":119,"column":1}},"52":{"start":{"line":110,"column":15},"end":{"line":110,"column":29}},"53":{"start":{"line":111,"column":15},"end":{"line":111,"column":17}},"54":{"start":{"line":112,"column":17},"end":{"line":112,"column":74}},"55":{"start":{"line":113,"column":4},"end":{"line":116,"column":5}},"56":{"start":{"line":118,"column":4},"end":{"line":118,"column":16}},"57":{"start":{"line":121,"column":26},"end":{"line":131,"column":1}},"58":{"start":{"line":122,"column":15},"end":{"line":122,"column":29}},"59":{"start":{"line":123,"column":18},"end":{"line":123,"column":67}},"60":{"start":{"line":124,"column":4},"end":{"line":129,"column":6}},"61":{"start":{"line":130,"column":4},"end":{"line":130,"column":45}},"62":{"start":{"line":133,"column":33},"end":{"line":139,"column":1}},"63":{"start":{"line":134,"column":15},"end":{"line":134,"column":29}},"64":{"start":{"line":135,"column":24},"end":{"line":135,"column":48}},"65":{"start":{"line":136,"column":4},"end":{"line":138,"column":6}},"66":{"start":{"line":140,"column":35},"end":{"line":147,"column":1}},"67":{"start":{"line":141,"column":15},"end":{"line":141,"column":29}},"68":{"start":{"line":142,"column":24},"end":{"line":142,"column":48}},"69":{"start":{"line":143,"column":4},"end":{"line":145,"column":6}},"70":{"start":{"line":150,"column":26},"end":{"line":175,"column":1}},"71":{"start":{"line":151,"column":15},"end":{"line":151,"column":29}},"72":{"start":{"line":152,"column":21},"end":{"line":152,"column":23}},"73":{"start":{"line":153,"column":26},"end":{"line":153,"column":116}},"74":{"start":{"line":154,"column":4},"end":{"line":171,"column":6}},"75":{"start":{"line":155,"column":8},"end":{"line":169,"column":11}},"76":{"start":{"line":157,"column":12},"end":{"line":167,"column":15}},"77":{"start":{"line":174,"column":4},"end":{"line":174,"column":20}}},"fnMap":{"0":{"name":"(anonymous_0)","decl":{"start":{"line":6,"column":23},"end":{"line":6,"column":24}},"loc":{"start":{"line":6,"column":62},"end":{"line":19,"column":1}},"line":6},"1":{"name":"(anonymous_1)","decl":{"start":{"line":21,"column":26},"end":{"line":21,"column":27}},"loc":{"start":{"line":21,"column":56},"end":{"line":39,"column":1}},"line":21},"2":{"name":"(anonymous_2)","decl":{"start":{"line":41,"column":32},"end":{"line":41,"column":33}},"loc":{"start":{"line":41,"column":51},"end":{"line":48,"column":1}},"line":41},"3":{"name":"(anonymous_3)","decl":{"start":{"line":50,"column":32},"end":{"line":50,"column":33}},"loc":{"start":{"line":50,"column":49},"end":{"line":64,"column":1}},"line":50},"4":{"name":"(anonymous_4)","decl":{"start":{"line":55,"column":18},"end":{"line":55,"column":19}},"loc":{"start":{"line":55,"column":40},"end":{"line":62,"column":5}},"line":55},"5":{"name":"(anonymous_5)","decl":{"start":{"line":67,"column":43},"end":{"line":67,"column":44}},"loc":{"start":{"line":67,"column":67},"end":{"line":86,"column":1}},"line":67},"6":{"name":"(anonymous_6)","decl":{"start":{"line":87,"column":32},"end":{"line":87,"column":33}},"loc":{"start":{"line":87,"column":55},"end":{"line":106,"column":1}},"line":87},"7":{"name":"(anonymous_7)","decl":{"start":{"line":99,"column":26},"end":{"line":99,"column":27}},"loc":{"start":{"line":99,"column":54},"end":{"line":101,"column":13}},"line":99},"8":{"name":"(anonymous_8)","decl":{"start":{"line":109,"column":25},"end":{"line":109,"column":26}},"loc":{"start":{"line":109,"column":55},"end":{"line":119,"column":1}},"line":109},"9":{"name":"(anonymous_9)","decl":{"start":{"line":121,"column":26},"end":{"line":121,"column":27}},"loc":{"start":{"line":121,"column":53},"end":{"line":131,"column":1}},"line":121},"10":{"name":"(anonymous_10)","decl":{"start":{"line":133,"column":33},"end":{"line":133,"column":34}},"loc":{"start":{"line":133,"column":60},"end":{"line":139,"column":1}},"line":133},"11":{"name":"(anonymous_11)","decl":{"start":{"line":140,"column":35},"end":{"line":140,"column":36}},"loc":{"start":{"line":140,"column":64},"end":{"line":147,"column":1}},"line":140},"12":{"name":"(anonymous_12)","decl":{"start":{"line":150,"column":26},"end":{"line":150,"column":27}},"loc":{"start":{"line":150,"column":44},"end":{"line":175,"column":1}},"line":150},"13":{"name":"(anonymous_13)","decl":{"start":{"line":154,"column":36},"end":{"line":154,"column":37}},"loc":{"start":{"line":154,"column":62},"end":{"line":171,"column":5}},"line":154},"14":{"name":"(anonymous_14)","decl":{"start":{"line":155,"column":37},"end":{"line":155,"column":38}},"loc":{"start":{"line":155,"column":46},"end":{"line":169,"column":9}},"line":155}},"branchMap":{"0":{"loc":{"start":{"line":27,"column":4},"end":{"line":29,"column":5}},"type":"if","locations":[{"start":{"line":27,"column":4},"end":{"line":29,"column":5}},{"start":{},"end":{}}],"line":27},"1":{"loc":{"start":{"line":33,"column":4},"end":{"line":35,"column":5}},"type":"if","locations":[{"start":{"line":33,"column":4},"end":{"line":35,"column":5}},{"start":{},"end":{}}],"line":33},"2":{"loc":{"start":{"line":56,"column":8},"end":{"line":61,"column":9}},"type":"if","locations":[{"start":{"line":56,"column":8},"end":{"line":61,"column":9}},{"start":{},"end":{}}],"line":56},"3":{"loc":{"start":{"line":56,"column":12},"end":{"line":56,"column":98}},"type":"binary-expr","locations":[{"start":{"line":56,"column":12},"end":{"line":56,"column":53}},{"start":{"line":56,"column":57},"end":{"line":56,"column":98}}],"line":56},"4":{"loc":{"start":{"line":73,"column":8},"end":{"line":82,"column":9}},"type":"if","locations":[{"start":{"line":73,"column":8},"end":{"line":82,"column":9}},{"start":{"line":78,"column":13},"end":{"line":82,"column":9}}],"line":73},"5":{"loc":{"start":{"line":78,"column":13},"end":{"line":82,"column":9}},"type":"if","locations":[{"start":{"line":78,"column":13},"end":{"line":82,"column":9}},{"start":{},"end":{}}],"line":78},"6":{"loc":{"start":{"line":96,"column":8},"end":{"line":102,"column":9}},"type":"if","locations":[{"start":{"line":96,"column":8},"end":{"line":102,"column":9}},{"start":{"line":98,"column":15},"end":{"line":102,"column":9}}],"line":96}},"s":{"0":3,"1":0,"2":0,"3":0,"4":0,"5":3,"6":0,"7":0,"8":0,"9":0,"10":0,"11":0,"12":0,"13":0,"14":0,"15":3,"16":0,"17":0,"18":0,"19":0,"20":3,"21":0,"22":0,"23":0,"24":0,"25":0,"26":0,"27":0,"28":3,"29":0,"30":0,"31":0,"32":0,"33":0,"34":0,"35":0,"36":0,"37":0,"38":0,"39":0,"40":3,"41":0,"42":0,"43":0,"44":0,"45":0,"46":0,"47":0,"48":0,"49":0,"50":0,"51":3,"52":0,"53":0,"54":0,"55":0,"56":0,"57":3,"58":0,"59":0,"60":0,"61":0,"62":3,"63":0,"64":0,"65":0,"66":3,"67":0,"68":0,"69":0,"70":3,"71":0,"72":0,"73":0,"74":0,"75":0,"76":0,"77":0},"f":{"0":0,"1":0,"2":0,"3":0,"4":0,"5":0,"6":0,"7":0,"8":0,"9":0,"10":0,"11":0,"12":0,"13":0,"14":0},"b":{"0":[0,0],"1":[0,0],"2":[0,0],"3":[0,0],"4":[0,0],"5":[0,0],"6":[0,0]},"_coverageSchema":"1a1c01bbd47fc00a2c39e90264f33305004495a9","hash":"d6020d1909984c4ae1c61cdd6119e7810b3b7547"}
,"E:\\TFG\\TFGRead\\scr\\hooks\\FirebaseLibros.js": {"path":"E:\\TFG\\TFGRead\\scr\\hooks\\FirebaseLibros.js","statementMap":{"0":{"start":{"line":5,"column":34},"end":{"line":25,"column":1}},"1":{"start":{"line":6,"column":15},"end":{"line":6,"column":29}},"2":{"start":{"line":9,"column":4},"end":{"line":14,"column":5}},"3":{"start":{"line":10,"column":8},"end":{"line":10,"column":114}},"4":{"start":{"line":13,"column":8},"end":{"line":13,"column":138}},"5":{"start":{"line":15,"column":15},"end":{"line":22,"column":8}},"6":{"start":{"line":15,"column":80},"end":{"line":22,"column":5}},"7":{"start":{"line":23,"column":4},"end":{"line":23,"column":16}},"8":{"start":{"line":28,"column":46},"end":{"line":50,"column":1}},"9":{"start":{"line":29,"column":15},"end":{"line":29,"column":29}},"10":{"start":{"line":30,"column":16},"end":{"line":30,"column":18}},"11":{"start":{"line":32,"column":16},"end":{"line":32,"column":18}},"12":{"start":{"line":33,"column":4},"end":{"line":38,"column":5}},"13":{"start":{"line":34,"column":8},"end":{"line":34,"column":163}},"14":{"start":{"line":37,"column":8},"end":{"line":37,"column":187}},"15":{"start":{"line":39,"column":4},"end":{"line":44,"column":8}},"16":{"start":{"line":39,"column":77},"end":{"line":44,"column":5}},"17":{"start":{"line":45,"column":4},"end":{"line":46,"column":44}},"18":{"start":{"line":46,"column":8},"end":{"line":46,"column":44}},"19":{"start":{"line":48,"column":4},"end":{"line":48,"column":26}},"20":{"start":{"line":51,"column":48},"end":{"line":75,"column":1}},"21":{"start":{"line":52,"column":15},"end":{"line":52,"column":29}},"22":{"start":{"line":53,"column":16},"end":{"line":53,"column":18}},"23":{"start":{"line":55,"column":16},"end":{"line":55,"column":18}},"24":{"start":{"line":56,"column":4},"end":{"line":62,"column":5}},"25":{"start":{"line":57,"column":8},"end":{"line":57,"column":190}},"26":{"start":{"line":60,"column":8},"end":{"line":60,"column":214}},"27":{"start":{"line":64,"column":4},"end":{"line":69,"column":8}},"28":{"start":{"line":64,"column":77},"end":{"line":69,"column":5}},"29":{"start":{"line":70,"column":4},"end":{"line":71,"column":44}},"30":{"start":{"line":71,"column":8},"end":{"line":71,"column":44}},"31":{"start":{"line":73,"column":4},"end":{"line":73,"column":26}},"32":{"start":{"line":77,"column":49},"end":{"line":129,"column":1}},"33":{"start":{"line":78,"column":18},"end":{"line":78,"column":20}},"34":{"start":{"line":79,"column":16},"end":{"line":79,"column":18}},"35":{"start":{"line":82,"column":12},"end":{"line":82,"column":13}},"36":{"start":{"line":83,"column":15},"end":{"line":83,"column":29}},"37":{"start":{"line":84,"column":4},"end":{"line":123,"column":5}},"38":{"start":{"line":85,"column":8},"end":{"line":85,"column":104}},"39":{"start":{"line":87,"column":8},"end":{"line":100,"column":9}},"40":{"start":{"line":88,"column":12},"end":{"line":88,"column":130}},"41":{"start":{"line":89,"column":12},"end":{"line":99,"column":13}},"42":{"start":{"line":90,"column":16},"end":{"line":93,"column":19}},"43":{"start":{"line":94,"column":16},"end":{"line":94,"column":28}},"44":{"start":{"line":95,"column":16},"end":{"line":95,"column":20}},"45":{"start":{"line":96,"column":16},"end":{"line":98,"column":17}},"46":{"start":{"line":97,"column":20},"end":{"line":97,"column":26}},"47":{"start":{"line":103,"column":8},"end":{"line":103,"column":128}},"48":{"start":{"line":106,"column":8},"end":{"line":121,"column":9}},"49":{"start":{"line":107,"column":12},"end":{"line":107,"column":130}},"50":{"start":{"line":108,"column":12},"end":{"line":120,"column":13}},"51":{"start":{"line":110,"column":16},"end":{"line":113,"column":19}},"52":{"start":{"line":114,"column":16},"end":{"line":114,"column":28}},"53":{"start":{"line":115,"column":16},"end":{"line":115,"column":20}},"54":{"start":{"line":117,"column":16},"end":{"line":119,"column":17}},"55":{"start":{"line":118,"column":20},"end":{"line":118,"column":26}},"56":{"start":{"line":127,"column":4},"end":{"line":127,"column":26}},"57":{"start":{"line":131,"column":39},"end":{"line":167,"column":1}},"58":{"start":{"line":134,"column":4},"end":{"line":136,"column":5}},"59":{"start":{"line":135,"column":8},"end":{"line":135,"column":75}},"60":{"start":{"line":137,"column":4},"end":{"line":139,"column":5}},"61":{"start":{"line":138,"column":8},"end":{"line":138,"column":73}},"62":{"start":{"line":140,"column":4},"end":{"line":143,"column":5}},"63":{"start":{"line":141,"column":8},"end":{"line":141,"column":76}},"64":{"start":{"line":144,"column":28},"end":{"line":144,"column":30}},"65":{"start":{"line":145,"column":18},"end":{"line":145,"column":20}},"66":{"start":{"line":146,"column":4},"end":{"line":165,"column":5}},"67":{"start":{"line":147,"column":21},"end":{"line":147,"column":29}},"68":{"start":{"line":148,"column":8},"end":{"line":148,"column":27}},"69":{"start":{"line":150,"column":8},"end":{"line":164,"column":9}},"70":{"start":{"line":150,"column":21},"end":{"line":150,"column":22}},"71":{"start":{"line":150,"column":30},"end":{"line":150,"column":43}},"72":{"start":{"line":152,"column":31},"end":{"line":152,"column":75}},"73":{"start":{"line":153,"column":32},"end":{"line":153,"column":74}},"74":{"start":{"line":154,"column":29},"end":{"line":154,"column":68}},"75":{"start":{"line":156,"column":12},"end":{"line":162,"column":15}},"76":{"start":{"line":166,"column":4},"end":{"line":166,"column":40}},"77":{"start":{"line":171,"column":33},"end":{"line":178,"column":1}},"78":{"start":{"line":172,"column":18},"end":{"line":172,"column":20}},"79":{"start":{"line":173,"column":28},"end":{"line":173,"column":64}},"80":{"start":{"line":174,"column":4},"end":{"line":175,"column":69}},"81":{"start":{"line":175,"column":8},"end":{"line":175,"column":69}},"82":{"start":{"line":177,"column":4},"end":{"line":177,"column":40}},"83":{"start":{"line":180,"column":37},"end":{"line":197,"column":1}},"84":{"start":{"line":181,"column":15},"end":{"line":181,"column":29}},"85":{"start":{"line":182,"column":24},"end":{"line":182,"column":25}},"86":{"start":{"line":185,"column":18},"end":{"line":185,"column":39}},"87":{"start":{"line":186,"column":4},"end":{"line":193,"column":5}},"88":{"start":{"line":186,"column":17},"end":{"line":186,"column":18}},"89":{"start":{"line":186,"column":26},"end":{"line":186,"column":40}},"90":{"start":{"line":188,"column":8},"end":{"line":188,"column":129}},"91":{"start":{"line":189,"column":8},"end":{"line":191,"column":10}},"92":{"start":{"line":190,"column":12},"end":{"line":190,"column":45}},"93":{"start":{"line":195,"column":4},"end":{"line":195,"column":25}},"94":{"start":{"line":199,"column":34},"end":{"line":209,"column":1}},"95":{"start":{"line":201,"column":15},"end":{"line":201,"column":29}},"96":{"start":{"line":202,"column":15},"end":{"line":202,"column":17}},"97":{"start":{"line":203,"column":17},"end":{"line":203,"column":78}},"98":{"start":{"line":204,"column":4},"end":{"line":207,"column":8}},"99":{"start":{"line":204,"column":72},"end":{"line":207,"column":5}},"100":{"start":{"line":208,"column":4},"end":{"line":208,"column":16}},"101":{"start":{"line":210,"column":31},"end":{"line":217,"column":1}},"102":{"start":{"line":212,"column":15},"end":{"line":212,"column":29}},"103":{"start":{"line":213,"column":26},"end":{"line":213,"column":51}},"104":{"start":{"line":214,"column":20},"end":{"line":214,"column":47}},"105":{"start":{"line":215,"column":4},"end":{"line":215,"column":34}},"106":{"start":{"line":219,"column":28},"end":{"line":234,"column":1}},"107":{"start":{"line":220,"column":15},"end":{"line":220,"column":29}},"108":{"start":{"line":221,"column":20},"end":{"line":221,"column":22}},"109":{"start":{"line":222,"column":4},"end":{"line":230,"column":5}},"110":{"start":{"line":222,"column":17},"end":{"line":222,"column":18}},"111":{"start":{"line":222,"column":26},"end":{"line":222,"column":49}},"112":{"start":{"line":224,"column":19},"end":{"line":224,"column":78}},"113":{"start":{"line":226,"column":27},"end":{"line":226,"column":65}},"114":{"start":{"line":228,"column":8},"end":{"line":228,"column":137}},"115":{"start":{"line":232,"column":4},"end":{"line":232,"column":20}},"116":{"start":{"line":237,"column":34},"end":{"line":265,"column":1}},"117":{"start":{"line":238,"column":13},"end":{"line":238,"column":15}},"118":{"start":{"line":239,"column":15},"end":{"line":239,"column":29}},"119":{"start":{"line":240,"column":17},"end":{"line":250,"column":5}},"120":{"start":{"line":251,"column":18},"end":{"line":251,"column":48}},"121":{"start":{"line":252,"column":4},"end":{"line":252,"column":105}},"122":{"start":{"line":252,"column":47},"end":{"line":252,"column":62}},"123":{"start":{"line":252,"column":83},"end":{"line":252,"column":102}},"124":{"start":{"line":254,"column":12},"end":{"line":254,"column":13}},"125":{"start":{"line":255,"column":4},"end":{"line":262,"column":5}},"126":{"start":{"line":257,"column":33},"end":{"line":257,"column":90}},"127":{"start":{"line":258,"column":31},"end":{"line":258,"column":91}},"128":{"start":{"line":259,"column":8},"end":{"line":259,"column":48}},"129":{"start":{"line":264,"column":4},"end":{"line":264,"column":14}},"130":{"start":{"line":268,"column":37},"end":{"line":274,"column":1}},"131":{"start":{"line":269,"column":15},"end":{"line":269,"column":29}},"132":{"start":{"line":270,"column":18},"end":{"line":270,"column":45}},"133":{"start":{"line":271,"column":4},"end":{"line":273,"column":6}},"134":{"start":{"line":276,"column":29},"end":{"line":282,"column":1}},"135":{"start":{"line":277,"column":15},"end":{"line":277,"column":29}},"136":{"start":{"line":278,"column":18},"end":{"line":278,"column":49}},"137":{"start":{"line":279,"column":4},"end":{"line":281,"column":6}},"138":{"start":{"line":284,"column":37},"end":{"line":290,"column":1}},"139":{"start":{"line":285,"column":15},"end":{"line":285,"column":29}},"140":{"start":{"line":286,"column":18},"end":{"line":286,"column":81}},"141":{"start":{"line":287,"column":4},"end":{"line":289,"column":6}},"142":{"start":{"line":292,"column":40},"end":{"line":298,"column":1}},"143":{"start":{"line":293,"column":15},"end":{"line":293,"column":29}},"144":{"start":{"line":294,"column":18},"end":{"line":294,"column":81}},"145":{"start":{"line":295,"column":4},"end":{"line":297,"column":6}},"146":{"start":{"line":300,"column":34},"end":{"line":306,"column":1}},"147":{"start":{"line":301,"column":15},"end":{"line":301,"column":29}},"148":{"start":{"line":302,"column":18},"end":{"line":302,"column":49}},"149":{"start":{"line":303,"column":4},"end":{"line":305,"column":6}},"150":{"start":{"line":307,"column":45},"end":{"line":313,"column":1}},"151":{"start":{"line":308,"column":15},"end":{"line":308,"column":29}},"152":{"start":{"line":309,"column":18},"end":{"line":309,"column":49}},"153":{"start":{"line":310,"column":4},"end":{"line":312,"column":6}},"154":{"start":{"line":314,"column":29},"end":{"line":320,"column":1}},"155":{"start":{"line":315,"column":15},"end":{"line":315,"column":29}},"156":{"start":{"line":316,"column":18},"end":{"line":316,"column":49}},"157":{"start":{"line":317,"column":4},"end":{"line":319,"column":6}},"158":{"start":{"line":322,"column":32},"end":{"line":341,"column":1}},"159":{"start":{"line":323,"column":15},"end":{"line":323,"column":29}},"160":{"start":{"line":325,"column":17},"end":{"line":325,"column":78}},"161":{"start":{"line":327,"column":4},"end":{"line":333,"column":6}},"162":{"start":{"line":329,"column":8},"end":{"line":332,"column":14}},"163":{"start":{"line":331,"column":16},"end":{"line":331,"column":77}},"164":{"start":{"line":335,"column":12},"end":{"line":335,"column":13}},"165":{"start":{"line":336,"column":4},"end":{"line":340,"column":5}},"166":{"start":{"line":337,"column":33},"end":{"line":337,"column":94}},"167":{"start":{"line":338,"column":31},"end":{"line":338,"column":91}},"168":{"start":{"line":339,"column":8},"end":{"line":339,"column":48}},"169":{"start":{"line":344,"column":27},"end":{"line":354,"column":1}},"170":{"start":{"line":345,"column":15},"end":{"line":345,"column":29}},"171":{"start":{"line":346,"column":15},"end":{"line":346,"column":17}},"172":{"start":{"line":347,"column":17},"end":{"line":347,"column":111}},"173":{"start":{"line":348,"column":4},"end":{"line":352,"column":8}},"174":{"start":{"line":348,"column":72},"end":{"line":352,"column":5}},"175":{"start":{"line":353,"column":4},"end":{"line":353,"column":16}},"176":{"start":{"line":356,"column":36},"end":{"line":365,"column":1}},"177":{"start":{"line":357,"column":15},"end":{"line":357,"column":29}},"178":{"start":{"line":358,"column":15},"end":{"line":358,"column":17}},"179":{"start":{"line":359,"column":17},"end":{"line":359,"column":111}},"180":{"start":{"line":360,"column":4},"end":{"line":363,"column":8}},"181":{"start":{"line":360,"column":72},"end":{"line":363,"column":5}},"182":{"start":{"line":364,"column":4},"end":{"line":364,"column":16}},"183":{"start":{"line":367,"column":27},"end":{"line":377,"column":1}},"184":{"start":{"line":368,"column":15},"end":{"line":368,"column":29}},"185":{"start":{"line":369,"column":15},"end":{"line":369,"column":17}},"186":{"start":{"line":370,"column":17},"end":{"line":370,"column":116}},"187":{"start":{"line":371,"column":4},"end":{"line":374,"column":8}},"188":{"start":{"line":371,"column":72},"end":{"line":374,"column":5}},"189":{"start":{"line":376,"column":4},"end":{"line":376,"column":19}},"190":{"start":{"line":380,"column":29},"end":{"line":387,"column":1}},"191":{"start":{"line":382,"column":15},"end":{"line":382,"column":29}},"192":{"start":{"line":383,"column":26},"end":{"line":383,"column":51}},"193":{"start":{"line":384,"column":20},"end":{"line":384,"column":47}},"194":{"start":{"line":385,"column":4},"end":{"line":385,"column":32}},"195":{"start":{"line":390,"column":32},"end":{"line":418,"column":1}},"196":{"start":{"line":391,"column":15},"end":{"line":391,"column":29}},"197":{"start":{"line":392,"column":15},"end":{"line":392,"column":17}},"198":{"start":{"line":394,"column":4},"end":{"line":416,"column":5}},"199":{"start":{"line":395,"column":21},"end":{"line":395,"column":144}},"200":{"start":{"line":397,"column":8},"end":{"line":403,"column":12}},"201":{"start":{"line":397,"column":76},"end":{"line":403,"column":9}},"202":{"start":{"line":408,"column":21},"end":{"line":408,"column":168}},"203":{"start":{"line":409,"column":8},"end":{"line":414,"column":12}},"204":{"start":{"line":409,"column":76},"end":{"line":414,"column":9}},"205":{"start":{"line":417,"column":4},"end":{"line":417,"column":15}},"206":{"start":{"line":419,"column":32},"end":{"line":425,"column":1}},"207":{"start":{"line":420,"column":15},"end":{"line":420,"column":29}},"208":{"start":{"line":421,"column":19},"end":{"line":421,"column":44}},"209":{"start":{"line":422,"column":20},"end":{"line":422,"column":40}},"210":{"start":{"line":424,"column":4},"end":{"line":424,"column":26}},"211":{"start":{"line":428,"column":38},"end":{"line":442,"column":1}},"212":{"start":{"line":429,"column":15},"end":{"line":429,"column":29}},"213":{"start":{"line":431,"column":17},"end":{"line":431,"column":142}},"214":{"start":{"line":432,"column":22},"end":{"line":432,"column":24}},"215":{"start":{"line":433,"column":4},"end":{"line":439,"column":8}},"216":{"start":{"line":433,"column":79},"end":{"line":439,"column":5}},"217":{"start":{"line":441,"column":4},"end":{"line":441,"column":22}},"218":{"start":{"line":444,"column":30},"end":{"line":456,"column":1}},"219":{"start":{"line":445,"column":15},"end":{"line":445,"column":29}},"220":{"start":{"line":447,"column":28},"end":{"line":447,"column":73}},"221":{"start":{"line":448,"column":27},"end":{"line":454,"column":5}},"222":{"start":{"line":455,"column":4},"end":{"line":455,"column":43}},"223":{"start":{"line":458,"column":40},"end":{"line":464,"column":1}},"224":{"start":{"line":459,"column":15},"end":{"line":459,"column":29}},"225":{"start":{"line":460,"column":4},"end":{"line":463,"column":10}},"226":{"start":{"line":465,"column":40},"end":{"line":475,"column":1}},"227":{"start":{"line":466,"column":15},"end":{"line":466,"column":29}},"228":{"start":{"line":468,"column":26},"end":{"line":468,"column":101}},"229":{"start":{"line":470,"column":4},"end":{"line":474,"column":6}},"230":{"start":{"line":477,"column":29},"end":{"line":482,"column":1}},"231":{"start":{"line":479,"column":11},"end":{"line":479,"column":52}},"232":{"start":{"line":480,"column":4},"end":{"line":480,"column":17}},"233":{"start":{"line":484,"column":33},"end":{"line":491,"column":1}},"234":{"start":{"line":485,"column":15},"end":{"line":485,"column":29}},"235":{"start":{"line":486,"column":19},"end":{"line":486,"column":67}},"236":{"start":{"line":487,"column":20},"end":{"line":487,"column":40}},"237":{"start":{"line":489,"column":4},"end":{"line":489,"column":33}},"238":{"start":{"line":495,"column":42},"end":{"line":506,"column":1}},"239":{"start":{"line":496,"column":26},"end":{"line":496,"column":27}},"240":{"start":{"line":497,"column":15},"end":{"line":497,"column":29}},"241":{"start":{"line":498,"column":18},"end":{"line":498,"column":78}},"242":{"start":{"line":499,"column":4},"end":{"line":501,"column":6}},"243":{"start":{"line":500,"column":8},"end":{"line":500,"column":45}},"244":{"start":{"line":504,"column":4},"end":{"line":504,"column":83}},"245":{"start":{"line":512,"column":37},"end":{"line":531,"column":1}},"246":{"start":{"line":513,"column":15},"end":{"line":513,"column":29}},"247":{"start":{"line":515,"column":15},"end":{"line":515,"column":60}},"248":{"start":{"line":517,"column":4},"end":{"line":524,"column":5}},"249":{"start":{"line":519,"column":21},"end":{"line":519,"column":86}},"250":{"start":{"line":521,"column":8},"end":{"line":523,"column":10}},"251":{"start":{"line":527,"column":18},"end":{"line":527,"column":81}},"252":{"start":{"line":528,"column":4},"end":{"line":528,"column":24}},"253":{"start":{"line":533,"column":32},"end":{"line":540,"column":1}},"254":{"start":{"line":534,"column":15},"end":{"line":534,"column":29}},"255":{"start":{"line":535,"column":18},"end":{"line":535,"column":49}},"256":{"start":{"line":536,"column":4},"end":{"line":538,"column":6}},"257":{"start":{"line":541,"column":44},"end":{"line":550,"column":1}},"258":{"start":{"line":542,"column":15},"end":{"line":542,"column":29}},"259":{"start":{"line":543,"column":17},"end":{"line":543,"column":109}},"260":{"start":{"line":544,"column":15},"end":{"line":547,"column":8}},"261":{"start":{"line":544,"column":76},"end":{"line":547,"column":5}},"262":{"start":{"line":549,"column":4},"end":{"line":549,"column":16}},"263":{"start":{"line":552,"column":37},"end":{"line":582,"column":1}},"264":{"start":{"line":553,"column":15},"end":{"line":553,"column":29}},"265":{"start":{"line":557,"column":17},"end":{"line":557,"column":58}},"266":{"start":{"line":558,"column":4},"end":{"line":562,"column":6}},"267":{"start":{"line":559,"column":21},"end":{"line":559,"column":94}},"268":{"start":{"line":560,"column":8},"end":{"line":560,"column":27}},"269":{"start":{"line":565,"column":18},"end":{"line":565,"column":78}},"270":{"start":{"line":566,"column":4},"end":{"line":569,"column":6}},"271":{"start":{"line":567,"column":22},"end":{"line":567,"column":95}},"272":{"start":{"line":568,"column":8},"end":{"line":568,"column":28}},"273":{"start":{"line":571,"column":18},"end":{"line":571,"column":79}},"274":{"start":{"line":572,"column":4},"end":{"line":575,"column":6}},"275":{"start":{"line":573,"column":22},"end":{"line":573,"column":96}},"276":{"start":{"line":574,"column":8},"end":{"line":574,"column":28}},"277":{"start":{"line":578,"column":18},"end":{"line":578,"column":49}},"278":{"start":{"line":579,"column":4},"end":{"line":579,"column":20}},"279":{"start":{"line":584,"column":30},"end":{"line":591,"column":1}},"280":{"start":{"line":585,"column":15},"end":{"line":585,"column":29}},"281":{"start":{"line":586,"column":18},"end":{"line":586,"column":49}},"282":{"start":{"line":587,"column":4},"end":{"line":589,"column":6}}},"fnMap":{"0":{"name":"(anonymous_0)","decl":{"start":{"line":5,"column":34},"end":{"line":5,"column":35}},"loc":{"start":{"line":5,"column":56},"end":{"line":25,"column":1}},"line":5},"1":{"name":"(anonymous_1)","decl":{"start":{"line":15,"column":51},"end":{"line":15,"column":52}},"loc":{"start":{"line":15,"column":80},"end":{"line":22,"column":5}},"line":15},"2":{"name":"(anonymous_2)","decl":{"start":{"line":28,"column":46},"end":{"line":28,"column":47}},"loc":{"start":{"line":28,"column":76},"end":{"line":50,"column":1}},"line":28},"3":{"name":"(anonymous_3)","decl":{"start":{"line":39,"column":48},"end":{"line":39,"column":49}},"loc":{"start":{"line":39,"column":77},"end":{"line":44,"column":5}},"line":39},"4":{"name":"(anonymous_4)","decl":{"start":{"line":51,"column":48},"end":{"line":51,"column":49}},"loc":{"start":{"line":51,"column":78},"end":{"line":75,"column":1}},"line":51},"5":{"name":"(anonymous_5)","decl":{"start":{"line":64,"column":48},"end":{"line":64,"column":49}},"loc":{"start":{"line":64,"column":77},"end":{"line":69,"column":5}},"line":64},"6":{"name":"(anonymous_6)","decl":{"start":{"line":77,"column":49},"end":{"line":77,"column":50}},"loc":{"start":{"line":77,"column":79},"end":{"line":129,"column":1}},"line":77},"7":{"name":"(anonymous_7)","decl":{"start":{"line":131,"column":39},"end":{"line":131,"column":40}},"loc":{"start":{"line":131,"column":81},"end":{"line":167,"column":1}},"line":131},"8":{"name":"(anonymous_8)","decl":{"start":{"line":171,"column":33},"end":{"line":171,"column":34}},"loc":{"start":{"line":171,"column":55},"end":{"line":178,"column":1}},"line":171},"9":{"name":"(anonymous_9)","decl":{"start":{"line":180,"column":37},"end":{"line":180,"column":38}},"loc":{"start":{"line":180,"column":55},"end":{"line":197,"column":1}},"line":180},"10":{"name":"(anonymous_10)","decl":{"start":{"line":189,"column":26},"end":{"line":189,"column":27}},"loc":{"start":{"line":189,"column":54},"end":{"line":191,"column":9}},"line":189},"11":{"name":"(anonymous_11)","decl":{"start":{"line":199,"column":34},"end":{"line":199,"column":35}},"loc":{"start":{"line":199,"column":52},"end":{"line":209,"column":1}},"line":199},"12":{"name":"(anonymous_12)","decl":{"start":{"line":204,"column":43},"end":{"line":204,"column":44}},"loc":{"start":{"line":204,"column":72},"end":{"line":207,"column":5}},"line":204},"13":{"name":"(anonymous_13)","decl":{"start":{"line":210,"column":31},"end":{"line":210,"column":32}},"loc":{"start":{"line":210,"column":49},"end":{"line":217,"column":1}},"line":210},"14":{"name":"(anonymous_14)","decl":{"start":{"line":219,"column":28},"end":{"line":219,"column":29}},"loc":{"start":{"line":219,"column":56},"end":{"line":234,"column":1}},"line":219},"15":{"name":"(anonymous_15)","decl":{"start":{"line":237,"column":34},"end":{"line":237,"column":35}},"loc":{"start":{"line":237,"column":95},"end":{"line":265,"column":1}},"line":237},"16":{"name":"(anonymous_16)","decl":{"start":{"line":252,"column":35},"end":{"line":252,"column":36}},"loc":{"start":{"line":252,"column":45},"end":{"line":252,"column":64}},"line":252},"17":{"name":"(anonymous_17)","decl":{"start":{"line":252,"column":72},"end":{"line":252,"column":73}},"loc":{"start":{"line":252,"column":81},"end":{"line":252,"column":104}},"line":252},"18":{"name":"(anonymous_18)","decl":{"start":{"line":268,"column":37},"end":{"line":268,"column":38}},"loc":{"start":{"line":268,"column":58},"end":{"line":274,"column":1}},"line":268},"19":{"name":"(anonymous_19)","decl":{"start":{"line":276,"column":29},"end":{"line":276,"column":30}},"loc":{"start":{"line":276,"column":55},"end":{"line":282,"column":1}},"line":276},"20":{"name":"(anonymous_20)","decl":{"start":{"line":284,"column":37},"end":{"line":284,"column":38}},"loc":{"start":{"line":284,"column":74},"end":{"line":290,"column":1}},"line":284},"21":{"name":"(anonymous_21)","decl":{"start":{"line":292,"column":40},"end":{"line":292,"column":41}},"loc":{"start":{"line":292,"column":80},"end":{"line":298,"column":1}},"line":292},"22":{"name":"(anonymous_22)","decl":{"start":{"line":300,"column":34},"end":{"line":300,"column":35}},"loc":{"start":{"line":300,"column":65},"end":{"line":306,"column":1}},"line":300},"23":{"name":"(anonymous_23)","decl":{"start":{"line":307,"column":45},"end":{"line":307,"column":46}},"loc":{"start":{"line":307,"column":63},"end":{"line":313,"column":1}},"line":307},"24":{"name":"(anonymous_24)","decl":{"start":{"line":314,"column":29},"end":{"line":314,"column":30}},"loc":{"start":{"line":314,"column":55},"end":{"line":320,"column":1}},"line":314},"25":{"name":"(anonymous_25)","decl":{"start":{"line":322,"column":32},"end":{"line":322,"column":33}},"loc":{"start":{"line":322,"column":62},"end":{"line":341,"column":1}},"line":322},"26":{"name":"(anonymous_26)","decl":{"start":{"line":327,"column":18},"end":{"line":327,"column":19}},"loc":{"start":{"line":327,"column":40},"end":{"line":333,"column":5}},"line":327},"27":{"name":"(anonymous_27)","decl":{"start":{"line":330,"column":18},"end":{"line":330,"column":19}},"loc":{"start":{"line":330,"column":24},"end":{"line":332,"column":13}},"line":330},"28":{"name":"(anonymous_28)","decl":{"start":{"line":344,"column":27},"end":{"line":344,"column":28}},"loc":{"start":{"line":344,"column":39},"end":{"line":354,"column":1}},"line":344},"29":{"name":"(anonymous_29)","decl":{"start":{"line":348,"column":43},"end":{"line":348,"column":44}},"loc":{"start":{"line":348,"column":72},"end":{"line":352,"column":5}},"line":348},"30":{"name":"(anonymous_30)","decl":{"start":{"line":356,"column":36},"end":{"line":356,"column":37}},"loc":{"start":{"line":356,"column":54},"end":{"line":365,"column":1}},"line":356},"31":{"name":"(anonymous_31)","decl":{"start":{"line":360,"column":43},"end":{"line":360,"column":44}},"loc":{"start":{"line":360,"column":72},"end":{"line":363,"column":5}},"line":360},"32":{"name":"(anonymous_32)","decl":{"start":{"line":367,"column":27},"end":{"line":367,"column":28}},"loc":{"start":{"line":367,"column":53},"end":{"line":377,"column":1}},"line":367},"33":{"name":"(anonymous_33)","decl":{"start":{"line":371,"column":43},"end":{"line":371,"column":44}},"loc":{"start":{"line":371,"column":72},"end":{"line":374,"column":5}},"line":371},"34":{"name":"(anonymous_34)","decl":{"start":{"line":380,"column":29},"end":{"line":380,"column":30}},"loc":{"start":{"line":380,"column":47},"end":{"line":387,"column":1}},"line":380},"35":{"name":"(anonymous_35)","decl":{"start":{"line":390,"column":32},"end":{"line":390,"column":33}},"loc":{"start":{"line":390,"column":61},"end":{"line":418,"column":1}},"line":390},"36":{"name":"(anonymous_36)","decl":{"start":{"line":397,"column":47},"end":{"line":397,"column":48}},"loc":{"start":{"line":397,"column":76},"end":{"line":403,"column":9}},"line":397},"37":{"name":"(anonymous_37)","decl":{"start":{"line":409,"column":47},"end":{"line":409,"column":48}},"loc":{"start":{"line":409,"column":76},"end":{"line":414,"column":9}},"line":409},"38":{"name":"(anonymous_38)","decl":{"start":{"line":419,"column":32},"end":{"line":419,"column":33}},"loc":{"start":{"line":419,"column":50},"end":{"line":425,"column":1}},"line":419},"39":{"name":"(anonymous_39)","decl":{"start":{"line":428,"column":38},"end":{"line":428,"column":39}},"loc":{"start":{"line":428,"column":68},"end":{"line":442,"column":1}},"line":428},"40":{"name":"(anonymous_40)","decl":{"start":{"line":433,"column":50},"end":{"line":433,"column":51}},"loc":{"start":{"line":433,"column":79},"end":{"line":439,"column":5}},"line":433},"41":{"name":"(anonymous_41)","decl":{"start":{"line":444,"column":30},"end":{"line":444,"column":31}},"loc":{"start":{"line":444,"column":93},"end":{"line":456,"column":1}},"line":444},"42":{"name":"(anonymous_42)","decl":{"start":{"line":458,"column":40},"end":{"line":458,"column":41}},"loc":{"start":{"line":458,"column":69},"end":{"line":464,"column":1}},"line":458},"43":{"name":"(anonymous_43)","decl":{"start":{"line":465,"column":40},"end":{"line":465,"column":41}},"loc":{"start":{"line":465,"column":85},"end":{"line":475,"column":1}},"line":465},"44":{"name":"(anonymous_44)","decl":{"start":{"line":477,"column":29},"end":{"line":477,"column":30}},"loc":{"start":{"line":477,"column":63},"end":{"line":482,"column":1}},"line":477},"45":{"name":"(anonymous_45)","decl":{"start":{"line":484,"column":33},"end":{"line":484,"column":34}},"loc":{"start":{"line":484,"column":63},"end":{"line":491,"column":1}},"line":484},"46":{"name":"(anonymous_46)","decl":{"start":{"line":495,"column":42},"end":{"line":495,"column":43}},"loc":{"start":{"line":495,"column":89},"end":{"line":506,"column":1}},"line":495},"47":{"name":"(anonymous_47)","decl":{"start":{"line":499,"column":19},"end":{"line":499,"column":20}},"loc":{"start":{"line":499,"column":25},"end":{"line":501,"column":5}},"line":499},"48":{"name":"(anonymous_48)","decl":{"start":{"line":512,"column":37},"end":{"line":512,"column":38}},"loc":{"start":{"line":512,"column":69},"end":{"line":531,"column":1}},"line":512},"49":{"name":"(anonymous_49)","decl":{"start":{"line":533,"column":32},"end":{"line":533,"column":33}},"loc":{"start":{"line":533,"column":60},"end":{"line":540,"column":1}},"line":533},"50":{"name":"(anonymous_50)","decl":{"start":{"line":541,"column":44},"end":{"line":541,"column":45}},"loc":{"start":{"line":541,"column":65},"end":{"line":550,"column":1}},"line":541},"51":{"name":"(anonymous_51)","decl":{"start":{"line":544,"column":47},"end":{"line":544,"column":48}},"loc":{"start":{"line":544,"column":76},"end":{"line":547,"column":5}},"line":544},"52":{"name":"(anonymous_52)","decl":{"start":{"line":552,"column":37},"end":{"line":552,"column":38}},"loc":{"start":{"line":552,"column":55},"end":{"line":582,"column":1}},"line":552},"53":{"name":"(anonymous_53)","decl":{"start":{"line":558,"column":18},"end":{"line":558,"column":19}},"loc":{"start":{"line":558,"column":46},"end":{"line":562,"column":5}},"line":558},"54":{"name":"(anonymous_54)","decl":{"start":{"line":566,"column":19},"end":{"line":566,"column":20}},"loc":{"start":{"line":566,"column":47},"end":{"line":569,"column":5}},"line":566},"55":{"name":"(anonymous_55)","decl":{"start":{"line":572,"column":19},"end":{"line":572,"column":20}},"loc":{"start":{"line":572,"column":47},"end":{"line":575,"column":5}},"line":572},"56":{"name":"(anonymous_56)","decl":{"start":{"line":584,"column":30},"end":{"line":584,"column":31}},"loc":{"start":{"line":584,"column":58},"end":{"line":591,"column":1}},"line":584}},"branchMap":{"0":{"loc":{"start":{"line":9,"column":4},"end":{"line":14,"column":5}},"type":"if","locations":[{"start":{"line":9,"column":4},"end":{"line":14,"column":5}},{"start":{"line":12,"column":9},"end":{"line":14,"column":5}}],"line":9},"1":{"loc":{"start":{"line":33,"column":4},"end":{"line":38,"column":5}},"type":"if","locations":[{"start":{"line":33,"column":4},"end":{"line":38,"column":5}},{"start":{"line":36,"column":9},"end":{"line":38,"column":5}}],"line":33},"2":{"loc":{"start":{"line":45,"column":4},"end":{"line":46,"column":44}},"type":"if","locations":[{"start":{"line":45,"column":4},"end":{"line":46,"column":44}},{"start":{},"end":{}}],"line":45},"3":{"loc":{"start":{"line":56,"column":4},"end":{"line":62,"column":5}},"type":"if","locations":[{"start":{"line":56,"column":4},"end":{"line":62,"column":5}},{"start":{"line":59,"column":9},"end":{"line":62,"column":5}}],"line":56},"4":{"loc":{"start":{"line":70,"column":4},"end":{"line":71,"column":44}},"type":"if","locations":[{"start":{"line":70,"column":4},"end":{"line":71,"column":44}},{"start":{},"end":{}}],"line":70},"5":{"loc":{"start":{"line":84,"column":4},"end":{"line":123,"column":5}},"type":"if","locations":[{"start":{"line":84,"column":4},"end":{"line":123,"column":5}},{"start":{"line":102,"column":9},"end":{"line":123,"column":5}}],"line":84},"6":{"loc":{"start":{"line":89,"column":12},"end":{"line":99,"column":13}},"type":"if","locations":[{"start":{"line":89,"column":12},"end":{"line":99,"column":13}},{"start":{},"end":{}}],"line":89},"7":{"loc":{"start":{"line":96,"column":16},"end":{"line":98,"column":17}},"type":"if","locations":[{"start":{"line":96,"column":16},"end":{"line":98,"column":17}},{"start":{},"end":{}}],"line":96},"8":{"loc":{"start":{"line":108,"column":12},"end":{"line":120,"column":13}},"type":"if","locations":[{"start":{"line":108,"column":12},"end":{"line":120,"column":13}},{"start":{},"end":{}}],"line":108},"9":{"loc":{"start":{"line":117,"column":16},"end":{"line":119,"column":17}},"type":"if","locations":[{"start":{"line":117,"column":16},"end":{"line":119,"column":17}},{"start":{},"end":{}}],"line":117},"10":{"loc":{"start":{"line":134,"column":4},"end":{"line":136,"column":5}},"type":"if","locations":[{"start":{"line":134,"column":4},"end":{"line":136,"column":5}},{"start":{},"end":{}}],"line":134},"11":{"loc":{"start":{"line":137,"column":4},"end":{"line":139,"column":5}},"type":"if","locations":[{"start":{"line":137,"column":4},"end":{"line":139,"column":5}},{"start":{},"end":{}}],"line":137},"12":{"loc":{"start":{"line":140,"column":4},"end":{"line":143,"column":5}},"type":"if","locations":[{"start":{"line":140,"column":4},"end":{"line":143,"column":5}},{"start":{},"end":{}}],"line":140},"13":{"loc":{"start":{"line":146,"column":4},"end":{"line":165,"column":5}},"type":"if","locations":[{"start":{"line":146,"column":4},"end":{"line":165,"column":5}},{"start":{},"end":{}}],"line":146},"14":{"loc":{"start":{"line":174,"column":4},"end":{"line":175,"column":69}},"type":"if","locations":[{"start":{"line":174,"column":4},"end":{"line":175,"column":69}},{"start":{},"end":{}}],"line":174},"15":{"loc":{"start":{"line":394,"column":4},"end":{"line":416,"column":5}},"type":"if","locations":[{"start":{"line":394,"column":4},"end":{"line":416,"column":5}},{"start":{"line":406,"column":9},"end":{"line":416,"column":5}}],"line":394}},"s":{"0":4,"1":0,"2":0,"3":0,"4":0,"5":0,"6":0,"7":0,"8":4,"9":0,"10":0,"11":0,"12":0,"13":0,"14":0,"15":0,"16":0,"17":0,"18":0,"19":0,"20":4,"21":0,"22":0,"23":0,"24":0,"25":0,"26":0,"27":0,"28":0,"29":0,"30":0,"31":0,"32":4,"33":0,"34":0,"35":0,"36":0,"37":0,"38":0,"39":0,"40":0,"41":0,"42":0,"43":0,"44":0,"45":0,"46":0,"47":0,"48":0,"49":0,"50":0,"51":0,"52":0,"53":0,"54":0,"55":0,"56":0,"57":4,"58":0,"59":0,"60":0,"61":0,"62":0,"63":0,"64":0,"65":0,"66":0,"67":0,"68":0,"69":0,"70":0,"71":0,"72":0,"73":0,"74":0,"75":0,"76":0,"77":4,"78":0,"79":0,"80":0,"81":0,"82":0,"83":4,"84":0,"85":0,"86":0,"87":0,"88":0,"89":0,"90":0,"91":0,"92":0,"93":0,"94":4,"95":0,"96":0,"97":0,"98":0,"99":0,"100":0,"101":4,"102":0,"103":0,"104":0,"105":0,"106":4,"107":0,"108":0,"109":0,"110":0,"111":0,"112":0,"113":0,"114":0,"115":0,"116":4,"117":0,"118":0,"119":0,"120":0,"121":0,"122":0,"123":0,"124":0,"125":0,"126":0,"127":0,"128":0,"129":0,"130":4,"131":0,"132":0,"133":0,"134":4,"135":0,"136":0,"137":0,"138":4,"139":0,"140":0,"141":0,"142":4,"143":0,"144":0,"145":0,"146":4,"147":0,"148":0,"149":0,"150":4,"151":0,"152":0,"153":0,"154":4,"155":0,"156":0,"157":0,"158":4,"159":0,"160":0,"161":0,"162":0,"163":0,"164":0,"165":0,"166":0,"167":0,"168":0,"169":4,"170":0,"171":0,"172":0,"173":0,"174":0,"175":0,"176":4,"177":0,"178":0,"179":0,"180":0,"181":0,"182":0,"183":4,"184":0,"185":0,"186":0,"187":0,"188":0,"189":0,"190":4,"191":0,"192":0,"193":0,"194":0,"195":4,"196":0,"197":0,"198":0,"199":0,"200":0,"201":0,"202":0,"203":0,"204":0,"205":0,"206":4,"207":0,"208":0,"209":0,"210":0,"211":4,"212":3,"213":0,"214":0,"215":0,"216":0,"217":0,"218":4,"219":0,"220":0,"221":0,"222":0,"223":4,"224":0,"225":0,"226":4,"227":1,"228":0,"229":0,"230":4,"231":0,"232":0,"233":4,"234":0,"235":0,"236":0,"237":0,"238":4,"239":0,"240":0,"241":0,"242":0,"243":0,"244":0,"245":4,"246":0,"247":0,"248":0,"249":0,"250":0,"251":0,"252":0,"253":4,"254":0,"255":0,"256":0,"257":4,"258":0,"259":0,"260":0,"261":0,"262":0,"263":4,"264":0,"265":0,"266":0,"267":0,"268":0,"269":0,"270":0,"271":0,"272":0,"273":0,"274":0,"275":0,"276":0,"277":0,"278":0,"279":4,"280":0,"281":0,"282":0},"f":{"0":0,"1":0,"2":0,"3":0,"4":0,"5":0,"6":0,"7":0,"8":0,"9":0,"10":0,"11":0,"12":0,"13":0,"14":0,"15":0,"16":0,"17":0,"18":0,"19":0,"20":0,"21":0,"22":0,"23":0,"24":0,"25":0,"26":0,"27":0,"28":0,"29":0,"30":0,"31":0,"32":0,"33":0,"34":0,"35":0,"36":0,"37":0,"38":0,"39":3,"40":0,"41":0,"42":0,"43":1,"44":0,"45":0,"46":0,"47":0,"48":0,"49":0,"50":0,"51":0,"52":0,"53":0,"54":0,"55":0,"56":0},"b":{"0":[0,0],"1":[0,0],"2":[0,0],"3":[0,0],"4":[0,0],"5":[0,0],"6":[0,0],"7":[0,0],"8":[0,0],"9":[0,0],"10":[0,0],"11":[0,0],"12":[0,0],"13":[0,0],"14":[0,0],"15":[0,0]},"_coverageSchema":"1a1c01bbd47fc00a2c39e90264f33305004495a9","hash":"089c441e132783f48a610dbe6c02a696ddb619ef"}
,"E:\\TFG\\TFGRead\\scr\\hooks\\Storage.js": {"path":"E:\\TFG\\TFGRead\\scr\\hooks\\Storage.js","statementMap":{"0":{"start":{"line":4,"column":33},"end":{"line":20,"column":1}},"1":{"start":{"line":5,"column":21},"end":{"line":5,"column":23}},"2":{"start":{"line":6,"column":20},"end":{"line":6,"column":38}},"3":{"start":{"line":7,"column":22},"end":{"line":7,"column":44}},"4":{"start":{"line":8,"column":20},"end":{"line":8,"column":32}},"5":{"start":{"line":9,"column":17},"end":{"line":9,"column":56}},"6":{"start":{"line":10,"column":4},"end":{"line":18,"column":6}},"7":{"start":{"line":14,"column":8},"end":{"line":17,"column":10}},"8":{"start":{"line":15,"column":12},"end":{"line":15,"column":29}},"9":{"start":{"line":19,"column":4},"end":{"line":19,"column":22}},"10":{"start":{"line":22,"column":38},"end":{"line":38,"column":1}},"11":{"start":{"line":24,"column":20},"end":{"line":24,"column":22}},"12":{"start":{"line":25,"column":20},"end":{"line":25,"column":38}},"13":{"start":{"line":26,"column":22},"end":{"line":26,"column":44}},"14":{"start":{"line":27,"column":20},"end":{"line":27,"column":32}},"15":{"start":{"line":28,"column":17},"end":{"line":28,"column":53}},"16":{"start":{"line":29,"column":4},"end":{"line":36,"column":6}},"17":{"start":{"line":33,"column":8},"end":{"line":35,"column":10}},"18":{"start":{"line":34,"column":12},"end":{"line":34,"column":28}},"19":{"start":{"line":37,"column":4},"end":{"line":37,"column":21}}},"fnMap":{"0":{"name":"(anonymous_0)","decl":{"start":{"line":4,"column":33},"end":{"line":4,"column":34}},"loc":{"start":{"line":4,"column":61},"end":{"line":20,"column":1}},"line":4},"1":{"name":"(anonymous_1)","decl":{"start":{"line":10,"column":44},"end":{"line":10,"column":45}},"loc":{"start":{"line":10,"column":58},"end":{"line":12,"column":5}},"line":10},"2":{"name":"(anonymous_2)","decl":{"start":{"line":13,"column":11},"end":{"line":13,"column":12}},"loc":{"start":{"line":13,"column":23},"end":{"line":18,"column":5}},"line":13},"3":{"name":"(anonymous_3)","decl":{"start":{"line":14,"column":75},"end":{"line":14,"column":76}},"loc":{"start":{"line":14,"column":84},"end":{"line":17,"column":9}},"line":14},"4":{"name":"(anonymous_4)","decl":{"start":{"line":22,"column":38},"end":{"line":22,"column":39}},"loc":{"start":{"line":22,"column":62},"end":{"line":38,"column":1}},"line":22},"5":{"name":"(anonymous_5)","decl":{"start":{"line":29,"column":44},"end":{"line":29,"column":45}},"loc":{"start":{"line":29,"column":58},"end":{"line":31,"column":5}},"line":29},"6":{"name":"(anonymous_6)","decl":{"start":{"line":32,"column":11},"end":{"line":32,"column":12}},"loc":{"start":{"line":32,"column":23},"end":{"line":36,"column":5}},"line":32},"7":{"name":"(anonymous_7)","decl":{"start":{"line":33,"column":72},"end":{"line":33,"column":73}},"loc":{"start":{"line":33,"column":81},"end":{"line":35,"column":9}},"line":33}},"branchMap":{},"s":{"0":3,"1":1,"2":1,"3":0,"4":0,"5":0,"6":0,"7":0,"8":0,"9":0,"10":3,"11":1,"12":1,"13":0,"14":0,"15":0,"16":0,"17":0,"18":0,"19":0},"f":{"0":1,"1":0,"2":0,"3":0,"4":1,"5":0,"6":0,"7":0},"b":{},"_coverageSchema":"1a1c01bbd47fc00a2c39e90264f33305004495a9","hash":"f86d79911407a0270137dddc30d0b654ac471f63"}
,"E:\\TFG\\TFGRead\\scr\\hooks\\Auth\\Auth.js": {"path":"E:\\TFG\\TFGRead\\scr\\hooks\\Auth\\Auth.js","statementMap":{"0":{"start":{"line":6,"column":33},"end":{"line":16,"column":1}},"1":{"start":{"line":7,"column":15},"end":{"line":7,"column":24}},"2":{"start":{"line":8,"column":2},"end":{"line":14,"column":41}},"3":{"start":{"line":11,"column":19},"end":{"line":11,"column":39}},"4":{"start":{"line":12,"column":6},"end":{"line":12,"column":49}},"5":{"start":{"line":14,"column":20},"end":{"line":14,"column":40}},"6":{"start":{"line":18,"column":2},"end":{"line":18,"column":32}},"7":{"start":{"line":21,"column":30},"end":{"line":43,"column":1}},"8":{"start":{"line":23,"column":2},"end":{"line":42,"column":3}},"9":{"start":{"line":24,"column":17},"end":{"line":24,"column":26}},"10":{"start":{"line":25,"column":4},"end":{"line":30,"column":44}},"11":{"start":{"line":27,"column":21},"end":{"line":27,"column":41}},"12":{"start":{"line":28,"column":8},"end":{"line":28,"column":42}},"13":{"start":{"line":30,"column":23},"end":{"line":30,"column":43}},"14":{"start":{"line":33,"column":4},"end":{"line":41,"column":10}},"15":{"start":{"line":45,"column":27},"end":{"line":63,"column":1}},"16":{"start":{"line":46,"column":15},"end":{"line":46,"column":24}},"17":{"start":{"line":47,"column":2},"end":{"line":62,"column":44}},"18":{"start":{"line":49,"column":6},"end":{"line":49,"column":47}},"19":{"start":{"line":50,"column":6},"end":{"line":59,"column":12}},"20":{"start":{"line":56,"column":27},"end":{"line":56,"column":55}},"21":{"start":{"line":62,"column":22},"end":{"line":62,"column":42}},"22":{"start":{"line":65,"column":27},"end":{"line":68,"column":1}},"23":{"start":{"line":66,"column":15},"end":{"line":66,"column":24}},"24":{"start":{"line":67,"column":2},"end":{"line":67,"column":33}}},"fnMap":{"0":{"name":"(anonymous_0)","decl":{"start":{"line":6,"column":33},"end":{"line":6,"column":34}},"loc":{"start":{"line":6,"column":54},"end":{"line":16,"column":1}},"line":6},"1":{"name":"(anonymous_1)","decl":{"start":{"line":9,"column":10},"end":{"line":9,"column":11}},"loc":{"start":{"line":9,"column":29},"end":{"line":13,"column":5}},"line":9},"2":{"name":"(anonymous_2)","decl":{"start":{"line":14,"column":11},"end":{"line":14,"column":12}},"loc":{"start":{"line":14,"column":20},"end":{"line":14,"column":40}},"line":14},"3":{"name":"handleContraseñasIguales","decl":{"start":{"line":17,"column":9},"end":{"line":17,"column":33}},"loc":{"start":{"line":17,"column":56},"end":{"line":19,"column":1}},"line":17},"4":{"name":"(anonymous_4)","decl":{"start":{"line":21,"column":30},"end":{"line":21,"column":31}},"loc":{"start":{"line":21,"column":63},"end":{"line":43,"column":1}},"line":21},"5":{"name":"(anonymous_5)","decl":{"start":{"line":26,"column":12},"end":{"line":26,"column":13}},"loc":{"start":{"line":26,"column":31},"end":{"line":29,"column":7}},"line":26},"6":{"name":"(anonymous_6)","decl":{"start":{"line":30,"column":14},"end":{"line":30,"column":15}},"loc":{"start":{"line":30,"column":23},"end":{"line":30,"column":43}},"line":30},"7":{"name":"(anonymous_7)","decl":{"start":{"line":45,"column":27},"end":{"line":45,"column":28}},"loc":{"start":{"line":45,"column":38},"end":{"line":63,"column":1}},"line":45},"8":{"name":"(anonymous_8)","decl":{"start":{"line":48,"column":10},"end":{"line":48,"column":11}},"loc":{"start":{"line":48,"column":16},"end":{"line":61,"column":5}},"line":48},"9":{"name":"(anonymous_9)","decl":{"start":{"line":56,"column":21},"end":{"line":56,"column":22}},"loc":{"start":{"line":56,"column":27},"end":{"line":56,"column":55}},"line":56},"10":{"name":"(anonymous_10)","decl":{"start":{"line":62,"column":11},"end":{"line":62,"column":12}},"loc":{"start":{"line":62,"column":22},"end":{"line":62,"column":42}},"line":62},"11":{"name":"(anonymous_11)","decl":{"start":{"line":65,"column":27},"end":{"line":65,"column":28}},"loc":{"start":{"line":65,"column":39},"end":{"line":68,"column":1}},"line":65}},"branchMap":{"0":{"loc":{"start":{"line":23,"column":2},"end":{"line":42,"column":3}},"type":"if","locations":[{"start":{"line":23,"column":2},"end":{"line":42,"column":3}},{"start":{"line":32,"column":7},"end":{"line":42,"column":3}}],"line":23}},"s":{"0":5,"1":1,"2":1,"3":1,"4":1,"5":1,"6":1,"7":5,"8":1,"9":1,"10":1,"11":1,"12":1,"13":1,"14":0,"15":5,"16":1,"17":1,"18":1,"19":1,"20":0,"21":0,"22":5,"23":0,"24":0},"f":{"0":1,"1":1,"2":1,"3":1,"4":1,"5":1,"6":1,"7":1,"8":1,"9":0,"10":0,"11":0},"b":{"0":[1,0]},"_coverageSchema":"1a1c01bbd47fc00a2c39e90264f33305004495a9","hash":"de7f6ad84dea970e9c696d447eec7904088cdb11"}
,"E:\\TFG\\TFGRead\\scr\\hooks\\Auth\\Firestore.js": {"path":"E:\\TFG\\TFGRead\\scr\\hooks\\Auth\\Firestore.js","statementMap":{"0":{"start":{"line":3,"column":38},"end":{"line":19,"column":1}},"1":{"start":{"line":4,"column":13},"end":{"line":4,"column":27}},"2":{"start":{"line":5,"column":25},"end":{"line":5,"column":51}},"3":{"start":{"line":6,"column":23},"end":{"line":17,"column":3}},"4":{"start":{"line":18,"column":2},"end":{"line":18,"column":38}},"5":{"start":{"line":21,"column":56},"end":{"line":29,"column":1}},"6":{"start":{"line":22,"column":13},"end":{"line":22,"column":27}},"7":{"start":{"line":23,"column":16},"end":{"line":23,"column":61}},"8":{"start":{"line":24,"column":2},"end":{"line":27,"column":4}},"9":{"start":{"line":31,"column":38},"end":{"line":42,"column":1}},"10":{"start":{"line":33,"column":13},"end":{"line":33,"column":27}},"11":{"start":{"line":34,"column":13},"end":{"line":34,"column":15}},"12":{"start":{"line":35,"column":15},"end":{"line":35,"column":74}},"13":{"start":{"line":36,"column":2},"end":{"line":39,"column":6}},"14":{"start":{"line":36,"column":70},"end":{"line":39,"column":3}},"15":{"start":{"line":41,"column":2},"end":{"line":41,"column":14}},"16":{"start":{"line":45,"column":48},"end":{"line":53,"column":1}},"17":{"start":{"line":47,"column":13},"end":{"line":47,"column":27}},"18":{"start":{"line":48,"column":16},"end":{"line":48,"column":61}},"19":{"start":{"line":49,"column":2},"end":{"line":52,"column":4}},"20":{"start":{"line":55,"column":29},"end":{"line":66,"column":1}},"21":{"start":{"line":56,"column":13},"end":{"line":56,"column":27}},"22":{"start":{"line":57,"column":16},"end":{"line":57,"column":18}},"23":{"start":{"line":58,"column":15},"end":{"line":58,"column":56}},"24":{"start":{"line":59,"column":2},"end":{"line":63,"column":6}},"25":{"start":{"line":59,"column":73},"end":{"line":63,"column":3}},"26":{"start":{"line":65,"column":2},"end":{"line":65,"column":17}},"27":{"start":{"line":68,"column":42},"end":{"line":79,"column":1}},"28":{"start":{"line":69,"column":13},"end":{"line":69,"column":18}},"29":{"start":{"line":70,"column":13},"end":{"line":70,"column":27}},"30":{"start":{"line":72,"column":15},"end":{"line":72,"column":112}},"31":{"start":{"line":73,"column":2},"end":{"line":75,"column":4}},"32":{"start":{"line":74,"column":4},"end":{"line":74,"column":16}},"33":{"start":{"line":76,"column":2},"end":{"line":76,"column":14}},"34":{"start":{"line":80,"column":30},"end":{"line":89,"column":1}},"35":{"start":{"line":82,"column":13},"end":{"line":82,"column":18}},"36":{"start":{"line":83,"column":2},"end":{"line":86,"column":3}},"37":{"start":{"line":83,"column":15},"end":{"line":83,"column":16}},"38":{"start":{"line":83,"column":24},"end":{"line":83,"column":39}},"39":{"start":{"line":84,"column":4},"end":{"line":85,"column":18}},"40":{"start":{"line":85,"column":6},"end":{"line":85,"column":18}},"41":{"start":{"line":88,"column":2},"end":{"line":88,"column":14}},"42":{"start":{"line":91,"column":27},"end":{"line":98,"column":1}},"43":{"start":{"line":93,"column":22},"end":{"line":93,"column":52}},"44":{"start":{"line":95,"column":2},"end":{"line":97,"column":4}},"45":{"start":{"line":100,"column":32},"end":{"line":107,"column":1}},"46":{"start":{"line":101,"column":22},"end":{"line":101,"column":52}},"47":{"start":{"line":103,"column":2},"end":{"line":105,"column":4}},"48":{"start":{"line":109,"column":37},"end":{"line":116,"column":1}},"49":{"start":{"line":111,"column":13},"end":{"line":111,"column":27}},"50":{"start":{"line":112,"column":28},"end":{"line":112,"column":54}},"51":{"start":{"line":113,"column":29},"end":{"line":113,"column":60}},"52":{"start":{"line":114,"column":2},"end":{"line":114,"column":47}},"53":{"start":{"line":117,"column":39},"end":{"line":124,"column":1}},"54":{"start":{"line":119,"column":13},"end":{"line":119,"column":27}},"55":{"start":{"line":120,"column":28},"end":{"line":120,"column":54}},"56":{"start":{"line":121,"column":29},"end":{"line":121,"column":60}},"57":{"start":{"line":122,"column":2},"end":{"line":122,"column":73}},"58":{"start":{"line":127,"column":32},"end":{"line":135,"column":1}},"59":{"start":{"line":128,"column":13},"end":{"line":128,"column":27}},"60":{"start":{"line":130,"column":15},"end":{"line":130,"column":106}},"61":{"start":{"line":131,"column":2},"end":{"line":133,"column":4}},"62":{"start":{"line":132,"column":4},"end":{"line":132,"column":42}},"63":{"start":{"line":134,"column":2},"end":{"line":134,"column":23}},"64":{"start":{"line":137,"column":37},"end":{"line":142,"column":1}},"65":{"start":{"line":138,"column":13},"end":{"line":138,"column":27}},"66":{"start":{"line":139,"column":28},"end":{"line":139,"column":54}},"67":{"start":{"line":140,"column":29},"end":{"line":140,"column":60}},"68":{"start":{"line":141,"column":2},"end":{"line":141,"column":50}},"69":{"start":{"line":144,"column":34},"end":{"line":155,"column":1}},"70":{"start":{"line":145,"column":13},"end":{"line":145,"column":27}},"71":{"start":{"line":146,"column":24},"end":{"line":146,"column":86}},"72":{"start":{"line":147,"column":2},"end":{"line":153,"column":4}},"73":{"start":{"line":157,"column":32},"end":{"line":162,"column":1}},"74":{"start":{"line":158,"column":15},"end":{"line":158,"column":29}},"75":{"start":{"line":159,"column":18},"end":{"line":159,"column":88}},"76":{"start":{"line":160,"column":4},"end":{"line":160,"column":24}},"77":{"start":{"line":164,"column":30},"end":{"line":177,"column":1}},"78":{"start":{"line":165,"column":21},"end":{"line":165,"column":23}},"79":{"start":{"line":166,"column":2},"end":{"line":173,"column":3}},"80":{"start":{"line":167,"column":15},"end":{"line":167,"column":29}},"81":{"start":{"line":168,"column":17},"end":{"line":168,"column":121}},"82":{"start":{"line":169,"column":4},"end":{"line":172,"column":8}},"83":{"start":{"line":169,"column":80},"end":{"line":172,"column":5}},"84":{"start":{"line":175,"column":2},"end":{"line":175,"column":22}},"85":{"start":{"line":179,"column":36},"end":{"line":195,"column":1}},"86":{"start":{"line":180,"column":19},"end":{"line":180,"column":21}},"87":{"start":{"line":181,"column":2},"end":{"line":193,"column":3}},"88":{"start":{"line":182,"column":15},"end":{"line":182,"column":29}},"89":{"start":{"line":183,"column":17},"end":{"line":183,"column":122}},"90":{"start":{"line":184,"column":4},"end":{"line":192,"column":6}},"91":{"start":{"line":185,"column":6},"end":{"line":191,"column":7}},"92":{"start":{"line":186,"column":8},"end":{"line":190,"column":11}},"93":{"start":{"line":194,"column":2},"end":{"line":194,"column":20}},"94":{"start":{"line":198,"column":30},"end":{"line":210,"column":1}},"95":{"start":{"line":200,"column":13},"end":{"line":200,"column":27}},"96":{"start":{"line":201,"column":24},"end":{"line":201,"column":84}},"97":{"start":{"line":202,"column":2},"end":{"line":208,"column":4}},"98":{"start":{"line":213,"column":39},"end":{"line":223,"column":1}},"99":{"start":{"line":215,"column":22},"end":{"line":215,"column":48}},"100":{"start":{"line":217,"column":2},"end":{"line":219,"column":4}},"101":{"start":{"line":227,"column":42},"end":{"line":234,"column":1}},"102":{"start":{"line":228,"column":22},"end":{"line":228,"column":48}},"103":{"start":{"line":230,"column":2},"end":{"line":232,"column":4}},"104":{"start":{"line":235,"column":44},"end":{"line":242,"column":1}},"105":{"start":{"line":237,"column":22},"end":{"line":237,"column":75}},"106":{"start":{"line":238,"column":2},"end":{"line":240,"column":4}},"107":{"start":{"line":244,"column":39},"end":{"line":248,"column":1}},"108":{"start":{"line":246,"column":2},"end":{"line":246,"column":64}},"109":{"start":{"line":250,"column":38},"end":{"line":258,"column":1}},"110":{"start":{"line":252,"column":2},"end":{"line":252,"column":69}},"111":{"start":{"line":254,"column":2},"end":{"line":254,"column":40}},"112":{"start":{"line":255,"column":2},"end":{"line":255,"column":40}},"113":{"start":{"line":260,"column":29},"end":{"line":264,"column":1}},"114":{"start":{"line":261,"column":27},"end":{"line":261,"column":57}},"115":{"start":{"line":262,"column":25},"end":{"line":262,"column":59}},"116":{"start":{"line":263,"column":2},"end":{"line":263,"column":42}},"117":{"start":{"line":266,"column":25},"end":{"line":273,"column":1}},"118":{"start":{"line":268,"column":13},"end":{"line":268,"column":27}},"119":{"start":{"line":269,"column":22},"end":{"line":269,"column":48}},"120":{"start":{"line":270,"column":23},"end":{"line":270,"column":48}},"121":{"start":{"line":271,"column":2},"end":{"line":271,"column":36}},"122":{"start":{"line":275,"column":32},"end":{"line":285,"column":1}},"123":{"start":{"line":277,"column":15},"end":{"line":277,"column":37}},"124":{"start":{"line":279,"column":2},"end":{"line":283,"column":3}},"125":{"start":{"line":279,"column":15},"end":{"line":279,"column":16}},"126":{"start":{"line":279,"column":24},"end":{"line":279,"column":37}},"127":{"start":{"line":280,"column":4},"end":{"line":282,"column":5}},"128":{"start":{"line":281,"column":6},"end":{"line":281,"column":18}},"129":{"start":{"line":284,"column":2},"end":{"line":284,"column":15}},"130":{"start":{"line":288,"column":48},"end":{"line":294,"column":1}},"131":{"start":{"line":289,"column":13},"end":{"line":289,"column":27}},"132":{"start":{"line":290,"column":16},"end":{"line":290,"column":88}},"133":{"start":{"line":291,"column":2},"end":{"line":291,"column":22}},"134":{"start":{"line":297,"column":41},"end":{"line":314,"column":1}},"135":{"start":{"line":298,"column":19},"end":{"line":298,"column":21}},"136":{"start":{"line":299,"column":2},"end":{"line":311,"column":3}},"137":{"start":{"line":300,"column":15},"end":{"line":300,"column":29}},"138":{"start":{"line":301,"column":17},"end":{"line":301,"column":122}},"139":{"start":{"line":302,"column":4},"end":{"line":310,"column":6}},"140":{"start":{"line":303,"column":6},"end":{"line":309,"column":7}},"141":{"start":{"line":304,"column":8},"end":{"line":308,"column":11}},"142":{"start":{"line":312,"column":2},"end":{"line":312,"column":20}},"143":{"start":{"line":316,"column":39},"end":{"line":324,"column":1}},"144":{"start":{"line":318,"column":13},"end":{"line":318,"column":27}},"145":{"start":{"line":319,"column":25},"end":{"line":319,"column":70}},"146":{"start":{"line":320,"column":19},"end":{"line":320,"column":42}},"147":{"start":{"line":322,"column":2},"end":{"line":322,"column":31}},"148":{"start":{"line":330,"column":33},"end":{"line":359,"column":1}},"149":{"start":{"line":333,"column":21},"end":{"line":333,"column":22}},"150":{"start":{"line":334,"column":28},"end":{"line":334,"column":29}},"151":{"start":{"line":340,"column":13},"end":{"line":340,"column":27}},"152":{"start":{"line":341,"column":34},"end":{"line":341,"column":60}},"153":{"start":{"line":342,"column":31},"end":{"line":342,"column":68}},"154":{"start":{"line":343,"column":2},"end":{"line":343,"column":63}},"155":{"start":{"line":345,"column":2},"end":{"line":357,"column":3}},"156":{"start":{"line":347,"column":34},"end":{"line":347,"column":66}},"157":{"start":{"line":348,"column":31},"end":{"line":348,"column":66}},"158":{"start":{"line":350,"column":4},"end":{"line":350,"column":72}},"159":{"start":{"line":351,"column":4},"end":{"line":351,"column":65}},"160":{"start":{"line":352,"column":4},"end":{"line":352,"column":240}},"161":{"start":{"line":353,"column":4},"end":{"line":353,"column":23}},"162":{"start":{"line":356,"column":4},"end":{"line":356,"column":14}},"163":{"start":{"line":361,"column":41},"end":{"line":368,"column":1}},"164":{"start":{"line":363,"column":13},"end":{"line":363,"column":27}},"165":{"start":{"line":364,"column":34},"end":{"line":364,"column":60}},"166":{"start":{"line":365,"column":31},"end":{"line":365,"column":68}},"167":{"start":{"line":366,"column":2},"end":{"line":366,"column":57}},"168":{"start":{"line":370,"column":38},"end":{"line":378,"column":1}},"169":{"start":{"line":371,"column":13},"end":{"line":371,"column":27}},"170":{"start":{"line":373,"column":15},"end":{"line":373,"column":90}},"171":{"start":{"line":374,"column":2},"end":{"line":376,"column":4}},"172":{"start":{"line":375,"column":4},"end":{"line":375,"column":37}},"173":{"start":{"line":377,"column":2},"end":{"line":377,"column":19}},"174":{"start":{"line":380,"column":37},"end":{"line":399,"column":1}},"175":{"start":{"line":381,"column":23},"end":{"line":381,"column":25}},"176":{"start":{"line":382,"column":16},"end":{"line":382,"column":18}},"177":{"start":{"line":383,"column":13},"end":{"line":383,"column":27}},"178":{"start":{"line":384,"column":23},"end":{"line":384,"column":49}},"179":{"start":{"line":385,"column":25},"end":{"line":385,"column":51}},"180":{"start":{"line":386,"column":2},"end":{"line":386,"column":49}},"181":{"start":{"line":388,"column":2},"end":{"line":396,"column":3}},"182":{"start":{"line":388,"column":15},"end":{"line":388,"column":16}},"183":{"start":{"line":388,"column":24},"end":{"line":388,"column":45}},"184":{"start":{"line":390,"column":26},"end":{"line":390,"column":64}},"185":{"start":{"line":391,"column":28},"end":{"line":391,"column":55}},"186":{"start":{"line":393,"column":4},"end":{"line":393,"column":95}},"187":{"start":{"line":398,"column":2},"end":{"line":398,"column":16}},"188":{"start":{"line":401,"column":50},"end":{"line":405,"column":1}},"189":{"start":{"line":402,"column":13},"end":{"line":402,"column":27}},"190":{"start":{"line":403,"column":16},"end":{"line":403,"column":75}},"191":{"start":{"line":404,"column":2},"end":{"line":404,"column":22}},"192":{"start":{"line":407,"column":29},"end":{"line":414,"column":1}},"193":{"start":{"line":409,"column":13},"end":{"line":409,"column":27}},"194":{"start":{"line":410,"column":17},"end":{"line":410,"column":43}},"195":{"start":{"line":411,"column":18},"end":{"line":411,"column":38}},"196":{"start":{"line":412,"column":2},"end":{"line":412,"column":29}},"197":{"start":{"line":416,"column":41},"end":{"line":425,"column":1}},"198":{"start":{"line":418,"column":13},"end":{"line":418,"column":27}},"199":{"start":{"line":419,"column":17},"end":{"line":419,"column":43}},"200":{"start":{"line":420,"column":15},"end":{"line":422,"column":3}},"201":{"start":{"line":423,"column":2},"end":{"line":423,"column":25}},"202":{"start":{"line":427,"column":34},"end":{"line":436,"column":1}},"203":{"start":{"line":429,"column":13},"end":{"line":429,"column":27}},"204":{"start":{"line":430,"column":17},"end":{"line":430,"column":43}},"205":{"start":{"line":431,"column":15},"end":{"line":433,"column":3}},"206":{"start":{"line":434,"column":2},"end":{"line":434,"column":25}},"207":{"start":{"line":437,"column":36},"end":{"line":450,"column":1}},"208":{"start":{"line":438,"column":13},"end":{"line":438,"column":27}},"209":{"start":{"line":440,"column":13},"end":{"line":440,"column":60}},"210":{"start":{"line":441,"column":15},"end":{"line":443,"column":3}},"211":{"start":{"line":445,"column":2},"end":{"line":448,"column":3}},"212":{"start":{"line":446,"column":23},"end":{"line":446,"column":68}},"213":{"start":{"line":447,"column":4},"end":{"line":447,"column":31}},"214":{"start":{"line":452,"column":39},"end":{"line":462,"column":1}},"215":{"start":{"line":454,"column":13},"end":{"line":454,"column":27}},"216":{"start":{"line":455,"column":19},"end":{"line":455,"column":45}},"217":{"start":{"line":456,"column":15},"end":{"line":459,"column":3}},"218":{"start":{"line":460,"column":2},"end":{"line":460,"column":27}},"219":{"start":{"line":464,"column":30},"end":{"line":480,"column":1}},"220":{"start":{"line":465,"column":16},"end":{"line":465,"column":18}},"221":{"start":{"line":467,"column":13},"end":{"line":467,"column":27}},"222":{"start":{"line":468,"column":12},"end":{"line":468,"column":86}},"223":{"start":{"line":469,"column":2},"end":{"line":476,"column":5}},"224":{"start":{"line":470,"column":4},"end":{"line":475,"column":7}},"225":{"start":{"line":471,"column":6},"end":{"line":474,"column":9}},"226":{"start":{"line":478,"column":2},"end":{"line":478,"column":15}}},"fnMap":{"0":{"name":"(anonymous_0)","decl":{"start":{"line":3,"column":38},"end":{"line":3,"column":39}},"loc":{"start":{"line":3,"column":49},"end":{"line":19,"column":1}},"line":3},"1":{"name":"(anonymous_1)","decl":{"start":{"line":21,"column":56},"end":{"line":21,"column":57}},"loc":{"start":{"line":21,"column":85},"end":{"line":29,"column":1}},"line":21},"2":{"name":"(anonymous_2)","decl":{"start":{"line":31,"column":38},"end":{"line":31,"column":39}},"loc":{"start":{"line":31,"column":55},"end":{"line":42,"column":1}},"line":31},"3":{"name":"(anonymous_3)","decl":{"start":{"line":36,"column":41},"end":{"line":36,"column":42}},"loc":{"start":{"line":36,"column":70},"end":{"line":39,"column":3}},"line":36},"4":{"name":"(anonymous_4)","decl":{"start":{"line":45,"column":48},"end":{"line":45,"column":49}},"loc":{"start":{"line":45,"column":67},"end":{"line":53,"column":1}},"line":45},"5":{"name":"(anonymous_5)","decl":{"start":{"line":55,"column":29},"end":{"line":55,"column":30}},"loc":{"start":{"line":55,"column":41},"end":{"line":66,"column":1}},"line":55},"6":{"name":"(anonymous_6)","decl":{"start":{"line":59,"column":44},"end":{"line":59,"column":45}},"loc":{"start":{"line":59,"column":73},"end":{"line":63,"column":3}},"line":59},"7":{"name":"(anonymous_7)","decl":{"start":{"line":68,"column":42},"end":{"line":68,"column":43}},"loc":{"start":{"line":68,"column":67},"end":{"line":79,"column":1}},"line":68},"8":{"name":"(anonymous_8)","decl":{"start":{"line":73,"column":16},"end":{"line":73,"column":17}},"loc":{"start":{"line":73,"column":44},"end":{"line":75,"column":3}},"line":73},"9":{"name":"(anonymous_9)","decl":{"start":{"line":80,"column":30},"end":{"line":80,"column":31}},"loc":{"start":{"line":80,"column":73},"end":{"line":89,"column":1}},"line":80},"10":{"name":"(anonymous_10)","decl":{"start":{"line":91,"column":27},"end":{"line":91,"column":28}},"loc":{"start":{"line":91,"column":60},"end":{"line":98,"column":1}},"line":91},"11":{"name":"(anonymous_11)","decl":{"start":{"line":100,"column":32},"end":{"line":100,"column":33}},"loc":{"start":{"line":100,"column":65},"end":{"line":107,"column":1}},"line":100},"12":{"name":"(anonymous_12)","decl":{"start":{"line":109,"column":37},"end":{"line":109,"column":38}},"loc":{"start":{"line":109,"column":54},"end":{"line":116,"column":1}},"line":109},"13":{"name":"(anonymous_13)","decl":{"start":{"line":117,"column":39},"end":{"line":117,"column":40}},"loc":{"start":{"line":117,"column":56},"end":{"line":124,"column":1}},"line":117},"14":{"name":"(anonymous_14)","decl":{"start":{"line":127,"column":32},"end":{"line":127,"column":33}},"loc":{"start":{"line":127,"column":49},"end":{"line":135,"column":1}},"line":127},"15":{"name":"(anonymous_15)","decl":{"start":{"line":131,"column":16},"end":{"line":131,"column":17}},"loc":{"start":{"line":131,"column":44},"end":{"line":133,"column":3}},"line":131},"16":{"name":"(anonymous_16)","decl":{"start":{"line":137,"column":37},"end":{"line":137,"column":38}},"loc":{"start":{"line":137,"column":54},"end":{"line":142,"column":1}},"line":137},"17":{"name":"(anonymous_17)","decl":{"start":{"line":144,"column":34},"end":{"line":144,"column":35}},"loc":{"start":{"line":144,"column":85},"end":{"line":155,"column":1}},"line":144},"18":{"name":"(anonymous_18)","decl":{"start":{"line":157,"column":32},"end":{"line":157,"column":33}},"loc":{"start":{"line":157,"column":62},"end":{"line":162,"column":1}},"line":157},"19":{"name":"(anonymous_19)","decl":{"start":{"line":164,"column":30},"end":{"line":164,"column":31}},"loc":{"start":{"line":164,"column":47},"end":{"line":177,"column":1}},"line":164},"20":{"name":"(anonymous_20)","decl":{"start":{"line":169,"column":51},"end":{"line":169,"column":52}},"loc":{"start":{"line":169,"column":80},"end":{"line":172,"column":5}},"line":169},"21":{"name":"(anonymous_21)","decl":{"start":{"line":179,"column":36},"end":{"line":179,"column":37}},"loc":{"start":{"line":179,"column":53},"end":{"line":195,"column":1}},"line":179},"22":{"name":"(anonymous_22)","decl":{"start":{"line":184,"column":18},"end":{"line":184,"column":19}},"loc":{"start":{"line":184,"column":46},"end":{"line":192,"column":5}},"line":184},"23":{"name":"(anonymous_23)","decl":{"start":{"line":198,"column":30},"end":{"line":198,"column":31}},"loc":{"start":{"line":198,"column":67},"end":{"line":210,"column":1}},"line":198},"24":{"name":"(anonymous_24)","decl":{"start":{"line":213,"column":39},"end":{"line":213,"column":40}},"loc":{"start":{"line":213,"column":74},"end":{"line":223,"column":1}},"line":213},"25":{"name":"(anonymous_25)","decl":{"start":{"line":227,"column":42},"end":{"line":227,"column":43}},"loc":{"start":{"line":227,"column":80},"end":{"line":234,"column":1}},"line":227},"26":{"name":"(anonymous_26)","decl":{"start":{"line":235,"column":44},"end":{"line":235,"column":45}},"loc":{"start":{"line":235,"column":80},"end":{"line":242,"column":1}},"line":235},"27":{"name":"(anonymous_27)","decl":{"start":{"line":244,"column":39},"end":{"line":244,"column":40}},"loc":{"start":{"line":244,"column":69},"end":{
[...]
96,"column":23},"end":{"line":296,"column":24}},"loc":{"start":{"line":296,"column":28},"end":{"line":296,"column":82}},"line":296},"20":{"name":"(anonymous_20)","decl":{"start":{"line":342,"column":25},"end":{"line":342,"column":26}},"loc":{"start":{"line":342,"column":30},"end":{"line":342,"column":74}},"line":342},"21":{"name":"(anonymous_21)","decl":{"start":{"line":385,"column":23},"end":{"line":385,"column":24}},"loc":{"start":{"line":385,"column":28},"end":{"line":385,"column":78}},"line":385},"22":{"name":"(anonymous_22)","decl":{"start":{"line":405,"column":61},"end":{"line":405,"column":62}},"loc":{"start":{"line":405,"column":67},"end":{"line":405,"column":75}},"line":405},"23":{"name":"(anonymous_23)","decl":{"start":{"line":459,"column":25},"end":{"line":459,"column":26}},"loc":{"start":{"line":459,"column":30},"end":{"line":459,"column":42}},"line":459},"24":{"name":"(anonymous_24)","decl":{"start":{"line":482,"column":30},"end":{"line":482,"column":31}},"loc":{"start":{"line":482,"column":40},"end":{"line":482,"column":60}},"line":482},"25":{"name":"(anonymous_25)","decl":{"start":{"line":502,"column":30},"end":{"line":502,"column":31}},"loc":{"start":{"line":502,"column":40},"end":{"line":502,"column":75}},"line":502},"26":{"name":"(anonymous_26)","decl":{"start":{"line":566,"column":34},"end":{"line":566,"column":35}},"loc":{"start":{"line":566,"column":51},"end":{"line":568,"column":21}},"line":566},"27":{"name":"(anonymous_27)","decl":{"start":{"line":569,"column":32},"end":{"line":569,"column":33}},"loc":{"start":{"line":569,"column":53},"end":{"line":569,"column":81}},"line":569},"28":{"name":"(anonymous_28)","decl":{"start":{"line":577,"column":32},"end":{"line":577,"column":33}},"loc":{"start":{"line":577,"column":42},"end":{"line":577,"column":74}},"line":577},"29":{"name":"(anonymous_29)","decl":{"start":{"line":607,"column":27},"end":{"line":607,"column":28}},"loc":{"start":{"line":607,"column":33},"end":{"line":607,"column":63}},"line":607},"30":{"name":"(anonymous_30)","decl":{"start":{"line":636,"column":25},"end":{"line":636,"column":26}},"loc":{"start":{"line":636,"column":30},"end":{"line":636,"column":42}},"line":636}},"branchMap":{"0":{"loc":{"start":{"line":59,"column":4},"end":{"line":64,"column":5}},"type":"if","locations":[{"start":{"line":59,"column":4},"end":{"line":64,"column":5}},{"start":{"line":62,"column":9},"end":{"line":64,"column":5}}],"line":59},"1":{"loc":{"start":{"line":68,"column":4},"end":{"line":70,"column":5}},"type":"if","locations":[{"start":{"line":68,"column":4},"end":{"line":70,"column":5}},{"start":{},"end":{}}],"line":68},"2":{"loc":{"start":{"line":74,"column":4},"end":{"line":76,"column":5}},"type":"if","locations":[{"start":{"line":74,"column":4},"end":{"line":76,"column":5}},{"start":{},"end":{}}],"line":74},"3":{"loc":{"start":{"line":80,"column":4},"end":{"line":86,"column":5}},"type":"if","locations":[{"start":{"line":80,"column":4},"end":{"line":86,"column":5}},{"start":{},"end":{}}],"line":80},"4":{"loc":{"start":{"line":80,"column":8},"end":{"line":80,"column":53}},"type":"binary-expr","locations":[{"start":{"line":80,"column":8},"end":{"line":80,"column":25}},{"start":{"line":80,"column":29},"end":{"line":80,"column":53}}],"line":80},"5":{"loc":{"start":{"line":93,"column":6},"end":{"line":95,"column":7}},"type":"if","locations":[{"start":{"line":93,"column":6},"end":{"line":95,"column":7}},{"start":{},"end":{}}],"line":93},"6":{"loc":{"start":{"line":101,"column":6},"end":{"line":104,"column":7}},"type":"if","locations":[{"start":{"line":101,"column":6},"end":{"line":104,"column":7}},{"start":{},"end":{}}],"line":101},"7":{"loc":{"start":{"line":101,"column":10},"end":{"line":101,"column":67}},"type":"binary-expr","locations":[{"start":{"line":101,"column":10},"end":{"line":101,"column":33}},{"start":{"line":101,"column":37},"end":{"line":101,"column":67}}],"line":101},"8":{"loc":{"start":{"line":108,"column":6},"end":{"line":112,"column":20}},"type":"if","locations":[{"start":{"line":108,"column":6},"end":{"line":112,"column":20}},{"start":{"line":111,"column":11},"end":{"line":112,"column":20}}],"line":108},"9":{"loc":{"start":{"line":108,"column":10},"end":{"line":108,"column":77}},"type":"binary-expr","locations":[{"start":{"line":108,"column":10},"end":{"line":108,"column":38}},{"start":{"line":108,"column":42},"end":{"line":108,"column":77}}],"line":108},"10":{"loc":{"start":{"line":118,"column":6},"end":{"line":122,"column":20}},"type":"if","locations":[{"start":{"line":118,"column":6},"end":{"line":122,"column":20}},{"start":{"line":121,"column":11},"end":{"line":122,"column":20}}],"line":118},"11":{"loc":{"start":{"line":131,"column":10},"end":{"line":136,"column":11}},"type":"if","locations":[{"start":{"line":131,"column":10},"end":{"line":136,"column":11}},{"start":{},"end":{}}],"line":131},"12":{"loc":{"start":{"line":146,"column":6},"end":{"line":156,"column":7}},"type":"if","locations":[{"start":{"line":146,"column":6},"end":{"line":156,"column":7}},{"start":{},"end":{}}],"line":146},"13":{"loc":{"start":{"line":146,"column":10},"end":{"line":146,"column":102}},"type":"binary-expr","locations":[{"start":{"line":146,"column":10},"end":{"line":146,"column":35}},{"start":{"line":146,"column":39},"end":{"line":146,"column":69}},{"start":{"line":146,"column":74},"end":{"line":146,"column":102}}],"line":146},"14":{"loc":{"start":{"line":205,"column":25},"end":{"line":205,"column":114}},"type":"cond-expr","locations":[{"start":{"line":205,"column":95},"end":{"line":205,"column":104}},{"start":{"line":205,"column":107},"end":{"line":205,"column":114}}],"line":205},"15":{"loc":{"start":{"line":205,"column":25},"end":{"line":205,"column":92}},"type":"binary-expr","locations":[{"start":{"line":205,"column":25},"end":{"line":205,"column":39}},{"start":{"line":205,"column":43},"end":{"line":205,"column":68}},{"start":{"line":205,"column":72},"end":{"line":205,"column":92}}],"line":205},"16":{"loc":{"start":{"line":219,"column":9},"end":{"line":260,"column":18}},"type":"binary-expr","locations":[{"start":{"line":219,"column":9},"end":{"line":219,"column":29}},{"start":{"line":221,"column":10},"end":{"line":260,"column":18}}],"line":219},"17":{"loc":{"start":{"line":241,"column":35},"end":{"line":241,"column":73}},"type":"cond-expr","locations":[{"start":{"line":241,"column":52},"end":{"line":241,"column":61}},{"start":{"line":241,"column":64},"end":{"line":241,"column":73}}],"line":241},"18":{"loc":{"start":{"line":285,"column":33},"end":{"line":285,"column":71}},"type":"cond-expr","locations":[{"start":{"line":285,"column":50},"end":{"line":285,"column":59}},{"start":{"line":285,"column":62},"end":{"line":285,"column":71}}],"line":285},"19":{"loc":{"start":{"line":306,"column":9},"end":{"line":350,"column":18}},"type":"binary-expr","locations":[{"start":{"line":306,"column":9},"end":{"line":306,"column":29}},{"start":{"line":308,"column":10},"end":{"line":350,"column":18}}],"line":306},"20":{"loc":{"start":{"line":331,"column":35},"end":{"line":331,"column":73}},"type":"cond-expr","locations":[{"start":{"line":331,"column":52},"end":{"line":331,"column":61}},{"start":{"line":331,"column":64},"end":{"line":331,"column":73}}],"line":331},"21":{"loc":{"start":{"line":374,"column":33},"end":{"line":374,"column":71}},"type":"cond-expr","locations":[{"start":{"line":374,"column":50},"end":{"line":374,"column":59}},{"start":{"line":374,"column":62},"end":{"line":374,"column":71}}],"line":374},"22":{"loc":{"start":{"line":489,"column":53},"end":{"line":489,"column":144}},"type":"cond-expr","locations":[{"start":{"line":489,"column":123},"end":{"line":489,"column":132}},{"start":{"line":489,"column":135},"end":{"line":489,"column":144}}],"line":489},"23":{"loc":{"start":{"line":489,"column":53},"end":{"line":489,"column":120}},"type":"binary-expr","locations":[{"start":{"line":489,"column":53},"end":{"line":489,"column":67}},{"start":{"line":489,"column":71},"end":{"line":489,"column":96}},{"start":{"line":489,"column":100},"end":{"line":489,"column":120}}],"line":489},"24":{"loc":{"start":{"line":509,"column":53},"end":{"line":509,"column":144}},"type":"cond-expr","locations":[{"start":{"line":509,"column":123},"end":{"line":509,"column":132}},{"start":{"line":509,"column":135},"end":{"line":509,"column":144}}],"line":509},"25":{"loc":{"start":{"line":509,"column":53},"end":{"line":509,"column":120}},"type":"binary-expr","locations":[{"start":{"line":509,"column":53},"end":{"line":509,"column":67}},{"start":{"line":509,"column":71},"end":{"line":509,"column":96}},{"start":{"line":509,"column":100},"end":{"line":509,"column":120}}],"line":509},"26":{"loc":{"start":{"line":531,"column":50},"end":{"line":531,"column":141}},"type":"cond-expr","locations":[{"start":{"line":531,"column":120},"end":{"line":531,"column":129}},{"start":{"line":531,"column":132},"end":{"line":531,"column":141}}],"line":531},"27":{"loc":{"start":{"line":531,"column":50},"end":{"line":531,"column":117}},"type":"binary-expr","locations":[{"start":{"line":531,"column":50},"end":{"line":531,"column":64}},{"start":{"line":531,"column":68},"end":{"line":531,"column":93}},{"start":{"line":531,"column":97},"end":{"line":531,"column":117}}],"line":531},"28":{"loc":{"start":{"line":584,"column":55},"end":{"line":584,"column":146}},"type":"cond-expr","locations":[{"start":{"line":584,"column":125},"end":{"line":584,"column":134}},{"start":{"line":584,"column":137},"end":{"line":584,"column":146}}],"line":584},"29":{"loc":{"start":{"line":584,"column":55},"end":{"line":584,"column":122}},"type":"binary-expr","locations":[{"start":{"line":584,"column":55},"end":{"line":584,"column":69}},{"start":{"line":584,"column":73},"end":{"line":584,"column":98}},{"start":{"line":584,"column":102},"end":{"line":584,"column":122}}],"line":584},"30":{"loc":{"start":{"line":597,"column":37},"end":{"line":597,"column":75}},"type":"cond-expr","locations":[{"start":{"line":597,"column":54},"end":{"line":597,"column":63}},{"start":{"line":597,"column":66},"end":{"line":597,"column":75}}],"line":597},"31":{"loc":{"start":{"line":625,"column":35},"end":{"line":625,"column":73}},"type":"cond-expr","locations":[{"start":{"line":625,"column":52},"end":{"line":625,"column":61}},{"start":{"line":625,"column":64},"end":{"line":625,"column":73}}],"line":625}},"s":{"0":68,"1":67,"2":67,"3":67,"4":67,"5":67,"6":67,"7":67,"8":67,"9":67,"10":67,"11":67,"12":67,"13":67,"14":67,"15":67,"16":26,"17":26,"18":26,"19":26,"20":26,"21":26,"22":67,"23":1,"24":67,"25":2,"26":2,"27":1,"28":1,"29":67,"30":3,"31":3,"32":67,"33":2,"34":2,"35":67,"36":2,"37":1,"38":1,"39":1,"40":1,"41":67,"42":1,"43":1,"44":1,"45":1,"46":1,"47":1,"48":67,"49":6,"50":2,"51":2,"52":4,"53":67,"54":4,"55":1,"56":1,"57":3,"58":67,"59":3,"60":1,"61":1,"62":2,"63":67,"64":2,"65":2,"66":3,"67":5,"68":0,"69":2,"70":67,"71":6,"72":6,"73":2,"74":2,"75":2,"76":2,"77":2,"78":6,"79":67,"80":26,"81":26,"82":67,"83":13,"84":35,"85":1,"86":67,"87":0,"88":0,"89":0,"90":0,"91":1,"92":2,"93":5,"94":3,"95":35,"96":35,"97":2,"98":2,"99":6,"100":3},"f":{"0":68,"1":26,"2":26,"3":1,"4":2,"5":3,"6":2,"7":2,"8":1,"9":6,"10":4,"11":3,"12":2,"13":6,"14":26,"15":13,"16":35,"17":1,"18":0,"19":0,"20":0,"21":0,"22":1,"23":2,"24":5,"25":3,"26":35,"27":35,"28":2,"29":2,"30":6},"b":{"0":[1,1],"1":[3,0],"2":[2,0],"3":[1,1],"4":[2,2],"5":[1,0],"6":[2,4],"7":[6,5],"8":[1,3],"9":[4,1],"10":[1,2],"11":[0,5],"12":[2,4],"13":[6,4,3],"14":[13,54],"15":[67,63,60],"16":[67,6],"17":[0,6],"18":[4,63],"19":[67,0],"20":[0,0],"21":[4,63],"22":[13,54],"23":[67,63,60],"24":[13,54],"25":[67,63,60],"26":[13,54],"27":[67,63,60],"28":[13,54],"29":[67,63,60],"30":[4,63],"31":[4,63]},"_coverageSchema":"1a1c01bbd47fc00a2c39e90264f33305004495a9","hash":"55cd0dc20bc60e7e2076632fae3f0d92ff5226b7"}
,"E:\\TFG\\TFGRead\\scr\\screens\\WriteNewBook\\WriteScreen.js": {"path":"E:\\TFG\\TFGRead\\scr\\screens\\WriteNewBook\\WriteScreen.js","statementMap":{"0":{"start":{"line":21,"column":21},"end":{"line":21,"column":36}},"1":{"start":{"line":23,"column":28},"end":{"line":23,"column":46}},"2":{"start":{"line":24,"column":38},"end":{"line":24,"column":50}},"3":{"start":{"line":25,"column":28},"end":{"line":25,"column":40}},"4":{"start":{"line":26,"column":44},"end":{"line":26,"column":59}},"5":{"start":{"line":27,"column":39},"end":{"line":27,"column":51}},"6":{"start":{"line":30,"column":2},"end":{"line":32,"column":14}},"7":{"start":{"line":31,"column":4},"end":{"line":31,"column":17}},"8":{"start":{"line":34,"column":2},"end":{"line":39,"column":9}},"9":{"start":{"line":35,"column":4},"end":{"line":37,"column":7}},"10":{"start":{"line":41,"column":24},"end":{"line":45,"column":3}},"11":{"start":{"line":42,"column":4},"end":{"line":44,"column":7}},"12":{"start":{"line":47,"column":21},"end":{"line":61,"column":3}},"13":{"start":{"line":48,"column":4},"end":{"line":48,"column":25}},"14":{"start":{"line":49,"column":12},"end":{"line":49,"column":31}},"15":{"start":{"line":50,"column":4},"end":{"line":50,"column":16}},"16":{"start":{"line":51,"column":4},"end":{"line":51,"column":42}},"17":{"start":{"line":52,"column":17},"end":{"line":52,"column":54}},"18":{"start":{"line":53,"column":4},"end":{"line":58,"column":5}},"19":{"start":{"line":54,"column":6},"end":{"line":54,"column":48}},"20":{"start":{"line":55,"column":6},"end":{"line":55,"column":22}},"21":{"start":{"line":57,"column":6},"end":{"line":57,"column":23}},"22":{"start":{"line":60,"column":4},"end":{"line":60,"column":26}},"23":{"start":{"line":63,"column":20},"end":{"line":76,"column":3}},"24":{"start":{"line":64,"column":4},"end":{"line":64,"column":25}},"25":{"start":{"line":66,"column":17},"end":{"line":66,"column":58}},"26":{"start":{"line":68,"column":4},"end":{"line":73,"column":5}},"27":{"start":{"line":69,"column":6},"end":{"line":69,"column":39}},"28":{"start":{"line":70,"column":6},"end":{"line":70,"column":48}},"29":{"start":{"line":72,"column":6},"end":{"line":72,"column":46}},"30":{"start":{"line":74,"column":4},"end":{"line":74,"column":26}},"31":{"start":{"line":79,"column":29},"end":{"line":81,"column":3}},"32":{"start":{"line":80,"column":4},"end":{"line":80,"column":39}},"33":{"start":{"line":83,"column":25},"end":{"line":87,"column":3}},"34":{"start":{"line":84,"column":4},"end":{"line":86,"column":7}},"35":{"start":{"line":91,"column":15},"end":{"line":149,"column":3}},"36":{"start":{"line":92,"column":4},"end":{"line":148,"column":6}},"37":{"start":{"line":141,"column":14},"end":{"line":141,"column":39}},"38":{"start":{"line":151,"column":2},"end":{"line":262,"column":3}},"39":{"start":{"line":194,"column":65},"end":{"line":194,"column":80}},"40":{"start":{"line":202,"column":105},"end":{"line":202,"column":125}},"41":{"start":{"line":241,"column":45},"end":{"line":241,"column":50}},"42":{"start":{"line":244,"column":16},"end":{"line":244,"column":49}},"43":{"start":{"line":246,"column":33},"end":{"line":246,"column":44}},"44":{"start":{"line":264,"column":15},"end":{"line":352,"column":2}}},"fnMap":{"0":{"name":"WriteScreen","decl":{"start":{"line":20,"column":9},"end":{"line":20,"column":20}},"loc":{"start":{"line":20,"column":23},"end":{"line":263,"column":1}},"line":20},"1":{"name":"(anonymous_1)","decl":{"start":{"line":30,"column":12},"end":{"line":30,"column":13}},"loc":{"start":{"line":30,"column":18},"end":{"line":32,"column":3}},"line":30},"2":{"name":"(anonymous_2)","decl":{"start":{"line":34,"column":18},"end":{"line":34,"column":19}},"loc":{"start":{"line":34,"column":24},"end":{"line":39,"column":3}},"line":34},"3":{"name":"(anonymous_3)","decl":{"start":{"line":41,"column":24},"end":{"line":41,"column":25}},"loc":{"start":{"line":41,"column":30},"end":{"line":45,"column":3}},"line":41},"4":{"name":"(anonymous_4)","decl":{"start":{"line":47,"column":21},"end":{"line":47,"column":22}},"loc":{"start":{"line":47,"column":33},"end":{"line":61,"column":3}},"line":47},"5":{"name":"(anonymous_5)","decl":{"start":{"line":63,"column":20},"end":{"line":63,"column":21}},"loc":{"start":{"line":63,"column":32},"end":{"line":76,"column":3}},"line":63},"6":{"name":"(anonymous_6)","decl":{"start":{"line":79,"column":29},"end":{"line":79,"column":30}},"loc":{"start":{"line":79,"column":35},"end":{"line":81,"column":3}},"line":79},"7":{"name":"(anonymous_7)","decl":{"start":{"line":83,"column":25},"end":{"line":83,"column":26}},"loc":{"start":{"line":83,"column":37},"end":{"line":87,"column":3}},"line":83},"8":{"name":"(anonymous_8)","decl":{"start":{"line":91,"column":15},"end":{"line":91,"column":16}},"loc":{"start":{"line":91,"column":30},"end":{"line":149,"column":3}},"line":91},"9":{"name":"(anonymous_9)","decl":{"start":{"line":140,"column":21},"end":{"line":140,"column":22}},"loc":{"start":{"line":140,"column":27},"end":{"line":142,"column":13}},"line":140},"10":{"name":"(anonymous_10)","decl":{"start":{"line":194,"column":58},"end":{"line":194,"column":59}},"loc":{"start":{"line":194,"column":65},"end":{"line":194,"column":80}},"line":194},"11":{"name":"(anonymous_11)","decl":{"start":{"line":202,"column":101},"end":{"line":202,"column":102}},"loc":{"start":{"line":202,"column":105},"end":{"line":202,"column":125}},"line":202},"12":{"name":"(anonymous_12)","decl":{"start":{"line":241,"column":28},"end":{"line":241,"column":29}},"loc":{"start":{"line":241,"column":45},"end":{"line":241,"column":50}},"line":241},"13":{"name":"(anonymous_13)","decl":{"start":{"line":243,"column":26},"end":{"line":243,"column":27}},"loc":{"start":{"line":244,"column":16},"end":{"line":244,"column":49}},"line":244},"14":{"name":"(anonymous_14)","decl":{"start":{"line":246,"column":28},"end":{"line":246,"column":29}},"loc":{"start":{"line":246,"column":33},"end":{"line":246,"column":44}},"line":246}},"branchMap":{"0":{"loc":{"start":{"line":53,"column":4},"end":{"line":58,"column":5}},"type":"if","locations":[{"start":{"line":53,"column":4},"end":{"line":58,"column":5}},{"start":{"line":56,"column":9},"end":{"line":58,"column":5}}],"line":53},"1":{"loc":{"start":{"line":68,"column":4},"end":{"line":73,"column":5}},"type":"if","locations":[{"start":{"line":68,"column":4},"end":{"line":73,"column":5}},{"start":{"line":71,"column":9},"end":{"line":73,"column":5}}],"line":68},"2":{"loc":{"start":{"line":196,"column":27},"end":{"line":196,"column":179}},"type":"cond-expr","locations":[{"start":{"line":196,"column":46},"end":{"line":196,"column":56}},{"start":{"line":196,"column":59},"end":{"line":196,"column":179}}],"line":196},"3":{"loc":{"start":{"line":236,"column":10},"end":{"line":257,"column":19}},"type":"cond-expr","locations":[{"start":{"line":238,"column":12},"end":{"line":248,"column":14}},{"start":{"line":250,"column":14},"end":{"line":257,"column":19}}],"line":236}},"s":{"0":40,"1":40,"2":39,"3":39,"4":39,"5":39,"6":39,"7":10,"8":39,"9":5,"10":39,"11":1,"12":39,"13":10,"14":10,"15":10,"16":10,"17":10,"18":10,"19":6,"20":6,"21":4,"22":4,"23":39,"24":2,"25":2,"26":2,"27":1,"28":0,"29":1,"30":1,"31":39,"32":1,"33":39,"34":1,"35":39,"36":22,"37":1,"38":39,"39":1,"40":1,"41":22,"42":22,"43":2,"44":3},"f":{"0":40,"1":10,"2":5,"3":1,"4":10,"5":2,"6":1,"7":1,"8":22,"9":1,"10":1,"11":1,"12":22,"13":22,"14":2},"b":{"0":[6,4],"1":[1,1],"2":[20,19],"3":[32,7]},"_coverageSchema":"1a1c01bbd47fc00a2c39e90264f33305004495a9","hash":"7fe67d40e34846c27ad4c209f8839f5365a65ee8"}
,"E:\\TFG\\TFGRead\\scr\\utils\\ImagePicker.js": {"path":"E:\\TFG\\TFGRead\\scr\\utils\\ImagePicker.js","statementMap":{"0":{"start":{"line":3,"column":25},"end":{"line":12,"column":1}},"1":{"start":{"line":4,"column":15},"end":{"line":9,"column":4}}},"fnMap":{"0":{"name":"(anonymous_0)","decl":{"start":{"line":3,"column":25},"end":{"line":3,"column":26}},"loc":{"start":{"line":3,"column":37},"end":{"line":12,"column":1}},"line":3}},"branchMap":{},"s":{"0":3,"1":1},"f":{"0":1},"b":{},"_coverageSchema":"1a1c01bbd47fc00a2c39e90264f33305004495a9","hash":"f69a9a8f7d2d15bd7def0b196802d55612287324"}
}
