TN:
SF:App.js
FN:3,App
FNF:1
FNH:1
FNDA:1,App
DA:5,1
LF:1
LH:1
BRF:0
BRH:0
end_of_record
TN:
SF:app.config.js
FNF:0
FNH:0
LF:0
LH:0
BRF:0
BRH:0
end_of_record
TN:
SF:index.js
FNF:0
FNH:0
LF:0
LH:0
BRF:0
BRH:0
end_of_record
TN:
SF:metro.config.js
FNF:0
FNH:0
LF:0
LH:0
BRF:0
BRH:0
end_of_record
TN:
SF:scr\components\BottomTab.js
FNF:0
FNH:0
DA:14,2
LF:1
LH:1
BRF:0
BRH:0
end_of_record
TN:
SF:scr\config\firebase.js
FNF:0
FNH:0
DA:12,3
DA:23,3
DA:24,3
DA:25,3
DA:29,0
DA:30,0
DA:34,3
LF:7
LH:5
BRDA:23,0,0,3
BRDA:23,0,1,0
BRF:2
BRH:1
end_of_record
TN:
SF:scr\hooks\CategoriasFirebase.js
FN:5,(anonymous_0)
FN:9,(anonymous_1)
FNF:2
FNH:1
FNDA:1,(anonymous_0)
FNDA:0,(anonymous_1)
DA:5,3
DA:6,1
DA:7,1
DA:8,1
DA:9,0
DA:15,0
LF:6
LH:4
BRF:0
BRH:0
end_of_record
TN:
SF:scr\hooks\ChatFirebase.js
FN:6,(anonymous_0)
FN:21,(anonymous_1)
FN:41,(anonymous_2)
FN:50,(anonymous_3)
FN:55,(anonymous_4)
FN:67,(anonymous_5)
FN:87,(anonymous_6)
FN:99,(anonymous_7)
FN:109,(anonymous_8)
FN:121,(anonymous_9)
FN:133,(anonymous_10)
FN:140,(anonymous_11)
FN:150,(anonymous_12)
FN:154,(anonymous_13)
FN:155,(anonymous_14)
FNF:15
FNH:0
FNDA:0,(anonymous_0)
FNDA:0,(anonymous_1)
FNDA:0,(anonymous_2)
FNDA:0,(anonymous_3)
FNDA:0,(anonymous_4)
FNDA:0,(anonymous_5)
FNDA:0,(anonymous_6)
FNDA:0,(anonymous_7)
FNDA:0,(anonymous_8)
FNDA:0,(anonymous_9)
FNDA:0,(anonymous_10)
FNDA:0,(anonymous_11)
FNDA:0,(anonymous_12)
FNDA:0,(anonymous_13)
FNDA:0,(anonymous_14)
DA:6,3
DA:7,0
DA:8,0
DA:9,0
DA:17,0
DA:21,3
DA:22,0
DA:23,0
DA:26,0
DA:27,0
DA:28,0
DA:31,0
DA:33,0
DA:34,0
DA:38,0
DA:41,3
DA:42,0
DA:43,0
DA:44,0
DA:45,0
DA:50,3
DA:52,0
DA:53,0
DA:54,0
DA:55,0
DA:56,0
DA:57,0
DA:63,0
DA:67,3
DA:69,0
DA:71,0
DA:73,0
DA:74,0
DA:75,0
DA:78,0
DA:79,0
DA:81,0
DA:85,0
DA:87,3
DA:89,0
DA:90,0
DA:93,0
DA:94,0
DA:95,0
DA:96,0
DA:97,0
DA:99,0
DA:100,0
DA:104,0
DA:109,3
DA:110,0
DA:111,0
DA:112,0
DA:113,0
DA:118,0
DA:121,3
DA:122,0
DA:123,0
DA:124,0
DA:130,0
DA:133,3
DA:134,0
DA:135,0
DA:136,0
DA:140,3
DA:141,0
DA:142,0
DA:143,0
DA:150,3
DA:151,0
DA:152,0
DA:153,0
DA:154,0
DA:155,0
DA:157,0
DA:174,0
LF:76
LH:11
BRDA:27,0,0,0
BRDA:27,0,1,0
BRDA:33,1,0,0
BRDA:33,1,1,0
BRDA:56,2,0,0
BRDA:56,2,1,0
BRDA:56,3,0,0
BRDA:56,3,1,0
BRDA:73,4,0,0
BRDA:73,4,1,0
BRDA:78,5,0,0
BRDA:78,5,1,0
BRDA:96,6,0,0
BRDA:96,6,1,0
BRF:14
BRH:0
end_of_record
TN:
SF:scr\hooks\FirebaseLibros.js
FN:5,(anonymous_0)
FN:15,(anonymous_1)
FN:28,(anonymous_2)
FN:39,(anonymous_3)
FN:51,(anonymous_4)
FN:64,(anonymous_5)
FN:77,(anonymous_6)
FN:131,(anonymous_7)
FN:171,(anonymous_8)
FN:180,(anonymous_9)
FN:189,(anonymous_10)
FN:199,(anonymous_11)
FN:204,(anonymous_12)
FN:210,(anonymous_13)
FN:219,(anonymous_14)
FN:237,(anonymous_15)
FN:252,(anonymous_16)
FN:252,(anonymous_17)
FN:268,(anonymous_18)
FN:276,(anonymous_19)
FN:284,(anonymous_20)
FN:292,(anonymous_21)
FN:300,(anonymous_22)
FN:307,(anonymous_23)
FN:314,(anonymous_24)
FN:322,(anonymous_25)
FN:327,(anonymous_26)
FN:330,(anonymous_27)
FN:344,(anonymous_28)
FN:348,(anonymous_29)
FN:356,(anonymous_30)
FN:360,(anonymous_31)
FN:367,(anonymous_32)
FN:371,(anonymous_33)
FN:380,(anonymous_34)
FN:390,(anonymous_35)
FN:397,(anonymous_36)
FN:409,(anonymous_37)
FN:419,(anonymous_38)
FN:428,(anonymous_39)
FN:433,(anonymous_40)
FN:444,(anonymous_41)
FN:458,(anonymous_42)
FN:465,(anonymous_43)
FN:477,(anonymous_44)
FN:484,(anonymous_45)
FN:495,(anonymous_46)
FN:499,(anonymous_47)
FN:512,(anonymous_48)
FN:533,(anonymous_49)
FN:541,(anonymous_50)
FN:544,(anonymous_51)
FN:552,(anonymous_52)
FN:558,(anonymous_53)
FN:566,(anonymous_54)
FN:572,(anonymous_55)
FN:584,(anonymous_56)
FNF:57
FNH:2
FNDA:0,(anonymous_0)
FNDA:0,(anonymous_1)
FNDA:0,(anonymous_2)
FNDA:0,(anonymous_3)
FNDA:0,(anonymous_4)
FNDA:0,(anonymous_5)
FNDA:0,(anonymous_6)
FNDA:0,(anonymous_7)
FNDA:0,(anonymous_8)
FNDA:0,(anonymous_9)
FNDA:0,(anonymous_10)
FNDA:0,(anonymous_11)
FNDA:0,(anonymous_12)
FNDA:0,(anonymous_13)
FNDA:0,(anonymous_14)
FNDA:0,(anonymous_15)
FNDA:0,(anonymous_16)
FNDA:0,(anonymous_17)
FNDA:0,(anonymous_18)
FNDA:0,(anonymous_19)
FNDA:0,(anonymous_20)
FNDA:0,(anonymous_21)
FNDA:0,(anonymous_22)
FNDA:0,(anonymous_23)
FNDA:0,(anonymous_24)
FNDA:0,(anonymous_25)
FNDA:0,(anonymous_26)
FNDA:0,(anonymous_27)
FNDA:0,(anonymous_28)
FNDA:0,(anonymous_29)
FNDA:0,(anonymous_30)
FNDA:0,(anonymous_31)
FNDA:0,(anonymous_32)
FNDA:0,(anonymous_33)
FNDA:0,(anonymous_34)
FNDA:0,(anonymous_35)
FNDA:0,(anonymous_36)
FNDA:0,(anonymous_37)
FNDA:0,(anonymous_38)
FNDA:3,(anonymous_39)
FNDA:0,(anonymous_40)
FNDA:0,(anonymous_41)
FNDA:0,(anonymous_42)
FNDA:1,(anonymous_43)
FNDA:0,(anonymous_44)
FNDA:0,(anonymous_45)
FNDA:0,(anonymous_46)
FNDA:0,(anonymous_47)
FNDA:0,(anonymous_48)
FNDA:0,(anonymous_49)
FNDA:0,(anonymous_50)
FNDA:0,(anonymous_51)
FNDA:0,(anonymous_52)
FNDA:0,(anonymous_53)
FNDA:0,(anonymous_54)
FNDA:0,(anonymous_55)
FNDA:0,(anonymous_56)
DA:5,4
DA:6,0
DA:9,0
DA:10,0
DA:13,0
DA:15,0
DA:23,0
DA:28,4
DA:29,0
DA:30,0
DA:32,0
DA:33,0
DA:34,0
DA:37,0
DA:39,0
DA:45,0
DA:46,0
DA:48,0
DA:51,4
DA:52,0
DA:53,0
DA:55,0
DA:56,0
DA:57,0
DA:60,0
DA:64,0
DA:70,0
DA:71,0
DA:73,0
DA:77,4
DA:78,0
DA:79,0
DA:82,0
DA:83,0
DA:84,0
DA:85,0
DA:87,0
DA:88,0
DA:89,0
DA:90,0
DA:94,0
DA:95,0
DA:96,0
DA:97,0
DA:103,0
DA:106,0
DA:107,0
DA:108,0
DA:110,0
DA:114,0
DA:115,0
DA:117,0
DA:118,0
DA:127,0
DA:131,4
DA:134,0
DA:135,0
DA:137,0
DA:138,0
DA:140,0
DA:141,0
DA:144,0
DA:145,0
DA:146,0
DA:147,0
DA:148,0
DA:150,0
DA:152,0
DA:153,0
DA:154,0
DA:156,0
DA:166,0
DA:171,4
DA:172,0
DA:173,0
DA:174,0
DA:175,0
DA:177,0
DA:180,4
DA:181,0
DA:182,0
DA:185,0
DA:186,0
DA:188,0
DA:189,0
DA:190,0
DA:195,0
DA:199,4
DA:201,0
DA:202,0
DA:203,0
DA:204,0
DA:208,0
DA:210,4
DA:212,0
DA:213,0
DA:214,0
DA:215,0
DA:219,4
DA:220,0
DA:221,0
DA:222,0
DA:224,0
DA:226,0
DA:228,0
DA:232,0
DA:237,4
DA:238,0
DA:239,0
DA:240,0
DA:251,0
DA:252,0
DA:254,0
DA:255,0
DA:257,0
DA:258,0
DA:259,0
DA:264,0
DA:268,4
DA:269,0
DA:270,0
DA:271,0
DA:276,4
DA:277,0
DA:278,0
DA:279,0
DA:284,4
DA:285,0
DA:286,0
DA:287,0
DA:292,4
DA:293,0
DA:294,0
DA:295,0
DA:300,4
DA:301,0
DA:302,0
DA:303,0
DA:307,4
DA:308,0
DA:309,0
DA:310,0
DA:314,4
DA:315,0
DA:316,0
DA:317,0
DA:322,4
DA:323,0
DA:325,0
DA:327,0
DA:329,0
DA:331,0
DA:335,0
DA:336,0
DA:337,0
DA:338,0
DA:339,0
DA:344,4
DA:345,0
DA:346,0
DA:347,0
DA:348,0
DA:353,0
DA:356,4
DA:357,0
DA:358,0
DA:359,0
DA:360,0
DA:364,0
DA:367,4
DA:368,0
DA:369,0
DA:370,0
DA:371,0
DA:376,0
DA:380,4
DA:382,0
DA:383,0
DA:384,0
DA:385,0
DA:390,4
DA:391,0
DA:392,0
DA:394,0
DA:395,0
DA:397,0
DA:408,0
DA:409,0
DA:417,0
DA:419,4
DA:420,0
DA:421,0
DA:422,0
DA:424,0
DA:428,4
DA:429,3
DA:431,0
DA:432,0
DA:433,0
DA:441,0
DA:444,4
DA:445,0
DA:447,0
DA:448,0
DA:455,0
DA:458,4
DA:459,0
DA:460,0
DA:465,4
DA:466,1
DA:468,0
DA:470,0
DA:477,4
DA:479,0
DA:480,0
DA:484,4
DA:485,0
DA:486,0
DA:487,0
DA:489,0
DA:495,4
DA:496,0
DA:497,0
DA:498,0
DA:499,0
DA:500,0
DA:504,0
DA:512,4
DA:513,0
DA:515,0
DA:517,0
DA:519,0
DA:521,0
DA:527,0
DA:528,0
DA:533,4
DA:534,0
DA:535,0
DA:536,0
DA:541,4
DA:542,0
DA:543,0
DA:544,0
DA:549,0
DA:552,4
DA:553,0
DA:557,0
DA:558,0
DA:559,0
DA:560,0
DA:565,0
DA:566,0
DA:567,0
DA:568,0
DA:571,0
DA:572,0
DA:573,0
DA:574,0
DA:578,0
DA:579,0
DA:584,4
DA:585,0
DA:586,0
DA:587,0
LF:264
LH:39
BRDA:9,0,0,0
BRDA:9,0,1,0
BRDA:33,1,0,0
BRDA:33,1,1,0
BRDA:45,2,0,0
BRDA:45,2,1,0
BRDA:56,3,0,0
BRDA:56,3,1,0
BRDA:70,4,0,0
BRDA:70,4,1,0
BRDA:84,5,0,0
BRDA:84,5,1,0
BRDA:89,6,0,0
BRDA:89,6,1,0
BRDA:96,7,0,0
BRDA:96,7,1,0
BRDA:108,8,0,0
BRDA:108,8,1,0
BRDA:117,9,0,0
BRDA:117,9,1,0
BRDA:134,10,0,0
BRDA:134,10,1,0
BRDA:137,11,0,0
BRDA:137,11,1,0
BRDA:140,12,0,0
BRDA:140,12,1,0
BRDA:146,13,0,0
BRDA:146,13,1,0
BRDA:174,14,0,0
BRDA:174,14,1,0
BRDA:394,15,0,0
BRDA:394,15,1,0
BRF:32
BRH:0
end_of_record
TN:
SF:scr\hooks\Storage.js
FN:4,(anonymous_0)
FN:10,(anonymous_1)
FN:13,(anonymous_2)
FN:14,(anonymous_3)
FN:22,(anonymous_4)
FN:29,(anonymous_5)
FN:32,(anonymous_6)
FN:33,(anonymous_7)
FNF:8
FNH:2
FNDA:1,(anonymous_0)
FNDA:0,(anonymous_1)
FNDA:0,(anonymous_2)
FNDA:0,(anonymous_3)
FNDA:1,(anonymous_4)
FNDA:0,(anonymous_5)
FNDA:0,(anonymous_6)
FNDA:0,(anonymous_7)
DA:4,3
DA:5,1
DA:6,1
DA:7,0
DA:8,0
DA:9,0
DA:10,0
DA:14,0
DA:15,0
DA:19,0
DA:22,3
DA:24,1
DA:25,1
DA:26,0
DA:27,0
DA:28,0
DA:29,0
DA:33,0
DA:34,0
DA:37,0
LF:20
LH:6
BRF:0
BRH:0
end_of_record
TN:
SF:scr\hooks\Auth\Auth.js
FN:6,(anonymous_0)
FN:9,(anonymous_1)
FN:14,(anonymous_2)
FN:17,handleContraseñasIguales
FN:21,(anonymous_4)
FN:26,(anonymous_5)
FN:30,(anonymous_6)
FN:45,(anonymous_7)
FN:48,(anonymous_8)
FN:56,(anonymous_9)
FN:62,(anonymous_10)
FN:65,(anonymous_11)
FNF:12
FNH:9
FNDA:1,(anonymous_0)
FNDA:1,(anonymous_1)
FNDA:1,(anonymous_2)
FNDA:1,handleContraseñasIguales
FNDA:1,(anonymous_4)
FNDA:1,(anonymous_5)
FNDA:1,(anonymous_6)
FNDA:1,(anonymous_7)
FNDA:1,(anonymous_8)
FNDA:0,(anonymous_9)
FNDA:0,(anonymous_10)
FNDA:0,(anonymous_11)
DA:6,5
DA:7,1
DA:8,1
DA:11,1
DA:12,1
DA:14,1
DA:18,1
DA:21,5
DA:23,1
DA:24,1
DA:25,1
DA:27,1
DA:28,1
DA:30,1
DA:33,0
DA:45,5
DA:46,1
DA:47,1
DA:49,1
DA:50,1
DA:56,0
DA:62,0
DA:65,5
DA:66,0
DA:67,0
LF:25
LH:20
BRDA:23,0,0,1
BRDA:23,0,1,0
BRF:2
BRH:1
end_of_record
TN:
SF:scr\hooks\Auth\Firestore.js
FN:3,(anonymous_0)
FN:21,(anonymous_1)
FN:31,(anonymous_2)
FN:36,(anonymous_3)
FN:45,(anonymous_4)
FN:55,(anonymous_5)
FN:59,(anonymous_6)
FN:68,(anonymous_7)
FN:73,(anonymous_8)
FN:80,(anonymous_9)
FN:91,(anonymous_10)
FN:100,(anonymous_11)
FN:109,(anonymous_12)
FN:117,(anonymous_13)
FN:127,(anonymous_14)
FN:131,(anonymous_15)
FN:137,(anonymous_16)
FN:144,(anonymous_17)
FN:157,(anonymous_18)
FN:164,(anonymous_19)
FN:169,(anonymous_20)
FN:179,(anonymous_21)
FN:184,(anonymous_22)
FN:198,(anonymous_23)
FN:213,(anonymous_24)
FN:227,(anonymous_25)
FN:235,(anonymous_26)
FN:244,(anonymous_27)
FN:250,(anonymous_28)
FN:260,(anonymous_29)
FN:266,(anonymous_30)
FN:275,(anonymous_31)
FN:288,(anonymous_32)
FN:297,(anonymous_33)
FN:302,(anonymous_34)
FN:316,(anonymous_35)
FN:330,(anonymous_36)
FN:361,(anonymous_37)
FN:370,(anonymous_38)
FN:374,(anonymous_39)
FN:380,(anonymous_40)
FN:401,(anonymous_41)
FN:407,(anonymous_42)
FN:416,(anonymous_43)
FN:427,(anonymous_44)
FN:437,(anonymous_45)
FN:452,(anonymous_46)
FN:464,(anonymous_47)
FN:469,(anonymous_48)
FN:470,(anonymous_49)
FNF:50
FNH:0
FNDA:0,(anonymous_0)
FNDA:0,(anonymous_1)
FNDA:0,(anonymous_2)
FNDA:0,(anonymous_3)
FNDA:0,(anonymous_4)
FNDA:0,(anonymous_5)
FNDA:0,(anonymous_6)
FNDA:0,(anonymous_7)
FNDA:0,(anonymous_8)
FNDA:0,(anonymous_9)
FNDA:0,(anonymous_10)
FNDA:0,(anonymous_11)
FNDA:0,(anonymous_12)
FNDA:0,(anonymous_13)
FNDA:0,(anonymous_14)
FNDA:0,(anonymous_15)
FNDA:0,(anonymous_16)
FNDA:0,(anonymous_17)
FNDA:0,(anonymous_18)
FNDA:0,(anonymous_19)
FNDA:0,(anonymous_20)
FNDA:0,(anonymous_21)
FNDA:0,(anonymous_22)
FNDA:0,(anonymous_23)
FNDA:0,(anonymous_24)
FNDA:0,(anonymous_25)
FNDA:0,(anonymous_26)
FNDA:0,(anonymous_27)
FNDA:0,(anonymous_28)
FNDA:0,(anonymous_29)
FNDA:0,(anonymous_30)
FNDA:0,(anonymous_31)
FNDA:0,(anonymous_32)
FNDA:0,(anonymous_33)
FNDA:0,(anonymous_34)
FNDA:0,(anonymous_35)
FNDA:0,(anonymous_36)
FNDA:0,(anonymous_37)
FNDA:0,(anonymous_38)
FNDA:0,(anonymous_39)
FNDA:0,(anonymous_40)
FNDA:0,(anonymous_41)
FNDA:0,(anonymous_42)
FNDA:0,(anonymous_43)
FNDA:0,(anonymous_44)
FNDA:0,(anonymous_45)
FNDA:0,(anonymous_46)
FNDA:0,(anonymous_47)
FNDA:0,(anonymous_48)
FNDA:0,(anonymous_49)
DA:3,5
DA:4,0
DA:5,0
DA:6,0
DA:18,0
DA:21,5
DA:22,0
DA:23,0
DA:24,0
DA:31,5
DA:33,0
DA:34,0
DA:35,0
DA:36,0
DA:41,0
DA:45,5
DA:47,0
DA:48,0
DA:49,0
DA:55,5
DA:56,0
DA:57,0
DA:58,0
DA:59,0
DA:65,0
DA:68,5
DA:69,0
DA:70,0
DA:72,0
DA:73,0
DA:74,0
DA:76,0
DA:80,5
DA:82,0
DA:83,0
DA:84,0
DA:85,0
DA:88,0
DA:91,5
DA:93,0
DA:95,0
DA:100,5
DA:101,0
DA:103,0
DA:109,5
DA:111,0
DA:112,0
DA:113,0
DA:114,0
DA:117,5
DA:119,0
DA:120,0
DA:121,0
DA:122,0
DA:127,5
DA:128,0
DA:130,0
DA:131,0
DA:132,0
DA:134,0
DA:137,5
DA:138,0
DA:139,0
DA:140,0
DA:141,0
DA:144,5
DA:145,0
DA:146,0
DA:147,0
DA:157,5
DA:158,0
DA:159,0
DA:160,0
DA:164,5
DA:165,0
DA:166,0
DA:167,0
DA:168,0
DA:169,0
DA:175,0
DA:179,5
DA:180,0
DA:181,0
DA:182,0
DA:183,0
DA:184,0
DA:185,0
DA:186,0
DA:194,0
DA:198,5
DA:200,0
DA:201,0
DA:202,0
DA:213,5
DA:215,0
DA:217,0
DA:227,5
DA:228,0
DA:230,0
DA:235,5
DA:237,0
DA:238,0
DA:244,5
DA:246,0
DA:250,5
DA:252,0
DA:254,0
DA:255,0
DA:260,5
DA:261,0
DA:262,0
DA:263,0
DA:266,5
DA:268,0
DA:269,0
DA:270,0
DA:271,0
DA:275,5
DA:277,0
DA:279,0
DA:280,0
DA:281,0
DA:284,0
DA:288,5
DA:289,0
DA:290,0
DA:291,0
DA:297,5
DA:298,0
DA:299,0
DA:300,0
DA:301,0
DA:302,0
DA:303,0
DA:304,0
DA:312,0
DA:316,5
DA:318,0
DA:319,0
DA:320,0
DA:322,0
DA:330,5
DA:333,0
DA:334,0
DA:340,0
DA:341,0
DA:342,0
DA:343,0
DA:345,0
DA:347,0
DA:348,0
DA:350,0
DA:351,0
DA:352,0
DA:353,0
DA:356,0
DA:361,5
DA:363,0
DA:364,0
DA:365,0
DA:366,0
DA:370,5
DA:371,0
DA:373,0
DA:374,0
DA:375,0
DA:377,0
DA:380,5
DA:381,0
DA:382,0
DA:383,0
DA:384,0
DA:385,0
DA:386,0
DA:388,0
DA:390,0
DA:391,0
DA:393,0
DA:398,0
DA:401,5
DA:402,0
DA:403,0
DA:404,0
DA:407,5
DA:409,0
DA:410,0
DA:411,0
DA:412,0
DA:416,5
DA:418,0
DA:419,0
DA:420,0
DA:423,0
DA:427,5
DA:429,0
DA:430,0
DA:431,0
DA:434,0
DA:437,5
DA:438,0
DA:440,0
DA:441,0
DA:445,0
DA:446,0
DA:447,0
DA:452,5
DA:454,0
DA:455,0
DA:456,0
DA:460,0
DA:464,5
DA:465,0
DA:467,0
DA:468,0
DA:469,0
DA:470,0
DA:471,0
DA:478,0
LF:218
LH:40
BRDA:84,0,0,0
BRDA:84,0,1,0
BRDA:166,1,0,0
BRDA:166,1,1,0
BRDA:181,2,0,0
BRDA:181,2,1,0
BRDA:185,3,0,0
BRDA:185,3,1,0
BRDA:280,4,0,0
BRDA:280,4,1,0
BRDA:299,5,0,0
BRDA:299,5,1,0
BRDA:303,6,0,0
BRDA:303,6,1,0
BRDA:345,7,0,0
BRDA:345,7,1,0
BRDA:445,8,0,0
BRDA:445,8,1,0
BRF:18
BRH:0
end_of_record
TN:
SF:scr\navigation\AuthStack.js
FN:11,AuthStack
FNF:1
FNH:1
FNDA:2,AuthStack
DA:9,2
DA:12,2
LF:2
LH:2
BRF:0
BRH:0
end_of_record
TN:
SF:scr\navigation\AuthenticatedUserProvider.js
FN:5,(anonymous_0)
FNF:1
FNH:1
FNDA:1,(anonymous_0)
DA:3,1
DA:5,1
DA:7,1
DA:8,1
LF:4
LH:4
BRF:0
BRH:0
end_of_record
TN:
SF:scr\navigation\BibliotecaStack.js
FN:9,BibliotecaStack
FNF:1
FNH:0
FNDA:0,BibliotecaStack
DA:7,2
DA:10,0
LF:2
LH:1
BRF:0
BRH:0
end_of_record
TN:
SF:scr\navigation\BookWriteNavigator.js
FN:10,BookWriteNavigator
FNF:1
FNH:0
FNDA:0,BookWriteNavigator
DA:9,2
DA:12,0
LF:2
LH:1
BRF:0
BRH:0
end_of_record
TN:
SF:scr\navigation\ChatStack.js
FN:10,ChatStack
FNF:1
FNH:0
FNDA:0,ChatStack
DA:8,2
DA:11,0
LF:2
LH:1
BRF:0
BRH:0
end_of_record
TN:
SF:scr\navigation\ExploreStack.js
FN:10,ExploreStack
FNF:1
FNH:0
FNDA:0,ExploreStack
DA:8,2
DA:11,0
LF:2
LH:1
BRF:0
BRH:0
end_of_record
TN:
SF:scr\navigation\HomeStack.js
FN:13,HomeStack
FNF:1
FNH:0
FNDA:0,HomeStack
DA:11,2
DA:14,0
LF:2
LH:1
BRF:0
BRH:0
end_of_record
TN:
SF:scr\navigation\RootNavigator.js
FN:10,RootNavigator
FN:14,(anonymous_1)
FN:18,(anonymous_2)
FNF:3
FNH:2
FNDA:3,RootNavigator
FNDA:2,(anonymous_1)
FNDA:0,(anonymous_2)
DA:11,3
DA:14,2
DA:15,2
DA:18,2
DA:19,0
DA:24,2
DA:28,2
LF:7
LH:6
BRDA:19,0,0,0
BRDA:19,0,1,0
BRDA:30,1,0,0
BRDA:30,1,1,2
BRF:4
BRH:1
end_of_record
TN:
SF:scr\navigation\Routes.js
FNF:0
FNH:0
LF:0
LH:0
BRF:0
BRH:0
end_of_record
TN:
SF:scr\screens\AutoresScreen.js
FN:16,AutoresScreen
FN:35,(anonymous_1)
FN:39,(anonymous_2)
FN:43,(anonymous_3)
FN:50,(anonymous_4)
FN:54,(anonymous_5)
FN:73,(anonymous_6)
FN:78,(anonymous_7)
FN:82,(anonymous_8)
FN:88,(anonymous_9)
FN:95,(anonymous_10)
FN:103,(anonymous_11)
FN:129,renderNewBooks
FN:156,(anonymous_13)
FN:219,(anonymous_14)
FN:258,(anonymous_15)
FN:260,(anonymous_16)
FN:261,(anonymous_17)
FN:302,(anonymous_18)
FN:330,(anonymous_19)
FN:406,(anonymous_20)
FNF:21
FNH:19
FNDA:210,AutoresScreen
FNDA:27,(anonymous_1)
FNDA:25,(anonymous_2)
FNDA:127,(anonymous_3)
FNDA:1,(anonymous_4)
FNDA:27,(anonymous_5)
FNDA:1,(anonymous_6)
FNDA:27,(anonymous_7)
FNDA:1,(anonymous_8)
FNDA:0,(anonymous_9)
FNDA:1,(anonymous_10)
FNDA:1,(anonymous_11)
FNDA:28,renderNewBooks
FNDA:1,(anonymous_13)
FNDA:1,(anonymous_14)
FNDA:1,(anonymous_15)
FNDA:1,(anonymous_16)
FNDA:1,(anonymous_17)
FNDA:0,(anonymous_18)
FNDA:1,(anonymous_19)
FNDA:28,(anonymous_20)
DA:18,210
DA:19,210
DA:20,210
DA:21,210
DA:22,210
DA:23,210
DA:24,210
DA:25,210
DA:26,210
DA:27,210
DA:28,210
DA:29,210
DA:30,210
DA:32,210
DA:35,210
DA:36,27
DA:37,27
DA:39,27
DA:40,25
DA:43,210
DA:44,127
DA:50,210
DA:51,1
DA:54,210
DA:56,27
DA:57,27
DA:58,27
DA:59,27
DA:60,27
DA:61,27
DA:62,27
DA:63,27
DA:64,27
DA:65,27
DA:66,27
DA:67,27
DA:68,27
DA:69,27
DA:73,210
DA:74,1
DA:78,210
DA:79,27
DA:82,210
DA:83,1
DA:84,1
DA:85,1
DA:88,210
DA:89,0
DA:90,0
DA:91,0
DA:95,210
DA:96,1
DA:97,1
DA:98,1
DA:103,210
DA:105,1
DA:107,1
DA:109,1
DA:110,0
DA:114,1
DA:116,1
DA:118,1
DA:121,0
DA:123,1
DA:130,28
DA:156,1
DA:183,210
DA:219,1
DA:258,1
DA:260,1
DA:261,1
DA:302,0
DA:330,1
DA:406,28
DA:414,3
LF:75
LH:69
BRDA:107,0,0,1
BRDA:107,0,1,0
BRDA:109,1,0,0
BRDA:109,1,1,1
BRDA:186,2,0,145
BRDA:186,2,1,65
BRDA:236,3,0,145
BRDA:236,3,1,65
BRDA:254,4,0,145
BRDA:254,4,1,65
BRDA:257,5,0,210
BRDA:257,5,1,210
BRDA:272,6,0,182
BRDA:272,6,1,28
BRDA:279,7,0,138
BRDA:279,7,1,72
BRDA:284,8,0,127
BRDA:284,8,1,11
BRDA:312,9,0,18
BRDA:312,9,1,54
BRDA:386,10,0,145
BRDA:386,10,1,65
BRF:22
BRH:20
end_of_record
TN:
SF:scr\screens\BibliotecaScreen.js
FN:20,BibliotecaScreen
FN:34,(anonymous_1)
FN:35,(anonymous_2)
FN:41,(anonymous_3)
FN:48,(anonymous_4)
FN:54,(anonymous_5)
FN:66,(anonymous_6)
FN:78,(anonymous_7)
FN:85,(anonymous_8)
FN:89,(anonymous_9)
FN:97,(anonymous_10)
FN:111,(anonymous_11)
FN:132,(anonymous_12)
FN:141,(anonymous_13)
FN:147,(anonymous_14)
FN:150,(anonymous_15)
FN:155,(anonymous_16)
FN:184,(anonymous_17)
FN:187,(anonymous_18)
FN:208,(anonymous_19)
FN:216,(anonymous_20)
FN:335,(anonymous_21)
FN:387,(anonymous_22)
FN:401,(anonymous_23)
FN:406,(anonymous_24)
FN:420,(anonymous_25)
FN:422,(anonymous_26)
FN:447,(anonymous_27)
FN:449,(anonymous_28)
FNF:29
FNH:22
FNDA:61,BibliotecaScreen
FNDA:6,(anonymous_1)
FNDA:6,(anonymous_2)
FNDA:6,(anonymous_3)
FNDA:1,(anonymous_4)
FNDA:9,(anonymous_5)
FNDA:8,(anonymous_6)
FNDA:1,(anonymous_7)
FNDA:3,(anonymous_8)
FNDA:0,(anonymous_9)
FNDA:0,(anonymous_10)
FNDA:0,(anonymous_11)
FNDA:6,(anonymous_12)
FNDA:0,(anonymous_13)
FNDA:47,(anonymous_14)
FNDA:94,(anonymous_15)
FNDA:1,(anonymous_16)
FNDA:6,(anonymous_17)
FNDA:0,(anonymous_18)
FNDA:28,(anonymous_19)
FNDA:0,(anonymous_20)
FNDA:0,(anonymous_21)
FNDA:1,(anonymous_22)
FNDA:3,(anonymous_23)
FNDA:3,(anonymous_24)
FNDA:28,(anonymous_25)
FNDA:28,(anonymous_26)
FNDA:6,(anonymous_27)
FNDA:6,(anonymous_28)
DA:21,61
DA:22,61
DA:23,60
DA:24,60
DA:25,60
DA:26,60
DA:27,60
DA:28,60
DA:29,60
DA:32,60
DA:34,60
DA:35,6
DA:36,6
DA:38,6
DA:41,60
DA:42,6
DA:48,60
DA:49,1
DA:54,60
DA:55,9
DA:56,9
DA:57,8
DA:58,8
DA:61,1
DA:62,1
DA:66,60
DA:67,8
DA:68,8
DA:69,8
DA:71,8
DA:73,8
DA:78,60
DA:79,1
DA:80,1
DA:81,1
DA:82,1
DA:85,60
DA:86,3
DA:87,1
DA:89,1
DA:91,0
DA:93,1
DA:97,0
DA:99,0
DA:101,0
DA:105,2
DA:111,60
DA:112,0
DA:114,0
DA:116,0
DA:117,0
DA:120,0
DA:122,0
DA:128,0
DA:132,60
DA:134,6
DA:135,6
DA:136,6
DA:137,6
DA:141,60
DA:142,0
DA:147,60
DA:148,47
DA:151,94
DA:155,1
DA:184,60
DA:185,6
DA:187,0
DA:208,60
DA:210,28
DA:216,0
DA:283,60
DA:335,0
DA:387,1
DA:401,3
DA:406,3
DA:420,28
DA:423,28
DA:447,6
DA:450,6
DA:469,3
LF:81
LH:66
BRDA:56,0,0,8
BRDA:56,0,1,1
BRDA:86,1,0,1
BRDA:86,1,1,2
BRDA:86,2,0,3
BRDA:86,2,1,2
BRDA:87,3,0,1
BRDA:87,3,1,0
BRDA:112,4,0,0
BRDA:112,4,1,0
BRDA:116,5,0,0
BRDA:116,5,1,0
BRDA:162,6,0,47
BRDA:162,6,1,47
BRDA:167,7,0,94
BRDA:167,7,1,47
BRDA:196,8,0,3
BRDA:196,8,1,3
BRDA:254,9,0,28
BRDA:254,9,1,0
BRDA:269,10,0,28
BRDA:269,10,1,0
BRDA:324,11,0,23
BRDA:324,11,1,37
BRDA:389,12,0,40
BRDA:389,12,1,20
BRDA:413,13,0,55
BRDA:413,13,1,5
BRDA:416,14,0,16
BRDA:416,14,1,39
BRDA:443,15,0,3
BRDA:443,15,1,2
BRF:32
BRH:25
end_of_record
TN:
SF:scr\screens\HomeScreen.js
FN:21,HomeScreen
FN:37,(anonymous_1)
FN:42,(anonymous_2)
FN:49,(anonymous_3)
FN:55,(anonymous_4)
FN:61,(anonymous_5)
FN:68,(anonymous_6)
FN:91,(anonymous_7)
FN:112,renderNewBooks
FN:138,(anonymous_9)
FN:166,(anonymous_10)
FN:225,(anonymous_11)
FN:279,(anonymous_12)
FN:287,(anonymous_13)
FN:311,(anonymous_14)
FNF:15
FNH:15
FNDA:27,HomeScreen
FNDA:6,(anonymous_1)
FNDA:24,(anonymous_2)
FNDA:1,(anonymous_3)
FNDA:1,(anonymous_4)
FNDA:1,(anonymous_5)
FNDA:6,(anonymous_6)
FNDA:1,(anonymous_7)
FNDA:42,renderNewBooks
FNDA:1,(anonymous_9)
FNDA:24,(anonymous_10)
FNDA:1,(anonymous_11)
FNDA:1,(anonymous_12)
FNDA:1,(anonymous_13)
FNDA:42,(anonymous_14)
DA:22,27
DA:23,26
DA:24,26
DA:25,26
DA:28,26
DA:29,26
DA:31,26
DA:32,26
DA:35,26
DA:37,26
DA:38,6
DA:42,26
DA:43,24
DA:49,26
DA:50,1
DA:55,26
DA:56,1
DA:61,26
DA:62,1
DA:68,26
DA:70,6
DA:72,6
DA:73,6
DA:75,2
DA:77,2
DA:79,2
DA:80,2
DA:83,2
DA:84,2
DA:85,2
DA:91,26
DA:94,1
DA:95,1
DA:98,0
DA:101,1
DA:103,1
DA:113,42
DA:138,1
DA:166,26
DA:167,24
DA:226,1
DA:243,26
DA:279,1
DA:287,1
DA:311,42
DA:322,3
LF:46
LH:45
BRDA:38,0,0,6
BRDA:38,0,1,6
BRDA:94,1,0,1
BRDA:94,1,1,0
BRDA:281,2,0,18
BRDA:281,2,1,8
BRDA:316,3,0,26
BRDA:316,3,1,26
BRF:8
BRH:7
end_of_record
TN:
SF:scr\screens\NotificacionesScreen.js
FN:11,NotificacionesScreen
FN:29,(anonymous_1)
FN:33,(anonymous_2)
FN:37,(anonymous_3)
FN:44,(anonymous_4)
FN:48,(anonymous_5)
FN:55,(anonymous_6)
FN:61,(anonymous_7)
FN:87,(anonymous_8)
FN:94,(anonymous_9)
FN:100,(anonymous_10)
FN:113,(anonymous_11)
FN:121,(anonymous_12)
FN:124,(anonymous_13)
FN:129,(anonymous_14)
FN:160,(anonymous_15)
FN:184,(anonymous_16)
FN:187,(anonymous_17)
FN:198,(anonymous_18)
FN:215,(anonymous_19)
FN:230,(anonymous_20)
FN:249,(anonymous_21)
FN:255,(anonymous_22)
FN:315,(anonymous_23)
FN:333,(anonymous_24)
FN:336,(anonymous_25)
FN:357,(anonymous_26)
FN:383,(anonymous_27)
FN:386,(anonymous_28)
FNF:29
FNH:14
FNDA:31,NotificacionesScreen
FNDA:3,(anonymous_1)
FNDA:3,(anonymous_2)
FNDA:26,(anonymous_3)
FNDA:1,(anonymous_4)
FNDA:0,(anonymous_5)
FNDA:0,(anonymous_6)
FNDA:5,(anonymous_7)
FNDA:0,(anonymous_8)
FNDA:0,(anonymous_9)
FNDA:0,(anonymous_10)
FNDA:3,(anonymous_11)
FNDA:26,(anonymous_12)
FNDA:78,(anonymous_13)
FNDA:2,(anonymous_14)
FNDA:11,(anonymous_15)
FNDA:0,(anonymous_16)
FNDA:0,(anonymous_17)
FNDA:0,(anonymous_18)
FNDA:0,(anonymous_19)
FNDA:0,(anonymous_20)
FNDA:0,(anonymous_21)
FNDA:0,(anonymous_22)
FNDA:1,(anonymous_23)
FNDA:11,(anonymous_24)
FNDA:11,(anonymous_25)
FNDA:0,(anonymous_26)
FNDA:0,(anonymous_27)
FNDA:0,(anonymous_28)
DA:12,31
DA:13,31
DA:14,31
DA:15,31
DA:16,31
DA:18,31
DA:19,31
DA:21,31
DA:23,31
DA:27,31
DA:29,31
DA:30,3
DA:31,3
DA:33,3
DA:34,3
DA:37,31
DA:38,26
DA:44,31
DA:45,1
DA:48,31
DA:49,0
DA:50,0
DA:51,0
DA:55,31
DA:56,0
DA:57,0
DA:58,0
DA:61,31
DA:62,5
DA:64,5
DA:65,5
DA:66,3
DA:67,3
DA:68,3
DA:69,3
DA:71,5
DA:72,1
DA:73,1
DA:74,1
DA:75,1
DA:77,5
DA:79,1
DA:80,1
DA:81,1
DA:82,1
DA:84,5
DA:87,31
DA:89,0
DA:91,0
DA:94,31
DA:96,0
DA:100,31
DA:102,0
DA:104,0
DA:105,0
DA:113,31
DA:115,3
DA:116,3
DA:117,3
DA:121,31
DA:122,26
DA:125,78
DA:129,2
DA:160,31
DA:161,11
DA:184,0
DA:187,0
DA:198,31
DA:199,0
DA:215,0
DA:230,31
DA:231,0
DA:249,0
DA:255,0
DA:268,31
DA:315,1
DA:334,11
DA:336,11
DA:357,0
DA:384,0
DA:386,0
DA:410,3
LF:82
LH:60
BRDA:65,0,0,3
BRDA:65,0,1,2
BRDA:71,1,0,1
BRDA:71,1,1,4
BRDA:77,2,0,1
BRDA:77,2,1,4
BRDA:136,3,0,26
BRDA:136,3,1,52
BRDA:141,4,0,78
BRDA:141,4,1,26
BRDA:168,5,0,6
BRDA:168,5,1,5
BRDA:205,6,0,0
BRDA:205,6,1,0
BRDA:237,7,0,0
BRDA:237,7,1,0
BRDA:271,8,0,17
BRDA:271,8,1,14
BRDA:324,9,0,31
BRDA:324,9,1,28
BRDA:327,10,0,12
BRDA:327,10,1,16
BRDA:351,11,0,31
BRDA:351,11,1,1
BRDA:354,12,0,0
BRDA:354,12,1,1
BRDA:374,13,0,31
BRDA:374,13,1,2
BRDA:377,14,0,0
BRDA:377,14,1,2
BRF:30
BRH:24
end_of_record
TN:
SF:scr\screens\PrimeraScreen.js
FN:13,(anonymous_0)
FN:15,(anonymous_1)
FN:21,(anonymous_2)
FN:24,(anonymous_3)
FN:74,(anonymous_4)
FN:81,(anonymous_5)
FNF:6
FNH:6
FNDA:5,(anonymous_0)
FNDA:5,(anonymous_1)
FNDA:1,(anonymous_2)
FNDA:1,(anonymous_3)
FNDA:1,(anonymous_4)
FNDA:1,(anonymous_5)
DA:13,3
DA:14,5
DA:15,5
DA:16,5
DA:21,5
DA:22,1
DA:24,5
DA:25,1
DA:27,5
DA:74,1
DA:81,1
DA:121,3
LF:12
LH:12
BRF:0
BRH:0
end_of_record
TN:
SF:scr\screens\ProfileScreen.js
FN:12,ProfileScreen
FN:25,(anonymous_1)
FN:28,(anonymous_2)
FN:32,(anonymous_3)
FN:39,(anonymous_4)
FN:43,(anonymous_5)
FN:49,(anonymous_6)
FN:60,(anonymous_7)
FN:72,(anonymous_8)
FN:123,(anonymous_9)
FN:145,(anonymous_10)
FN:161,(anonymous_11)
FN:195,(anonymous_12)
FN:230,(anonymous_13)
FNF:14
FNH:14
FNDA:38,ProfileScreen
FNDA:10,(anonymous_1)
FNDA:10,(anonymous_2)
FNDA:27,(anonymous_3)
FNDA:1,(anonymous_4)
FNDA:1,(anonymous_5)
FNDA:10,(anonymous_6)
FNDA:1,(anonymous_7)
FNDA:1,(anonymous_8)
FNDA:1,(anonymous_9)
FNDA:1,(anonymous_10)
FNDA:1,(anonymous_11)
FNDA:1,(anonymous_12)
FNDA:1,(anonymous_13)
DA:14,38
DA:15,38
DA:17,38
DA:19,38
DA:21,38
DA:23,38
DA:25,38
DA:26,10
DA:27,10
DA:28,10
DA:29,10
DA:32,38
DA:33,27
DA:39,38
DA:40,1
DA:43,38
DA:44,1
DA:45,1
DA:46,1
DA:49,38
DA:51,10
DA:52,10
DA:53,10
DA:54,10
DA:55,10
DA:56,10
DA:57,10
DA:60,38
DA:61,1
DA:62,1
DA:63,1
DA:64,1
DA:65,1
DA:66,1
DA:67,1
DA:72,38
DA:73,1
DA:74,1
DA:76,38
DA:123,1
DA:145,1
DA:161,1
DA:195,1
DA:230,1
DA:241,3
LF:45
LH:45
BRDA:62,0,0,1
BRDA:62,0,1,0
BRDA:79,1,0,21
BRDA:79,1,1,17
BRDA:140,2,0,21
BRDA:140,2,1,17
BRDA:147,3,0,21
BRDA:147,3,1,17
BRDA:167,4,0,21
BRDA:167,4,1,17
BRDA:177,5,0,21
BRDA:177,5,1,17
BRDA:214,6,0,21
BRDA:214,6,1,17
BRF:14
BRH:13
end_of_record
TN:
SF:scr\screens\Auth\LoginScreen.js
FN:17,(anonymous_0)
FN:22,(anonymous_1)
FN:25,(anonymous_2)
FN:29,(anonymous_3)
FN:64,(anonymous_4)
FN:85,(anonymous_5)
FN:91,(anonymous_6)
FN:115,(anonymous_7)
FN:122,(anonymous_8)
FNF:9
FNH:9
FNDA:8,(anonymous_0)
FNDA:1,(anonymous_1)
FNDA:1,(anonymous_2)
FNDA:6,(anonymous_3)
FNDA:1,(anonymous_4)
FNDA:1,(anonymous_5)
FNDA:1,(anonymous_6)
FNDA:1,(anonymous_7)
FNDA:1,(anonymous_8)
DA:17,3
DA:18,8
DA:19,8
DA:20,8
DA:22,8
DA:23,1
DA:25,8
DA:26,1
DA:29,8
DA:30,6
DA:34,8
DA:64,1
DA:85,1
DA:91,1
DA:115,1
DA:122,1
DA:135,3
LF:17
LH:17
BRF:0
BRH:0
end_of_record
TN:
SF:scr\screens\Auth\PsswForgotScreen.js
FN:17,(anonymous_0)
FN:21,(anonymous_1)
FN:24,(anonymous_2)
FN:27,(anonymous_3)
FN:31,(anonymous_4)
FN:44,(anonymous_5)
FN:76,(anonymous_6)
FN:91,(anonymous_7)
FNF:8
FNH:8
FNDA:5,(anonymous_0)
FNDA:1,(anonymous_1)
FNDA:4,(anonymous_2)
FNDA:4,(anonymous_3)
FNDA:4,(anonymous_4)
FNDA:1,(anonymous_5)
FNDA:1,(anonymous_6)
FNDA:1,(anonymous_7)
DA:17,3
DA:18,5
DA:19,5
DA:21,5
DA:22,1
DA:24,5
DA:25,4
DA:27,4
DA:28,4
DA:31,5
DA:33,4
DA:40,5
DA:44,1
DA:76,1
DA:91,1
DA:100,3
LF:16
LH:16
BRF:0
BRH:0
end_of_record
TN:
SF:scr\screens\Auth\RegisterScreen.js
FN:18,(anonymous_0)
FN:27,(anonymous_1)
FN:32,(anonymous_2)
FN:37,(anonymous_3)
FN:42,(anonymous_4)
FN:48,(anonymous_5)
FN:79,(anonymous_6)
FN:100,(anonymous_7)
FN:122,(anonymous_8)
FN:140,(anonymous_9)
FN:147,(anonymous_10)
FNF:11
FNH:11
FNDA:10,(anonymous_0)
FNDA:7,(anonymous_1)
FNDA:7,(anonymous_2)
FNDA:1,(anonymous_3)
FNDA:7,(anonymous_4)
FNDA:1,(anonymous_5)
FNDA:1,(anonymous_6)
FNDA:1,(anonymous_7)
FNDA:1,(anonymous_8)
FNDA:1,(anonymous_9)
FNDA:1,(anonymous_10)
DA:18,3
DA:19,10
DA:20,10
DA:21,10
DA:24,10
DA:27,10
DA:30,7
DA:32,7
DA:33,7
DA:37,10
DA:38,1
DA:42,10
DA:43,7
DA:48,10
DA:49,1
DA:50,1
DA:53,10
DA:79,1
DA:100,1
DA:122,1
DA:140,1
DA:147,1
DA:159,3
LF:23
LH:23
BRF:0
BRH:0
end_of_record
TN:
SF:scr\screens\BookScreen\BooksScreen.js
FN:11,BooksScreen
FN:34,(anonymous_1)
FN:39,(anonymous_2)
FN:44,(anonymous_3)
FN:54,(anonymous_4)
FN:57,(anonymous_5)
FN:61,(anonymous_6)
FN:77,(anonymous_7)
FN:84,(anonymous_8)
FN:104,(anonymous_9)
FN:113,(anonymous_10)
FN:123,(anonymous_11)
FN:127,(anonymous_12)
FN:133,(anonymous_13)
FN:139,(anonymous_14)
FN:152,(anonymous_15)
FN:164,(anonymous_16)
FN:173,(anonymous_17)
FN:179,(anonymous_18)
FN:194,(anonymous_19)
FN:196,(anonymous_20)
FN:215,(anonymous_21)
FN:223,(anonymous_22)
FN:244,(anonymous_23)
FN:360,(anonymous_24)
FN:364,(anonymous_25)
FN:391,(anonymous_26)
FN:399,(anonymous_27)
FN:419,(anonymous_28)
FN:424,(anonymous_29)
FN:429,(anonymous_30)
FN:438,(anonymous_31)
FN:442,(anonymous_32)
FNF:33
FNH:21
FNDA:57,BooksScreen
FNDA:6,(anonymous_1)
FNDA:6,(anonymous_2)
FNDA:0,(anonymous_3)
FNDA:0,(anonymous_4)
FNDA:0,(anonymous_5)
FNDA:0,(anonymous_6)
FNDA:6,(anonymous_7)
FNDA:6,(anonymous_8)
FNDA:6,(anonymous_9)
FNDA:0,(anonymous_10)
FNDA:4,(anonymous_11)
FNDA:1,(anonymous_12)
FNDA:1,(anonymous_13)
FNDA:2,(anonymous_14)
FNDA:0,(anonymous_15)
FNDA:3,(anonymous_16)
FNDA:1,(anonymous_17)
FNDA:0,(anonymous_18)
FNDA:1,(anonymous_19)
FNDA:0,(anonymous_20)
FNDA:4,(anonymous_21)
FNDA:0,(anonymous_22)
FNDA:0,(anonymous_23)
FNDA:1,(anonymous_24)
FNDA:1,(anonymous_25)
FNDA:0,(anonymous_26)
FNDA:0,(anonymous_27)
FNDA:1,(anonymous_28)
FNDA:1,(anonymous_29)
FNDA:2,(anonymous_30)
FNDA:1,(anonymous_31)
FNDA:3,(anonymous_32)
DA:13,57
DA:14,57
DA:15,57
DA:16,57
DA:17,57
DA:20,57
DA:21,57
DA:22,57
DA:24,57
DA:25,57
DA:26,57
DA:27,57
DA:29,57
DA:31,57
DA:32,57
DA:34,57
DA:36,6
DA:37,6
DA:39,6
DA:40,6
DA:44,57
DA:45,0
DA:46,0
DA:47,0
DA:48,0
DA:50,0
DA:54,57
DA:55,0
DA:56,0
DA:57,0
DA:58,0
DA:61,57
DA:62,0
DA:63,0
DA:64,0
DA:65,0
DA:70,0
DA:72,0
DA:77,57
DA:78,6
DA:84,57
DA:86,6
DA:87,6
DA:88,6
DA:89,6
DA:91,6
DA:92,0
DA:95,6
DA:97,6
DA:98,6
DA:99,6
DA:100,6
DA:104,57
DA:106,6
DA:107,6
DA:108,6
DA:113,57
DA:115,0
DA:117,0
DA:123,57
DA:125,4
DA:127,57
DA:129,1
DA:130,1
DA:131,1
DA:133,57
DA:135,1
DA:136,1
DA:137,1
DA:139,57
DA:141,2
DA:142,1
DA:143,1
DA:144,1
DA:147,1
DA:148,1
DA:149,1
DA:152,57
DA:153,0
DA:155,0
DA:164,57
DA:165,3
DA:166,2
DA:168,1
DA:170,3
DA:173,57
DA:174,1
DA:175,0
DA:179,57
DA:181,0
DA:184,0
DA:187,0
DA:194,57
DA:195,1
DA:196,0
DA:213,57
DA:215,4
DA:223,0
DA:244,0
DA:361,1
DA:365,1
DA:391,0
DA:399,0
DA:419,1
DA:424,1
DA:429,2
DA:438,1
DA:442,3
DA:464,3
LF:109
LH:80
BRDA:47,0,0,0
BRDA:47,0,1,0
BRDA:62,1,0,0
BRDA:62,1,1,0
BRDA:64,2,0,0
BRDA:64,2,1,0
BRDA:64,3,0,0
BRDA:64,3,1,0
BRDA:91,4,0,0
BRDA:91,4,1,6
BRDA:130,5,0,1
BRDA:130,5,1,0
BRDA:136,6,0,1
BRDA:136,6,1,0
BRDA:141,7,0,1
BRDA:141,7,1,1
BRDA:165,8,0,2
BRDA:165,8,1,1
BRDA:174,9,0,0
BRDA:174,9,1,1
BRDA:202,10,0,1
BRDA:202,10,1,0
BRDA:218,11,0,0
BRDA:218,11,1,57
BRDA:224,12,0,0
BRDA:224,12,1,57
BRDA:243,13,0,24
BRDA:243,13,1,33
BRDA:258,14,0,0
BRDA:258,14,1,24
BRDA:302,15,0,0
BRDA:302,15,1,33
BRDA:326,16,0,8
BRDA:326,16,1,49
BRDA:411,17,0,39
BRDA:411,17,1,18
BRDA:413,18,0,0
BRDA:413,18,1,39
BRDA:431,19,0,38
BRDA:431,19,1,1
BRF:40
BRH:22
end_of_record
TN:
SF:scr\screens\BookScreen\ChatCapituloScreen.js
FN:12,ChatCapituloScreen
FN:21,(anonymous_1)
FN:26,(anonymous_2)
FN:31,(anonymous_3)
FN:38,(anonymous_4)
FN:52,(anonymous_5)
FN:64,(anonymous_6)
FN:73,(anonymous_7)
FN:81,(anonymous_8)
FN:85,(anonymous_9)
FN:89,(anonymous_10)
FN:96,(anonymous_11)
FN:107,(anonymous_12)
FN:112,(anonymous_13)
FN:145,(anonymous_14)
FN:160,(anonymous_15)
FN:163,(anonymous_16)
FN:170,(anonymous_17)
FN:176,(anonymous_18)
FNF:19
FNH:10
FNDA:5,ChatCapituloScreen
FNDA:3,(anonymous_1)
FNDA:3,(anonymous_2)
FNDA:3,(anonymous_3)
FNDA:1,(anonymous_4)
FNDA:3,(anonymous_5)
FNDA:1,(anonymous_6)
FNDA:0,(anonymous_7)
FNDA:0,(anonymous_8)
FNDA:0,(anonymous_9)
FNDA:0,(anonymous_10)
FNDA:0,(anonymous_11)
FNDA:0,(anonymous_12)
FNDA:0,(anonymous_13)
FNDA:1,(anonymous_14)
FNDA:0,(anonymous_15)
FNDA:0,(anonymous_16)
FNDA:1,(anonymous_17)
FNDA:1,(anonymous_18)
DA:14,5
DA:15,5
DA:16,5
DA:17,5
DA:18,5
DA:19,5
DA:21,5
DA:23,3
DA:24,3
DA:26,3
DA:27,3
DA:31,5
DA:32,3
DA:38,5
DA:39,1
DA:40,0
DA:47,1
DA:52,5
DA:54,3
DA:55,3
DA:56,3
DA:57,0
DA:58,0
DA:59,0
DA:64,5
DA:66,1
DA:67,0
DA:68,0
DA:69,0
DA:70,0
DA:73,5
DA:75,0
DA:81,5
DA:82,0
DA:85,0
DA:96,5
DA:97,0
DA:107,0
DA:112,0
DA:127,5
DA:145,1
DA:161,0
DA:163,0
DA:170,1
DA:176,1
DA:197,3
LF:46
LH:30
BRDA:39,0,0,0
BRDA:39,0,1,1
BRF:2
BRH:1
end_of_record
TN:
SF:scr\screens\BookScreen\DetailBookScreen.js
FN:11,DetailBookScreen
FN:28,(anonymous_1)
FN:29,(anonymous_2)
FN:36,(anonymous_3)
FN:43,(anonymous_4)
FN:48,(anonymous_5)
FN:64,(anonymous_6)
FN:77,(anonymous_7)
FN:84,(anonymous_8)
FN:96,(anonymous_9)
FN:99,(anonymous_10)
FN:109,(anonymous_11)
FN:139,(anonymous_12)
FN:174,(anonymous_13)
FN:176,(anonymous_14)
FN:224,(anonymous_15)
FN:254,(anonymous_16)
FN:261,(anonymous_17)
FN:272,(anonymous_18)
FN:275,(anonymous_19)
FN:300,(anonymous_20)
FN:320,(anonymous_21)
FN:326,(anonymous_22)
FNF:23
FNH:12
FNDA:11,DetailBookScreen
FNDA:8,(anonymous_1)
FNDA:8,(anonymous_2)
FNDA:10,(anonymous_3)
FNDA:8,(anonymous_4)
FNDA:8,(anonymous_5)
FNDA:1,(anonymous_6)
FNDA:1,(anonymous_7)
FNDA:0,(anonymous_8)
FNDA:1,(anonymous_9)
FNDA:0,(anonymous_10)
FNDA:0,(anonymous_11)
FNDA:0,(anonymous_12)
FNDA:0,(anonymous_13)
FNDA:0,(anonymous_14)
FNDA:1,(anonymous_15)
FNDA:1,(anonymous_16)
FNDA:0,(anonymous_17)
FNDA:0,(anonymous_18)
FNDA:0,(anonymous_19)
FNDA:0,(anonymous_20)
FNDA:0,(anonymous_21)
FNDA:1,(anonymous_22)
DA:12,11
DA:14,11
DA:15,11
DA:16,11
DA:17,11
DA:18,11
DA:19,11
DA:20,11
DA:22,11
DA:25,11
DA:26,11
DA:28,11
DA:29,8
DA:30,8
DA:32,8
DA:36,11
DA:37,10
DA:43,11
DA:45,8
DA:48,11
DA:50,8
DA:51,8
DA:52,8
DA:53,8
DA:54,8
DA:55,4
DA:56,4
DA:57,4
DA:58,4
DA:59,4
DA:60,4
DA:61,4
DA:64,11
DA:65,1
DA:68,1
DA:69,1
DA:71,1
DA:77,11
DA:78,1
DA:84,11
DA:85,0
DA:87,0
DA:88,0
DA:90,0
DA:96,11
DA:97,1
DA:99,11
DA:100,0
DA:101,0
DA:102,0
DA:105,0
DA:106,0
DA:109,11
DA:110,0
DA:139,11
DA:140,0
DA:174,11
DA:175,0
DA:176,0
DA:193,11
DA:224,1
DA:254,1
DA:261,0
DA:273,0
DA:275,0
DA:300,0
DA:320,0
DA:326,1
DA:341,3
LF:69
LH:51
BRDA:100,0,0,0
BRDA:100,0,1,0
BRDA:183,1,0,0
BRDA:183,1,1,0
BRDA:240,2,0,0
BRDA:240,2,1,11
BRDA:245,3,0,0
BRDA:245,3,1,11
BRDA:262,4,0,4
BRDA:262,4,1,7
BRDA:297,5,0,0
BRDA:297,5,1,11
BRDA:309,6,0,0
BRDA:309,6,1,11
BRF:14
BRH:6
end_of_record
TN:
SF:scr\screens\ChatScreen\ChatConversationScreen.js
FN:24,ChatConversationScreen
FN:38,(anonymous_1)
FN:46,(anonymous_2)
FN:50,(anonymous_3)
FN:59,(anonymous_4)
FN:78,(anonymous_5)
FN:83,(anonymous_6)
FN:87,(anonymous_7)
FN:95,(anonymous_8)
FN:104,(anonymous_9)
FN:112,(anonymous_10)
FN:113,(anonymous_11)
FN:118,renderSend
FN:127,renderBubble
FN:153,renderDay
FN:156,renderInputToolbar
FN:173,renderTime
FN:234,(anonymous_17)
FN:258,(anonymous_18)
FN:261,(anonymous_19)
FN:281,(anonymous_20)
FN:302,(anonymous_21)
FN:305,(anonymous_22)
FNF:23
FNH:7
FNDA:17,ChatConversationScreen
FNDA:2,(anonymous_1)
FNDA:2,(anonymous_2)
FNDA:0,(anonymous_3)
FNDA:2,(anonymous_4)
FNDA:2,(anonymous_5)
FNDA:1,(anonymous_6)
FNDA:0,(anonymous_7)
FNDA:0,(anonymous_8)
FNDA:0,(anonymous_9)
FNDA:0,(anonymous_10)
FNDA:0,(anonymous_11)
FNDA:0,renderSend
FNDA:0,renderBubble
FNDA:0,renderDay
FNDA:0,renderInputToolbar
FNDA:0,renderTime
FNDA:1,(anonymous_17)
FNDA:0,(anonymous_18)
FNDA:0,(anonymous_19)
FNDA:0,(anonymous_20)
FNDA:0,(anonymous_21)
FNDA:0,(anonymous_22)
DA:25,17
DA:26,17
DA:27,17
DA:28,17
DA:30,17
DA:31,17
DA:32,17
DA:33,17
DA:34,17
DA:36,17
DA:38,17
DA:39,2
DA:42,2
DA:44,2
DA:46,2
DA:47,2
DA:50,17
DA:51,0
DA:59,17
DA:60,2
DA:61,2
DA:62,2
DA:63,1
DA:64,1
DA:66,1
DA:67,1
DA:69,2
DA:70,2
DA:71,2
DA:72,2
DA:73,2
DA:74,2
DA:78,17
DA:79,2
DA:80,2
DA:83,17
DA:84,1
DA:87,17
DA:89,0
DA:90,0
DA:91,0
DA:92,0
DA:95,17
DA:97,0
DA:99,0
DA:100,0
DA:104,17
DA:106,0
DA:108,0
DA:109,0
DA:112,17
DA:113,0
DA:114,0
DA:119,0
DA:129,0
DA:154,0
DA:157,0
DA:174,0
DA:188,17
DA:234,1
DA:258,0
DA:261,0
DA:281,0
DA:302,0
DA:305,0
DA:321,3
LF:66
LH:43
BRDA:62,0,0,1
BRDA:62,0,1,1
BRDA:112,1,0,0
BRDA:168,2,0,0
BRDA:168,2,1,0
BRDA:168,3,0,0
BRDA:168,3,1,0
BRDA:168,3,2,0
BRDA:239,4,0,11
BRDA:239,4,1,6
BRDA:248,5,0,9
BRDA:248,5,1,8
BRDA:248,6,0,17
BRDA:248,6,1,17
BRDA:248,6,2,13
BRDA:270,7,0,4
BRDA:270,7,1,13
BRDA:270,8,0,17
BRDA:270,8,1,17
BRDA:299,9,0,17
BRDA:299,9,1,17
BRDA:299,9,2,4
BRF:22
BRH:16
end_of_record
TN:
SF:scr\screens\ChatScreen\ChatScreen.js
FN:18,ChatScreen
FN:27,(anonymous_1)
FN:33,(anonymous_2)
FN:41,(anonymous_3)
FN:46,(anonymous_4)
FN:57,(anonymous_5)
FN:63,(anonymous_6)
FN:69,(anonymous_7)
FN:77,(anonymous_8)
FN:83,(anonymous_9)
FN:115,(anonymous_10)
FN:122,(anonymous_11)
FN:124,(anonymous_12)
FN:144,(anonymous_13)
FN:146,(anonymous_14)
FN:219,(anonymous_15)
FN:223,(anonymous_16)
FN:256,(anonymous_17)
FN:257,(anonymous_18)
FN:298,(anonymous_19)
FN:306,(anonymous_20)
FN:338,(anonymous_21)
FNF:22
FNH:20
FNDA:61,ChatScreen
FNDA:14,(anonymous_1)
FNDA:7,(anonymous_2)
FNDA:14,(anonymous_3)
FNDA:14,(anonymous_4)
FNDA:14,(anonymous_5)
FNDA:14,(anonymous_6)
FNDA:1,(anonymous_7)
FNDA:1,(anonymous_8)
FNDA:1,(anonymous_9)
FNDA:2,(anonymous_10)
FNDA:10,(anonymous_11)
FNDA:1,(anonymous_12)
FNDA:17,(anonymous_13)
FNDA:1,(anonymous_14)
FNDA:0,(anonymous_15)
FNDA:0,(anonymous_16)
FNDA:10,(anonymous_17)
FNDA:10,(anonymous_18)
FNDA:1,(anonymous_19)
FNDA:2,(anonymous_20)
FNDA:24,(anonymous_21)
DA:19,61
DA:20,61
DA:21,61
DA:22,61
DA:23,61
DA:24,61
DA:25,61
DA:27,61
DA:29,14
DA:33,61
DA:34,7
DA:41,61
DA:42,14
DA:46,61
DA:48,14
DA:49,14
DA:50,14
DA:51,14
DA:57,61
DA:58,14
DA:59,14
DA:63,61
DA:64,14
DA:65,14
DA:66,14
DA:69,61
DA:70,1
DA:77,61
DA:78,1
DA:83,61
DA:86,1
DA:88,1
DA:89,1
DA:90,1
DA:91,1
DA:100,0
DA:102,0
DA:103,0
DA:115,61
DA:116,2
DA:117,2
DA:122,61
DA:123,10
DA:124,1
DA:144,61
DA:145,17
DA:146,1
DA:184,61
DA:220,0
DA:224,0
DA:256,10
DA:258,10
DA:298,1
DA:306,2
DA:338,24
DA:355,3
LF:56
LH:51
BRDA:86,0,0,1
BRDA:86,0,1,0
BRDA:157,1,0,17
BRDA:157,1,1,0
BRDA:163,2,0,17
BRDA:163,2,1,0
BRDA:253,3,0,8
BRDA:253,3,1,53
BRDA:300,4,0,38
BRDA:300,4,1,23
BRDA:335,5,0,24
BRDA:335,5,1,37
BRF:12
BRH:9
end_of_record
TN:
SF:scr\screens\EditBookScreen\EditBookScreen.js
FN:13,EditBookScreen
FN:48,(anonymous_1)
FN:54,(anonymous_2)
FN:59,(anonymous_3)
FN:63,(anonymous_4)
FN:69,(anonymous_5)
FN:74,(anonymous_6)
FN:79,(anonymous_7)
FN:94,(anonymous_8)
FN:102,(anonymous_9)
FN:117,(anonymous_10)
FN:133,(anonymous_11)
FN:143,(anonymous_12)
FN:151,(anonymous_13)
FN:158,(anonymous_14)
FN:166,(anonymous_15)
FN:172,(anonymous_16)
FN:185,(anonymous_17)
FN:187,(anonymous_18)
FN:195,(anonymous_19)
FN:202,(anonymous_20)
FN:208,(anonymous_21)
FN:227,(anonymous_22)
FN:238,renderCategorias
FN:248,(anonymous_24)
FN:255,(anonymous_25)
FN:266,(anonymous_26)
FN:272,(anonymous_27)
FN:324,(anonymous_28)
FN:358,(anonymous_29)
FN:394,(anonymous_30)
FN:420,(anonymous_31)
FN:460,(anonymous_32)
FN:477,(anonymous_33)
FN:488,(anonymous_34)
FN:517,(anonymous_35)
FN:550,(anonymous_36)
FN:564,(anonymous_37)
FN:602,(anonymous_38)
FN:662,(anonymous_39)
FN:681,(anonymous_40)
FN:684,(anonymous_41)
FN:691,(anonymous_42)
FN:728,(anonymous_43)
FN:764,(anonymous_44)
FN:777,(anonymous_45)
FN:779,(anonymous_46)
FN:806,(anonymous_47)
FN:857,(anonymous_48)
FNF:49
FNH:36
FNDA:302,EditBookScreen
FNDA:28,(anonymous_1)
FNDA:28,(anonymous_2)
FNDA:28,(anonymous_3)
FNDA:234,(anonymous_4)
FNDA:1,(anonymous_5)
FNDA:1,(anonymous_6)
FNDA:0,(anonymous_7)
FNDA:0,(anonymous_8)
FNDA:28,(anonymous_9)
FNDA:28,(anonymous_10)
FNDA:3,(anonymous_11)
FNDA:0,(anonymous_12)
FNDA:3,(anonymous_13)
FNDA:3,(anonymous_14)
FNDA:1,(anonymous_15)
FNDA:1,(anonymous_16)
FNDA:0,(anonymous_17)
FNDA:0,(anonymous_18)
FNDA:3,(anonymous_19)
FNDA:13,(anonymous_20)
FNDA:1,(anonymous_21)
FNDA:1,(anonymous_22)
FNDA:303,renderCategorias
FNDA:0,(anonymous_24)
FNDA:98,(anonymous_25)
FNDA:0,(anonymous_26)
FNDA:0,(anonymous_27)
FNDA:0,(anonymous_28)
FNDA:0,(anonymous_29)
FNDA:0,(anonymous_30)
FNDA:0,(anonymous_31)
FNDA:0,(anonymous_32)
FNDA:1,(anonymous_33)
FNDA:1,(anonymous_34)
FNDA:3,(anonymous_35)
FNDA:3,(anonymous_36)
FNDA:3,(anonymous_37)
FNDA:3,(anonymous_38)
FNDA:1,(anonymous_39)
FNDA:750,(anonymous_40)
FNDA:303,(anonymous_41)
FNDA:1,(anonymous_42)
FNDA:1,(anonymous_43)
FNDA:13,(anonymous_44)
FNDA:98,(anonymous_45)
FNDA:98,(anonymous_46)
FNDA:1,(anonymous_47)
FNDA:1,(anonymous_48)
DA:15,302
DA:16,302
DA:17,302
DA:18,302
DA:19,302
DA:20,302
DA:23,302
DA:24,302
DA:26,302
DA:27,302
DA:30,302
DA:31,302
DA:32,302
DA:34,302
DA:35,302
DA:36,302
DA:37,302
DA:38,302
DA:39,302
DA:40,302
DA:43,302
DA:48,302
DA:50,28
DA:51,28
DA:52,28
DA:54,28
DA:55,28
DA:59,302
DA:60,28
DA:63,302
DA:64,234
DA:69,302
DA:70,1
DA:74,302
DA:75,1
DA:79,302
DA:81,0
DA:94,302
DA:95,0
DA:96,0
DA:97,0
DA:98,0
DA:99,0
DA:102,302
DA:103,28
DA:104,28
DA:106,28
DA:107,28
DA:108,28
DA:110,28
DA:112,28
DA:114,28
DA:117,302
DA:118,28
DA:119,28
DA:120,28
DA:121,28
DA:122,28
DA:123,28
DA:124,28
DA:125,28
DA:126,28
DA:128,28
DA:129,28
DA:130,28
DA:133,302
DA:134,3
DA:135,3
DA:137,2
DA:140,3
DA:143,302
DA:144,0
DA:145,0
DA:146,0
DA:147,0
DA:148,0
DA:151,302
DA:152,3
DA:153,1
DA:154,1
DA:156,2
DA:158,302
DA:159,3
DA:160,1
DA:161,1
DA:163,2
DA:166,302
DA:167,1
DA:168,1
DA:172,302
DA:173,1
DA:174,1
DA:175,1
DA:178,1
DA:179,1
DA:181,0
DA:185,302
DA:186,0
DA:187,0
DA:188,0
DA:190,0
DA:191,0
DA:192,0
DA:195,302
DA:196,3
DA:197,2
DA:198,2
DA:199,2
DA:202,302
DA:203,13
DA:204,13
DA:205,13
DA:208,302
DA:209,1
DA:210,1
DA:212,1
DA:213,0
DA:214,0
DA:215,0
DA:222,1
DA:224,1
DA:227,302
DA:228,1
DA:229,1
DA:230,1
DA:231,1
DA:232,1
DA:233,1
DA:235,1
DA:239,303
DA:248,0
DA:255,302
DA:256,98
DA:266,0
DA:272,0
DA:281,302
DA:324,0
DA:358,0
DA:394,0
DA:420,0
DA:460,0
DA:477,1
DA:488,1
DA:517,3
DA:550,3
DA:564,3
DA:602,3
DA:662,1
DA:682,750
DA:684,303
DA:691,1
DA:728,1
DA:764,13
DA:777,98
DA:780,98
DA:806,1
DA:857,1
DA:870,3
LF:158
LH:129
BRDA:125,0,0,28
BRDA:125,0,1,0
BRDA:135,1,0,2
BRDA:135,1,1,1
BRDA:152,2,0,1
BRDA:152,2,1,2
BRDA:152,3,0,3
BRDA:152,3,1,1
BRDA:159,4,0,1
BRDA:159,4,1,2
BRDA:159,5,0,3
BRDA:159,5,1,1
BRDA:167,6,0,1
BRDA:167,6,1,0
BRDA:173,7,0,1
BRDA:173,7,1,0
BRDA:173,8,0,1
BRDA:173,8,1,1
BRDA:196,9,0,2
BRDA:196,9,1,1
BRDA:214,10,0,0
BRDA:214,10,1,0
BRDA:230,11,0,1
BRDA:230,11,1,0
BRDA:285,12,0,148
BRDA:285,12,1,154
BRDA:285,13,0,302
BRDA:285,13,1,167
BRDA:314,14,0,135
BRDA:314,14,1,167
BRDA:348,15,0,135
BRDA:348,15,1,167
BRDA:384,16,0,161
BRDA:384,16,1,141
BRDA:384,17,0,302
BRDA:384,17,1,167
BRDA:384,17,2,154
BRDA:409,18,0,161
BRDA:409,18,1,141
BRDA:409,19,0,302
BRDA:409,19,1,167
BRDA:409,19,2,154
BRDA:450,20,0,161
BRDA:450,20,1,141
BRDA:450,21,0,302
BRDA:450,21,1,167
BRDA:450,21,2,154
BRDA:496,22,0,221
BRDA:496,22,1,81
BRDA:501,23,0,221
BRDA:501,23,1,81
BRDA:524,24,0,174
BRDA:524,24,1,128
BRDA:524,25,0,302
BRDA:524,25,1,167
BRDA:524,25,2,154
BRDA:524,25,3,141
BRDA:532,26,0,174
BRDA:532,26,1,128
BRDA:532,27,0,302
BRDA:532,27,1,167
BRDA:532,27,2,154
BRDA:532,27,3,141
BRDA:571,28,0,174
BRDA:571,28,1,128
BRDA:571,29,0,302
BRDA:571,29,1,167
BRDA:571,29,2,154
BRDA:571,29,3,141
BRDA:583,30,0,174
BRDA:583,30,1,128
BRDA:583,31,0,302
BRDA:583,31,1,167
BRDA:583,31,2,154
BRDA:583,31,3,141
BRDA:620,32,0,174
BRDA:620,32,1,128
BRDA:620,33,0,302
BRDA:620,33,1,167
BRDA:620,33,2,154
BRDA:620,33,3,141
BRDA:644,34,0,174
BRDA:644,34,1,128
BRDA:644,35,0,302
BRDA:644,35,1,167
BRDA:644,35,2,154
BRDA:644,35,3,141
BRDA:698,36,0,174
BRDA:698,36,1,128
BRDA:698,37,0,302
BRDA:698,37,1,167
BRDA:698,37,2,154
BRDA:698,37,3,141
BRDA:709,38,0,174
BRDA:709,38,1,128
BRDA:709,39,0,302
BRDA:709,39,1,167
BRDA:709,39,2,154
BRDA:709,39,3,141
BRDA:748,40,0,174
BRDA:748,40,1,128
BRDA:748,41,0,302
BRDA:748,41,1,167
BRDA:748,41,2,154
BRDA:748,41,3,141
BRDA:803,42,0,174
BRDA:803,42,1,128
BRDA:803,43,0,302
BRDA:803,43,1,167
BRDA:803,43,2,154
BRDA:803,43,3,141
BRDA:839,44,0,174
BRDA:839,44,1,128
BRDA:839,45,0,302
BRDA:839,45,1,167
BRDA:839,45,2,154
BRDA:839,45,3,141
BRF:117
BRH:111
end_of_record
TN:
SF:scr\screens\EditBookScreen\EditChapterScreen.js
FN:9,EditChapterScreen
FN:16,(anonymous_1)
FN:20,(anonymous_2)
FN:25,(anonymous_3)
FN:31,(anonymous_4)
FN:36,(anonymous_5)
FN:40,(anonymous_6)
FN:47,(anonymous_7)
FN:97,(anonymous_8)
FN:121,(anonymous_9)
FN:141,(anonymous_10)
FN:170,(anonymous_11)
FNF:12
FNH:12
FNDA:16,EditChapterScreen
FNDA:4,(anonymous_1)
FNDA:4,(anonymous_2)
FNDA:4,(anonymous_3)
FNDA:1,(anonymous_4)
FNDA:1,(anonymous_5)
FNDA:4,(anonymous_6)
FNDA:1,(anonymous_7)
FNDA:1,(anonymous_8)
FNDA:1,(anonymous_9)
FNDA:1,(anonymous_10)
FNDA:1,(anonymous_11)
DA:10,16
DA:11,16
DA:12,16
DA:13,16
DA:14,16
DA:16,16
DA:17,4
DA:18,4
DA:20,4
DA:21,4
DA:25,16
DA:26,4
DA:31,16
DA:32,1
DA:36,16
DA:37,1
DA:40,16
DA:41,4
DA:43,4
DA:44,4
DA:47,16
DA:48,1
DA:49,1
DA:50,1
DA:51,1
DA:52,1
DA:55,16
DA:97,1
DA:121,1
DA:141,1
DA:170,1
DA:184,3
LF:32
LH:32
BRDA:59,0,0,3
BRDA:59,0,1,13
BRDA:110,1,0,3
BRDA:110,1,1,13
BRDA:129,2,0,3
BRDA:129,2,1,13
BRDA:145,3,0,3
BRDA:145,3,1,13
BRDA:161,4,0,3
BRDA:161,4,1,13
BRF:10
BRH:10
end_of_record
TN:
SF:scr\screens\ExploreScreen\ExploreScreen.js
FN:19,ExploreScreen
FN:50,(anonymous_1)
FN:52,(anonymous_2)
FN:58,(anonymous_3)
FN:65,(anonymous_4)
FN:72,(anonymous_5)
FN:78,(anonymous_6)
FN:93,(anonymous_7)
FN:130,(anonymous_8)
FN:152,(anonymous_9)
FN:166,(anonymous_10)
FN:171,(anonymous_11)
FN:184,(anonymous_12)
FN:214,(anonymous_13)
FN:227,(anonymous_14)
FN:245,(anonymous_15)
FN:260,(anonymous_16)
FN:277,(anonymous_17)
FN:305,(anonymous_18)
FN:335,(anonymous_19)
FN:343,(anonymous_20)
FN:346,(anonymous_21)
FN:351,(anonymous_22)
FN:367,(anonymous_23)
FN:385,(anonymous_24)
FN:404,(anonymous_25)
FN:406,(anonymous_26)
FN:438,(anonymous_27)
FN:441,(anonymous_28)
FN:446,(anonymous_29)
FN:476,RenderCategoria
FN:509,(anonymous_31)
FN:512,(anonymous_32)
FN:535,(anonymous_33)
FN:542,(anonymous_34)
FN:544,(anonymous_35)
FN:602,(anonymous_36)
FN:605,(anonymous_37)
FN:658,(anonymous_38)
FN:682,(anonymous_39)
FN:690,(anonymous_40)
FN:697,(anonymous_41)
FN:703,(anonymous_42)
FN:740,(anonymous_43)
FN:742,(anonymous_44)
FN:745,(anonymous_45)
FN:757,(anonymous_46)
FN:759,(anonymous_47)
FNF:48
FNH:32
FNDA:129,ExploreScreen
FNDA:8,(anonymous_1)
FNDA:8,(anonymous_2)
FNDA:8,(anonymous_3)
FNDA:0,(anonymous_4)
FNDA:1,(anonymous_5)
FNDA:10,(anonymous_6)
FNDA:0,(anonymous_7)
FNDA:9,(anonymous_8)
FNDA:0,(anonymous_9)
FNDA:1,(anonymous_10)
FNDA:6,(anonymous_11)
FNDA:4,(anonymous_12)
FNDA:0,(anonymous_13)
FNDA:8,(anonymous_14)
FNDA:2,(anonymous_15)
FNDA:0,(anonymous_16)
FNDA:8,(anonymous_17)
FNDA:84,(anonymous_18)
FNDA:9,(anonymous_19)
FNDA:12,(anonymous_20)
FNDA:12,(anonymous_21)
FNDA:4,(anonymous_22)
FNDA:12,(anonymous_23)
FNDA:2,(anonymous_24)
FNDA:12,(anonymous_25)
FNDA:0,(anonymous_26)
FNDA:93,(anonymous_27)
FNDA:186,(anonymous_28)
FNDA:1,(anonymous_29)
FNDA:0,RenderCategoria
FNDA:10,(anonymous_31)
FNDA:0,(anonymous_32)
FNDA:0,(anonymous_33)
FNDA:0,(anonymous_34)
FNDA:0,(anonymous_35)
FNDA:0,(anonymous_36)
FNDA:0,(anonymous_37)
FNDA:1,(anonymous_38)
FNDA:4,(anonymous_39)
FNDA:4,(anonymous_40)
FNDA:2,(anonymous_41)
FNDA:4,(anonymous_42)
FNDA:0,(anonymous_43)
FNDA:0,(anonymous_44)
FNDA:0,(anonymous_45)
FNDA:10,(anonymous_46)
FNDA:10,(anonymous_47)
DA:21,129
DA:23,129
DA:24,129
DA:25,129
DA:26,129
DA:27,129
DA:28,129
DA:29,129
DA:30,129
DA:31,129
DA:33,129
DA:34,129
DA:35,129
DA:36,129
DA:39,129
DA:41,129
DA:42,129
DA:43,129
DA:44,129
DA:45,129
DA:48,129
DA:50,129
DA:52,8
DA:53,8
DA:55,8
DA:58,129
DA:59,8
DA:65,129
DA:66,0
DA:72,129
DA:73,1
DA:78,129
DA:80,10
DA:81,10
DA:82,10
DA:83,9
DA:84,9
DA:87,1
DA:88,1
DA:90,10
DA:93,129
DA:95,0
DA:96,0
DA:97,0
DA:98,0
DA:99,0
DA:100,0
DA:101,0
DA:102,0
DA:103,0
DA:104,0
DA:105,0
DA:108,0
DA:109,0
DA:110,0
DA:111,0
DA:112,0
DA:113,0
DA:114,0
DA:115,0
DA:116,0
DA:120,0
DA:123,0
DA:124,0
DA:130,129
DA:132,9
DA:134,9
DA:135,9
DA:136,0
DA:137,0
DA:138,0
DA:139,0
DA:140,0
DA:141,0
DA:143,9
DA:144,9
DA:145,9
DA:146,9
DA:147,9
DA:149,9
DA:152,129
DA:153,0
DA:154,0
DA:156,0
DA:157,0
DA:160,0
DA:161,0
DA:166,129
DA:167,1
DA:168,1
DA:171,129
DA:172,6
DA:173,2
DA:174,2
DA:177,4
DA:178,4
DA:180,6
DA:184,129
DA:185,4
DA:186,4
DA:188,4
DA:189,3
DA:190,2
DA:192,2
DA:193,1
DA:194,1
DA:195,1
DA:196,1
DA:197,1
DA:198,1
DA:201,2
DA:203,1
DA:204,1
DA:205,1
DA:206,1
DA:207,1
DA:208,1
DA:210,2
DA:214,1
DA:215,0
DA:217,1
DA:221,1
DA:227,129
DA:228,8
DA:229,8
DA:230,8
DA:231,8
DA:232,8
DA:233,8
DA:234,8
DA:235,8
DA:236,8
DA:237,8
DA:238,8
DA:239,8
DA:240,8
DA:241,8
DA:245,129
DA:247,2
DA:248,1
DA:251,1
DA:252,1
DA:253,1
DA:256,2
DA:257,2
DA:260,129
DA:261,0
DA:262,0
DA:263,0
DA:264,0
DA:265,0
DA:266,0
DA:267,0
DA:268,0
DA:269,0
DA:270,0
DA:271,0
DA:273,0
DA:277,129
DA:278,8
DA:305,129
DA:306,84
DA:335,129
DA:336,9
DA:344,12
DA:346,12
DA:351,129
DA:352,4
DA:368,12
DA:385,2
DA:404,129
DA:405,12
DA:406,0
DA:438,129
DA:439,93
DA:442,186
DA:446,1
DA:477,0
DA:509,129
DA:510,10
DA:512,0
DA:535,129
DA:536,0
DA:542,129
DA:543,0
DA:544,0
DA:603,0
DA:605,0
DA:615,129
DA:658,1
DA:682,4
DA:690,4
DA:697,2
DA:703,4
DA:740,0
DA:743,0
DA:745,0
DA:757,10
DA:760,10
DA:779,3
LF:200
LH:140
BRDA:82,0,0,9
BRDA:82,0,1,1
BRDA:95,1,0,0
BRDA:95,1,1,0
BRDA:97,2,0,0
BRDA:97,2,1,0
BRDA:99,3,0,0
BRDA:99,3,1,0
BRDA:108,4,0,0
BRDA:108,4,1,0
BRDA:110,5,0,0
BRDA:110,5,1,0
BRDA:123,6,0,0
BRDA:123,6,1,0
BRDA:123,7,0,0
BRDA:123,7,1,0
BRDA:135,8,0,0
BRDA:135,8,1,9
BRDA:153,9,0,0
BRDA:153,9,1,0
BRDA:156,10,0,0
BRDA:156,10,1,0
BRDA:160,11,0,0
BRDA:160,11,1,0
BRDA:172,12,0,2
BRDA:172,12,1,4
BRDA:188,13,0,3
BRDA:188,13,1,1
BRDA:189,14,0,2
BRDA:189,14,1,1
BRDA:192,15,0,1
BRDA:192,15,1,1
BRDA:201,16,0,1
BRDA:201,16,1,1
BRDA:247,17,0,1
BRDA:247,17,1,1
BRDA:379,18,0,4
BRDA:379,18,1,8
BRDA:390,19,0,4
BRDA:390,19,1,8
BRDA:453,20,0,93
BRDA:453,20,1,93
BRDA:458,21,0,186
BRDA:458,21,1,93
BRDA:523,22,0,5
BRDA:523,22,1,5
BRDA:660,23,0,72
BRDA:660,23,1,57
BRDA:670,24,0,119
BRDA:670,24,1,10
BRDA:673,25,0,12
BRDA:673,25,1,117
BRDA:673,26,0,129
BRDA:673,26,1,119
BRDA:678,27,0,116
BRDA:678,27,1,13
BRDA:678,28,0,129
BRDA:678,28,1,117
BRDA:681,29,0,129
BRDA:681,29,1,117
BRDA:689,30,0,13
BRDA:689,30,1,116
BRDA:689,31,0,129
BRDA:689,31,1,117
BRDA:690,32,0,129
BRDA:690,32,1,117
BRDA:696,33,0,4
BRDA:696,33,1,125
BRDA:696,34,0,129
BRDA:696,34,1,119
BRDA:702,35,0,115
BRDA:702,35,1,14
BRDA:702,36,0,129
BRDA:702,36,1,119
BRDA:711,37,0,129
BRDA:711,37,1,4
BRDA:715,38,0,13
BRDA:715,38,1,116
BRDA:715,39,0,129
BRDA:715,39,1,119
BRDA:723,40,0,52
BRDA:723,40,1,77
BRDA:723,41,0,129
BRDA:723,41,1,62
BRDA:735,42,0,129
BRDA:735,42,1,119
BRDA:735,42,2,10
BRDA:735,42,3,10
BRDA:753,43,0,6
BRDA:753,43,1,4
BRF:90
BRH:69
end_of_record
TN:
SF:scr\screens\WriteNewBook\WriteChapterBooksScreen.js
FN:11,WriteChapterBooksScreen
FN:23,(anonymous_1)
FN:28,(anonymous_2)
FN:33,(anonymous_3)
FN:44,(anonymous_4)
FN:48,(anonymous_5)
FN:57,(anonymous_6)
FN:66,(anonymous_7)
FN:70,(anonymous_8)
FN:74,(anonymous_9)
FN:144,(anonymous_10)
FN:185,(anonymous_11)
FN:205,(anonymous_12)
FN:230,(anonymous_13)
FN:253,(anonymous_14)
FN:275,(anonymous_15)
FNF:16
FNH:14
FNDA:26,WriteChapterBooksScreen
FNDA:12,(anonymous_1)
FNDA:12,(anonymous_2)
FNDA:4,(anonymous_3)
FNDA:3,(anonymous_4)
FNDA:4,(anonymous_5)
FNDA:3,(anonymous_6)
FNDA:1,(anonymous_7)
FNDA:12,(anonymous_8)
FNDA:6,(anonymous_9)
FNDA:0,(anonymous_10)
FNDA:0,(anonymous_11)
FNDA:1,(anonymous_12)
FNDA:4,(anonymous_13)
FNDA:3,(anonymous_14)
FNDA:2,(anonymous_15)
DA:12,26
DA:13,26
DA:16,26
DA:17,26
DA:18,26
DA:19,26
DA:20,26
DA:21,26
DA:23,26
DA:25,12
DA:26,12
DA:28,12
DA:29,12
DA:33,26
DA:34,4
DA:35,2
DA:36,2
DA:37,2
DA:38,2
DA:39,2
DA:44,26
DA:45,3
DA:48,26
DA:49,4
DA:50,1
DA:51,1
DA:53,3
DA:57,26
DA:58,3
DA:59,1
DA:60,1
DA:62,2
DA:66,26
DA:67,1
DA:70,26
DA:71,12
DA:74,26
DA:75,6
DA:80,26
DA:144,0
DA:185,0
DA:205,1
DA:230,4
DA:253,3
DA:275,2
DA:292,3
LF:46
LH:44
BRDA:34,0,0,2
BRDA:34,0,1,2
BRDA:34,1,0,4
BRDA:34,1,1,3
BRDA:49,2,0,1
BRDA:49,2,1,3
BRDA:49,3,0,4
BRDA:49,3,1,1
BRDA:58,4,0,1
BRDA:58,4,1,2
BRDA:58,5,0,3
BRDA:58,5,1,1
BRDA:84,6,0,4
BRDA:84,6,1,22
BRDA:133,7,0,4
BRDA:133,7,1,22
BRDA:174,8,0,4
BRDA:174,8,1,22
BRDA:220,9,0,4
BRDA:220,9,1,22
BRDA:261,10,0,4
BRDA:261,10,1,22
BRDA:279,11,0,4
BRDA:279,11,1,22
BRF:24
BRH:24
end_of_record
TN:
SF:scr\screens\WriteNewBook\WriteNewBookScreen.js
FN:15,WriteNewBookScreen
FN:42,(anonymous_1)
FN:48,(anonymous_2)
FN:53,(anonymous_3)
FN:57,(anonymous_4)
FN:67,(anonymous_5)
FN:73,(anonymous_6)
FN:79,(anonymous_7)
FN:89,(anonymous_8)
FN:100,(anonymous_9)
FN:107,(anonymous_10)
FN:116,(anonymous_11)
FN:125,(anonymous_12)
FN:143,(anonymous_13)
FN:159,(anonymous_14)
FN:165,(anonymous_15)
FN:173,renderEtiquetas
FN:193,(anonymous_17)
FN:252,(anonymous_18)
FN:296,(anonymous_19)
FN:342,(anonymous_20)
FN:385,(anonymous_21)
FN:405,(anonymous_22)
FN:459,(anonymous_23)
FN:482,(anonymous_24)
FN:502,(anonymous_25)
FN:566,(anonymous_26)
FN:569,(anonymous_27)
FN:577,(anonymous_28)
FN:607,(anonymous_29)
FN:636,(anonymous_30)
FNF:31
FNH:27
FNDA:68,WriteNewBookScreen
FNDA:26,(anonymous_1)
FNDA:26,(anonymous_2)
FNDA:1,(anonymous_3)
FNDA:2,(anonymous_4)
FNDA:3,(anonymous_5)
FNDA:2,(anonymous_6)
FNDA:2,(anonymous_7)
FNDA:1,(anonymous_8)
FNDA:6,(anonymous_9)
FNDA:4,(anonymous_10)
FNDA:3,(anonymous_11)
FNDA:2,(anonymous_12)
FNDA:6,(anonymous_13)
FNDA:26,(anonymous_14)
FNDA:13,(anonymous_15)
FNDA:35,renderEtiquetas
FNDA:1,(anonymous_17)
FNDA:0,(anonymous_18)
FNDA:0,(anonymous_19)
FNDA:0,(anonymous_20)
FNDA:0,(anonymous_21)
FNDA:1,(anonymous_22)
FNDA:2,(anonymous_23)
FNDA:5,(anonymous_24)
FNDA:3,(anonymous_25)
FNDA:35,(anonymous_26)
FNDA:35,(anonymous_27)
FNDA:2,(anonymous_28)
FNDA:2,(anonymous_29)
FNDA:6,(anonymous_30)
DA:17,68
DA:18,67
DA:19,67
DA:20,67
DA:22,67
DA:23,67
DA:24,67
DA:25,67
DA:26,67
DA:31,67
DA:36,67
DA:37,67
DA:38,67
DA:39,67
DA:40,67
DA:42,67
DA:43,26
DA:44,26
DA:45,26
DA:46,26
DA:48,26
DA:49,26
DA:53,67
DA:54,1
DA:57,67
DA:58,2
DA:59,2
DA:60,1
DA:63,1
DA:67,67
DA:68,3
DA:69,3
DA:73,67
DA:74,2
DA:75,2
DA:79,67
DA:80,2
DA:81,1
DA:82,1
DA:83,1
DA:85,1
DA:89,67
DA:90,1
DA:92,1
DA:93,1
DA:94,1
DA:97,1
DA:100,67
DA:101,6
DA:102,2
DA:103,2
DA:105,4
DA:107,67
DA:108,4
DA:109,1
DA:110,1
DA:112,3
DA:116,67
DA:118,3
DA:119,1
DA:120,1
DA:122,2
DA:125,67
DA:126,2
DA:129,2
DA:130,3
DA:131,5
DA:132,0
DA:141,2
DA:143,67
DA:145,6
DA:146,6
DA:147,2
DA:148,2
DA:149,2
DA:150,2
DA:152,2
DA:157,6
DA:159,67
DA:160,26
DA:161,26
DA:165,67
DA:166,13
DA:174,35
DA:193,1
DA:201,67
DA:252,0
DA:296,0
DA:342,0
DA:385,0
DA:405,1
DA:459,2
DA:482,5
DA:502,3
DA:567,35
DA:569,35
DA:577,2
DA:607,2
DA:636,6
DA:648,3
LF:100
LH:95
BRDA:59,0,0,1
BRDA:59,0,1,1
BRDA:68,1,0,3
BRDA:68,1,1,0
BRDA:74,2,0,2
BRDA:74,2,1,0
BRDA:80,3,0,1
BRDA:80,3,1,1
BRDA:80,4,0,2
BRDA:80,4,1,2
BRDA:93,5,0,1
BRDA:93,5,1,0
BRDA:101,6,0,2
BRDA:101,6,1,4
BRDA:101,7,0,6
BRDA:101,7,1,5
BRDA:108,8,0,1
BRDA:108,8,1,3
BRDA:108,9,0,4
BRDA:108,9,1,1
BRDA:118,10,0,1
BRDA:118,10,1,2
BRDA:131,11,0,0
BRDA:131,11,1,5
BRDA:146,12,0,2
BRDA:146,12,1,4
BRDA:146,13,0,6
BRDA:146,13,1,4
BRDA:146,13,2,3
BRDA:205,14,0,13
BRDA:205,14,1,54
BRDA:205,15,0,67
BRDA:205,15,1,63
BRDA:205,15,2,60
BRDA:219,16,0,67
BRDA:219,16,1,6
BRDA:241,17,0,0
BRDA:241,17,1,6
BRDA:285,18,0,4
BRDA:285,18,1,63
BRDA:306,19,0,67
BRDA:306,19,1,0
BRDA:331,20,0,0
BRDA:331,20,1,0
BRDA:374,21,0,4
BRDA:374,21,1,63
BRDA:489,22,0,13
BRDA:489,22,1,54
BRDA:489,23,0,67
BRDA:489,23,1,63
BRDA:489,23,2,60
BRDA:509,24,0,13
BRDA:509,24,1,54
BRDA:509,25,0,67
BRDA:509,25,1,63
BRDA:509,25,2,60
BRDA:531,26,0,13
BRDA:531,26,1,54
BRDA:531,27,0,67
BRDA:531,27,1,63
BRDA:531,27,2,60
BRDA:584,28,0,13
BRDA:584,28,1,54
BRDA:584,29,0,67
BRDA:584,29,1,63
BRDA:584,29,2,60
BRDA:597,30,0,4
BRDA:597,30,1,63
BRDA:625,31,0,4
BRDA:625,31,1,63
BRF:70
BRH:62
end_of_record
TN:
SF:scr\screens\WriteNewBook\WriteScreen.js
FN:20,WriteScreen
FN:30,(anonymous_1)
FN:34,(anonymous_2)
FN:41,(anonymous_3)
FN:47,(anonymous_4)
FN:63,(anonymous_5)
FN:79,(anonymous_6)
FN:83,(anonymous_7)
FN:91,(anonymous_8)
FN:140,(anonymous_9)
FN:194,(anonymous_10)
FN:202,(anonymous_11)
FN:241,(anonymous_12)
FN:243,(anonymous_13)
FN:246,(anonymous_14)
FNF:15
FNH:15
FNDA:40,WriteScreen
FNDA:10,(anonymous_1)
FNDA:5,(anonymous_2)
FNDA:1,(anonymous_3)
FNDA:10,(anonymous_4)
FNDA:2,(anonymous_5)
FNDA:1,(anonymous_6)
FNDA:1,(anonymous_7)
FNDA:22,(anonymous_8)
FNDA:1,(anonymous_9)
FNDA:1,(anonymous_10)
FNDA:1,(anonymous_11)
FNDA:22,(anonymous_12)
FNDA:22,(anonymous_13)
FNDA:2,(anonymous_14)
DA:21,40
DA:23,40
DA:24,39
DA:25,39
DA:26,39
DA:27,39
DA:30,39
DA:31,10
DA:34,39
DA:35,5
DA:41,39
DA:42,1
DA:47,39
DA:48,10
DA:49,10
DA:50,10
DA:51,10
DA:52,10
DA:53,10
DA:54,6
DA:55,6
DA:57,4
DA:60,4
DA:63,39
DA:64,2
DA:66,2
DA:68,2
DA:69,1
DA:70,0
DA:72,1
DA:74,1
DA:79,39
DA:80,1
DA:83,39
DA:84,1
DA:91,39
DA:92,22
DA:141,1
DA:151,39
DA:194,1
DA:202,1
DA:241,22
DA:244,22
DA:246,2
DA:264,3
LF:45
LH:44
BRDA:53,0,0,6
BRDA:53,0,1,4
BRDA:68,1,0,1
BRDA:68,1,1,1
BRDA:196,2,0,20
BRDA:196,2,1,19
BRDA:236,3,0,32
BRDA:236,3,1,7
BRF:8
BRH:8
end_of_record
TN:
SF:scr\utils\ImagePicker.js
FN:3,(anonymous_0)
FNF:1
FNH:1
FNDA:1,(anonymous_0)
DA:3,3
DA:4,1
LF:2
LH:2
BRF:0
BRH:0
end_of_record
