TN:
SF:src\components\BottomTab.js
FNF:0
FNH:0
DA:14,3
LF:1
LH:1
BRF:0
BRH:0
end_of_record
TN:
SF:src\config\firebase.js
FNF:0
FNH:0
DA:12,3
DA:24,3
DA:25,3
DA:26,3
DA:39,3
LF:5
LH:5
BRDA:24,0,0,3
BRDA:24,0,1,0
BRF:2
BRH:1
end_of_record
TN:
SF:src\navigation\AuthStack.js
FN:11,AuthStack
FNF:1
FNH:1
FNDA:3,AuthStack
DA:9,3
DA:12,3
LF:2
LH:2
BRF:0
BRH:0
end_of_record
TN:
SF:src\navigation\AuthenticatedUserProvider.js
FN:5,(anonymous_0)
FNF:1
FNH:1
FNDA:1,(anonymous_0)
DA:3,2
DA:5,2
DA:7,1
DA:8,1
LF:4
LH:4
BRF:0
BRH:0
end_of_record
TN:
SF:src\navigation\BibliotecaStack.js
FN:15,BibliotecaStack
FNF:1
FNH:1
FNDA:1,BibliotecaStack
DA:13,3
DA:16,1
LF:2
LH:2
BRF:0
BRH:0
end_of_record
TN:
SF:src\navigation\BookWriteNavigator.js
FN:11,BookWriteNavigator
FNF:1
FNH:1
FNDA:1,BookWriteNavigator
DA:10,3
DA:13,1
LF:2
LH:2
BRF:0
BRH:0
end_of_record
TN:
SF:src\navigation\ChatStack.js
FN:10,ChatStack
FNF:1
FNH:1
FNDA:1,ChatStack
DA:8,3
DA:11,1
LF:2
LH:2
BRF:0
BRH:0
end_of_record
TN:
SF:src\navigation\ExploreStack.js
FN:14,ExploreStack
FNF:1
FNH:1
FNDA:1,ExploreStack
DA:12,3
DA:15,1
LF:2
LH:2
BRF:0
BRH:0
end_of_record
TN:
SF:src\navigation\HomeStack.js
FN:16,HomeStack
FNF:1
FNH:1
FNDA:1,HomeStack
DA:14,3
DA:17,1
LF:2
LH:2
BRF:0
BRH:0
end_of_record
TN:
SF:src\navigation\RootNavigator.js
FN:10,RootNavigator
FN:14,(anonymous_1)
FNF:2
FNH:2
FNDA:3,RootNavigator
FNDA:2,(anonymous_1)
DA:11,3
DA:14,2
DA:24,2
DA:28,2
LF:4
LH:4
BRDA:30,0,0,0
BRDA:30,0,1,2
BRF:2
BRH:1
end_of_record
TN:
SF:src\navigation\Routes.js
FNF:0
FNH:0
LF:0
LH:0
BRF:0
BRH:0
end_of_record
TN:
SF:src\screens\BibliotecaScreen.js
FN:20,BibliotecaScreen
FN:34,(anonymous_1)
FN:35,(anonymous_2)
FN:41,(anonymous_3)
FN:48,(anonymous_4)
FN:54,(anonymous_5)
FN:68,(anonymous_6)
FN:80,(anonymous_7)
FN:87,(anonymous_8)
FN:91,(anonymous_9)
FN:99,(anonymous_10)
FN:113,(anonymous_11)
FN:134,(anonymous_12)
FN:144,(anonymous_13)
FN:150,(anonymous_14)
FN:153,(anonymous_15)
FN:158,(anonymous_16)
FN:187,(anonymous_17)
FN:190,(anonymous_18)
FN:211,(anonymous_19)
FN:219,(anonymous_20)
FN:338,(anonymous_21)
FN:390,(anonymous_22)
FN:404,(anonymous_23)
FN:409,(anonymous_24)
FN:424,(anonymous_25)
FN:426,(anonymous_26)
FN:452,(anonymous_27)
FN:454,(anonymous_28)
FNF:29
FNH:22
FNDA:67,BibliotecaScreen
FNDA:7,(anonymous_1)
FNDA:7,(anonymous_2)
FNDA:7,(anonymous_3)
FNDA:1,(anonymous_4)
FNDA:9,(anonymous_5)
FNDA:8,(anonymous_6)
FNDA:1,(anonymous_7)
FNDA:3,(anonymous_8)
FNDA:0,(anonymous_9)
FNDA:0,(anonymous_10)
FNDA:0,(anonymous_11)
FNDA:7,(anonymous_12)
FNDA:0,(anonymous_13)
FNDA:49,(anonymous_14)
FNDA:98,(anonymous_15)
FNDA:1,(anonymous_16)
FNDA:6,(anonymous_17)
FNDA:0,(anonymous_18)
FNDA:28,(anonymous_19)
FNDA:0,(anonymous_20)
FNDA:0,(anonymous_21)
FNDA:1,(anonymous_22)
FNDA:3,(anonymous_23)
FNDA:3,(anonymous_24)
FNDA:28,(anonymous_25)
FNDA:28,(anonymous_26)
FNDA:6,(anonymous_27)
FNDA:6,(anonymous_28)
DA:21,67
DA:22,67
DA:23,66
DA:24,66
DA:25,66
DA:26,66
DA:27,66
DA:28,66
DA:29,66
DA:32,66
DA:34,66
DA:35,7
DA:36,7
DA:38,7
DA:41,66
DA:42,7
DA:48,66
DA:49,1
DA:54,66
DA:55,9
DA:56,9
DA:57,8
DA:58,8
DA:59,8
DA:62,1
DA:63,1
DA:64,1
DA:68,66
DA:69,8
DA:70,8
DA:71,8
DA:73,8
DA:75,8
DA:80,66
DA:81,1
DA:82,1
DA:83,1
DA:84,1
DA:87,66
DA:88,3
DA:89,1
DA:91,1
DA:93,0
DA:95,1
DA:99,0
DA:101,0
DA:103,0
DA:107,2
DA:113,66
DA:114,0
DA:116,0
DA:118,0
DA:119,0
DA:122,0
DA:124,0
DA:130,0
DA:134,66
DA:136,7
DA:137,6
DA:138,6
DA:139,6
DA:140,6
DA:144,66
DA:145,0
DA:150,66
DA:151,49
DA:154,98
DA:158,1
DA:187,66
DA:188,6
DA:190,0
DA:211,66
DA:213,28
DA:219,0
DA:286,66
DA:338,0
DA:390,1
DA:404,3
DA:409,3
DA:424,28
DA:427,28
DA:452,6
DA:455,6
DA:474,4
LF:84
LH:69
BRDA:56,0,0,8
BRDA:56,0,1,1
BRDA:88,1,0,1
BRDA:88,1,1,2
BRDA:88,2,0,3
BRDA:88,2,1,2
BRDA:89,3,0,1
BRDA:89,3,1,0
BRDA:114,4,0,0
BRDA:114,4,1,0
BRDA:118,5,0,0
BRDA:118,5,1,0
BRDA:165,6,0,49
BRDA:165,6,1,49
BRDA:170,7,0,98
BRDA:170,7,1,49
BRDA:199,8,0,3
BRDA:199,8,1,3
BRDA:257,9,0,28
BRDA:257,9,1,0
BRDA:272,10,0,28
BRDA:272,10,1,0
BRDA:327,11,0,23
BRDA:327,11,1,43
BRDA:392,12,0,45
BRDA:392,12,1,21
BRDA:416,13,0,61
BRDA:416,13,1,5
BRDA:419,14,0,16
BRDA:419,14,1,45
BRDA:448,15,0,3
BRDA:448,15,1,2
BRF:32
BRH:25
end_of_record
TN:
SF:src\screens\HomeScreen.js
FN:24,HomeScreen
FN:44,(anonymous_1)
FN:49,(anonymous_2)
FN:56,(anonymous_3)
FN:62,(anonymous_4)
FN:68,(anonymous_5)
FN:75,(anonymous_6)
FN:108,(anonymous_7)
FN:127,renderRecomendados
FN:129,(anonymous_9)
FN:181,renderNewBooks
FN:207,(anonymous_11)
FN:236,renderHotBook
FN:243,(anonymous_13)
FN:306,(anonymous_14)
FN:326,(anonymous_15)
FN:333,(anonymous_16)
FN:390,(anonymous_17)
FN:444,(anonymous_18)
FN:452,(anonymous_19)
FN:492,(anonymous_20)
FN:493,(anonymous_21)
FN:515,(anonymous_22)
FNF:23
FNH:20
FNDA:21,HomeScreen
FNDA:6,(anonymous_1)
FNDA:18,(anonymous_2)
FNDA:1,(anonymous_3)
FNDA:1,(anonymous_4)
FNDA:1,(anonymous_5)
FNDA:6,(anonymous_6)
FNDA:1,(anonymous_7)
FNDA:2,renderRecomendados
FNDA:0,(anonymous_9)
FNDA:2,renderNewBooks
FNDA:1,(anonymous_11)
FNDA:2,renderHotBook
FNDA:0,(anonymous_13)
FNDA:18,(anonymous_14)
FNDA:2,(anonymous_15)
FNDA:18,(anonymous_16)
FNDA:1,(anonymous_17)
FNDA:1,(anonymous_18)
FNDA:1,(anonymous_19)
FNDA:2,(anonymous_20)
FNDA:0,(anonymous_21)
FNDA:2,(anonymous_22)
DA:25,21
DA:26,20
DA:29,20
DA:30,20
DA:31,20
DA:34,20
DA:35,20
DA:36,20
DA:38,20
DA:39,20
DA:40,20
DA:42,20
DA:43,20
DA:44,20
DA:45,6
DA:46,6
DA:49,20
DA:50,18
DA:56,20
DA:57,1
DA:62,20
DA:63,1
DA:68,20
DA:69,1
DA:75,20
DA:77,6
DA:79,6
DA:80,5
DA:83,2
DA:84,2
DA:86,2
DA:87,2
DA:88,2
DA:92,2
DA:95,0
DA:97,0
DA:99,0
DA:101,0
DA:108,20
DA:111,1
DA:112,1
DA:115,0
DA:118,1
DA:120,1
DA:128,2
DA:129,0
DA:182,2
DA:207,1
DA:237,2
DA:243,0
DA:306,20
DA:307,18
DA:326,2
DA:333,20
DA:334,18
DA:391,1
DA:408,20
DA:444,1
DA:452,1
DA:492,2
DA:493,0
DA:515,2
DA:525,4
LF:63
LH:55
BRDA:45,0,0,6
BRDA:45,0,1,6
BRDA:86,1,0,2
BRDA:86,1,1,0
BRDA:111,2,0,1
BRDA:111,2,1,0
BRDA:446,3,0,6
BRDA:446,3,1,14
BRDA:459,4,0,20
BRDA:459,4,1,20
BRDA:497,5,0,6
BRDA:497,5,1,14
BRF:12
BRH:10
end_of_record
TN:
SF:src\screens\NotificacionesScreen.js
FN:11,NotificacionesScreen
FN:29,(anonymous_1)
FN:33,(anonymous_2)
FN:37,(anonymous_3)
FN:44,(anonymous_4)
FN:61,(anonymous_5)
FN:114,(anonymous_6)
FN:122,(anonymous_7)
FN:125,(anonymous_8)
FN:130,(anonymous_9)
FN:161,(anonymous_10)
FN:185,(anonymous_11)
FN:191,(anonymous_12)
FN:202,(anonymous_13)
FN:219,(anonymous_14)
FN:234,(anonymous_15)
FN:254,(anonymous_16)
FN:260,(anonymous_17)
FN:321,(anonymous_18)
FN:339,(anonymous_19)
FN:342,(anonymous_20)
FN:363,(anonymous_21)
FN:389,(anonymous_22)
FN:392,(anonymous_23)
FNF:24
FNH:14
FNDA:33,NotificacionesScreen
FNDA:4,(anonymous_1)
FNDA:4,(anonymous_2)
FNDA:28,(anonymous_3)
FNDA:1,(anonymous_4)
FNDA:6,(anonymous_5)
FNDA:4,(anonymous_6)
FNDA:28,(anonymous_7)
FNDA:84,(anonymous_8)
FNDA:2,(anonymous_9)
FNDA:11,(anonymous_10)
FNDA:0,(anonymous_11)
FNDA:0,(anonymous_12)
FNDA:0,(anonymous_13)
FNDA:0,(anonymous_14)
FNDA:0,(anonymous_15)
FNDA:0,(anonymous_16)
FNDA:0,(anonymous_17)
FNDA:1,(anonymous_18)
FNDA:11,(anonymous_19)
FNDA:11,(anonymous_20)
FNDA:0,(anonymous_21)
FNDA:0,(anonymous_22)
FNDA:0,(anonymous_23)
DA:12,33
DA:13,33
DA:14,33
DA:15,33
DA:16,33
DA:18,33
DA:19,33
DA:21,33
DA:23,33
DA:27,33
DA:29,33
DA:30,4
DA:31,4
DA:33,4
DA:34,4
DA:37,33
DA:38,28
DA:44,33
DA:45,1
DA:61,33
DA:62,6
DA:64,6
DA:65,5
DA:66,3
DA:67,3
DA:68,3
DA:69,3
DA:71,5
DA:72,1
DA:73,1
DA:74,1
DA:75,1
DA:77,5
DA:79,1
DA:80,1
DA:81,1
DA:82,1
DA:84,5
DA:114,33
DA:116,4
DA:117,4
DA:118,4
DA:122,33
DA:123,28
DA:126,84
DA:130,2
DA:161,33
DA:162,11
DA:185,0
DA:191,0
DA:202,33
DA:203,0
DA:219,0
DA:234,33
DA:235,0
DA:254,0
DA:260,0
DA:274,33
DA:321,1
DA:340,11
DA:342,11
DA:363,0
DA:390,0
DA:392,0
DA:416,4
LF:65
LH:55
BRDA:65,0,0,3
BRDA:65,0,1,2
BRDA:71,1,0,1
BRDA:71,1,1,4
BRDA:77,2,0,1
BRDA:77,2,1,4
BRDA:137,3,0,28
BRDA:137,3,1,56
BRDA:142,4,0,84
BRDA:142,4,1,28
BRDA:169,5,0,6
BRDA:169,5,1,5
BRDA:209,6,0,0
BRDA:209,6,1,0
BRDA:241,7,0,0
BRDA:241,7,1,0
BRDA:277,8,0,18
BRDA:277,8,1,15
BRDA:330,9,0,33
BRDA:330,9,1,28
BRDA:333,10,0,12
BRDA:333,10,1,16
BRDA:357,11,0,33
BRDA:357,11,1,1
BRDA:360,12,0,0
BRDA:360,12,1,1
BRDA:380,13,0,33
BRDA:380,13,1,4
BRDA:383,14,0,0
BRDA:383,14,1,4
BRF:30
BRH:24
end_of_record
TN:
SF:src\screens\ProfileScreen.js
FN:12,ProfileScreen
FN:25,(anonymous_1)
FN:28,(anonymous_2)
FN:32,(anonymous_3)
FN:39,(anonymous_4)
FN:43,(anonymous_5)
FN:49,(anonymous_6)
FN:60,(anonymous_7)
FN:72,(anonymous_8)
FN:123,(anonymous_9)
FN:128,(anonymous_10)
FN:150,(anonymous_11)
FN:166,(anonymous_12)
FN:200,(anonymous_13)
FNF:14
FNH:14
FNDA:38,ProfileScreen
FNDA:10,(anonymous_1)
FNDA:10,(anonymous_2)
FNDA:27,(anonymous_3)
FNDA:1,(anonymous_4)
FNDA:1,(anonymous_5)
FNDA:10,(anonymous_6)
FNDA:1,(anonymous_7)
FNDA:1,(anonymous_8)
FNDA:1,(anonymous_9)
FNDA:1,(anonymous_10)
FNDA:1,(anonymous_11)
FNDA:1,(anonymous_12)
FNDA:1,(anonymous_13)
DA:14,38
DA:15,38
DA:17,38
DA:19,38
DA:21,38
DA:23,38
DA:25,38
DA:26,10
DA:27,10
DA:28,10
DA:29,10
DA:32,38
DA:33,27
DA:39,38
DA:40,1
DA:43,38
DA:44,1
DA:45,1
DA:46,1
DA:49,38
DA:51,10
DA:52,10
DA:53,10
DA:54,10
DA:55,10
DA:56,10
DA:57,10
DA:60,38
DA:61,1
DA:62,1
DA:63,1
DA:64,1
DA:65,1
DA:66,1
DA:67,1
DA:72,38
DA:73,1
DA:74,1
DA:76,38
DA:123,1
DA:128,1
DA:150,1
DA:166,1
DA:200,1
DA:246,4
LF:45
LH:45
BRDA:62,0,0,1
BRDA:62,0,1,0
BRDA:79,1,0,21
BRDA:79,1,1,17
BRDA:145,2,0,21
BRDA:145,2,1,17
BRDA:152,3,0,21
BRDA:152,3,1,17
BRDA:172,4,0,21
BRDA:172,4,1,17
BRDA:182,5,0,21
BRDA:182,5,1,17
BRF:12
BRH:11
end_of_record
TN:
SF:src\screens\Auth\LoginScreen.js
FN:17,(anonymous_0)
FN:22,(anonymous_1)
FN:25,(anonymous_2)
FN:29,(anonymous_3)
FN:64,(anonymous_4)
FN:85,(anonymous_5)
FN:91,(anonymous_6)
FN:115,(anonymous_7)
FN:122,(anonymous_8)
FNF:9
FNH:9
FNDA:8,(anonymous_0)
FNDA:1,(anonymous_1)
FNDA:1,(anonymous_2)
FNDA:6,(anonymous_3)
FNDA:1,(anonymous_4)
FNDA:1,(anonymous_5)
FNDA:1,(anonymous_6)
FNDA:1,(anonymous_7)
FNDA:1,(anonymous_8)
DA:17,4
DA:18,8
DA:19,8
DA:20,8
DA:22,8
DA:23,1
DA:25,8
DA:26,1
DA:29,8
DA:30,6
DA:34,8
DA:64,1
DA:85,1
DA:91,1
DA:115,1
DA:122,1
DA:135,4
LF:17
LH:17
BRF:0
BRH:0
end_of_record
TN:
SF:src\screens\Auth\PrimeraScreen.js
FN:13,(anonymous_0)
FN:15,(anonymous_1)
FN:21,(anonymous_2)
FN:24,(anonymous_3)
FN:74,(anonymous_4)
FN:81,(anonymous_5)
FNF:6
FNH:6
FNDA:6,(anonymous_0)
FNDA:6,(anonymous_1)
FNDA:1,(anonymous_2)
FNDA:1,(anonymous_3)
FNDA:1,(anonymous_4)
FNDA:1,(anonymous_5)
DA:13,4
DA:14,6
DA:15,6
DA:16,6
DA:21,6
DA:22,1
DA:24,6
DA:25,1
DA:27,6
DA:74,1
DA:81,1
DA:121,4
LF:12
LH:12
BRF:0
BRH:0
end_of_record
TN:
SF:src\screens\Auth\PsswForgotScreen.js
FN:17,(anonymous_0)
FN:21,(anonymous_1)
FN:24,(anonymous_2)
FN:27,(anonymous_3)
FN:31,(anonymous_4)
FN:44,(anonymous_5)
FN:72,(anonymous_6)
FN:87,(anonymous_7)
FNF:8
FNH:8
FNDA:5,(anonymous_0)
FNDA:1,(anonymous_1)
FNDA:4,(anonymous_2)
FNDA:4,(anonymous_3)
FNDA:4,(anonymous_4)
FNDA:1,(anonymous_5)
FNDA:1,(anonymous_6)
FNDA:1,(anonymous_7)
DA:17,4
DA:18,5
DA:19,5
DA:21,5
DA:22,1
DA:24,5
DA:25,4
DA:27,4
DA:28,4
DA:31,5
DA:33,4
DA:40,5
DA:44,1
DA:72,1
DA:87,1
DA:96,4
LF:16
LH:16
BRF:0
BRH:0
end_of_record
TN:
SF:src\screens\Auth\RegisterScreen.js
FN:18,(anonymous_0)
FN:27,(anonymous_1)
FN:32,(anonymous_2)
FN:37,(anonymous_3)
FN:42,(anonymous_4)
FN:48,(anonymous_5)
FN:79,(anonymous_6)
FN:100,(anonymous_7)
FN:122,(anonymous_8)
FN:140,(anonymous_9)
FN:147,(anonymous_10)
FNF:11
FNH:11
FNDA:12,(anonymous_0)
FNDA:6,(anonymous_1)
FNDA:6,(anonymous_2)
FNDA:1,(anonymous_3)
FNDA:6,(anonymous_4)
FNDA:1,(anonymous_5)
FNDA:2,(anonymous_6)
FNDA:2,(anonymous_7)
FNDA:2,(anonymous_8)
FNDA:1,(anonymous_9)
FNDA:1,(anonymous_10)
DA:18,4
DA:19,12
DA:20,12
DA:21,12
DA:24,12
DA:27,12
DA:30,6
DA:32,6
DA:33,6
DA:37,12
DA:38,1
DA:42,12
DA:43,6
DA:48,12
DA:49,1
DA:50,1
DA:53,12
DA:79,2
DA:100,2
DA:122,2
DA:140,1
DA:147,1
DA:159,4
LF:23
LH:23
BRF:0
BRH:0
end_of_record
TN:
SF:src\screens\AutoresScreen\AutoresScreen.js
FN:17,AutoresScreen
FN:36,(anonymous_1)
FN:40,(anonymous_2)
FN:44,(anonymous_3)
FN:51,(anonymous_4)
FN:56,(anonymous_5)
FN:77,(anonymous_6)
FN:84,(anonymous_7)
FN:91,(anonymous_8)
FN:97,(anonymous_9)
FN:104,(anonymous_10)
FN:112,(anonymous_11)
FN:155,renderNewBooks
FN:182,(anonymous_13)
FN:246,(anonymous_14)
FN:269,(anonymous_15)
FN:270,(anonymous_16)
FN:287,(anonymous_17)
FN:289,(anonymous_18)
FN:292,(anonymous_19)
FN:332,(anonymous_20)
FN:360,(anonymous_21)
FN:438,(anonymous_22)
FNF:23
FNH:13
FNDA:60,AutoresScreen
FNDA:14,(anonymous_1)
FNDA:12,(anonymous_2)
FNDA:38,(anonymous_3)
FNDA:1,(anonymous_4)
FNDA:14,(anonymous_5)
FNDA:0,(anonymous_6)
FNDA:0,(anonymous_7)
FNDA:1,(anonymous_8)
FNDA:0,(anonymous_9)
FNDA:1,(anonymous_10)
FNDA:0,(anonymous_11)
FNDA:6,renderNewBooks
FNDA:0,(anonymous_13)
FNDA:1,(anonymous_14)
FNDA:0,(anonymous_15)
FNDA:0,(anonymous_16)
FNDA:0,(anonymous_17)
FNDA:0,(anonymous_18)
FNDA:0,(anonymous_19)
FNDA:1,(anonymous_20)
FNDA:1,(anonymous_21)
FNDA:6,(anonymous_22)
DA:19,60
DA:20,60
DA:21,60
DA:22,60
DA:23,60
DA:24,60
DA:25,60
DA:26,60
DA:27,60
DA:28,60
DA:29,60
DA:30,60
DA:31,60
DA:33,60
DA:34,60
DA:36,60
DA:37,14
DA:38,14
DA:40,14
DA:41,12
DA:44,60
DA:45,38
DA:51,60
DA:53,1
DA:56,60
DA:58,14
DA:59,14
DA:60,14
DA:61,14
DA:62,14
DA:63,6
DA:64,6
DA:65,6
DA:66,6
DA:67,6
DA:68,6
DA:69,6
DA:70,6
DA:71,6
DA:72,6
DA:77,60
DA:78,0
DA:84,60
DA:85,0
DA:86,0
DA:87,0
DA:88,0
DA:91,60
DA:92,1
DA:93,0
DA:94,0
DA:97,60
DA:98,0
DA:99,0
DA:104,60
DA:105,1
DA:106,0
DA:107,0
DA:112,60
DA:113,0
DA:115,0
DA:118,0
DA:120,0
DA:121,0
DA:122,0
DA:123,0
DA:131,0
DA:134,0
DA:135,0
DA:137,0
DA:146,0
DA:147,0
DA:156,6
DA:182,0
DA:210,60
DA:246,1
DA:269,0
DA:270,0
DA:287,0
DA:289,0
DA:292,0
DA:332,1
DA:360,1
DA:438,6
DA:456,4
LF:85
LH:55
BRDA:118,0,0,0
BRDA:118,0,1,0
BRDA:120,1,0,0
BRDA:120,1,1,0
BRDA:213,2,0,40
BRDA:213,2,1,20
BRDA:263,3,0,40
BRDA:263,3,1,20
BRDA:282,4,0,40
BRDA:282,4,1,20
BRDA:286,5,0,60
BRDA:286,5,1,60
BRDA:302,6,0,36
BRDA:302,6,1,24
BRDA:309,7,0,8
BRDA:309,7,1,52
BRDA:314,8,0,6
BRDA:314,8,1,2
BRDA:342,9,0,34
BRDA:342,9,1,18
BRDA:416,10,0,40
BRDA:416,10,1,20
BRDA:432,11,0,10
BRDA:432,11,1,50
BRF:24
BRH:20
end_of_record
TN:
SF:src\screens\AutoresScreen\ReportAutorScreen.js
FN:20,ReportarAutorScreen
FN:27,(anonymous_1)
FN:32,(anonymous_2)
FN:40,(anonymous_3)
FN:44,(anonymous_4)
FN:50,(anonymous_5)
FN:56,(anonymous_6)
FN:63,(anonymous_7)
FN:70,(anonymous_8)
FN:110,(anonymous_9)
FN:131,(anonymous_10)
FN:137,(anonymous_11)
FN:144,(anonymous_12)
FN:151,(anonymous_13)
FN:173,(anonymous_14)
FN:214,(anonymous_15)
FNF:16
FNH:14
FNDA:10,ReportarAutorScreen
FNDA:0,(anonymous_1)
FNDA:3,(anonymous_2)
FNDA:2,(anonymous_3)
FNDA:2,(anonymous_4)
FNDA:2,(anonymous_5)
FNDA:1,(anonymous_6)
FNDA:10,(anonymous_7)
FNDA:2,(anonymous_8)
FNDA:1,(anonymous_9)
FNDA:0,(anonymous_10)
FNDA:1,(anonymous_11)
FNDA:1,(anonymous_12)
FNDA:1,(anonymous_13)
FNDA:1,(anonymous_14)
FNDA:1,(anonymous_15)
DA:21,10
DA:23,10
DA:24,10
DA:25,10
DA:27,10
DA:28,0
DA:32,10
DA:33,3
DA:35,10
DA:37,10
DA:38,10
DA:40,10
DA:41,2
DA:42,2
DA:44,2
DA:45,2
DA:50,10
DA:52,2
DA:53,2
DA:56,10
DA:57,1
DA:58,1
DA:59,1
DA:60,1
DA:63,10
DA:64,10
DA:70,10
DA:71,2
DA:79,10
DA:110,1
DA:131,0
DA:137,1
DA:144,1
DA:151,1
DA:173,1
DA:214,1
DA:230,4
LF:37
LH:35
BRDA:120,0,0,2
BRDA:120,0,1,8
BRDA:122,1,0,2
BRDA:122,1,1,8
BRDA:129,2,0,2
BRDA:129,2,1,8
BRDA:136,3,0,1
BRDA:136,3,1,9
BRDA:143,4,0,1
BRDA:143,4,1,9
BRDA:150,5,0,5
BRDA:150,5,1,5
BRDA:157,6,0,7
BRDA:157,6,1,3
BRDA:180,7,0,2
BRDA:180,7,1,5
BRDA:197,8,0,3
BRDA:197,8,1,4
BRDA:197,9,0,7
BRDA:197,9,1,4
BRDA:215,10,0,7
BRDA:215,10,1,4
BRF:22
BRH:22
end_of_record
TN:
SF:src\screens\BookScreen\BooksScreen.js
FN:10,BooksScreen
FN:38,(anonymous_1)
FN:43,(anonymous_2)
FN:48,(anonymous_3)
FN:58,(anonymous_4)
FN:61,(anonymous_5)
FN:65,(anonymous_6)
FN:81,(anonymous_7)
FN:87,(anonymous_8)
FN:97,(anonymous_9)
FN:117,(anonymous_10)
FN:126,(anonymous_11)
FN:136,(anonymous_12)
FN:140,(anonymous_13)
FN:146,(anonymous_14)
FN:152,(anonymous_15)
FN:165,(anonymous_16)
FN:177,(anonymous_17)
FN:186,(anonymous_18)
FN:192,(anonymous_19)
FN:207,(anonymous_20)
FN:209,(anonymous_21)
FN:228,(anonymous_22)
FN:243,(anonymous_23)
FN:247,(anonymous_24)
FN:256,(anonymous_25)
FN:277,(anonymous_26)
FN:392,(anonymous_27)
FN:396,(anonymous_28)
FN:424,(anonymous_29)
FN:434,(anonymous_30)
FN:454,(anonymous_31)
FN:459,(anonymous_32)
FN:464,(anonymous_33)
FN:473,(anonymous_34)
FN:477,(anonymous_35)
FN:483,(anonymous_36)
FNF:37
FNH:26
FNDA:52,BooksScreen
FNDA:11,(anonymous_1)
FNDA:11,(anonymous_2)
FNDA:0,(anonymous_3)
FNDA:1,(anonymous_4)
FNDA:0,(anonymous_5)
FNDA:2,(anonymous_6)
FNDA:11,(anonymous_7)
FNDA:0,(anonymous_8)
FNDA:11,(anonymous_9)
FNDA:11,(anonymous_10)
FNDA:2,(anonymous_11)
FNDA:5,(anonymous_12)
FNDA:1,(anonymous_13)
FNDA:1,(anonymous_14)
FNDA:2,(anonymous_15)
FNDA:1,(anonymous_16)
FNDA:3,(anonymous_17)
FNDA:1,(anonymous_18)
FNDA:0,(anonymous_19)
FNDA:0,(anonymous_20)
FNDA:0,(anonymous_21)
FNDA:5,(anonymous_22)
FNDA:0,(anonymous_23)
FNDA:0,(anonymous_24)
FNDA:0,(anonymous_25)
FNDA:1,(anonymous_26)
FNDA:0,(anonymous_27)
FNDA:0,(anonymous_28)
FNDA:2,(anonymous_29)
FNDA:1,(anonymous_30)
FNDA:1,(anonymous_31)
FNDA:1,(anonymous_32)
FNDA:2,(anonymous_33)
FNDA:1,(anonymous_34)
FNDA:3,(anonymous_35)
FNDA:1,(anonymous_36)
DA:12,52
DA:14,52
DA:15,52
DA:16,52
DA:19,52
DA:20,52
DA:21,52
DA:23,52
DA:24,52
DA:25,52
DA:26,52
DA:27,52
DA:30,52
DA:32,52
DA:33,52
DA:35,52
DA:36,52
DA:37,52
DA:38,52
DA:40,11
DA:41,11
DA:43,11
DA:44,11
DA:48,52
DA:49,0
DA:50,0
DA:51,0
DA:52,0
DA:54,0
DA:58,52
DA:59,1
DA:60,1
DA:61,0
DA:62,0
DA:65,52
DA:66,2
DA:67,0
DA:68,2
DA:69,2
DA:74,0
DA:76,2
DA:81,52
DA:82,11
DA:87,52
DA:89,0
DA:97,52
DA:99,11
DA:100,11
DA:101,11
DA:102,4
DA:104,4
DA:105,0
DA:108,4
DA:110,4
DA:111,4
DA:112,4
DA:113,4
DA:117,52
DA:119,11
DA:120,11
DA:121,4
DA:126,52
DA:128,2
DA:130,2
DA:136,52
DA:138,5
DA:140,52
DA:142,1
DA:143,1
DA:144,1
DA:146,52
DA:148,1
DA:149,1
DA:150,1
DA:152,52
DA:154,2
DA:155,1
DA:156,1
DA:157,1
DA:160,1
DA:161,1
DA:162,1
DA:165,52
DA:166,1
DA:168,0
DA:177,52
DA:178,3
DA:179,2
DA:181,1
DA:183,3
DA:186,52
DA:187,1
DA:188,1
DA:192,52
DA:194,0
DA:197,0
DA:200,0
DA:207,52
DA:208,0
DA:209,0
DA:226,52
DA:228,5
DA:244,0
DA:250,0
DA:256,0
DA:277,1
DA:393,0
DA:397,0
DA:424,2
DA:434,1
DA:454,1
DA:459,1
DA:464,2
DA:473,1
DA:477,3
DA:483,1
DA:499,4
LF:117
LH:95
BRDA:51,0,0,0
BRDA:51,0,1,0
BRDA:66,1,0,0
BRDA:66,1,1,2
BRDA:68,2,0,2
BRDA:68,2,1,0
BRDA:68,3,0,2
BRDA:68,3,1,2
BRDA:104,4,0,0
BRDA:104,4,1,4
BRDA:143,5,0,1
BRDA:143,5,1,0
BRDA:149,6,0,1
BRDA:149,6,1,0
BRDA:154,7,0,1
BRDA:154,7,1,1
BRDA:178,8,0,2
BRDA:178,8,1,1
BRDA:187,9,0,1
BRDA:187,9,1,0
BRDA:215,10,0,0
BRDA:215,10,1,0
BRDA:231,11,0,13
BRDA:231,11,1,39
BRDA:257,12,0,13
BRDA:257,12,1,39
BRDA:276,13,0,29
BRDA:276,13,1,23
BRDA:291,14,0,13
BRDA:291,14,1,16
BRDA:335,15,0,0
BRDA:335,15,1,23
BRDA:358,16,0,3
BRDA:358,16,1,49
BRDA:446,17,0,29
BRDA:446,17,1,23
BRDA:448,18,0,7
BRDA:448,18,1,22
BRDA:466,19,0,28
BRDA:466,19,1,1
BRDA:472,20,0,15
BRDA:472,20,1,14
BRF:42
BRH:31
end_of_record
TN:
SF:src\screens\BookScreen\ChatCapituloScreen.js
FN:12,ChatCapituloScreen
FN:21,(anonymous_1)
FN:26,(anonymous_2)
FN:31,(anonymous_3)
FN:38,(anonymous_4)
FN:52,(anonymous_5)
FN:64,(anonymous_6)
FN:73,(anonymous_7)
FN:81,(anonymous_8)
FN:85,(anonymous_9)
FN:89,(anonymous_10)
FN:94,(anonymous_11)
FN:103,(anonymous_12)
FN:114,(anonymous_13)
FN:119,(anonymous_14)
FN:152,(anonymous_15)
FN:168,(anonymous_16)
FN:171,(anonymous_17)
FN:178,(anonymous_18)
FN:186,(anonymous_19)
FNF:20
FNH:10
FNDA:5,ChatCapituloScreen
FNDA:3,(anonymous_1)
FNDA:3,(anonymous_2)
FNDA:3,(anonymous_3)
FNDA:1,(anonymous_4)
FNDA:3,(anonymous_5)
FNDA:1,(anonymous_6)
FNDA:0,(anonymous_7)
FNDA:0,(anonymous_8)
FNDA:0,(anonymous_9)
FNDA:0,(anonymous_10)
FNDA:0,(anonymous_11)
FNDA:0,(anonymous_12)
FNDA:0,(anonymous_13)
FNDA:0,(anonymous_14)
FNDA:1,(anonymous_15)
FNDA:0,(anonymous_16)
FNDA:0,(anonymous_17)
FNDA:1,(anonymous_18)
FNDA:1,(anonymous_19)
DA:14,5
DA:15,5
DA:16,5
DA:17,5
DA:18,5
DA:19,5
DA:21,5
DA:23,3
DA:24,3
DA:26,3
DA:27,3
DA:31,5
DA:32,3
DA:38,5
DA:39,1
DA:40,0
DA:47,1
DA:52,5
DA:54,3
DA:55,3
DA:56,3
DA:57,0
DA:58,0
DA:59,0
DA:64,5
DA:66,1
DA:67,0
DA:68,0
DA:69,0
DA:70,0
DA:73,5
DA:75,0
DA:81,5
DA:82,0
DA:85,0
DA:89,0
DA:94,5
DA:95,0
DA:103,5
DA:104,0
DA:114,0
DA:119,0
DA:134,5
DA:152,1
DA:169,0
DA:171,0
DA:178,1
DA:186,1
DA:207,4
LF:49
LH:31
BRDA:39,0,0,0
BRDA:39,0,1,1
BRDA:185,1,0,5
BRDA:185,1,1,2
BRDA:188,2,0,3
BRDA:188,2,1,2
BRDA:188,3,0,5
BRDA:188,3,1,2
BRF:8
BRH:7
end_of_record
TN:
SF:src\screens\BookScreen\DetailBookScreen.js
FN:15,DetailBookScreen
FN:34,(anonymous_1)
FN:36,(anonymous_2)
FN:46,(anonymous_3)
FN:53,(anonymous_4)
FN:58,(anonymous_5)
FN:74,(anonymous_6)
FN:89,(anonymous_7)
FN:95,(anonymous_8)
FN:102,(anonymous_9)
FN:114,(anonymous_10)
FN:117,(anonymous_11)
FN:127,(anonymous_12)
FN:157,(anonymous_13)
FN:192,(anonymous_14)
FN:194,(anonymous_15)
FN:242,(anonymous_16)
FN:249,(anonymous_17)
FN:250,(anonymous_18)
FN:267,(anonymous_19)
FN:299,(anonymous_20)
FN:306,(anonymous_21)
FN:318,(anonymous_22)
FN:321,(anonymous_23)
FN:346,(anonymous_24)
FN:373,(anonymous_25)
FN:379,(anonymous_26)
FNF:27
FNH:24
FNDA:26,DetailBookScreen
FNDA:14,(anonymous_1)
FNDA:14,(anonymous_2)
FNDA:22,(anonymous_3)
FNDA:14,(anonymous_4)
FNDA:14,(anonymous_5)
FNDA:2,(anonymous_6)
FNDA:1,(anonymous_7)
FNDA:1,(anonymous_8)
FNDA:1,(anonymous_9)
FNDA:1,(anonymous_10)
FNDA:0,(anonymous_11)
FNDA:8,(anonymous_12)
FNDA:8,(anonymous_13)
FNDA:8,(anonymous_14)
FNDA:1,(anonymous_15)
FNDA:1,(anonymous_16)
FNDA:0,(anonymous_17)
FNDA:1,(anonymous_18)
FNDA:1,(anonymous_19)
FNDA:2,(anonymous_20)
FNDA:0,(anonymous_21)
FNDA:8,(anonymous_22)
FNDA:8,(anonymous_23)
FNDA:10,(anonymous_24)
FNDA:8,(anonymous_25)
FNDA:1,(anonymous_26)
DA:16,26
DA:18,26
DA:19,26
DA:20,26
DA:21,26
DA:22,26
DA:23,26
DA:24,26
DA:26,26
DA:29,26
DA:30,26
DA:32,26
DA:34,26
DA:35,14
DA:36,14
DA:38,14
DA:39,14
DA:42,14
DA:46,26
DA:47,22
DA:53,26
DA:55,14
DA:58,26
DA:60,14
DA:61,14
DA:62,14
DA:63,14
DA:64,14
DA:65,7
DA:66,7
DA:67,7
DA:68,5
DA:69,5
DA:70,5
DA:71,5
DA:74,26
DA:76,2
DA:77,2
DA:79,2
DA:80,2
DA:82,2
DA:89,26
DA:90,1
DA:95,26
DA:96,1
DA:97,1
DA:102,26
DA:103,1
DA:105,1
DA:106,1
DA:108,1
DA:114,26
DA:115,1
DA:117,26
DA:118,0
DA:119,0
DA:120,0
DA:123,0
DA:124,0
DA:127,26
DA:128,8
DA:157,26
DA:158,8
DA:192,26
DA:193,8
DA:194,1
DA:211,26
DA:242,1
DA:249,0
DA:250,1
DA:267,1
DA:299,2
DA:306,0
DA:319,8
DA:321,8
DA:346,10
DA:373,8
DA:379,1
DA:395,4
LF:79
LH:72
BRDA:76,0,0,2
BRDA:76,0,1,0
BRDA:118,1,0,0
BRDA:118,1,1,0
BRDA:201,2,0,0
BRDA:201,2,1,8
BRDA:262,3,0,6
BRDA:262,3,1,20
BRDA:285,4,0,0
BRDA:285,4,1,26
BRDA:290,5,0,0
BRDA:290,5,1,26
BRDA:307,6,0,7
BRDA:307,6,1,19
BRDA:343,7,0,5
BRDA:343,7,1,21
BRDA:362,8,0,5
BRDA:362,8,1,21
BRF:18
BRH:12
end_of_record
TN:
SF:src\screens\BookScreen\ReportBookScreen.js
FN:21,ReportarBookScreen
FN:28,(anonymous_1)
FN:31,(anonymous_2)
FN:35,(anonymous_3)
FN:43,(anonymous_4)
FN:46,(anonymous_5)
FN:52,(anonymous_6)
FN:58,(anonymous_7)
FN:69,(anonymous_8)
FN:76,(anonymous_9)
FN:117,(anonymous_10)
FN:137,(anonymous_11)
FN:143,(anonymous_12)
FN:150,(anonymous_13)
FN:157,(anonymous_14)
FN:166,(anonymous_15)
FN:171,(anonymous_16)
FN:177,(anonymous_17)
FN:198,(anonymous_18)
FN:242,(anonymous_19)
FNF:20
FNH:14
FNDA:9,ReportarBookScreen
FNDA:0,(anonymous_1)
FNDA:0,(anonymous_2)
FNDA:3,(anonymous_3)
FNDA:2,(anonymous_4)
FNDA:2,(anonymous_5)
FNDA:2,(anonymous_6)
FNDA:1,(anonymous_7)
FNDA:9,(anonymous_8)
FNDA:1,(anonymous_9)
FNDA:1,(anonymous_10)
FNDA:0,(anonymous_11)
FNDA:1,(anonymous_12)
FNDA:1,(anonymous_13)
FNDA:1,(anonymous_14)
FNDA:0,(anonymous_15)
FNDA:0,(anonymous_16)
FNDA:0,(anonymous_17)
FNDA:1,(anonymous_18)
FNDA:1,(anonymous_19)
DA:22,9
DA:23,9
DA:24,9
DA:25,9
DA:26,9
DA:28,9
DA:29,0
DA:31,9
DA:32,0
DA:35,9
DA:36,3
DA:38,9
DA:40,9
DA:41,9
DA:43,9
DA:44,2
DA:45,2
DA:46,2
DA:47,2
DA:52,9
DA:54,2
DA:55,2
DA:58,9
DA:59,1
DA:60,1
DA:61,1
DA:64,0
DA:66,0
DA:67,0
DA:69,9
DA:70,9
DA:76,9
DA:77,1
DA:83,9
DA:117,1
DA:137,0
DA:143,1
DA:150,1
DA:157,1
DA:166,0
DA:171,0
DA:177,0
DA:198,1
DA:242,1
DA:258,4
LF:45
LH:36
BRDA:60,0,0,1
BRDA:60,0,1,0
BRDA:87,1,0,2
BRDA:87,1,1,7
BRDA:127,2,0,2
BRDA:127,2,1,7
BRDA:129,3,0,2
BRDA:129,3,1,7
BRDA:135,4,0,2
BRDA:135,4,1,7
BRDA:138,5,0,2
BRDA:138,5,1,7
BRDA:142,6,0,1
BRDA:142,6,1,8
BRDA:149,7,0,1
BRDA:149,7,1,8
BRDA:156,8,0,4
BRDA:156,8,1,5
BRDA:167,9,0,2
BRDA:167,9,1,7
BRDA:170,10,0,0
BRDA:170,10,1,9
BRDA:176,11,0,0
BRDA:176,11,1,9
BRDA:182,12,0,6
BRDA:182,12,1,3
BRDA:183,13,0,2
BRDA:183,13,1,4
BRDA:205,14,0,2
BRDA:205,14,1,4
BRDA:217,15,0,2
BRDA:217,15,1,4
BRDA:225,16,0,3
BRDA:225,16,1,3
BRDA:225,17,0,6
BRDA:225,17,1,3
BRDA:243,18,0,6
BRDA:243,18,1,3
BRF:38
BRH:35
end_of_record
TN:
SF:src\screens\BookScreen\ReportComentarioScreen.js
FN:21,ReportarComentarioScreen
FN:28,(anonymous_1)
FN:33,(anonymous_2)
FN:41,(anonymous_3)
FN:45,(anonymous_4)
FN:51,(anonymous_5)
FN:57,(anonymous_6)
FN:64,(anonymous_7)
FN:71,(anonymous_8)
FN:113,(anonymous_9)
FN:133,(anonymous_10)
FN:139,(anonymous_11)
FN:146,(anonymous_12)
FN:153,(anonymous_13)
FN:175,(anonymous_14)
FN:215,(anonymous_15)
FNF:16
FNH:14
FNDA:9,ReportarComentarioScreen
FNDA:0,(anonymous_1)
FNDA:3,(anonymous_2)
FNDA:2,(anonymous_3)
FNDA:2,(anonymous_4)
FNDA:2,(anonymous_5)
FNDA:1,(anonymous_6)
FNDA:9,(anonymous_7)
FNDA:1,(anonymous_8)
FNDA:1,(anonymous_9)
FNDA:0,(anonymous_10)
FNDA:1,(anonymous_11)
FNDA:1,(anonymous_12)
FNDA:1,(anonymous_13)
FNDA:1,(anonymous_14)
FNDA:1,(anonymous_15)
DA:22,9
DA:24,9
DA:25,9
DA:26,9
DA:28,9
DA:29,0
DA:33,9
DA:34,3
DA:36,9
DA:38,9
DA:39,9
DA:41,9
DA:42,2
DA:43,2
DA:45,2
DA:46,2
DA:51,9
DA:53,2
DA:54,2
DA:57,9
DA:58,1
DA:59,1
DA:60,0
DA:61,0
DA:64,9
DA:65,9
DA:71,9
DA:73,1
DA:82,9
DA:113,1
DA:133,0
DA:139,1
DA:146,1
DA:153,1
DA:175,1
DA:215,1
DA:231,4
LF:37
LH:33
BRDA:123,0,0,2
BRDA:123,0,1,7
BRDA:125,1,0,2
BRDA:125,1,1,7
BRDA:131,2,0,2
BRDA:131,2,1,7
BRDA:138,3,0,1
BRDA:138,3,1,8
BRDA:145,4,0,1
BRDA:145,4,1,8
BRDA:152,5,0,4
BRDA:152,5,1,5
BRDA:159,6,0,6
BRDA:159,6,1,3
BRDA:182,7,0,2
BRDA:182,7,1,4
BRDA:201,8,0,3
BRDA:201,8,1,3
BRDA:201,9,0,6
BRDA:201,9,1,3
BRDA:216,10,0,6
BRDA:216,10,1,3
BRF:22
BRH:22
end_of_record
TN:
SF:src\screens\ChatScreen\ChatConversationScreen.js
FN:24,ChatConversationScreen
FN:39,(anonymous_1)
FN:47,(anonymous_2)
FN:244,(anonymous_3)
FN:329,(anonymous_4)
FN:331,(anonymous_5)
FNF:6
FNH:4
FNDA:8,ChatConversationScreen
FNDA:2,(anonymous_1)
FNDA:2,(anonymous_2)
FNDA:1,(anonymous_3)
FNDA:0,(anonymous_4)
FNDA:0,(anonymous_5)
DA:25,8
DA:26,8
DA:27,8
DA:28,8
DA:30,8
DA:31,8
DA:32,8
DA:33,8
DA:34,8
DA:35,8
DA:37,8
DA:39,8
DA:40,2
DA:43,2
DA:45,2
DA:47,2
DA:48,2
DA:198,8
DA:244,1
DA:329,0
DA:331,0
DA:348,4
LF:22
LH:20
BRDA:249,0,0,2
BRDA:249,0,1,6
BRDA:258,1,0,4
BRDA:258,2,0,8
BRDA:258,2,1,8
BRDA:258,2,2,4
BRDA:282,3,0,8
BRDA:282,4,0,8
BRDA:282,4,1,8
BRDA:282,4,2,0
BRDA:300,5,0,0
BRDA:300,5,1,8
BRDA:326,6,0,8
BRDA:326,6,1,8
BRDA:326,6,2,4
BRF:15
BRH:13
end_of_record
TN:
SF:src\screens\ChatScreen\ChatScreen.js
FN:18,ChatScreen
FN:27,(anonymous_1)
FN:33,(anonymous_2)
FN:41,(anonymous_3)
FN:46,(anonymous_4)
FN:57,(anonymous_5)
FN:63,(anonymous_6)
FN:69,(anonymous_7)
FN:77,(anonymous_8)
FN:83,(anonymous_9)
FN:115,(anonymous_10)
FN:122,(anonymous_11)
FN:124,(anonymous_12)
FN:144,(anonymous_13)
FN:146,(anonymous_14)
FN:219,(anonymous_15)
FN:223,(anonymous_16)
FN:256,(anonymous_17)
FN:257,(anonymous_18)
FN:298,(anonymous_19)
FN:306,(anonymous_20)
FN:338,(anonymous_21)
FNF:22
FNH:20
FNDA:63,ChatScreen
FNDA:15,(anonymous_1)
FNDA:8,(anonymous_2)
FNDA:15,(anonymous_3)
FNDA:15,(anonymous_4)
FNDA:14,(anonymous_5)
FNDA:15,(anonymous_6)
FNDA:1,(anonymous_7)
FNDA:1,(anonymous_8)
FNDA:1,(anonymous_9)
FNDA:2,(anonymous_10)
FNDA:10,(anonymous_11)
FNDA:1,(anonymous_12)
FNDA:17,(anonymous_13)
FNDA:1,(anonymous_14)
FNDA:0,(anonymous_15)
FNDA:0,(anonymous_16)
FNDA:10,(anonymous_17)
FNDA:10,(anonymous_18)
FNDA:1,(anonymous_19)
FNDA:2,(anonymous_20)
FNDA:24,(anonymous_21)
DA:19,63
DA:20,63
DA:21,63
DA:22,63
DA:23,63
DA:24,63
DA:25,63
DA:27,63
DA:29,15
DA:33,63
DA:34,8
DA:41,63
DA:42,15
DA:46,63
DA:48,15
DA:49,15
DA:50,15
DA:51,15
DA:57,63
DA:58,14
DA:59,14
DA:63,63
DA:64,15
DA:65,14
DA:66,14
DA:69,63
DA:70,1
DA:77,63
DA:78,1
DA:83,63
DA:86,1
DA:88,1
DA:89,1
DA:90,1
DA:91,1
DA:100,0
DA:102,0
DA:103,0
DA:115,63
DA:116,2
DA:117,2
DA:122,63
DA:123,10
DA:124,1
DA:144,63
DA:145,17
DA:146,1
DA:184,63
DA:220,0
DA:224,0
DA:256,10
DA:258,10
DA:298,1
DA:306,2
DA:338,24
DA:355,4
LF:56
LH:51
BRDA:86,0,0,1
BRDA:86,0,1,0
BRDA:157,1,0,17
BRDA:157,1,1,0
BRDA:163,2,0,17
BRDA:163,2,1,0
BRDA:253,3,0,8
BRDA:253,3,1,55
BRDA:300,4,0,38
BRDA:300,4,1,25
BRDA:335,5,0,24
BRDA:335,5,1,39
BRF:12
BRH:9
end_of_record
TN:
SF:src\screens\EditBookScreen\EditBookScreen.js
FN:13,EditBookScreen
FN:48,(anonymous_1)
FN:54,(anonymous_2)
FN:59,(anonymous_3)
FN:63,(anonymous_4)
FN:69,(anonymous_5)
FN:74,(anonymous_6)
FN:79,(anonymous_7)
FN:94,(anonymous_8)
FN:102,(anonymous_9)
FN:117,(anonymous_10)
FN:133,(anonymous_11)
FN:143,(anonymous_12)
FN:151,(anonymous_13)
FN:158,(anonymous_14)
FN:166,(anonymous_15)
FN:172,(anonymous_16)
FN:185,(anonymous_17)
FN:187,(anonymous_18)
FN:196,(anonymous_19)
FN:204,(anonymous_20)
FN:211,(anonymous_21)
FN:230,(anonymous_22)
FN:242,renderCategorias
FN:264,(anonymous_24)
FN:271,(anonymous_25)
FN:282,(anonymous_26)
FN:288,(anonymous_27)
FN:340,(anonymous_28)
FN:374,(anonymous_29)
FN:410,(anonymous_30)
FN:436,(anonymous_31)
FN:476,(anonymous_32)
FN:493,(anonymous_33)
FN:504,(anonymous_34)
FN:533,(anonymous_35)
FN:566,(anonymous_36)
FN:580,(anonymous_37)
FN:617,(anonymous_38)
FN:678,(anonymous_39)
FN:697,(anonymous_40)
FN:700,(anonymous_41)
FN:707,(anonymous_42)
FN:744,(anonymous_43)
FN:783,(anonymous_44)
FN:799,(anonymous_45)
FN:801,(anonymous_46)
FN:839,(anonymous_47)
FN:890,(anonymous_48)
FNF:49
FNH:36
FNDA:258,EditBookScreen
FNDA:28,(anonymous_1)
FNDA:28,(anonymous_2)
FNDA:28,(anonymous_3)
FNDA:198,(anonymous_4)
FNDA:1,(anonymous_5)
FNDA:1,(anonymous_6)
FNDA:0,(anonymous_7)
FNDA:0,(anonymous_8)
FNDA:28,(anonymous_9)
FNDA:28,(anonymous_10)
FNDA:3,(anonymous_11)
FNDA:0,(anonymous_12)
FNDA:3,(anonymous_13)
FNDA:3,(anonymous_14)
FNDA:1,(anonymous_15)
FNDA:1,(anonymous_16)
FNDA:0,(anonymous_17)
FNDA:0,(anonymous_18)
FNDA:3,(anonymous_19)
FNDA:13,(anonymous_20)
FNDA:1,(anonymous_21)
FNDA:1,(anonymous_22)
FNDA:241,renderCategorias
FNDA:0,(anonymous_24)
FNDA:72,(anonymous_25)
FNDA:0,(anonymous_26)
FNDA:0,(anonymous_27)
FNDA:0,(anonymous_28)
FNDA:0,(anonymous_29)
FNDA:0,(anonymous_30)
FNDA:0,(anonymous_31)
FNDA:0,(anonymous_32)
FNDA:1,(anonymous_33)
FNDA:1,(anonymous_34)
FNDA:3,(anonymous_35)
FNDA:3,(anonymous_36)
FNDA:3,(anonymous_37)
FNDA:3,(anonymous_38)
FNDA:1,(anonymous_39)
FNDA:595,(anonymous_40)
FNDA:241,(anonymous_41)
FNDA:1,(anonymous_42)
FNDA:1,(anonymous_43)
FNDA:13,(anonymous_44)
FNDA:72,(anonymous_45)
FNDA:72,(anonymous_46)
FNDA:1,(anonymous_47)
FNDA:1,(anonymous_48)
DA:15,258
DA:16,258
DA:17,258
DA:18,258
DA:19,258
DA:20,258
DA:23,258
DA:24,258
DA:26,258
DA:27,258
DA:30,258
DA:31,258
DA:32,258
DA:34,258
DA:35,258
DA:36,258
DA:37,258
DA:38,258
DA:39,258
DA:40,258
DA:43,258
DA:48,258
DA:50,28
DA:51,28
DA:52,28
DA:54,28
DA:55,28
DA:59,258
DA:60,28
DA:63,258
DA:64,198
DA:69,258
DA:70,1
DA:74,258
DA:75,1
DA:79,258
DA:81,0
DA:94,258
DA:95,0
DA:96,0
DA:97,0
DA:98,0
DA:99,0
DA:102,258
DA:103,28
DA:104,28
DA:106,28
DA:107,28
DA:108,28
DA:110,28
DA:112,28
DA:114,28
DA:117,258
DA:118,28
DA:119,28
DA:120,28
DA:121,28
DA:122,28
DA:123,28
DA:124,28
DA:125,28
DA:126,28
DA:128,28
DA:129,28
DA:130,28
DA:133,258
DA:134,3
DA:135,3
DA:137,2
DA:138,2
DA:140,1
DA:143,258
DA:144,0
DA:145,0
DA:146,0
DA:147,0
DA:148,0
DA:151,258
DA:152,3
DA:153,1
DA:154,1
DA:156,2
DA:158,258
DA:159,3
DA:160,1
DA:161,1
DA:163,2
DA:166,258
DA:167,1
DA:168,1
DA:172,258
DA:173,1
DA:174,1
DA:175,1
DA:178,1
DA:179,1
DA:180,0
DA:181,0
DA:185,258
DA:186,0
DA:187,0
DA:188,0
DA:190,0
DA:191,0
DA:192,0
DA:193,0
DA:196,258
DA:197,3
DA:198,2
DA:199,2
DA:200,2
DA:201,0
DA:204,258
DA:205,13
DA:206,13
DA:207,13
DA:208,0
DA:211,258
DA:212,1
DA:213,1
DA:215,1
DA:216,0
DA:217,0
DA:218,0
DA:225,1
DA:226,1
DA:227,0
DA:230,258
DA:231,1
DA:232,1
DA:233,1
DA:234,1
DA:235,1
DA:236,1
DA:237,1
DA:239,0
DA:243,241
DA:264,0
DA:271,258
DA:272,72
DA:282,0
DA:288,0
DA:297,258
DA:340,0
DA:374,0
DA:410,0
DA:436,0
DA:476,0
DA:493,1
DA:504,1
DA:533,3
DA:566,3
DA:580,3
DA:617,3
DA:678,1
DA:698,595
DA:700,241
DA:707,1
DA:744,1
DA:783,13
DA:799,72
DA:802,72
DA:839,1
DA:890,1
DA:903,4
LF:165
LH:130
BRDA:125,0,0,28
BRDA:125,0,1,0
BRDA:135,1,0,2
BRDA:135,1,1,1
BRDA:152,2,0,1
BRDA:152,2,1,2
BRDA:152,3,0,3
BRDA:152,3,1,1
BRDA:159,4,0,1
BRDA:159,4,1,2
BRDA:159,5,0,3
BRDA:159,5,1,1
BRDA:167,6,0,1
BRDA:167,6,1,0
BRDA:173,7,0,1
BRDA:173,7,1,0
BRDA:173,8,0,1
BRDA:173,8,1,1
BRDA:197,9,0,2
BRDA:197,9,1,1
BRDA:217,10,0,0
BRDA:217,10,1,0
BRDA:233,11,0,1
BRDA:233,11,1,0
BRDA:255,12,0,173
BRDA:255,12,1,68
BRDA:255,13,0,241
BRDA:255,13,1,92
BRDA:255,13,2,84
BRDA:255,13,3,76
BRDA:301,14,0,160
BRDA:301,14,1,98
BRDA:301,15,0,258
BRDA:301,15,1,109
BRDA:330,16,0,149
BRDA:330,16,1,109
BRDA:364,17,0,149
BRDA:364,17,1,109
BRDA:400,18,0,171
BRDA:400,18,1,87
BRDA:400,19,0,258
BRDA:400,19,1,109
BRDA:400,19,2,98
BRDA:425,20,0,171
BRDA:425,20,1,87
BRDA:425,21,0,258
BRDA:425,21,1,109
BRDA:425,21,2,98
BRDA:466,22,0,171
BRDA:466,22,1,87
BRDA:466,23,0,258
BRDA:466,23,1,109
BRDA:466,23,2,98
BRDA:512,24,0,182
BRDA:512,24,1,76
BRDA:517,25,0,182
BRDA:517,25,1,76
BRDA:540,26,0,182
BRDA:540,26,1,76
BRDA:540,27,0,258
BRDA:540,27,1,109
BRDA:540,27,2,98
BRDA:540,27,3,87
BRDA:548,28,0,182
BRDA:548,28,1,76
BRDA:548,29,0,258
BRDA:548,29,1,109
BRDA:548,29,2,98
BRDA:548,29,3,87
BRDA:586,30,0,182
BRDA:586,30,1,76
BRDA:586,31,0,258
BRDA:586,31,1,109
BRDA:586,31,2,98
BRDA:586,31,3,87
BRDA:598,32,0,182
BRDA:598,32,1,76
BRDA:598,33,0,258
BRDA:598,33,1,109
BRDA:598,33,2,98
BRDA:598,33,3,87
BRDA:635,34,0,182
BRDA:635,34,1,76
BRDA:635,35,0,258
BRDA:635,35,1,109
BRDA:635,35,2,98
BRDA:635,35,3,87
BRDA:660,36,0,182
BRDA:660,36,1,76
BRDA:660,37,0,258
BRDA:660,37,1,109
BRDA:660,37,2,98
BRDA:660,37,3,87
BRDA:714,38,0,182
BRDA:714,38,1,76
BRDA:714,39,0,258
BRDA:714,39,1,109
BRDA:714,39,2,98
BRDA:714,39,3,87
BRDA:725,40,0,182
BRDA:725,40,1,76
BRDA:725,41,0,258
BRDA:725,41,1,109
BRDA:725,41,2,98
BRDA:725,41,3,87
BRDA:764,42,0,182
BRDA:764,42,1,76
BRDA:764,43,0,258
BRDA:764,43,1,109
BRDA:764,43,2,98
BRDA:764,43,3,87
BRDA:795,44,0,103
BRDA:795,44,1,155
BRDA:836,45,0,182
BRDA:836,45,1,76
BRDA:836,46,0,258
BRDA:836,46,1,109
BRDA:836,46,2,98
BRDA:836,46,3,87
BRDA:872,47,0,182
BRDA:872,47,1,76
BRDA:872,48,0,258
BRDA:872,48,1,109
BRDA:872,48,2,98
BRDA:872,48,3,87
BRF:125
BRH:119
end_of_record
TN:
SF:src\screens\EditBookScreen\EditChapterScreen.js
FN:9,EditChapterScreen
FN:16,(anonymous_1)
FN:20,(anonymous_2)
FN:25,(anonymous_3)
FN:31,(anonymous_4)
FN:38,(anonymous_5)
FN:44,(anonymous_6)
FN:53,(anonymous_7)
FN:123,(anonymous_8)
FN:141,(anonymous_9)
FN:166,(anonymous_10)
FN:192,(anonymous_11)
FN:210,(anonymous_12)
FNF:13
FNH:12
FNDA:15,EditChapterScreen
FNDA:4,(anonymous_1)
FNDA:4,(anonymous_2)
FNDA:4,(anonymous_3)
FNDA:1,(anonymous_4)
FNDA:4,(anonymous_5)
FNDA:1,(anonymous_6)
FNDA:1,(anonymous_7)
FNDA:0,(anonymous_8)
FNDA:1,(anonymous_9)
FNDA:1,(anonymous_10)
FNDA:1,(anonymous_11)
FNDA:1,(anonymous_12)
DA:10,15
DA:11,15
DA:12,15
DA:13,15
DA:14,15
DA:15,15
DA:16,15
DA:17,4
DA:18,4
DA:20,4
DA:21,4
DA:25,15
DA:26,4
DA:31,15
DA:32,1
DA:38,15
DA:39,4
DA:41,4
DA:42,4
DA:44,15
DA:46,1
DA:47,1
DA:48,1
DA:50,0
DA:53,15
DA:54,1
DA:55,1
DA:56,0
DA:57,0
DA:58,0
DA:59,0
DA:60,0
DA:62,1
DA:67,15
DA:123,0
DA:141,1
DA:166,1
DA:192,1
DA:210,1
DA:232,4
LF:40
LH:33
BRDA:46,0,0,1
BRDA:46,0,1,0
BRDA:46,1,0,1
BRDA:46,1,1,1
BRDA:55,2,0,0
BRDA:55,2,1,1
BRDA:71,3,0,3
BRDA:71,3,1,12
BRDA:71,4,0,15
BRDA:71,4,1,15
BRDA:156,5,0,3
BRDA:156,5,1,12
BRDA:156,6,0,15
BRDA:156,6,1,15
BRDA:180,7,0,3
BRDA:180,7,1,12
BRDA:180,8,0,15
BRDA:180,8,1,15
BRDA:197,9,0,3
BRDA:197,9,1,12
BRDA:197,10,0,15
BRDA:197,10,1,15
BRDA:214,11,0,3
BRDA:214,11,1,12
BRDA:214,12,0,15
BRDA:214,12,1,15
BRF:26
BRH:24
end_of_record
TN:
SF:src\screens\ExploreScreen\ExploreScreen.js
FN:19,ExploreScreen
FN:50,(anonymous_1)
FN:53,(anonymous_2)
FN:58,(anonymous_3)
FN:65,(anonymous_4)
FN:68,(anonymous_5)
FN:75,(anonymous_6)
FN:81,(anonymous_7)
FN:108,(anonymous_8)
FN:158,(anonymous_9)
FN:180,(anonymous_10)
FN:194,(anonymous_11)
FN:200,(anonymous_12)
FN:215,(anonymous_13)
FN:257,(anonymous_14)
FN:273,(anonymous_15)
FN:294,(anonymous_16)
FN:311,(anonymous_17)
FN:327,(anonymous_18)
FN:355,(anonymous_19)
FN:385,(anonymous_20)
FN:393,(anonymous_21)
FN:396,(anonymous_22)
FN:401,(anonymous_23)
FN:417,(anonymous_24)
FN:435,(anonymous_25)
FN:454,(anonymous_26)
FN:456,(anonymous_27)
FN:488,(anonymous_28)
FN:491,(anonymous_29)
FN:496,(anonymous_30)
FN:526,RenderCategoria
FN:559,(anonymous_32)
FN:562,(anonymous_33)
FN:585,(anonymous_34)
FN:592,(anonymous_35)
FN:594,(anonymous_36)
FN:652,(anonymous_37)
FN:655,(anonymous_38)
FN:708,(anonymous_39)
FN:732,(anonymous_40)
FN:744,(anonymous_41)
FN:751,(anonymous_42)
FN:757,(anonymous_43)
FN:794,(anonymous_44)
FN:796,(anonymous_45)
FN:799,(anonymous_46)
FN:811,(anonymous_47)
FN:813,(anonymous_48)
FNF:49
FNH:32
FNDA:152,ExploreScreen
FNDA:9,(anonymous_1)
FNDA:9,(anonymous_2)
FNDA:9,(anonymous_3)
FNDA:0,(anonymous_4)
FNDA:0,(anonymous_5)
FNDA:1,(anonymous_6)
FNDA:10,(anonymous_7)
FNDA:0,(anonymous_8)
FNDA:9,(anonymous_9)
FNDA:0,(anonymous_10)
FNDA:1,(anonymous_11)
FNDA:6,(anonymous_12)
FNDA:4,(anonymous_13)
FNDA:0,(anonymous_14)
FNDA:9,(anonymous_15)
FNDA:2,(anonymous_16)
FNDA:0,(anonymous_17)
FNDA:10,(anonymous_18)
FNDA:103,(anonymous_19)
FNDA:11,(anonymous_20)
FNDA:16,(anonymous_21)
FNDA:16,(anonymous_22)
FNDA:4,(anonymous_23)
FNDA:12,(anonymous_24)
FNDA:2,(anonymous_25)
FNDA:16,(anonymous_26)
FNDA:0,(anonymous_27)
FNDA:111,(anonymous_28)
FNDA:222,(anonymous_29)
FNDA:1,(anonymous_30)
FNDA:0,RenderCategoria
FNDA:8,(anonymous_32)
FNDA:0,(anonymous_33)
FNDA:0,(anonymous_34)
FNDA:0,(anonymous_35)
FNDA:0,(anonymous_36)
FNDA:0,(anonymous_37)
FNDA:0,(anonymous_38)
FNDA:1,(anonymous_39)
FNDA:4,(anonymous_40)
FNDA:4,(anonymous_41)
FNDA:2,(anonymous_42)
FNDA:4,(anonymous_43)
FNDA:0,(anonymous_44)
FNDA:0,(anonymous_45)
FNDA:0,(anonymous_46)
FNDA:8,(anonymous_47)
FNDA:8,(anonymous_48)
DA:21,152
DA:23,152
DA:24,152
DA:25,152
DA:26,152
DA:27,152
DA:28,152
DA:29,152
DA:30,152
DA:31,152
DA:33,152
DA:34,152
DA:35,152
DA:36,152
DA:39,152
DA:41,152
DA:42,152
DA:43,152
DA:44,152
DA:45,152
DA:48,152
DA:50,152
DA:51,9
DA:52,9
DA:53,9
DA:54,9
DA:58,152
DA:59,9
DA:65,152
DA:66,0
DA:68,152
DA:69,0
DA:75,152
DA:76,1
DA:81,152
DA:83,10
DA:84,10
DA:85,10
DA:87,9
DA:88,9
DA:89,9
DA:90,9
DA:91,9
DA:92,9
DA:93,9
DA:94,9
DA:95,9
DA:96,9
DA:100,1
DA:101,1
DA:105,10
DA:108,152
DA:110,0
DA:111,0
DA:112,0
DA:113,0
DA:114,0
DA:115,0
DA:116,0
DA:117,0
DA:118,0
DA:119,0
DA:120,0
DA:123,0
DA:124,0
DA:125,0
DA:126,0
DA:127,0
DA:128,0
DA:129,0
DA:130,0
DA:131,0
DA:136,0
DA:138,0
DA:139,0
DA:140,0
DA:141,0
DA:142,0
DA:143,0
DA:144,0
DA:145,0
DA:146,0
DA:150,0
DA:151,0
DA:158,152
DA:160,9
DA:162,9
DA:163,9
DA:164,0
DA:165,0
DA:166,0
DA:167,0
DA:168,0
DA:169,0
DA:171,9
DA:172,9
DA:173,9
DA:174,9
DA:175,9
DA:177,9
DA:180,152
DA:181,0
DA:182,0
DA:184,0
DA:185,0
DA:188,0
DA:189,0
DA:194,152
DA:196,1
DA:197,1
DA:200,152
DA:202,6
DA:204,2
DA:205,2
DA:208,4
DA:209,4
DA:211,6
DA:215,152
DA:216,4
DA:217,3
DA:218,3
DA:220,3
DA:221,2
DA:222,2
DA:224,2
DA:225,1
DA:226,1
DA:227,1
DA:228,1
DA:229,1
DA:230,1
DA:233,2
DA:235,1
DA:236,1
DA:237,1
DA:238,1
DA:239,1
DA:240,1
DA:242,2
DA:247,1
DA:251,1
DA:252,1
DA:253,1
DA:254,1
DA:255,1
DA:257,1
DA:258,0
DA:260,1
DA:261,1
DA:264,0
DA:266,0
DA:267,0
DA:273,152
DA:274,9
DA:275,9
DA:276,9
DA:277,9
DA:278,9
DA:279,9
DA:280,9
DA:281,9
DA:282,9
DA:283,9
DA:284,9
DA:285,8
DA:286,8
DA:287,8
DA:288,8
DA:289,8
DA:294,152
DA:295,2
DA:296,2
DA:297,1
DA:298,1
DA:302,1
DA:303,1
DA:304,1
DA:307,2
DA:308,2
DA:311,152
DA:312,0
DA:313,0
DA:314,0
DA:315,0
DA:316,0
DA:317,0
DA:318,0
DA:319,0
DA:320,0
DA:321,0
DA:322,0
DA:323,0
DA:327,152
DA:328,10
DA:355,152
DA:356,103
DA:385,152
DA:386,11
DA:394,16
DA:396,16
DA:401,152
DA:402,4
DA:418,12
DA:435,2
DA:454,152
DA:455,16
DA:456,0
DA:488,152
DA:489,111
DA:492,222
DA:496,1
DA:527,0
DA:559,152
DA:560,8
DA:562,0
DA:585,152
DA:586,0
DA:592,152
DA:593,0
DA:594,0
DA:653,0
DA:655,0
DA:665,152
DA:708,1
DA:732,4
DA:744,4
DA:751,2
DA:757,4
DA:794,0
DA:797,0
DA:799,0
DA:811,8
DA:814,8
DA:833,4
LF:234
LH:161
BRDA:85,0,0,9
BRDA:85,0,1,1
BRDA:110,1,0,0
BRDA:110,1,1,0
BRDA:112,2,0,0
BRDA:112,2,1,0
BRDA:114,3,0,0
BRDA:114,3,1,0
BRDA:123,4,0,0
BRDA:123,4,1,0
BRDA:125,5,0,0
BRDA:125,5,1,0
BRDA:138,6,0,0
BRDA:138,6,1,0
BRDA:140,7,0,0
BRDA:140,7,1,0
BRDA:150,8,0,0
BRDA:150,8,1,0
BRDA:150,9,0,0
BRDA:150,9,1,0
BRDA:163,10,0,0
BRDA:163,10,1,9
BRDA:181,11,0,0
BRDA:181,11,1,0
BRDA:184,12,0,0
BRDA:184,12,1,0
BRDA:188,13,0,0
BRDA:188,13,1,0
BRDA:202,14,0,2
BRDA:202,14,1,4
BRDA:216,15,0,3
BRDA:216,15,1,1
BRDA:220,16,0,2
BRDA:220,16,1,1
BRDA:221,17,0,2
BRDA:221,17,1,0
BRDA:224,18,0,1
BRDA:224,18,1,1
BRDA:233,19,0,1
BRDA:233,19,1,1
BRDA:253,20,0,1
BRDA:253,20,1,0
BRDA:296,21,0,1
BRDA:296,21,1,1
BRDA:429,22,0,4
BRDA:429,22,1,8
BRDA:440,23,0,4
BRDA:440,23,1,8
BRDA:503,24,0,111
BRDA:503,24,1,111
BRDA:508,25,0,222
BRDA:508,25,1,111
BRDA:573,26,0,4
BRDA:573,26,1,4
BRDA:710,27,0,92
BRDA:710,27,1,60
BRDA:720,28,0,142
BRDA:720,28,1,10
BRDA:723,29,0,15
BRDA:723,29,1,137
BRDA:723,30,0,152
BRDA:723,30,1,142
BRDA:728,31,0,136
BRDA:728,31,1,16
BRDA:728,32,0,152
BRDA:728,32,1,137
BRDA:731,33,0,152
BRDA:731,33,1,137
BRDA:740,34,0,152
BRDA:740,34,1,137
BRDA:742,35,0,16
BRDA:742,35,1,136
BRDA:742,36,0,152
BRDA:742,36,1,137
BRDA:750,37,0,4
BRDA:750,37,1,148
BRDA:750,38,0,152
BRDA:750,38,1,142
BRDA:756,39,0,138
BRDA:756,39,1,14
BRDA:756,40,0,152
BRDA:756,40,1,142
BRDA:765,41,0,152
BRDA:765,41,1,4
BRDA:769,42,0,16
BRDA:769,42,1,136
BRDA:769,43,0,152
BRDA:769,43,1,142
BRDA:777,44,0,54
BRDA:777,44,1,98
BRDA:777,45,0,152
BRDA:777,45,1,64
BRDA:789,46,0,152
BRDA:789,46,1,142
BRDA:789,46,2,10
BRDA:789,46,3,10
BRDA:807,47,0,6
BRDA:807,47,1,4
BRF:98
BRH:71
end_of_record
TN:
SF:src\screens\WriteNewBook\WriteChapterBooksScreen.js
FN:11,WriteChapterBooksScreen
FN:23,(anonymous_1)
FN:28,(anonymous_2)
FN:33,(anonymous_3)
FN:44,(anonymous_4)
FN:48,(anonymous_5)
FN:57,(anonymous_6)
FN:66,(anonymous_7)
FN:70,(anonymous_8)
FN:74,(anonymous_9)
FN:144,(anonymous_10)
FN:185,(anonymous_11)
FN:205,(anonymous_12)
FN:230,(anonymous_13)
FN:258,(anonymous_14)
FN:280,(anonymous_15)
FNF:16
FNH:14
FNDA:26,WriteChapterBooksScreen
FNDA:12,(anonymous_1)
FNDA:12,(anonymous_2)
FNDA:4,(anonymous_3)
FNDA:3,(anonymous_4)
FNDA:4,(anonymous_5)
FNDA:3,(anonymous_6)
FNDA:1,(anonymous_7)
FNDA:12,(anonymous_8)
FNDA:6,(anonymous_9)
FNDA:0,(anonymous_10)
FNDA:0,(anonymous_11)
FNDA:1,(anonymous_12)
FNDA:4,(anonymous_13)
FNDA:3,(anonymous_14)
FNDA:2,(anonymous_15)
DA:12,26
DA:13,26
DA:16,26
DA:17,26
DA:18,26
DA:19,26
DA:20,26
DA:21,26
DA:23,26
DA:25,12
DA:26,12
DA:28,12
DA:29,12
DA:33,26
DA:34,4
DA:35,2
DA:36,2
DA:37,2
DA:38,2
DA:39,2
DA:44,26
DA:45,3
DA:48,26
DA:49,4
DA:50,1
DA:51,1
DA:53,3
DA:57,26
DA:58,3
DA:59,1
DA:60,1
DA:62,2
DA:66,26
DA:67,1
DA:70,26
DA:71,12
DA:74,26
DA:75,6
DA:80,26
DA:144,0
DA:185,0
DA:205,1
DA:230,4
DA:258,3
DA:280,2
DA:297,4
LF:46
LH:44
BRDA:34,0,0,2
BRDA:34,0,1,2
BRDA:34,1,0,4
BRDA:34,1,1,3
BRDA:49,2,0,1
BRDA:49,2,1,3
BRDA:49,3,0,4
BRDA:49,3,1,1
BRDA:58,4,0,1
BRDA:58,4,1,2
BRDA:58,5,0,3
BRDA:58,5,1,1
BRDA:84,6,0,6
BRDA:84,6,1,20
BRDA:84,7,0,26
BRDA:84,7,1,22
BRDA:133,8,0,4
BRDA:133,8,1,22
BRDA:174,9,0,6
BRDA:174,9,1,20
BRDA:174,10,0,26
BRDA:174,10,1,22
BRDA:220,11,0,6
BRDA:220,11,1,20
BRDA:220,12,0,26
BRDA:220,12,1,22
BRDA:246,13,0,6
BRDA:246,13,1,20
BRDA:246,14,0,26
BRDA:246,14,1,22
BRDA:266,15,0,6
BRDA:266,15,1,20
BRDA:266,16,0,26
BRDA:266,16,1,22
BRDA:284,17,0,6
BRDA:284,17,1,20
BRDA:284,18,0,26
BRDA:284,18,1,22
BRF:38
BRH:38
end_of_record
TN:
SF:src\screens\WriteNewBook\WriteNewBookScreen.js
FN:15,WriteNewBookScreen
FN:42,(anonymous_1)
FN:48,(anonymous_2)
FN:53,(anonymous_3)
FN:57,(anonymous_4)
FN:67,(anonymous_5)
FN:73,(anonymous_6)
FN:79,(anonymous_7)
FN:89,(anonymous_8)
FN:100,(anonymous_9)
FN:107,(anonymous_10)
FN:117,(anonymous_11)
FN:127,(anonymous_12)
FN:145,(anonymous_13)
FN:161,(anonymous_14)
FN:167,(anonymous_15)
FN:175,renderEtiquetas
FN:208,(anonymous_17)
FN:267,(anonymous_18)
FN:310,(anonymous_19)
FN:356,(anonymous_20)
FN:399,(anonymous_21)
FN:419,(anonymous_22)
FN:473,(anonymous_23)
FN:496,(anonymous_24)
FN:516,(anonymous_25)
FN:580,(anonymous_26)
FN:583,(anonymous_27)
FN:591,(anonymous_28)
FN:621,(anonymous_29)
FN:650,(anonymous_30)
FNF:31
FNH:27
FNDA:68,WriteNewBookScreen
FNDA:26,(anonymous_1)
FNDA:26,(anonymous_2)
FNDA:1,(anonymous_3)
FNDA:2,(anonymous_4)
FNDA:3,(anonymous_5)
FNDA:2,(anonymous_6)
FNDA:2,(anonymous_7)
FNDA:1,(anonymous_8)
FNDA:6,(anonymous_9)
FNDA:4,(anonymous_10)
FNDA:3,(anonymous_11)
FNDA:2,(anonymous_12)
FNDA:6,(anonymous_13)
FNDA:26,(anonymous_14)
FNDA:13,(anonymous_15)
FNDA:35,renderEtiquetas
FNDA:1,(anonymous_17)
FNDA:0,(anonymous_18)
FNDA:0,(anonymous_19)
FNDA:0,(anonymous_20)
FNDA:0,(anonymous_21)
FNDA:1,(anonymous_22)
FNDA:2,(anonymous_23)
FNDA:5,(anonymous_24)
FNDA:3,(anonymous_25)
FNDA:35,(anonymous_26)
FNDA:35,(anonymous_27)
FNDA:2,(anonymous_28)
FNDA:2,(anonymous_29)
FNDA:6,(anonymous_30)
DA:17,68
DA:18,67
DA:19,67
DA:20,67
DA:22,67
DA:23,67
DA:24,67
DA:25,67
DA:26,67
DA:31,67
DA:36,67
DA:37,67
DA:38,67
DA:39,67
DA:40,67
DA:42,67
DA:43,26
DA:44,26
DA:45,26
DA:46,26
DA:48,26
DA:49,26
DA:53,67
DA:54,1
DA:57,67
DA:58,2
DA:59,2
DA:60,1
DA:63,1
DA:67,67
DA:68,3
DA:69,3
DA:73,67
DA:74,2
DA:75,2
DA:79,67
DA:80,2
DA:81,1
DA:82,1
DA:83,1
DA:85,1
DA:89,67
DA:90,1
DA:92,1
DA:93,1
DA:94,1
DA:97,1
DA:100,67
DA:101,6
DA:102,2
DA:103,2
DA:105,4
DA:107,67
DA:108,4
DA:109,1
DA:110,1
DA:112,3
DA:117,67
DA:119,3
DA:120,1
DA:121,1
DA:123,2
DA:127,67
DA:128,2
DA:131,2
DA:132,3
DA:133,5
DA:134,0
DA:143,2
DA:145,67
DA:147,6
DA:148,6
DA:149,2
DA:150,2
DA:151,2
DA:152,2
DA:154,2
DA:159,6
DA:161,67
DA:162,26
DA:163,26
DA:167,67
DA:168,13
DA:176,35
DA:208,1
DA:216,67
DA:267,0
DA:310,0
DA:356,0
DA:399,0
DA:419,1
DA:473,2
DA:496,5
DA:516,3
DA:581,35
DA:583,35
DA:591,2
DA:621,2
DA:650,6
DA:662,4
LF:100
LH:95
BRDA:59,0,0,1
BRDA:59,0,1,1
BRDA:68,1,0,3
BRDA:68,1,1,0
BRDA:74,2,0,2
BRDA:74,2,1,0
BRDA:80,3,0,1
BRDA:80,3,1,1
BRDA:80,4,0,2
BRDA:80,4,1,2
BRDA:93,5,0,1
BRDA:93,5,1,0
BRDA:101,6,0,2
BRDA:101,6,1,4
BRDA:101,7,0,6
BRDA:101,7,1,5
BRDA:108,8,0,1
BRDA:108,8,1,3
BRDA:108,9,0,4
BRDA:108,9,1,1
BRDA:119,10,0,1
BRDA:119,10,1,2
BRDA:133,11,0,0
BRDA:133,11,1,5
BRDA:148,12,0,2
BRDA:148,12,1,4
BRDA:148,13,0,6
BRDA:148,13,1,4
BRDA:148,13,2,3
BRDA:190,14,0,12
BRDA:190,14,1,23
BRDA:190,15,0,35
BRDA:190,15,1,29
BRDA:190,15,2,27
BRDA:190,15,3,23
BRDA:220,16,0,16
BRDA:220,16,1,51
BRDA:220,17,0,67
BRDA:220,17,1,63
BRDA:220,17,2,60
BRDA:220,17,3,54
BRDA:234,18,0,67
BRDA:234,18,1,6
BRDA:256,19,0,0
BRDA:256,19,1,6
BRDA:300,20,0,4
BRDA:300,20,1,63
BRDA:320,21,0,67
BRDA:320,21,1,0
BRDA:345,22,0,0
BRDA:345,22,1,0
BRDA:388,23,0,4
BRDA:388,23,1,63
BRDA:503,24,0,16
BRDA:503,24,1,51
BRDA:503,25,0,67
BRDA:503,25,1,63
BRDA:503,25,2,60
BRDA:503,25,3,54
BRDA:523,26,0,16
BRDA:523,26,1,51
BRDA:523,27,0,67
BRDA:523,27,1,63
BRDA:523,27,2,60
BRDA:523,27,3,54
BRDA:545,28,0,16
BRDA:545,28,1,51
BRDA:545,29,0,67
BRDA:545,29,1,63
BRDA:545,29,2,60
BRDA:545,29,3,54
BRDA:598,30,0,16
BRDA:598,30,1,51
BRDA:598,31,0,67
BRDA:598,31,1,63
BRDA:598,31,2,60
BRDA:598,31,3,54
BRDA:611,32,0,16
BRDA:611,32,1,51
BRDA:611,33,0,67
BRDA:611,33,1,63
BRDA:611,33,2,60
BRDA:611,33,3,54
BRDA:639,34,0,16
BRDA:639,34,1,51
BRDA:639,35,0,67
BRDA:639,35,1,63
BRDA:639,35,2,60
BRDA:639,35,3,54
BRF:89
BRH:81
end_of_record
TN:
SF:src\screens\WriteNewBook\WriteScreen.js
FN:20,WriteScreen
FN:30,(anonymous_1)
FN:35,(anonymous_2)
FN:42,(anonymous_3)
FN:48,(anonymous_4)
FN:66,(anonymous_5)
FN:82,(anonymous_6)
FN:86,(anonymous_7)
FN:94,(anonymous_8)
FN:144,(anonymous_9)
FN:199,(anonymous_10)
FN:207,(anonymous_11)
FN:247,(anonymous_12)
FN:249,(anonymous_13)
FN:252,(anonymous_14)
FNF:15
FNH:15
FNDA:40,WriteScreen
FNDA:11,(anonymous_1)
FNDA:6,(anonymous_2)
FNDA:1,(anonymous_3)
FNDA:11,(anonymous_4)
FNDA:2,(anonymous_5)
FNDA:1,(anonymous_6)
FNDA:1,(anonymous_7)
FNDA:20,(anonymous_8)
FNDA:1,(anonymous_9)
FNDA:1,(anonymous_10)
FNDA:1,(anonymous_11)
FNDA:20,(anonymous_12)
FNDA:20,(anonymous_13)
FNDA:2,(anonymous_14)
DA:21,40
DA:23,40
DA:24,39
DA:25,39
DA:26,39
DA:27,39
DA:30,39
DA:31,11
DA:35,39
DA:36,6
DA:42,39
DA:43,1
DA:48,39
DA:49,11
DA:50,11
DA:51,11
DA:52,10
DA:54,10
DA:55,10
DA:56,10
DA:57,6
DA:58,6
DA:60,4
DA:63,4
DA:66,39
DA:67,2
DA:69,2
DA:71,2
DA:72,1
DA:73,0
DA:75,1
DA:77,1
DA:82,39
DA:83,1
DA:86,39
DA:87,1
DA:94,39
DA:95,20
DA:145,1
DA:156,39
DA:199,1
DA:207,1
DA:247,20
DA:250,20
DA:252,2
DA:270,4
LF:46
LH:45
BRDA:56,0,0,6
BRDA:56,0,1,4
BRDA:71,1,0,1
BRDA:71,1,1,1
BRDA:201,2,0,18
BRDA:201,2,1,21
BRDA:242,3,0,30
BRDA:242,3,1,9
BRF:8
BRH:8
end_of_record
